2.325975423758043803e+01
1.244530312962765706e+01
7.633341938533982685e+00
5.140909023897479280e+00
3.713000386171883882e+00
2.830050583850054036e+00
2.248963267639385144e+00
1.846039123373178548e+00
1.554128463332727694e+00
1.334751455810134324e+00
1.164782952480374334e+00
1.029718753181270596e+00
9.201036926394857707e-01
8.295562236642411991e-01
7.536335837702833329e-01
6.891565383044083726e-01
6.337941951566555820e-01
5.858008084723038689e-01
5.438441437706000858e-01
5.068905984849469970e-01
4.741264589615881708e-01
4.449027471758750796e-01
4.186958267319915716e-01
3.950787631905647856e-01
3.737001720033917840e-01
3.542683507192652681e-01
3.365392401866832417e-01
3.203071924052744990e-01
3.053977581911062056e-01
2.916620554001141952e-01
2.789723006066943123e-01
2.672182407789962522e-01
2.563042807897966124e-01
2.461471538927968439e-01
2.366740196521212036e-01
2.278209009264656748e-01
2.195313917592212338e-01
2.117555879937492447e-01
2.044491706964475797e-01
1.975726797932366163e-01
1.910908595901705809e-01
1.849721238045070604e-01
1.791880967249931400e-01
1.737132205207843338e-01
1.685244162715790195e-01
1.636007957328996787e-01
1.589234135689242544e-01
1.544750496054626554e-01
1.502400127660727391e-01
1.462039832451936250e-01
1.423538663102191237e-01
1.386776657809445368e-01
1.351643726605625262e-01
1.318038673546305939e-01
1.285868321561585703e-01
1.255046750914306231e-01
1.225494612526177862e-01
1.197138520794762961e-01
1.169910511325527452e-01
1.143747556249532782e-01
1.118591130151919549e-01
1.094386820602029076e-01
1.071083978053990748e-01
1.048635400435640741e-01
1.026997049513622418e-01
1.006127792462490900e-01
9.859891708218694595e-02
9.665451889599499524e-02
9.477621230294189236e-02
9.296083468583866971e-02
9.120541737387190262e-02
8.950717120581769271e-02
8.786347335406180514e-02
8.627185528185940533e-02
8.472999172201789442e-02
8.323569057817793715e-02
8.178688365764394397e-02
8.038161817635415540e-02
7.901804890135864790e-02
7.769443100047615514e-02
7.640911335698331863e-02
7.516053247384807401e-02
7.394720681539178331e-02
7.276773348498005722e-02
7.162077584728344937e-02
7.050507027016184036e-02
6.941941456038130953e-02
6.836266595196383022e-02
6.733373753154645036e-02
6.633159491588919154e-02
6.535525316304718890e-02
6.440377389502513483e-02
6.347626261567503037e-02
6.257186621589491682e-02
6.168977063949815376e-02
6.082919870656734729e-02
5.998949320509919247e-02
5.916973401394991922e-02
5.836936430068352666e-02
5.758778415988825838e-02
5.682432811375608128e-02
5.607840180485683390e-02
5.534943596442937902e-02
5.463688512161263278e-02
5.394022639105094941e-02
5.325895833273069924e-02
5.259259987915045065e-02
5.194068932708553743e-02
5.130278338655377274e-02
5.067845628544080661e-02
5.006729892521757930e-02
4.946891808464827511e-02
4.888293566803649653e-02
4.830898799558182299e-02
4.774672513282168795e-02
4.719581025681107711e-02
4.665591905668915740e-02
4.612673916660543078e-02
4.560796962879758859e-02
4.509932038498568052e-02
4.460051179485265138e-02
4.411127417917910798e-02
4.363134738518614081e-02
4.316048038186452718e-02
4.269843086059089965e-02
4.224496487089429014e-02
4.179985646702744084e-02
4.136288737360656331e-02
4.093384666756043344e-02
4.051253047573004362e-02
4.009874168713337128e-02
3.969228967899318672e-02
3.929299005590983218e-02
3.890066440134151704e-02
3.851514004081850462e-02
3.813624981619059828e-02
3.776383187032154864e-02
3.739772944172987945e-02
3.703779066856911772e-02
3.668386840150698186e-02
3.633582002506499653e-02
3.599350728688473222e-02
3.565679613460599751e-02
3.532555655694172986e-02
3.499966244653979208e-02
3.467899143951783114e-02
3.436342479080942147e-02
3.405284724063166457e-02
3.374714688942659357e-02
3.344621507810700833e-02
3.314994627337585625e-02
3.285823795772432887e-02
3.257099052413786611e-02
3.228810717502317296e-02
3.200949382532451704e-02
3.173505900960177373e-02
3.146471379282825276e-02
3.119837168477893399e-02
3.093594855785031933e-02
3.067736256813186763e-02
3.042253407958139116e-02
3.017138559119001903e-02
2.992384166696896233e-02
2.967982886864361375e-02
2.943927569094360874e-02
2.920211249936058295e-02
2.896827147031345862e-02
2.873768653346942328e-02
2.851029331634718361e-02
2.828602909092834891e-02
2.806483272225207548e-02
2.784664461892381176e-02
2.763140668542863471e-02
2.741906227618597439e-02
2.720955615126648131e-02
2.700283443371338105e-02
2.679884456839116622e-02
2.659753528229604619e-02
2.639885654628326347e-02
2.620275953813426539e-02
2.600919660691824314e-02
2.581812123861215724e-02
2.562948802289113578e-02
2.544325262107375446e-02
2.525937173517775122e-02
2.507780307801083311e-02
2.489850534428565340e-02
2.472143818271798840e-02
2.454656216905126698e-02
2.437383877998029399e-02
2.420323036795345509e-02
2.403470013678984940e-02
2.386821211811709920e-02
2.370373114856862487e-02
2.354122284771974910e-02
2.338065359675024074e-02
2.322199051778028878e-02
2.306520145388683829e-02
2.291025494973084747e-02
2.275712023282106325e-02
2.260576741452530874e-02
2.245616659870310755e-02
2.230828917108359719e-02
2.216210691464724769e-02
2.201759220996504784e-02
2.187471801969204446e-02
2.173345787354755837e-02
2.159378585375238899e-02
2.145567658089382601e-02
2.131910544614011582e-02
2.118404761747689352e-02
2.105047949286575210e-02
2.091837771347526340e-02
2.078771939432859719e-02
2.065848211254114886e-02
2.053064389589103270e-02
2.040418321171966198e-02
2.027907895616529524e-02
2.015531044369381700e-02
2.003285739694634499e-02
1.991169993687724737e-02
1.979181857315481796e-02
1.967319419485735743e-02
1.955580806142718370e-02
1.943964179387124708e-02
1.932467736621637511e-02
1.921089709720202876e-02
1.909828364220117480e-02
1.898681998536669996e-02
1.887648943200363055e-02
1.876727560112976048e-02
1.865916241825752928e-02
1.855213410836852733e-02
1.844617518867486261e-02
1.834127046356422153e-02
1.823740501573851980e-02
1.813456420149959364e-02
1.803273364422437741e-02
1.793189922839260805e-02
1.783239603240057217e-02
1.773386941933222105e-02
1.763523546994685137e-02
1.753824948654918170e-02
1.744219278540899004e-02
1.734705270078176764e-02
1.725281679040337884e-02
1.715947283065032830e-02
1.706700881183794566e-02
1.697541293362669554e-02
1.688467360055221494e-02
1.679477941766259474e-02
1.670571918626489669e-02
1.661748189979141491e-02
1.653005673975174034e-02
1.644343307179475105e-02
1.635760044186578693e-02
1.627254857246230105e-02
1.618826735897492541e-02
1.610474686612504633e-02
1.602197732448631950e-02
1.593994912708441777e-02
1.585865282609255633e-02
1.577807912959880085e-02
1.569821889844612989e-02
1.561906314315793243e-02
1.554060302092861480e-02
1.546282983269755933e-02
1.538573502027601285e-02
1.530931016355019728e-02
1.523354697775805566e-02
1.515843731081288615e-02
1.508397314070001119e-02
1.501014657218543991e-02
1.493694983731877479e-02
1.486437528853280440e-02
1.479241539924155274e-02
1.472106276078121063e-02
1.465031008014671537e-02
1.458015017777437167e-02
1.451057598538100721e-02
1.444158054384801770e-02
1.437315700115342036e-02
1.430529861035088716e-02
1.423799872759349411e-02
1.417125081020195396e-02
1.410504841477479981e-02
1.403938519534225250e-02
1.397425490155741745e-02
1.390965137693216634e-02
1.384556855710619878e-02
1.378200046815468774e-02
1.371894122493827126e-02
1.365638502948335678e-02
1.359432616939685624e-02
1.353275901631602329e-02
1.347167802440073572e-02
1.341107772883626259e-02
1.335095274439136726e-02
1.329129776399435095e-02
1.323210755733994493e-02
1.317337696952785436e-02
1.311510091972859990e-02
1.305727439988210725e-02
1.299989247341368573e-02
1.294295027398590162e-02
1.288644300427358932e-02
1.283036593475843368e-02
1.277471440255840973e-02
1.271948381027346656e-02
1.266466962485774533e-02
1.261026737651576961e-02
1.255627265761906364e-02
1.250268112164344692e-02
1.244948848213519796e-02
1.239669077777935322e-02
1.234428330949482663e-02
1.229226222864264473e-02
1.224062347905535697e-02
1.218936305973672939e-02
1.213847702394679068e-02
1.208796147829846110e-02
1.203781258186656898e-02
1.198802654533287319e-02
1.193859963012185339e-02
1.188952814757364071e-02
1.184080845813014274e-02
1.179243697052387296e-02
1.174441014099915533e-02
1.169672447253726835e-02
1.164937651410286046e-02
1.160236285989973276e-02
1.155568014864448087e-02
1.150932506285095094e-02
1.146329432813252003e-02
1.141758471251460086e-02
1.137219302575592089e-02
1.132711611869674853e-02
1.128235088260116231e-02
1.123789424852256538e-02
1.119374318668194847e-02
1.114989470585098577e-02
1.110634586610195242e-02
1.106309372623669705e-02
1.102013541906588998e-02
1.097746810165795180e-02
1.093508896673336603e-02
1.089299526278530994e-02
1.085118421237717817e-02
1.080965313109801679e-02
1.076839934888282509e-02
1.072742022867484782e-02
1.068671316591997614e-02
1.064627558807856172e-02
1.060610495414163537e-02
1.056619875415703083e-02
1.052655450876235910e-02
1.048716976872747855e-02
1.044804211450856002e-02
1.040916915580079524e-02
1.037054853110893488e-02
1.033217790732058119e-02
1.029405497928420968e-02
1.025617746940386474e-02
1.021854307949954417e-02
1.018114967975514151e-02
1.014399502669117298e-02
1.010707694894930411e-02
1.007039330077020081e-02
1.003394190612020079e-02
9.997720778837523858e-03
9.961727793788552332e-03
9.925960903975728639e-03
9.890418086211230642e-03
9.855097340776070719e-03
9.819996691090076765e-03
9.785114183380211328e-03
9.750447886356140154e-03
9.715995890895071097e-03
9.681756309729755428e-03
9.647727277140250024e-03
9.613906948650920159e-03
9.580293500737063067e-03
9.546885130528044716e-03
9.513680055523372411e-03
9.480676513310287018e-03
9.447872761285591378e-03
9.415267076380146732e-03
9.382857754791536220e-03
9.350643111719467507e-03
9.318621481108239207e-03
9.286791215389347820e-03
9.255150685222608004e-03
9.223698279260499067e-03
9.192432403897349974e-03
9.161351483027340217e-03
9.130453957819202604e-03
9.099738286468303516e-03
9.069202943980839843e-03
9.038846421944548432e-03
9.008667228306744754e-03
8.978663887157753085e-03
8.948834938514026172e-03
8.919178938111581301e-03
8.889694457194492402e-03
8.860380082310943817e-03
8.831234415113776992e-03
8.802256072160887998e-03
8.796026320257178607e-03
8.744795898578995585e-03
8.716311373852619893e-03
8.687988784800735470e-03
8.659826819640344120e-03
8.631824180371398120e-03
8.603979582593471176e-03
8.576291755332572306e-03
8.548759440872069279e-03
8.521381394572776977e-03
8.494156384720522035e-03
8.467083191879030274e-03
8.440160610617725157e-03
8.413387446523956301e-03
8.386762517930707733e-03
8.360284655288539521e-03
8.333952701014205391e-03
8.307765509341275695e-03
8.281721946172042326e-03
8.255820888930419377e-03
8.230061226415300024e-03
8.204441858666706999e-03
8.178961696821238081e-03
8.153619662972622084e-03
8.128414690040757645e-03
8.103345721636536630e-03
8.078411711930485670e-03
8.053611625520616657e-03
8.028944437309823434e-03
8.004409132376013453e-03
7.980004705847008190e-03
7.955730162783763298e-03
7.931584518055468519e-03
7.907566796221758218e-03
7.883676031417898716e-03
7.859911267231596901e-03
7.836271556599241211e-03
7.812755961693285123e-03
7.789363553800653442e-03
7.766093413223849190e-03
7.742944629172896810e-03
7.719916299655186359e-03
7.697007531375267206e-03
7.674217439628302183e-03
7.651545148200199556e-03
7.628989789267870761e-03
7.606550503302601102e-03
7.584226438967283865e-03
7.562016753022736577e-03
7.539920610238334125e-03
7.517937183291162340e-03
7.496065652679713767e-03
7.474305206627920167e-03
7.452655040998382510e-03
7.431114359205358115e-03
7.409682372128230908e-03
7.388358298020685638e-03
7.367141362429619963e-03
7.346030798112699982e-03
7.325025844953435977e-03
7.304125749882355717e-03
7.283329766791470442e-03
7.262637156461793780e-03
7.242047186483512380e-03
7.221559131175028096e-03
7.201172271513552568e-03
7.180885895051888207e-03
7.160699295852014298e-03
7.140611774409923174e-03
7.120622637581655069e-03
7.100731198512968100e-03
7.080936776568069746e-03
7.061238697267487735e-03
7.041636292211409139e-03
7.022128899013253475e-03
7.002715861237894870e-03
6.983396528333291400e-03
6.964170255563763290e-03
6.945036403951511048e-03
6.925994340207679290e-03
6.907043436672286735e-03
6.888183071255788575e-03
6.869412627374501396e-03
6.850731493887766282e-03
6.832139065050064387e-03
6.813634740443004489e-03
6.795217924916493318e-03
6.776888028541622200e-03
6.758644466543957396e-03
6.740486659257416413e-03
6.722414032060685177e-03
6.704426015326928404e-03
6.686522044377961674e-03
