5.011726078419236686e-09
6.870809719338637558e-06
2.004556252311416988e-04
1.436925253961835857e-03
5.162695874652227512e-03
1.250381214526070234e-02
2.366436859572315643e-02
3.800750136080860431e-02
5.445198414613737492e-02
7.184294625372227017e-02
8.917706299529479241e-02
1.056939170572570447e-01
1.208824396069018980e-01
1.344459294118276471e-01
1.462536306097080852e-01
1.562935834652081635e-01
1.646329349181660517e-01
1.713872162622812056e-01
1.766979235486170752e-01
1.807169349372819422e-01
1.835961793465394898e-01
1.854811698751208660e-01
1.865072624193701012e-01
1.867977865384022884e-01
1.864634147118665042e-01
1.856023223557050073e-01
1.843008128973063209e-01
1.826342141404415920e-01
1.806678980347944941e-01
1.784583135845653756e-01
1.760540024391887837e-01
1.734965511823437501e-01
1.708214656909267659e-01
1.680589607628537041e-01
1.652346646159100763e-01
1.623702417533207931e-01
1.594839398659450569e-01
1.565910674911788480e-01
1.537044094801517380e-01
1.508345872066808591e-01
1.479903701011726358e-01
1.451789487515379173e-01
1.424061499897051608e-01
1.396766607710769881e-01
1.369941836620205411e-01
1.343615881308193316e-01
1.317810369362275580e-01
1.292540947947133367e-01
1.267818213831576335e-01
1.243648511818073871e-01
1.220034618497418122e-01
1.196976327900099446e-01
1.174470952798790657e-01
1.152513753548057296e-01
1.131098304672340654e-01
1.110216807953262469e-01
1.089860359746069596e-01
1.070019178414925998e-01
1.050682798423972913e-01
1.031840234885910701e-01
1.013480123258888310e-01
9.955908375248558040e-02
9.781605899108911095e-02
9.611775147617639126e-02
9.446297388082991464e-02
9.285054397617958921e-02
9.127928948979902035e-02
8.974805210325394189e-02
8.825569072729533282e-02
8.680108412684714447e-02
8.538313302362221524e-02
8.400077554240449607e-02
8.265295181143587910e-02
8.133861821770194123e-02
8.005676895000629623e-02
7.880644842353096147e-02
7.758673739854793361e-02
7.639669715856906018e-02
7.523543680776259568e-02
7.410209215771310087e-02
7.299582537251766978e-02
7.191582458436414360e-02
7.086130342123110604e-02
6.983150048791386677e-02
6.882567880667694871e-02
6.784312522945219748e-02
6.688314982558157817e-02
6.594508525499281903e-02
6.502828812055294616e-02
6.413213043833587701e-02
6.325601072644730649e-02
6.239934561105773408e-02
6.156157111456701803e-02
6.074214202949165808e-02
5.994053130225221460e-02
5.915622942842420351e-02
5.838874386072703815e-02
5.763759843067058075e-02
5.690233278441934189e-02
5.618250183423785515e-02
5.547767522470643115e-02
5.478743681483978778e-02
5.411138417588085003e-02
5.344912810482405074e-02
5.280029215361108086e-02
5.216451217391407380e-02
5.154143587711515484e-02
5.093072240949887697e-02
5.033204194214187244e-02
4.974507527538939849e-02
4.916951345726867234e-02
4.860505741579614070e-02
4.805141760470937190e-02
4.750831366207364237e-02
4.697547408156377280e-02
4.645263589595818865e-02
4.593954437243231992e-02
4.543595271928483476e-02
4.494162180369695725e-02
4.445631988016095215e-02
4.397982232912828193e-02
4.351191140562210569e-02
4.305237599587788400e-02
4.260101139055963437e-02
4.215761905213862015e-02
4.172200640537394867e-02
4.129398662872438980e-02
4.087337845508719203e-02
4.046000598009191762e-02
4.005369847767725755e-02
3.965429022264503611e-02
3.926162031994197277e-02
3.887553254040653633e-02
3.849587516266245873e-02
3.812250082102196236e-02
3.775526635908078854e-02
3.739403268879361308e-02
3.703866465483345027e-02
3.668903090401211958e-02
3.634500375954775875e-02
3.600645910001418204e-02
3.567327624276388220e-02
3.534533782883289565e-02
3.502252972596267555e-02
3.470474090783425003e-02
3.439186336463209703e-02
3.408379200365393991e-02
3.378042455610564404e-02
3.348166148726712532e-02
3.318740590991597905e-02
3.289756350086069092e-02
3.261204242045184082e-02
3.233075323498736664e-02
3.205360884186465864e-02
3.178052439738578844e-02
3.151141724711080394e-02
3.124620685867502898e-02
3.098481475694469731e-02
3.072716446143839569e-02
3.047318142593174670e-02
3.022279298017885307e-02
2.997592827356845846e-02
2.973251822080515139e-02
2.949249544940065609e-02
2.925579424897525177e-02
2.902235052226773832e-02
2.879210173781598589e-02
2.856498688422550933e-02
2.834094642597810576e-02
2.811992226071633946e-02
2.790185767794786664e-02
2.768669731911911625e-02
2.747438713902053756e-02
2.726487436844431470e-02
2.705810747807186126e-02
2.685403614355340307e-02
2.665261121170166975e-02
2.645378466778743054e-02
2.625750960390189209e-02
2.606374018832049652e-02
2.587243163584725808e-02
2.568354017911600798e-02
2.549702304078273196e-02
2.531283840661761181e-02
2.513094556824327711e-02
2.495130422506845053e-02
2.477387546487305747e-02
2.459862107421828190e-02
2.442550367876214490e-02
2.425448672304771763e-02
2.408553444841568525e-02
2.391861187208939657e-02
2.375368476688701630e-02
2.359071964155547152e-02
2.342968372169680971e-02
2.327054493127118581e-02
2.311327207389653193e-02
2.295783402123042355e-02
2.280420088326912120e-02
2.265234320321851680e-02
2.250223213810158274e-02
2.235383944331636660e-02
2.220713745763708974e-02
2.206209908867768840e-02
2.191869779875128127e-02
2.177690759115369010e-02
2.163670299683821685e-02
2.149805906146598847e-02
2.136095133284147268e-02
2.122535584868553635e-02
2.109124912477342711e-02
2.095860814340389996e-02
2.082741034217591020e-02
2.069763360309998315e-02
2.056925624200976743e-02
2.044225699825817644e-02
2.031661502470619163e-02
2.019230987798884686e-02
2.006991436371298454e-02
1.994793103094111286e-02
1.982721682470844904e-02
1.970806230107463586e-02
1.959014812151194801e-02
1.947345607523288252e-02
1.935796829411016301e-02
1.924366724485700869e-02
1.913053572142496550e-02
1.901855683759929444e-02
1.890771401979125105e-02
1.879799100001487699e-02
1.868937180905510392e-02
1.858184076981218846e-02
1.847538249042263506e-02
1.836998185951897386e-02
1.826562403772850895e-02
1.816229445324068006e-02
1.805997879558302738e-02
1.795866300992447762e-02
1.785833329153749260e-02
1.775897608039191805e-02
1.766057805588931717e-02
1.756312613172701653e-02
1.746660745088963324e-02
1.737100938077509871e-02
1.727631950843344644e-02
1.718252563592607626e-02
1.708961577579855978e-02
1.699757814667034878e-02
1.690640116892566658e-02
1.681607346051621626e-02
1.672658383286387135e-02
1.663792128685697563e-02
1.655007500895595840e-02
1.646303436738581066e-02
1.637678890841633497e-02
1.629132835273798888e-02
1.620664259192104023e-02
1.612272168496383176e-02
1.603955585491670388e-02
1.595713548558318554e-02
1.587545111831592526e-02
1.579449344886306797e-02
1.571425332430669702e-02
1.563472174007038418e-02
1.555588983698606015e-02
1.547774889844023491e-02
1.540029034758056206e-02
1.532350574458694187e-02
1.524738678400620710e-02
1.517192529214617461e-02
1.509711322379969634e-02
1.502294266267243002e-02
1.494940581459452272e-02
1.487649500803628518e-02
1.480420269106489523e-02
1.473252142907298043e-02
1.466144390255704616e-02
1.459096290494786216e-02
1.452107134048542803e-02
1.445176222214486841e-02
1.438302866960396685e-02
1.431486390725601396e-02
1.424726126227047682e-02
1.418021416269174551e-02
1.411371613557870289e-02
1.404776080518504132e-02
1.398234189118702925e-02
1.391745320693115948e-02
1.385308865773968515e-02
1.378924223924033604e-02
1.372590803573343204e-02
1.366308021859653082e-02
1.360075304471717456e-02
1.353892085496993802e-02
1.347757807271100436e-02
1.341671920231612622e-02
1.335633882774447771e-02
1.329643161112892095e-02
1.323699229140344429e-02
1.317801568295306688e-02
1.311949667429238020e-02
1.306143022677491369e-02
1.300381137332582045e-02
1.294663521719816371e-02
1.288989693076304788e-02
1.283359175431379728e-02
1.277771499489951251e-02
1.272226202518687496e-02
1.266722828233741646e-02
1.261260926690761092e-02
1.255840054177670764e-02
1.250459773109354085e-02
1.245119651923723599e-02
1.239819264981623786e-02
1.234558192466372190e-02
1.229336020286962705e-02
1.224152339983240745e-02
1.219006776006910722e-02
1.213898876379990860e-02
1.208828276104738364e-02
1.203794588678813553e-02
1.198797431841335318e-02
1.193836429247919530e-02
1.188911209331933345e-02
1.184021405458184073e-02
1.179166655842986237e-02
1.174346604599457028e-02
1.169560897301415853e-02
1.164809187243805166e-02
1.160091131278393264e-02
1.155406390731077322e-02
1.150754631330060292e-02
1.146135523136140519e-02
1.141548740474106031e-02
1.136993961865418942e-02
1.132470869961880663e-02
1.127979151481007733e-02
1.123518497142129285e-02
1.119088601604336167e-02
1.114689163404611327e-02
1.110319884897758083e-02
1.105980472197645031e-02
1.101670635118607612e-02
1.097390087118877908e-02
1.093138545244460788e-02
1.088915730074357761e-02
1.084721361531191391e-02
1.080555175213874369e-02
1.076416898001157120e-02
1.072306264073734014e-02
1.068223010885233429e-02
1.064166874209677462e-02
1.060137607554634265e-02
1.056134953148480868e-02
1.052158661051690383e-02
1.048208484359380854e-02
1.044284179131484483e-02
1.040385504448575194e-02
1.036512222218371332e-02
1.032664097232731740e-02
1.028840897100731164e-02
1.025042392207289876e-02
1.021268355672792436e-02
1.017518563313083574e-02
1.013792793600176712e-02
1.010090827624171572e-02
1.006412449055062164e-02
1.002757444105393213e-02
9.991256014939706165e-03
9.955167124098817169e-03
9.919305704770006032e-03
9.883669717192868770e-03
9.848257145268253174e-03
9.813065996219108231e-03
9.778094300260341959e-03
9.743340110277947871e-03
9.708801501509047374e-03
9.674476571222539317e-03
9.640363438413832031e-03
9.606460243502099386e-03
9.572765148031719268e-03
9.539276334378753164e-03
9.505992005454187016e-03
9.472910384433454872e-03
9.440029714466308119e-03
9.407348258403433472e-03
9.374864298534180129e-03
9.342576136305711515e-03
9.310482092073597143e-03
9.278580504839609167e-03
9.246869731998123149e-03
9.215348149087889545e-03
9.184014149543482525e-03
9.152866144458943892e-03
9.121902562345676410e-03
9.091121848900537289e-03
9.060522466775449563e-03
9.030102895351079656e-03
8.999861630513028565e-03
8.969797184433862119e-03
8.939908085355215833e-03
8.910192877378025206e-03
8.880650120247647258e-03
8.851278389156664109e-03
8.822076274533800083e-03
8.793042381847453876e-03
8.764175331412953421e-03
8.735473758188189858e-03
8.706936311595263669e-03
8.678561655328351915e-03
8.650348467167183822e-03
8.622295438793677047e-03
8.594401275618064606e-03
8.566664696599075174e-03
8.539084434069948992e-03
8.511659233104155314e-03
8.484387853203032015e-03
8.457269065350381254e-03
8.430301653693560507e-03
8.403484414930328938e-03
8.376816158143729485e-03
8.350295704644947192e-03
8.323921887823429108e-03
8.297693552993883406e-03
8.271609557246466932e-03
8.245668769298072562e-03
8.219870069351232003e-03
8.194212348947751967e-03
8.168694510827538904e-03
8.143315468794444165e-03
8.118074147575531085e-03
8.092969482687400670e-03
8.068000420305983245e-03
8.043165917127712006e-03
8.018464940249837511e-03
7.993896467044788595e-03
7.969459485022079709e-03
7.945152991716050023e-03
7.920975994562876737e-03
7.896927510777466963e-03
7.873006567238225242e-03
7.849212200368108766e-03
7.825543456021162581e-03
7.801999389368754687e-03
7.778579064791799405e-03
7.755281555763963650e-03
7.732105944745496645e-03
7.709051323082506679e-03
7.686116790893257784e-03
7.663301456970210770e-03
7.640604438672472104e-03
7.618024861826961508e-03
7.595561860631969142e-03
7.573214577554774826e-03
7.550982163235483643e-03
7.528863776392811374e-03
7.506858583729961870e-03
7.484965759839595431e-03
7.463184487116025778e-03
7.441513955657973189e-03
7.419953363187137448e-03
7.398501914957745021e-03
7.377158823666509976e-03
7.355923309373166297e-03
7.334794599407955078e-03
7.313771928296563044e-03
7.292854537674367359e-03
7.272041676205632209e-03
7.251332599501806794e-03
7.230726570043978854e-03
7.210222857110366694e-03
7.189820736691939634e-03
7.169519491417571631e-03
7.149318410484353098e-03
7.129216789580571784e-03
7.109213930811337373e-03
7.089309142632475511e-03
7.069501739772922344e-03
7.049791043168969831e-03
7.030176379895612324e-03
7.010657083097429979e-03
6.991232491916509265e-03
6.971901951437526820e-03
6.952664812614443510e-03
6.933520432202373157e-03
6.914468172704631849e-03
6.895507402300236899e-03
6.876637494789311633e-03
6.857857829524095436e-03
6.839167791352138495e-03
6.820566770563823815e-03
6.802054162819138466e-03
6.783629369099326845e-03
6.765291795648132982e-03
6.747040853911602173e-03
6.728875960489230298e-03
6.710796537067994019e-03
6.692802010377766654e-03
6.674891812133505915e-03
6.657065378977877063e-03
