5.502575447477024186e-03
8.219018539447925376e-02
2.363281627070855651e-01
3.945749375861619113e-01
5.163050895164627008e-01
5.950282643775681723e-01
6.378791713751192916e-01
6.545630232880503829e-01
6.534914210399446199e-01
6.409880397194973600e-01
6.215089396572969216e-01
5.980850105292314645e-01
5.727298571259065163e-01
5.467547607162969170e-01
5.209942720409882488e-01
4.959634782522520657e-01
4.719645005231571933e-01
4.491591299348290378e-01
4.276174012033061023e-01
4.073503271313821394e-01
3.883318153459722755e-01
3.705133387324723304e-01
3.538336888177325834e-01
3.382253861856921451e-01
3.236189004118967816e-01
3.099453221573521544e-01
2.971380394533889024e-01
2.851336975677260521e-01
2.738727398646241262e-01
2.632996175002060291e-01
2.533628141858182969e-01
2.440147456299676665e-01
2.352115811287979752e-01
2.269130248396812877e-01
2.190820789661018231e-01
2.116847963149379730e-01
2.046900368644239132e-01
1.980692429676090827e-01
1.917962232616083063e-01
1.858469195887966219e-01
1.801992553005232756e-01
1.748329406157110855e-01
1.697293172215011414e-01
1.648712131249414625e-01
1.602428104318850410e-01
1.558295252494075744e-01
1.516178987952165325e-01
1.475954985592745627e-01
1.437508291097472357e-01
1.400732506212443162e-01
1.365529059110233145e-01
1.331806537167289917e-01
1.299480084598283458e-01
1.268470855808701558e-01
1.238705519380714215e-01
1.210115807709004343e-01
1.182638107784121373e-01
1.156213089086742668e-01
1.130785364850767916e-01
1.106303184108319848e-01
1.082718149545104785e-01
1.059984961923895741e-01
1.038061185317162849e-01
1.016907033060085452e-01
9.964851718374051481e-02
9.767605422865850706e-02
9.577001945435546781e-02
9.392731375374084590e-02
9.214502003111646466e-02
9.042039048724237471e-02
8.875083490961878374e-02
8.713390989315217272e-02
8.556730891952837870e-02
8.404885317965374303e-02
8.257648314056313665e-02
8.114825072745790457e-02
7.976231210649462056e-02
7.841692099928285198e-02
7.711042252120348106e-02
7.584124741368504508e-02
7.460790675062342614e-02
7.340898699763392932e-02
7.224314542790832849e-02
7.110910782070969938e-02
7.000565672477854218e-02
6.893163932606738431e-02
6.788602538829957567e-02
6.686763449527217962e-02
6.587545502225652938e-02
6.490868759593010351e-02
6.396635114931273347e-02
6.304757967821611464e-02
6.215154631891547932e-02
6.127746121400236279e-02
6.042456951361301759e-02
5.959214950231590813e-02
5.877951084268181331e-02
5.798599292735576172e-02
5.721096333182646571e-02
5.645381636106494572e-02
5.571397168412074719e-02
5.499087304846564384e-02
5.428398707246261112e-02
5.359280210692959900e-02
5.291682716345067622e-02
5.225559090429878623e-02
5.160864068999104770e-02
5.097554168085356718e-02
5.035587598885207100e-02
4.974924187681629972e-02
4.915525300179930668e-02
4.857353769989518344e-02
4.800373830987444967e-02
4.744551053345521380e-02
4.689852282932684829e-02
4.636245583989812014e-02
4.583700184776835773e-02
4.532186426075757862e-02
4.481675712356769647e-02
4.432140465456375911e-02
4.383554080460769914e-02
4.335890884587809829e-02
4.289126096633957830e-02
4.243235789912760958e-02
4.198196856308360203e-02
4.153986972237734554e-02
4.110584566267382056e-02
4.067968788300094229e-02
4.026119480242804083e-02
3.985017148070693627e-02
3.944642935218493907e-02
3.904978597217628744e-02
3.866006477522852813e-02
3.827709484455031619e-02
3.790071069206869814e-02
3.753075204855949032e-02
3.716706366326457539e-02
3.680949511255827977e-02
3.645790061721006919e-02
3.611213886773149973e-02
3.577207285455147323e-02
3.543756971995465355e-02
3.510850058826357062e-02
3.478474043116269038e-02
3.446616792513156058e-02
3.415266531764904467e-02
3.384411829911325442e-02
3.354041588011588693e-02
3.324145027388351881e-02
3.294711678360421475e-02
3.265731369444424548e-02
3.237194216997019147e-02
3.209090615280623532e-02
3.181411226933993086e-02
3.154146973826268963e-02
3.127289028277099869e-02
3.100828804628378774e-02
3.074757951148312379e-02
3.049068342254312655e-02
3.023752071040457928e-02
2.998801442096127659e-02
2.974208964600368738e-02
2.949967345686383552e-02
2.926069484051234404e-02
2.902508463816737272e-02
2.879277548616787988e-02
2.856370175909404840e-02
2.833779951499324976e-02
2.811500644265362697e-02
2.789526181080718287e-02
2.767850641920419769e-02
2.746468255147986939e-02
2.725373392971666697e-02
2.704560567065794965e-02
2.684024424348240706e-02
2.663759742908608508e-02
2.643761428082156556e-02
2.624024508660537103e-02
2.604544133235829617e-02
2.585315566673944410e-02
2.566334186707834933e-02
2.547595480649551131e-02
2.529095042215975114e-02
2.510828568461946284e-02
2.492791856817325874e-02
2.474980802225643789e-02
2.457391394376965549e-02
2.440019715035407488e-02
2.422861935454185753e-02
2.405914313876358901e-02
2.389173193118639821e-02
2.372634998233359022e-02
2.356296234248150823e-02
2.340153504261738293e-02
2.324203426459891739e-02
2.308442752960633906e-02
2.292868287503351324e-02
2.277476903542837230e-02
2.262265542388953998e-02
2.247231211405647730e-02
2.232370982265412598e-02
2.217681989258856942e-02
2.203161427656957772e-02
2.188806575261865311e-02
2.174614698613682590e-02
2.160583189431259515e-02
2.146709471507672606e-02
2.132991022149273094e-02
2.119425370815403165e-02
2.106010097797601094e-02
2.092742832940795716e-02
2.079621254400621996e-02
2.066643087438869292e-02
2.053806103252731746e-02
2.041108117840021927e-02
2.028546990897440311e-02
2.016120624748819756e-02
2.003826963306558698e-02
1.991663991062691402e-02
1.979629732107644757e-02
1.967722249178038840e-02
1.955939642731360090e-02
1.944280050046191810e-02
1.932741644348748289e-02
1.921322633963749860e-02
1.910021261487671040e-02
1.898835802986600235e-02
1.887764567215632211e-02
1.876805894859893964e-02
1.865958157795727379e-02
1.855252825882669487e-02
1.844656096166890150e-02
1.834064730007296112e-02
1.823645051978834211e-02
1.813328612036310683e-02
1.803113954788577999e-02
1.792999651398737709e-02
1.782984298991117933e-02
1.773066520072920718e-02
1.763244961971869446e-02
1.753518296288569117e-02
1.743885218362203546e-02
1.734344446751422825e-02
1.724894722727936258e-02
1.715534809783308620e-02
1.706263493148176685e-02
1.697079579323706316e-02
1.687981895626060325e-02
1.678969289741007176e-02
1.670040629290396247e-02
1.661194801409465738e-02
1.652430712335107091e-02
1.643747287003696766e-02
1.635143468659532029e-02
1.626618218472945104e-02
1.618170515166904994e-02
1.609799354654340570e-02
1.601503749683320932e-02
1.593282729490846927e-02
1.585135339465482823e-02
1.577060640817805684e-02
1.569057710259379179e-02
1.561125639688914005e-02
1.553263535885411085e-02
1.545470520210404444e-02
1.537745728315138491e-02
1.530088309856058280e-02
1.522497428216954343e-02
1.514972260236693499e-02
1.507511995869954130e-02
1.500115838224522734e-02
1.492783002864982514e-02
1.485512717860029350e-02
1.478304223467323195e-02
1.471156771897722849e-02
1.464069627084782846e-02
1.457042064459321967e-02
1.450073370729178940e-02
1.443162843664081568e-02
1.436309791885296075e-02
1.429513534659976673e-02
1.422773401700285975e-02
1.416088732966599290e-02
1.409458878475859482e-02
1.402883198113170395e-02
1.396361061448160405e-02
1.389891847555628848e-02
1.383474944839584338e-02
1.377109750861339223e-02
1.370795672171075917e-02
1.364532124144368641e-02
1.358318530819850253e-02
1.352154324742551282e-02
1.346038946810142536e-02
1.339971846121384980e-02
1.333952479828992392e-02
1.327980312994942944e-02
1.322054818449706209e-02
1.316175476653240126e-02
1.310341775559891245e-02
1.304553210485905057e-02
1.298809283979108359e-02
1.293109505692313990e-02
1.287453392258552237e-02
1.281840467169259937e-02
1.276270260654962206e-02
1.270742309568385041e-02
1.265256157269679591e-02
1.259811353514785071e-02
1.254407454344921499e-02
1.249044021979206845e-02
1.243720624709364342e-02
1.238436836796355522e-02
1.233192265277990862e-02
1.227986442481312016e-02
1.222818986637624200e-02
1.217689494891478763e-02
1.212597569870873734e-02
1.207542819594418712e-02
1.202524857382172678e-02
1.197543301768082616e-02
1.192597776412858412e-02
1.187687910020111814e-02
1.182813336253160652e-02
1.177973693653676032e-02
1.173168625562357598e-02
1.168397780040397391e-02
1.163660809792676706e-02
1.158957372093057103e-02
1.154287128710404335e-02
1.149649745835812364e-02
1.145044894012678741e-02
1.140472249054157693e-02
1.135931488158661504e-02
1.131422295366676586e-02
1.126944357944804909e-02
1.122497367176034100e-02
1.118081018296677130e-02
1.113695012270810025e-02
1.109339048531077232e-02
1.105012835494985704e-02
1.100716083601601183e-02
1.096448506944158394e-02
1.092209823212952208e-02
1.087999753640006562e-02
1.083818022944797385e-02
1.079664359280311722e-02
1.075538494180632021e-02
1.071440162509467928e-02
1.067369102409351268e-02
1.063325055251814269e-02
1.059307765588526733e-02
1.055316981103662094e-02
1.051352452566048021e-02
1.047413933783508319e-02
1.043501181557157306e-02
1.039613950973404012e-02
1.035752013856421246e-02
1.031915131216877557e-02
1.028103071390080309e-02
1.024315600206752649e-02
1.020552501930340958e-02
1.016813547978030405e-02
1.013098517553776522e-02
1.009407192479838331e-02
1.005739357158673235e-02
1.002094798535597270e-02
9.984733060618710548e-03
9.948746716584383476e-03
9.912986896807137599e-03
9.877451568833253703e-03
9.842138723856912186e-03
9.807046376383762518e-03
9.772172563899898107e-03
9.737515346543192118e-03
9.703072806782807314e-03
9.668843049105740189e-03
9.634824199702893277e-03
9.601014406165847212e-03
9.567411837188387683e-03
9.534014682269709856e-03
9.500821151423088917e-03
9.467829474891525932e-03
9.435037902866833665e-03
9.402444705216457532e-03
9.370048171209947874e-03
9.337846609245220586e-03
9.305838346598351019e-03
9.274021729156398802e-03
9.242395121162901364e-03
9.210956904976839305e-03
9.179705480811779089e-03
9.148639266505751572e-03
9.117756697279297967e-03
9.087056225499637666e-03
9.056536320451606670e-03
9.026195468108190109e-03
8.996032170910932269e-03
8.966044947547388913e-03
8.936232332733750824e-03
8.906592877005497372e-03
8.877125146504304815e-03
8.847827722772691472e-03
8.818699202552713473e-03
8.789738197583090579e-03
8.760943334405080218e-03
8.732313254164247168e-03
8.703846612427070320e-03
8.675542078986703959e-03
8.647398337679711167e-03
8.619414086207637105e-03
8.591588035947634455e-03
8.563918911790147082e-03
8.536405451956557630e-03
8.509046407827481132e-03
8.481840543303191537e-03
8.454786636523901888e-03
8.427883476884678177e-03
8.401129866750203096e-03
8.374524620828820154e-03
8.348066566016981022e-03
8.321754541243319911e-03
8.295587397315550351e-03
8.269563996777617651e-03
8.243683213758087533e-03
8.217943933823336489e-03
8.192345053838784308e-03
8.166885481827378807e-03
8.141564136830158754e-03
8.116379948768286112e-03
8.091331858312462988e-03
8.066418816747125339e-03
8.041639785838486029e-03
8.016993737711801404e-03
7.992479654718859239e-03
7.968096529315321641e-03
7.943843363938937058e-03
7.919719170880985121e-03
7.895722972175079138e-03
7.871853799480795638e-03
7.848110693955155648e-03
7.824492706147788412e-03
7.800998895888224677e-03
7.777628332169639856e-03
7.754380093043614433e-03
7.731253265508067352e-03
7.708246945402575864e-03
7.685360237303195778e-03
7.662592254420758087e-03
7.639942118493441015e-03
7.617408959688685283e-03
7.594991916507671560e-03
7.572690135680872764e-03
7.550502772077201386e-03
7.528428988603036442e-03
7.506467956111114934e-03
7.484618853309579420e-03
7.462880866669898035e-03
7.441253190333403655e-03
7.419735026024823141e-03
7.398325582966575054e-03
7.377024077789132162e-03
7.355829734448128543e-03
7.334741784135926854e-03
7.313759465204235782e-03
7.292882023080967356e-03
7.272108710185652691e-03
7.251438785855740532e-03
7.230871516260473433e-03
7.210406174330885598e-03
7.190042039680274479e-03
7.169778398528496577e-03
7.149614543626147019e-03
7.129549774181486929e-03
7.109583395794505725e-03
7.089714720377492466e-03
7.069943066083967699e-03
7.050267757245933312e-03
7.030688124301005468e-03
7.011203503722914648e-03
6.991813237959926437e-03
6.972516675363474997e-03
6.953313170124993114e-03
6.934202082213927060e-03
6.915182777311590714e-03
6.896254626744818469e-03
6.877417007435281809e-03
6.858669301829147143e-03
6.840010897835455822e-03
6.821441188776414775e-03
6.802959573318436912e-03
6.784565455422464711e-03
6.766258244279616321e-03
6.748037354257010144e-03
6.729902204849973202e-03
6.711852220612910674e-03
6.693886831114921263e-03
6.676005470884099555e-03
6.658207579352025743e-03
6.640492600807079877e-03
