9.004381205781364361e-01
1.880028614608926896e+00
2.116350921369291704e+00
2.027110939290545311e+00
1.839642802326068249e+00
1.639723338599524682e+00
1.455804460626044294e+00
1.295080187987586173e+00
1.157247071119028359e+00
1.039666771556069014e+00
9.392681225111874088e-01
8.532058678368976690e-01
7.790444564977061503e-01
7.147668780794891319e-01
6.587256166837763827e-01
6.095809742906416195e-01
5.662431444283311244e-01
5.278229305325596865e-01
4.935915952321528466e-01
4.629488045805727481e-01
4.353972663095830864e-01
4.105227047610876534e-01
3.879780814833460045e-01
3.674710616555584286e-01
3.487540984488061713e-01
3.316164842224277876e-01
3.158779877010700066e-01
3.013837183374311057e-01
2.879999736877181249e-01
2.756108301275969064e-01
2.641153835563396224e-01
2.534254542842019897e-01
2.434636980321081279e-01
2.341620347062488561e-01
2.254603368077298664e-01
2.173053297804614092e-01
2.096496710029864541e-01
2.024511479280084181e-01
1.956720431513376823e-01
1.892785476058996830e-01
1.832402830875811128e-01
1.775298837577180544e-01
1.721226513324264906e-01
1.669962292325322395e-01
1.621303459198943087e-01
1.575065803526338182e-01
1.531081597652467763e-01
1.489197828899002096e-01
1.449274651949256087e-01
1.411184028560276138e-01
1.374808533618358808e-01
1.340040292604612326e-01
1.306780053260923891e-01
1.274936354084491019e-01
1.244424788911967505e-01
1.215167351633083676e-01
1.187091851617964461e-01
1.160131391203225448e-01
1.134223897778666168e-01
1.109311703996001264e-01
1.085341170359897245e-01
1.062262346207138164e-01
1.040028662135592252e-01
1.018596654624072395e-01
9.979257151200274234e-02
9.779778633823646428e-02
9.587175418578491870e-02
9.401114285478076593e-02
9.221282670141273119e-02
9.047387113526830782e-02
8.879151847773102124e-02
8.716317504359780144e-02
8.558639932491959867e-02
8.405889116765064006e-02
8.257848186263477830e-02
8.114312501422665802e-02
7.975088819622158653e-02
7.839994523439980378e-02
7.708856914341076505e-02
7.581512555439641476e-02
7.457806670684608008e-02
7.337592587086155804e-02
7.220731412960729179e-02
7.107090794014168933e-02
6.996545612423725469e-02
6.888976823246521775e-02
6.784271261267074693e-02
6.682321287934209209e-02
6.583024463466846665e-02
6.489672964671140687e-02
6.392004682984546438e-02
6.300108051369371354e-02
6.210489431211867889e-02
6.123079314107177096e-02
6.037805310944890230e-02
5.954589744494226400e-02
5.873362347719223581e-02
5.794055939188789278e-02
5.716606258102703564e-02
5.640951809658487082e-02
5.567033720056133866e-02
5.494795600410119080e-02
5.424183419042785670e-02
5.355145381304832197e-02
5.287631816842433552e-02
5.221595073361208483e-02
5.156989416707438018e-02
5.093770936755060569e-02
5.031897458720621663e-02
4.971328459558108093e-02
4.912024989072773240e-02
4.853949595485208129e-02
4.797066255130440215e-02
4.741340306037140212e-02
4.686738385150669706e-02
4.633228368951298332e-02
4.580779317257999139e-02
4.529361420066058824e-02
4.478945947159372609e-02
4.429505200384811076e-02
4.381012468248958458e-02
4.333441983630527405e-02
4.286768882141381298e-02
4.240969164091326626e-02
4.196019657643990097e-02
4.151897983945136011e-02
4.108582523991405333e-02
4.066052387130138224e-02
4.024287381091159327e-02
3.983267983475394236e-02
3.942975314613338111e-02
3.903391111719792250e-02
3.864497704273600620e-02
3.826277990553518527e-02
3.788715415272876641e-02
3.751793948247370003e-02
3.715498064045237581e-02
3.679812722570191541e-02
3.644723350519340349e-02
3.610215823679003427e-02
3.576276450014470587e-02
3.542891953206686595e-02
3.510049458394799704e-02
3.477736475629106261e-02
3.445940886915954682e-02
3.414650932405494804e-02
3.383855197451328400e-02
3.353542600226144810e-02
3.323702379850423938e-02
3.294324085034371075e-02
3.265397563182823037e-02
3.236912949957036767e-02
3.208860659268811255e-02
3.181231373680770691e-02
3.154016035198321799e-02
3.127205836434757136e-02
3.100792212131250197e-02
3.074766831014211915e-02
3.049121587977595554e-02
3.023848596572519670e-02
2.998940181790624160e-02
2.974388873129182181e-02
2.950187397924221300e-02
2.926328674944126546e-02
2.902805808218220096e-02
2.879612081111213029e-02
2.856740950615353769e-02
2.834186041857759963e-02
2.811941142814291389e-02
2.790000199218452617e-02
2.768357309658590198e-02
2.747006720854527212e-02
2.725942823107387405e-02
2.705160145913957509e-02
2.684653353739037407e-02
2.664417241940026868e-02
2.644446732836051861e-02
2.624736871916736464e-02
2.605282824185544549e-02
2.586079870630030378e-02
2.567123404815436355e-02
2.548408929597956868e-02
2.529932053949290882e-02
2.511688489890694792e-02
2.493674049533075102e-02
2.475884642216005793e-02
2.458316271743456877e-02
2.440965033713398541e-02
2.423827112934971023e-02
2.406898780933223667e-02
2.390176393535403676e-02
2.373656388536225098e-02
2.357335283440590082e-02
2.341209673278714376e-02
2.325276228493398240e-02
2.309531692893206090e-02
2.293972902912944090e-02
2.278596701018195669e-02
2.263400060448985535e-02
2.248379999299735671e-02
2.233533599739748882e-02
2.218858006327300778e-02
2.204350424374701412e-02
2.190008118365396536e-02
2.175828410419465911e-02
2.161808678804957862e-02
2.147946380667350302e-02
2.134238954258248916e-02
2.120683961674866419e-02
2.107278991788233066e-02
2.094021682828301617e-02
2.080909721147164784e-02
2.067940840017655491e-02
2.055112818466998600e-02
2.042423480145893339e-02
2.029870692228829404e-02
2.017452364348296112e-02
2.005166447559494913e-02
1.993010933333213414e-02
1.980983852579616331e-02
1.969083274699533551e-02
1.957307306661823162e-02
1.945654092107725053e-02
1.934121810480242051e-02
1.922708676177673978e-02
1.911412937731074915e-02
1.900232877005300636e-02
1.889166808420422727e-02
1.878213078196102476e-02
1.867370063616429626e-02
1.856636172314848898e-02
1.846009841537353882e-02
1.835489537626875181e-02
1.825073755124697120e-02
1.814761016288726769e-02
1.804618686690364487e-02
1.794473693636961659e-02
1.784426686528486905e-02
1.774511876989940881e-02
1.764693116301809667e-02
1.754969080249464339e-02
1.745338468260866638e-02
1.735800002889414245e-02
1.726352429309058190e-02
1.716994514823765028e-02
1.707725048389086009e-02
1.698542840145748911e-02
1.689446720965154247e-02
1.680435542006269989e-02
1.671508174284820625e-02
1.662663508251845113e-02
1.653900453383554126e-02
1.645217937781253553e-02
1.636614907781600708e-02
1.628090327575874158e-02
1.619643178839180742e-02
1.611272460368687667e-02
1.602977187729988720e-02
1.594756392913419460e-02
1.586609123997907017e-02
1.578534444822605673e-02
1.570531434667247345e-02
1.562599187939576334e-02
1.554736813871206678e-02
1.546943436219218836e-02
1.539218192975783280e-02
1.531560236085233000e-02
1.523968731166245281e-02
1.516442857241841712e-02
1.508981806475462664e-02
1.501584783837250220e-02
1.494251007152412256e-02
1.486979706406781065e-02
1.479770123804030960e-02
1.472621513456609174e-02
1.465533141156162567e-02
1.458504284149219829e-02
1.451534230918122975e-02
1.444622280966665478e-02
1.437767744610677668e-02
1.430969942773271941e-02
1.424228206784883960e-02
1.417541878187357149e-02
1.410910308542987629e-02
1.404332859247148235e-02
1.397808901345710952e-02
1.391337815355848419e-02
1.384918991091024440e-02
1.378551827490151135e-02
1.372235732450098611e-02
1.365970122661725253e-02
1.359754423449491961e-02
1.353588068615615633e-02
1.347470500285383004e-02
1.341401168757587296e-02
1.335379532358252526e-02
1.329405057295753034e-02
1.323477217520704213e-02
1.317595494587836882e-02
1.311759377521695691e-02
1.305968362683929823e-02
1.300221953644514067e-02
1.294519661055078957e-02
1.288861002524611249e-02
1.283245502498523566e-02
1.277672692139577605e-02
1.272142109211427466e-02
1.266653297964711808e-02
1.261205809025277291e-02
1.255799199284663749e-02
1.250433031793288241e-02
1.245106875654823295e-02
1.239820332531433797e-02
1.234572930357946859e-02
1.229364282152654170e-02
1.224193980224750483e-02
1.219061622442857776e-02
1.213966812141921252e-02
1.208909158031437614e-02
1.203888274107367193e-02
1.198903779563056417e-02
1.193955298704004603e-02
1.189042460864161987e-02
1.184164900322263320e-02
1.179322256221676524e-02
1.174514172490709329e-02
1.169740297764610901e-02
1.165000285309718102e-02
1.160293792948015497e-02
1.155620482983695657e-02
1.150980022131499990e-02
1.146372081445789018e-02
1.141796336250859231e-02
1.137252466073780319e-02
1.132740154576789005e-02
1.128259089492023026e-02
1.123808963689828036e-02
1.119389470725055784e-02
1.115000311154939680e-02
1.110641188360776688e-02
1.106311809484360892e-02
1.102011885369254263e-02
1.097741132500519058e-02
1.093499265111051374e-02
1.089286006657594341e-02
1.085101082227227579e-02
1.080944220332025543e-02
1.076815152857003334e-02
1.072713615008137958e-02
1.068639345262230485e-02
1.064592085317226516e-02
1.060571580043624673e-02
1.056577577436443663e-02
1.052609828568288469e-02
1.048668087543541509e-02
1.044752111452453697e-02
1.040861660327133814e-02
1.036996497097682560e-02
1.033156387548902176e-02
1.029341095588314110e-02
1.025550401808296777e-02
1.021784075776628956e-02
1.018041894283677057e-02
1.014323636771093801e-02
1.010629079826071489e-02
1.006958018860243040e-02
1.003310235725396980e-02
9.996855200880769288e-03
9.960836640793472793e-03
9.925044622592870541e-03
9.889477115819746839e-03
9.854132113616850125e-03
9.819007632388711965e-03
9.784101711469483931e-03
9.749412412800077810e-03
9.714937820608077895e-03
9.680676041091636208e-03
9.646625202110615388e-03
9.612783452884065064e-03
9.579148963687491788e-03
9.545719925561571215e-03
9.512494550022947137e-03
9.479471068779294490e-03
9.446647733447574233e-03
9.414022815279851630e-03
9.381594604892892764e-03
9.349361412004323496e-03
9.317321565168266290e-03
9.285473411512035202e-03
9.253815316493985837e-03
9.222345663646536879e-03
9.191062854329183629e-03
9.159965307497571624e-03
9.129051459450161082e-03
9.098319763606858845e-03
9.067768690275292143e-03
9.037396726422990828e-03
9.007202375456116461e-03
8.977184156997882608e-03
8.947340606677052152e-03
8.917670275911629418e-03
8.888171731700216308e-03
8.858843556418645460e-03
8.829684347615097267e-03
8.800692717811267607e-03
8.771867294306946033e-03
8.743206718985430115e-03
8.714709648124709454e-03
8.686374752206738048e-03
8.658200715739187980e-03
8.630186237068356025e-03
8.602330028201609496e-03
8.574630814635095244e-03
8.547087335170146932e-03
8.519698341756514609e-03
8.492462599316945998e-03
8.465378885104485329e-03
8.438445990435146371e-03
8.411662717697254363e-03
8.385027882073025490e-03
8.358540310915079513e-03
8.332198843592528159e-03
8.306002331341115832e-03
8.279949637111424371e-03
8.254039635421494409e-03
8.228271212217764738e-03
8.202643264728734507e-03
8.177154701322478236e-03
8.151804441373177931e-03
8.126591415122366019e-03
8.101514563545974407e-03
8.076572838218099709e-03
8.051765201187298382e-03
8.027090624843129241e-03
8.002548091789220275e-03
7.978136594723364561e-03
7.953855136310184620e-03
7.929702729061748750e-03
7.905678395219474519e-03
7.881781166629516638e-03
7.858010084635502074e-03
7.834364199965252601e-03
7.810842572605463177e-03
7.787444271701991771e-03
7.764168375448606343e-03
7.741013970975305948e-03
7.717980154245626841e-03
7.695066029949109571e-03
7.672270711398213039e-03
7.649593320427274662e-03
7.627032987293646746e-03
7.604588850573348532e-03
7.582260057066081416e-03
7.560045761702117659e-03
7.537945127441766230e-03
7.515957325186331181e-03
7.494081533680748558e-03
7.472316939424075537e-03
7.450662736582988437e-03
7.429118126901146889e-03
7.407682319608135599e-03
7.386354531336770078e-03
7.365133986038824646e-03
7.344019914898147934e-03
7.323011556251085921e-03
7.302108155499022375e-03
7.281308965034746783e-03
7.260613244160599687e-03
7.240020259006673536e-03
7.219529282459554581e-03
7.199139594078553944e-03
7.178850480026472206e-03
7.158661232994760829e-03
7.138571152127149225e-03
7.118579542948210576e-03
7.098685717291405503e-03
7.078888993234752451e-03
7.059188695023799892e-03
7.039584153003574860e-03
7.020074703555538760e-03
7.000659689028462113e-03
6.981338457670028738e-03
6.962110363567633117e-03
6.942974766578114548e-03
6.923931032266815444e-03
6.904978531847419387e-03
6.886116642117369110e-03
6.867344745392901968e-03
6.848662229461043201e-03
6.830068487510079951e-03
6.811562918069336003e-03
6.793144924962335983e-03
6.774813917237793720e-03
6.756569309123216203e-03
6.738410519960285130e-03
6.720336974153797924e-03
6.702348101124313250e-03
6.684443335240903596e-03
6.666622115778279845e-03
6.648883886862060749e-03
