5.804565549871298913e+00
5.313358066882937436e+00
4.156509183508405592e+00
3.249268428592019031e+00
2.597419558089288039e+00
2.127203984872575226e+00
1.780283143596103290e+00
1.517730293079400550e+00
1.314182376519789308e+00
1.152934869125529449e+00
1.022752302530197444e+00
9.158974172326617147e-01
8.269159079231721554e-01
7.518771755221663744e-01
6.878905980659431041e-01
6.327907339774792028e-01
5.849280367792806246e-01
5.430268154087807275e-01
5.060869324329757557e-01
4.733145207696782264e-01
4.440723206992367444e-01
4.178435214852441737e-01
3.942050584434785288e-01
3.728076132980269186e-01
3.533604760190918737e-01
3.356199517933912690e-01
3.193803650555749885e-01
3.044670410084405754e-01
2.907307665522321782e-01
2.780433847453198659e-01
2.662942631801933357e-01
2.553874424740668614e-01
2.452393179239965026e-01
2.357767425648382986e-01
2.269354656187296260e-01
2.186588396950008284e-01
2.108967495725581898e-01
2.036046929133110417e-01
1.967430514969846778e-01
1.902764339090682877e-01
1.841731386406936510e-01
1.784046899239168371e-01
1.729454441758249417e-01
1.677722539505006050e-01
1.628641762135082383e-01
1.582022139080335732e-01
1.537691031477342873e-01
1.495491214391583279e-01
1.455279218559101251e-01
1.416923879198850600e-01
1.380305062360140667e-01
1.345312548663631647e-01
1.311845039163241355e-01
1.279809289413174067e-01
1.249119332784277836e-01
1.219695794451648718e-01
1.191465280260882026e-01
1.164359831701135550e-01
1.138316438840197842e-01
1.113276604217052768e-01
1.089185951614096426e-01
1.065993874313778123e-01
1.043653219239475405e-01
1.022120000082766406e-01
1.001353140802177244e-01
9.813142415917186501e-02
9.619673675375103872e-02
9.432788568420330533e-02
9.252171462140559854e-02
9.077526122410292664e-02
8.908574266629798455e-02
8.745054243189771814e-02
8.586719824698609005e-02
8.433339103795599312e-02
8.284693481323084085e-02
8.140576739815896801e-02
8.000794188874030266e-02
7.865161883929794318e-02
7.733505906456571155e-02
7.605661696538243421e-02
7.481473442672789687e-02
7.360793515683626553e-02
7.243482138465436038e-02
7.129406139727627323e-02
7.018439640769083554e-02
6.910462890805357805e-02
6.805362068006662324e-02
6.703028922213671859e-02
6.603360442881173187e-02
6.506258550589177903e-02
6.411629809096638932e-02
6.319385158181468898e-02
6.229439663783074843e-02
6.141720457504781100e-02
6.056129960417937219e-02
5.972605889381821243e-02
5.891082371159483966e-02
5.811487599137139803e-02
5.733757008125515975e-02
5.657828815734683436e-02
5.583643876160677283e-02
5.511145543027499982e-02
5.440279540597316166e-02
5.370993842869405122e-02
5.303238559736807300e-02
5.236965830178286208e-02
5.172129721544327374e-02
5.108686134800169421e-02
5.046592715237641080e-02
4.985808768301162874e-02
4.926295180205089719e-02
4.868014342999375105e-02
4.810930083836850724e-02
4.755007598142242664e-02
4.700213386445552255e-02
4.646515194658550063e-02
4.593881957558632045e-02
4.542283745283658136e-02
4.491691712699774630e-02
4.442078051390432186e-02
4.393415944167007592e-02
4.345679521766016712e-02
4.298843822557033012e-02
4.252884752747412844e-02
4.207779050119378472e-02
4.163504248839820093e-02
4.120038646150836481e-02
4.077361270713297792e-02
4.035451852498481151e-02
3.994290794133879136e-02
3.953859143634089190e-02
3.914138568431207998e-02
3.875111330640267082e-02
3.836760263487727640e-02
3.799068748839948273e-02
3.762020695777794355e-02
3.725600520154223605e-02
3.689793125087371256e-02
3.654583882342257034e-02
3.619958614545917136e-02
3.585903578201367348e-02
3.552405447161258167e-02
3.519451298291263047e-02
3.487028594877442100e-02
3.455125173599485344e-02
3.423729230666115037e-02
3.392829308820288770e-02
3.362414284899231665e-02
3.332473357925330032e-02
3.302996037687351560e-02
3.273972133812770580e-02
3.245391745282222296e-02
3.217245250381445265e-02
3.189523297066846480e-02
3.162216793719666019e-02
3.135316900275152141e-02
3.108815019709182392e-02
3.082702789864821130e-02
3.056972075601937372e-02
3.031614961258615598e-02
3.006623743406933863e-02
2.981990923890222300e-02
2.957709203131261150e-02
2.933771473696683563e-02
2.910170814112530979e-02
2.886900482903961493e-02
2.863953912872100466e-02
2.841324705579729298e-02
2.819006626043572133e-02
2.796993597624778533e-02
2.775279697107537261e-02
2.753859149957999311e-02
2.732726325756271862e-02
2.711875733794628235e-02
2.691302018834190735e-02
2.670999957013570070e-02
2.650964451904076064e-02
2.631190530704070885e-02
2.611673340567600976e-02
2.592408145063051714e-02
2.573390320753545651e-02
2.554615353896585311e-02
2.536078837258852470e-02
2.517776467038278926e-02
2.499704039891802176e-02
2.481857450065203669e-02
2.464232686618547663e-02
2.446825830744722707e-02
2.429633053178891985e-02
2.412650611692081920e-02
2.395874848669459975e-02
2.379302188767594417e-02
2.362929136647443432e-02
2.346752274782699238e-02
2.330768261337767128e-02
2.314973828115665655e-02
2.299365778569313623e-02
2.283941007335506604e-02
2.268696412825712064e-02
2.253629023320859182e-02
2.238735910236863344e-02
2.224014207608951410e-02
2.209461110452382027e-02
2.195073873172088963e-02
2.180849808022965880e-02
2.166786283616961573e-02
2.152880723474404415e-02
2.139130629024277308e-02
2.125533480943085640e-02
2.112086883318781139e-02
2.098788465689525873e-02
2.085635905892679887e-02
2.072626928860489548e-02
2.059759305449817418e-02
2.047030851305876864e-02
2.034439425760261461e-02
2.021982930759426422e-02
2.009659309825931328e-02
1.997466547049289026e-02
1.985402666104195413e-02
1.973465729298513882e-02
1.961653836648474467e-02
1.949965124978676745e-02
1.938397767048394629e-02
1.926949970702476408e-02
1.915619978045409594e-02
1.904406064638615448e-02
1.893306538720923582e-02
1.882319740448556988e-02
1.871444041157561966e-02
1.860677842646146080e-02
1.850019576436369440e-02
1.839467703253460512e-02
1.829020712127623835e-02
1.818677119908240769e-02
1.808435470598650924e-02
1.798294334746815271e-02
1.788322018472786323e-02
1.778308014787415015e-02
1.768460099237540578e-02
1.758707233151163979e-02
1.749048111207415768e-02
1.739481451296807923e-02
1.730005994015230281e-02
1.720620502170577826e-02
1.711323760303071900e-02
1.702114574216906720e-02
1.692991770524423373e-02
1.683954196201369047e-02
1.675000718153412532e-02
1.666130222794540844e-02
1.657341615634742166e-02
1.648633820878481204e-02
1.640005781033330653e-02
1.631456456528262641e-02
1.622984825341037760e-02
1.614589882635118420e-02
1.606270640405565997e-02
1.598026127132572138e-02
1.589855387444983476e-02
1.581757481791071923e-02
1.573731486116811129e-02
1.565776491552899052e-02
1.557891604108279510e-02
1.550075944372350696e-02
1.542328647222549788e-02
1.534648861539658973e-02
1.527035749930633762e-02
1.519488488456273260e-02
1.512006266366465457e-02
1.504588285766872077e-02
1.497233761663061165e-02
1.489941921269339123e-02
1.482712004062301803e-02
1.475543261471626462e-02
1.468434956649784101e-02
1.461386364246607637e-02
1.454396770189497409e-02
1.447465471468385896e-02
1.440591775925379424e-02
1.433775002049408887e-02
1.427014478775270878e-02
1.420309545287296200e-02
1.413659550827259942e-02
1.407063854506789696e-02
1.400521825123575426e-02
1.394032840982009636e-02
1.387596289717382345e-02
1.381211568124014744e-02
1.374878081987480211e-02
1.368595245920120954e-02
1.362362483200146163e-02
1.356179225613938361e-02
1.350044913303217846e-02
1.343958994612677593e-02
1.337920925943867495e-02
1.331930171610367156e-02
1.325986203696421541e-02
1.320088501918794191e-02
1.314236553491200318e-02
1.308429852992213337e-02
1.302667902235012803e-02
1.296950210140626267e-02
1.291276292613580297e-02
1.285645672419652094e-02
1.280057879066975879e-02
1.274512448689024691e-02
1.269008923930045087e-02
1.263546853833204253e-02
1.258125793730471322e-02
1.252745305135125747e-02
1.247404955636531240e-02
1.242104318796419249e-02
1.236843000793014929e-02
1.231620533588408464e-02
1.226436534562614505e-02
1.221290600175528249e-02
1.216182332373565156e-02
1.211111338498037371e-02
1.206077231195019049e-02
1.201079628328331067e-02
1.196118152892230307e-02
1.191192432927360399e-02
1.186302101438337780e-02
1.181446796311525632e-02
1.176626160236088001e-02
1.171839840625461815e-02
1.167087489540713334e-02
1.162368763615793769e-02
1.157683323983231191e-02
1.153030836201913989e-02
1.148410970186398983e-02
1.143823400137271296e-02
1.139267804472241831e-02
1.134743865760256751e-02
1.130251270654843501e-02
1.125789709829698448e-02
1.121358877915911399e-02
1.116958474668323584e-02
1.112588200129242463e-02
1.108247761523386589e-02
1.103936868700090140e-02
1.099655235166231877e-02
1.095402578030039986e-02
1.091178620048284878e-02
1.086983081311618943e-02
1.082815691354872475e-02
1.078676181145022533e-02
1.074564284982605644e-02
1.070479740450593249e-02
1.066422288364778440e-02
1.062391672725041328e-02
1.058387640667221401e-02
1.054409942415884816e-02
1.050458331238074070e-02
1.046532563398048198e-02
1.042632398112123063e-02
1.038757597505221911e-02
1.034907926567573203e-02
1.031083153112169123e-02
1.027283047733597125e-02
1.023507378960109536e-02
1.019755932282849498e-02
1.016028481749482390e-02
1.012324808678127797e-02
1.008644696970612854e-02
1.004987927494548940e-02
1.001354300219123999e-02
9.977436011466805921e-03
9.941556241462739391e-03
9.905901654897211056e-03
9.870470238170576255e-03
9.835260001031867483e-03
9.800268976243586838e-03
9.765495219252972453e-03
9.730936807874330727e-03
9.696591841972451026e-03
9.662458443151531601e-03
9.628534754448650479e-03
9.594818940037285609e-03
9.561309184926869431e-03
9.528003694676153573e-03
9.494900695107520716e-03
9.461998432025154476e-03
9.429295170937632836e-03
9.396789196787061482e-03
9.364478813681909042e-03
9.332362344635903445e-03
9.300438131309124445e-03
9.268704533745180871e-03
9.237159930133867491e-03
9.205802716557288240e-03
9.174631306745489184e-03
9.143644131848841991e-03
9.112839640186446571e-03
9.082216297030111171e-03
9.051772584370893285e-03
9.021507000695141651e-03
8.991418060767364384e-03
8.961504295407884263e-03
8.931764251287237569e-03
8.902196490710875820e-03
8.872799591413566347e-03
8.843572146357659564e-03
8.837542445126501944e-03
8.785620065753656921e-03
8.756892690477399710e-03
8.728329289600508453e-03
8.699928529278266182e-03
8.671689089734826994e-03
8.643609665086903968e-03
8.615688963158915289e-03
8.587925705307728613e-03
8.560318626252344174e-03
8.532866473892120052e-03
8.505568009152395664e-03
8.478422005337882261e-03
8.451427249852164203e-03
8.424582541217529030e-03
8.397886690795950196e-03
8.371338522160248069e-03
8.344936870940938139e-03
8.318680584676696119e-03
8.292568522663322506e-03
8.266599555806539157e-03
8.240772566472966132e-03
8.215086448355540111e-03
8.189540106327677926e-03
8.164132456301903540e-03
8.138862425098281408e-03
8.113728950308025586e-03
8.088730980160168879e-03
8.063867473388899865e-03
8.039137399109866702e-03
8.014539736688006816e-03
7.990073475612948645e-03
7.965737615379900327e-03
7.941531165364130312e-03
7.917453144702235948e-03
7.893502582175151994e-03
7.869678516086407727e-03
7.845979994153758769e-03
7.822406073398863874e-03
7.798955820023257407e-03
7.775628309308059774e-03
7.752422625505585828e-03
7.729337861728587111e-03
7.706373119847970826e-03
7.683527510386524602e-03
7.660800152417645073e-03
7.638190173464609427e-03
7.615696709403084810e-03
7.593318904357913152e-03
7.571055910608102957e-03
7.548906888496960225e-03
7.526871006329920177e-03
7.504947440288227412e-03
7.483135374332053336e-03
7.461434000111800621e-03
7.439842516882411334e-03
7.418360131413909847e-03
7.396986057901297831e-03
7.375719517882220813e-03
7.354559740153923490e-03
7.333505960687406941e-03
7.312557422548275794e-03
7.291713375810445277e-03
7.270973077482778893e-03
7.250335791428445462e-03
7.229800788284408003e-03
7.209367345389672971e-03
7.189034746702871806e-03
7.168802282734938053e-03
7.148669250472279926e-03
7.128634953304027744e-03
7.108698700949789631e-03
7.088859809388029995e-03
7.069117600793755653e-03
7.049471403460778537e-03
7.029920551735815287e-03
7.010464385954187985e-03
6.991102252373246340e-03
6.971833503103506968e-03
6.952657496050356281e-03
6.933573594844050919e-03
6.914581168780046735e-03
6.895679592759141295e-03
6.876868247223263952e-03
6.858146518091025670e-03
6.839513796710829444e-03
6.820969479791514321e-03
6.802512969342384280e-03
6.784143672627621427e-03
6.765861002097412272e-03
6.747664375341796278e-03
6.729553215027030133e-03
6.711526948844942497e-03
6.693585009466049632e-03
6.675726834472815382e-03
6.657951866316489525e-03
