1.171190569551343471e-20
2.561229093440575674e-14
3.993013713973894861e-11
3.912454983807945310e-09
9.264241019958205382e-08
9.436333568204278915e-07
5.557818606438472017e-06
2.243332962285612340e-05
6.895553386895194171e-05
1.729938278618264836e-04
3.714916754919569096e-04
7.063559572713070181e-04
1.219011077873622794e-03
1.945163138989028807e-03
2.910876144465106286e-03
4.130428276797608496e-03
5.605890509988986463e-03
7.328060839811726193e-03
9.278279548345222047e-03
1.143067715853945607e-02
1.375449995255093039e-02
1.621627159573624244e-02
1.878164943898539413e-02
2.141691520519404396e-02
2.409009563401039167e-02
2.677174254733474812e-02
2.943542007245664172e-02
3.205795318793205895e-02
3.461949088793431911e-02
3.710343219760812994e-02
3.949625628025042745e-02
4.178868714532534001e-02
4.396844180325380769e-02
4.603391501631819149e-02
4.797992699651078274e-02
4.980443270184974069e-02
5.150686651738303756e-02
5.308790410468425258e-02
5.454924671601514563e-02
5.589342862410819068e-02
5.712364730176348188e-02
5.824361492547083102e-02
5.925743201954218609e-02
6.016947550239383491e-02
6.098430886005212770e-02
6.170660198731955925e-02
6.234106804138543623e-02
6.289241004450552008e-02
6.336527828137319962e-02
6.376423383491532093e-02
6.409372475255775692e-02
6.435806339892094496e-02
6.456141133028509005e-02
6.470776815531681381e-02
6.480096434722282250e-02
6.484465700843206060e-02
6.484232814796569988e-02
6.479728499914036433e-02
6.471266197511754692e-02
6.459142392110678310e-02
6.443637037532987111e-02
6.425014059702713332e-02
6.403521915964881239e-02
6.379394194143422903e-02
6.352850237547322254e-02
6.324095784421690514e-02
6.293323612867243733e-02
6.260714183536481015e-02
6.226436274333918552e-02
6.190647602415578349e-02
6.153495429762713409e-02
6.115117150472666741e-02
6.075640855712224897e-02
6.035185877723015652e-02
5.993863309983650522e-02
5.951776503876849561e-02
5.909021541603953070e-02
5.865687685484112512e-02
5.821857803999587466e-02
5.777608775040105060e-02
5.733011867075657464e-02
5.688133098583957742e-02
5.643033578365992675e-02
5.597769823156525243e-02
5.552394059213174027e-02
5.506954504441227694e-02
5.461495633644032621e-02
5.416058427481343363e-02
5.370680605995728496e-02
5.325396847537301054e-02
5.280238993896513300e-02
5.235236242428355224e-02
5.190415325922849432e-02
5.145800680920570302e-02
5.101414605200083746e-02
5.057277405050385199e-02
5.013407698732412487e-02
4.969821888219931594e-02
4.926535256051786660e-02
4.883561432553205905e-02
4.840912660691155944e-02
4.798599894148772305e-02
4.756632888913933654e-02
4.715020288799988413e-02
4.673769705285316101e-02
4.632887792043730024e-02
4.592380314505785377e-02
4.552252214781590811e-02
4.512507672237921208e-02
4.473150160022489746e-02
4.434182497795645383e-02
4.395606900920552562e-02
4.357425026344761282e-02
4.319638015389186403e-02
4.282246533651125342e-02
4.245250808207583215e-02
4.208650662301152701e-02
4.172445547672371663e-02
4.136634574693795474e-02
4.101216540453032910e-02
4.066189954917312499e-02
4.031553065309582962e-02
3.997303878813378286e-02
3.963440183714928011e-02
3.929959569089216259e-02
3.896859443124545130e-02
3.864137050059845979e-02
3.831789486510024656e-02
3.799813715541390524e-02
3.768206580845609444e-02
3.736964819384542419e-02
3.706085073243672867e-02
3.675563900644283899e-02
3.645397786166845733e-02
3.615583150241438726e-02
3.586116357951413952e-02
3.556993727196058885e-02
3.528211536257044867e-02
3.499766030804475625e-02
3.471653430383014188e-02
3.443869934411174227e-02
3.416411727727161618e-02
3.389274985709109234e-02
3.362455879002927694e-02
3.335950577876953260e-02
3.309755256234788584e-02
3.283866095079653047e-02
3.258279286806983754e-02
3.232991036973376087e-02
3.207997568035145936e-02
3.183295121736114119e-02
3.158879961488086224e-02
3.134748374539897409e-02
3.110896673950638153e-02
3.087321200378750907e-02
3.064018323699412710e-02
3.040984444464525649e-02
3.018215995212687741e-02
2.995709441644052104e-02
2.973461283662734433e-02
2.951468056303968232e-02
2.929726330548303170e-02
2.908232714033024899e-02
2.886983851668908571e-02
2.865976426166868402e-02
2.845207158482221041e-02
2.824672808184450906e-02
2.804370173753777812e-02
2.784296092813053070e-02
2.764447442300468211e-02
2.744821123513965441e-02
2.725414122154384486e-02
2.706223418818755333e-02
2.687246048358691089e-02
2.668479085037723381e-02
2.649919642425850944e-02
2.631564902135476863e-02
2.613411998658234786e-02
2.595458190882207056e-02
2.577700747895765587e-02
2.560136977102962091e-02
2.542764223950222391e-02
2.525579871634806017e-02
2.508581340793074321e-02
2.491766089174440174e-02
2.475131611300461845e-02
2.458675452185854135e-02
2.442395150898656053e-02
2.426288323955311590e-02
2.410352609312215594e-02
2.394585679822476554e-02
2.379006482779464152e-02
2.363592501759184325e-02
2.348297053694622591e-02
2.333160469186959518e-02
2.318203751335191909e-02
2.303402565817647824e-02
2.288754818291213050e-02
2.274258445989420924e-02
2.259911417297548117e-02
2.245711731327182381e-02
2.231657417490765308e-02
2.217746535077640829e-02
2.203977172829937187e-02
2.190347448521298007e-02
2.176855508537259634e-02
2.163499527456402144e-02
2.150277707635733782e-02
2.137188278798572011e-02
2.124229497624437885e-02
2.111399647342971503e-02
2.098697037331248919e-02
2.086120002714172278e-02
2.073666903969192607e-02
2.061336126535497082e-02
2.049126080425292193e-02
2.037035199841139704e-02
2.025061942797059394e-02
2.013204790743829825e-02
2.001462248198366059e-02
1.989832842378201627e-02
1.978315122840573065e-02
1.966907661125679926e-02
1.955609050404777741e-02
1.944417905132887064e-02
1.933332860706524214e-02
1.922352573125582151e-02
1.911475718660576861e-02
1.900700993523904425e-02
1.890027113546543375e-02
1.879452813859200377e-02
1.868976848577594274e-02
1.858597990493456725e-02
1.848315030769458189e-02
1.838126778639113945e-02
1.828032061111025189e-02
1.818029722677536736e-02
1.808118624992434420e-02
1.798297646733866897e-02
1.788565683109985538e-02
1.778921645729527462e-02
1.769364462297798313e-02
1.759893076351843125e-02
1.750506447000706178e-02
1.741203548669685228e-02
1.731983370848003481e-02
1.722844917842133311e-02
1.713787208532352793e-02
1.704809276132907003e-02
1.695910167957044579e-02
1.687088945185353031e-02
1.678344682638791344e-02
1.669676468554633433e-02
1.661083404366206842e-02
1.652564604487768291e-02
1.644119196101024444e-02
1.635746318946643130e-02
1.627445125119288821e-02
1.619214778865298021e-02
1.611054456384717476e-02
1.602963345636298706e-02
1.594940646145851654e-02
1.586985568818233272e-02
1.579097335752056852e-02
1.571275180057951637e-02
1.563518345680253718e-02
1.555826087221062921e-02
1.548197669767761332e-02
1.540632368723594131e-02
1.533129469641074036e-02
1.525688268058161129e-02
1.518308069337729813e-02
1.510988188509064176e-02
1.503727950113160905e-02
1.496526688049626234e-02
1.489383745358043715e-02
1.482298474344812163e-02
1.475270236029135179e-02
1.468298400272306445e-02
1.461382345570239397e-02
1.454521458916783680e-02
1.447715135667810259e-02
1.440962779409191846e-02
1.434263801826783646e-02
1.427617622577880344e-02
1.421023669165548918e-02
1.414481376815142355e-02
1.407990188352990085e-02
1.401549554086597288e-02
1.395158931687891755e-02
1.388817786077799557e-02
1.382525589312636957e-02
1.376281829140416427e-02
1.370085974393637357e-02
1.363937526376573367e-02
1.357835984594816386e-02
1.351780855152152211e-02
1.345771650648373841e-02
1.339807890079640698e-02
1.333889098739224691e-02
1.328014808121032175e-02
1.322184566180591159e-02
1.316397896025833618e-02
1.310654357339737647e-02
1.304953505483468293e-02
1.299294901559205906e-02
1.293678112322321772e-02
1.288102710096679891e-02
1.282568272689150676e-02
1.277074383307177582e-02
1.271620630477824157e-02
1.266206607966633216e-02
1.260831914699715034e-02
1.255496154685992530e-02
1.250198936941138844e-02
1.244939875412898883e-02
1.239718588907391672e-02
1.234534701016681141e-02
1.229387840048042774e-02
1.224277638953890843e-02
1.219203735262641697e-02
1.214165771012037237e-02
1.209163392681901483e-02
1.204196251128989564e-02
1.199264001523040607e-02
1.194366287036854705e-02
1.189502803495619959e-02
1.184673202659185590e-02
1.179877156327152274e-02
1.175114354351843894e-02
1.170384448526056755e-02
1.165687132811606477e-02
1.161022101750676036e-02
1.156389043153016778e-02
1.151787652008650839e-02
1.147217626980465144e-02
1.142678670350922784e-02
1.138170487971032832e-02
1.133692789208851602e-02
1.129245286899794101e-02
1.124827697297138898e-02
1.120439740023580766e-02
1.116081138023843934e-02
1.111751617517274179e-02
1.107450907952037614e-02
1.103178741959714645e-02
1.098934855310227873e-02
1.094718986868562990e-02
1.090530878551078386e-02
1.086370275282637354e-02
1.082236924955318202e-02
1.078130578387023406e-02
1.074050989280758359e-02
1.069997914184838902e-02
1.065971112453667317e-02
1.061970346208822649e-02
1.061025278896192241e-02
1.054045982273967008e-02
1.050121922324452964e-02
1.046222973269446063e-02
1.042348910508576407e-02
1.038499511964926549e-02
1.034674558147341203e-02
1.030873831971817339e-02
1.027097118823956309e-02
1.023344206501924925e-02
1.019614885184286224e-02
1.015908947397644625e-02
1.012226187985175094e-02
1.008566404076016894e-02
1.004929395054486932e-02
1.001314962529819240e-02
9.977229103067510041e-03
9.941530443564623037e-03
9.906051727878773666e-03
9.870791058194623019e-03
9.835746557506543780e-03
9.800916369357377811e-03
9.766298657558977400e-03
9.731891605927075334e-03
9.697693418029293758e-03
9.663702316910450715e-03
9.629916544852779731e-03
9.596334363121253319e-03
9.562954051716103868e-03
9.529773909131813298e-03
9.496792252114832911e-03
9.464007415434218251e-03
9.431417751644334546e-03
9.399021630857713749e-03
9.366817440521684607e-03
9.334803585194707820e-03
9.302978486328324775e-03
9.271340582053205423e-03
9.239888326965546572e-03
9.208620191919099363e-03
9.177534663816742239e-03
9.146630245412984417e-03
9.115905455109667502e-03
9.085358826758703141e-03
9.054988909473541542e-03
9.024794267427308642e-03
8.994773479676150540e-03
8.964925139968400042e-03
8.935247856560152996e-03
8.905740252033811019e-03
8.876400963125403651e-03
8.847228640545211006e-03
8.818221948806810248e-03
8.789379566056309406e-03
8.760700183905113098e-03
8.732182507264258167e-03
8.703825254176879300e-03
8.675627155666679191e-03
8.647586955573705741e-03
8.619703410396088034e-03
8.591975289140522248e-03
8.564401373169123338e-03
8.536980456049791249e-03
8.509711343406032441e-03
8.482592852322324434e-03
8.455623813008171855e-03
8.428803065945948692e-03
8.402129463558163577e-03
8.375601869617048389e-03
8.349219159109133592e-03
8.322980218104141306e-03
8.296883943615728646e-03
8.270929243480103915e-03
8.245115036229036173e-03
8.219440250950754701e-03
8.193903827176099094e-03
8.168504714754644402e-03
8.143241873729351737e-03
8.118114274220258539e-03
8.093120896304008965e-03
8.068260729897819977e-03
8.043532774646651451e-03
8.018936039809300767e-03
7.994469544144415865e-03
7.970132315800324690e-03
7.945923392211262301e-03
7.921841819984690169e-03
7.897886654799107092e-03
7.874056961295790302e-03
7.850351812977093835e-03
7.826770292108906762e-03
7.803311489615292161e-03
7.779974504981756328e-03
7.756758446156170918e-03
7.733662429455674669e-03
7.710685579467481052e-03
7.687827028960998038e-03
7.665085918785407432e-03
7.642461397788315007e-03
7.619952622722558563e-03
7.597558758153577160e-03
7.575278976377948503e-03
7.553112457329343513e-03
7.531058388499595538e-03
7.509115964852663277e-03
7.487284388739660554e-03
7.465562869816436131e-03
7.443950624962517026e-03
7.422446878207018470e-03
7.401050860642782898e-03
7.379761810346698037e-03
7.358578972310372140e-03
7.337501598359385223e-03
7.316528947076706216e-03
7.295660283735105542e-03
7.274894880216429757e-03
7.254232014943081709e-03
7.233670972809047063e-03
7.213211045105812937e-03
7.192851529450135749e-03
7.172591729726387685e-03
7.152430956009151602e-03
7.132368524495357777e-03
7.112403757448110091e-03
7.092535983120734633e-03
7.072764535701549574e-03
7.053088755241639952e-03
7.033507987595947336e-03
7.014021584369006801e-03
6.994628902838537568e-03
6.975329305905782207e-03
6.956122162033905737e-03
6.937006845186255953e-03
6.917982734773755332e-03
6.899049215588131528e-03
6.880205677755622806e-03
6.861451516674745704e-03
6.842786132958895637e-03
6.824208932389896204e-03
6.805719325856480692e-03
6.787316729303651160e-03
6.769000563679529112e-03
6.750770254884125646e-03
6.732625233717414240e-03
