8.748178295472966501e-11
3.961587702791739664e-07
2.176811051032651194e-05
2.349797680028517044e-04
1.129181960538102551e-03
3.402619176866193522e-03
7.636655278286885729e-03
1.406251959910153476e-02
2.253502184870783548e-02
3.264075673965301932e-02
4.383947312319400047e-02
5.557961116393411033e-02
6.737069325737851666e-02
7.881739740898077717e-02
8.962709560226150840e-02
9.960208074917564769e-02
1.086247070858371300e-01
1.166406081298202030e-01
1.236428217862963613e-01
1.296581127883867368e-01
1.347358770957933771e-01
1.389395269977055092e-01
1.423400426167547583e-01
1.450112980507796689e-01
1.470268065038102534e-01
1.484575239324519291e-01
1.493704774889210163e-01
1.498279646398325005e-01
1.498871774235582266e-01
1.496001152239724852e-01
1.490136920819756794e-01
1.481699688635471912e-01
1.471064599610021340e-01
1.458564790233009278e-01
1.444494990948311242e-01
1.429115106991215578e-01
1.412653667696560644e-01
1.395311083930150242e-01
1.377262671384850146e-01
1.358661426795446103e-01
1.339640553583957006e-01
1.320315743183709256e-01
1.300787264212812933e-01
1.281141640791235159e-01
1.261453513797995418e-01
1.241786943408201005e-01
1.222196733000639191e-01
1.202729567845872566e-01
1.183425020852393594e-01
1.164316440474415099e-01
1.145431733057320767e-01
1.126794051858993340e-01
1.108422403399325074e-01
1.090332180733947220e-01
1.072535632201238320e-01
1.055042273400093877e-01
1.037859248740227447e-01
1.020991649248219335e-01
1.004442791219155168e-01
9.882144608007681352e-02
9.723071284849821305e-02
9.567201371516649566e-02
9.414518668549351488e-02
9.267649997317453647e-02
9.118610434959398270e-02
8.975316477076016042e-02
8.835074946953509756e-02
8.697840756895056091e-02
8.563564201404695597e-02
8.432192102265287370e-02
8.303669865677133777e-02
8.177943069541795951e-02
8.054957017637516536e-02
7.934652699483378535e-02
7.816972167883264044e-02
7.701857270817449863e-02
7.589249885514290361e-02
7.479092118893525265e-02
7.371326478491088685e-02
7.265896016987827277e-02
7.162744456479135102e-02
7.061816287969782668e-02
6.963056858332128396e-02
6.866412439418737024e-02
6.771830284617562368e-02
6.679258673556781600e-02
6.588646946761664291e-02
6.499945531479550676e-02
6.413105959847278936e-02
6.328081074385656646e-02
6.244824264668091818e-02
6.163290611923954998e-02
6.083436129696207645e-02
6.005217944206542313e-02
5.928594284255061381e-02
5.853524468508930489e-02
5.779968890616617172e-02
5.707889002437210868e-02
5.637247295847543777e-02
5.568007283260230367e-02
5.500133477191648801e-02
5.433591369062548693e-02
5.368347407423017248e-02
5.304368975766801664e-02
5.241624370074776662e-02
5.180082776216235474e-02
5.119714247298963461e-02
5.060489681079397700e-02
5.002380797499221543e-02
4.945360116415660479e-02
4.889400935577184470e-02
4.834477308915596100e-02
4.780564025161117281e-02
4.727636586836837795e-02
4.675671189651907367e-02
4.624644702314462119e-02
4.574534646781956704e-02
4.525319178962684818e-02
4.476977069877949300e-02
4.429487687285951769e-02
4.382830977780519804e-02
4.336987449358423868e-02
4.291938154313883202e-02
4.247664673307615518e-02
4.204149098497569903e-02
4.161374018519604229e-02
4.119322503230989779e-02
4.077978089035059345e-02
4.037324764644116548e-02
3.997346957270894729e-02
3.958029519240846561e-02
3.919357715016634491e-02
3.881317208619985970e-02
3.843894051449878169e-02
3.807074670480634082e-02
3.770845856831242515e-02
3.735194754697170050e-02
3.700108850634335061e-02
3.665575963183521913e-02
3.631584232828490716e-02
3.598122112275065065e-02
3.565178357042551871e-02
3.532742016089433779e-02
3.500802424073883035e-02
3.469349191231339835e-02
3.438372196176799761e-02
3.407861577662003871e-02
3.377807726846704384e-02
3.348201279823430354e-02
3.319033110383278612e-02
3.290294323014487932e-02
3.261976246129091872e-02
3.234070425507312024e-02
3.206568617952908207e-02
3.179462785153518850e-02
3.152745087739503016e-02
3.126407879532221157e-02
3.100443701977306094e-02
3.074845278756410324e-02
3.049605510574292591e-02
3.024717470104447067e-02
3.000174397104445750e-02
2.975969693681710521e-02
2.952096919711024586e-02
2.928549788396891604e-02
2.905322161975500139e-02
2.882408047553181030e-02
2.859801593074726839e-02
2.837497083419096219e-02
2.815488936616262344e-02
2.793771700181969450e-02
2.772340047568269683e-02
2.751188774722001032e-02
2.730312796750402476e-02
2.709707144691018976e-02
2.689366962378902243e-02
2.669287503410483486e-02
2.649464128201568791e-02
2.629892301133692628e-02
2.610567587787216218e-02
2.591485652259265318e-02
2.572642254561229719e-02
2.554033264068846648e-02
2.535654593420617886e-02
2.517502291271685871e-02
2.499572476805280580e-02
2.481861353235362624e-02
2.464365205586780891e-02
2.447080398797176273e-02
2.430003375364841664e-02
2.413130653571794390e-02
2.396458825507586515e-02
2.379984555200756469e-02
2.363704576804239593e-02
2.347615711754350715e-02
2.331714791647492013e-02
2.315998769296064019e-02
2.300464642234560306e-02
2.285109469804717450e-02
2.269930371633537350e-02
2.254924526152859293e-02
2.240089169160004376e-02
2.225421592421880645e-02
2.210919142315146552e-02
2.196579218506043360e-02
2.182399272667685797e-02
2.168376807230591036e-02
2.154509374170712060e-02
2.140794573828432024e-02
2.127230053761896417e-02
2.113813507631539385e-02
2.100542674113143465e-02
2.087415335842912265e-02
2.074429318390458993e-02
2.061639310104498857e-02
2.048930471477491272e-02
2.036298069827282772e-02
2.023856415578084017e-02
2.011545819932399753e-02
1.999364345983590044e-02
1.987310093299169550e-02
1.975381197093845770e-02
1.963575827424562242e-02
1.951892188405983039e-02
1.940328517446256867e-02
1.928883084503354647e-02
1.917554191360612906e-02
1.906340170920483440e-02
1.895239386517141855e-02
1.884250231245844509e-02
1.873371127310632239e-02
1.862600525387369740e-02
1.851936903965621661e-02
1.841378768897798668e-02
1.830924652580031425e-02
1.820573113530818757e-02
1.810322735792507451e-02
1.800172128385721382e-02
1.790119924777028998e-02
1.780164782359746484e-02
1.770305381947345769e-02
1.760540427279625245e-02
1.750868644541347940e-02
1.741288781892216808e-02
1.731799609008055282e-02
1.722399916633793673e-02
1.713088516146959311e-02
1.703864239131644767e-02
1.694725936962857005e-02
1.685672480401083362e-02
1.676702759195479453e-02
1.667815681698169364e-02
1.659010174486620984e-02
1.650285181994889938e-02
1.641639666154055127e-02
1.633072606040681871e-02
1.624582997534314288e-02
1.616169852981961738e-02
1.607832200870572270e-02
1.599569085508369820e-02
1.591379566711524987e-02
1.583262719499418936e-02
1.575217633797119238e-02
1.567243414143334318e-02
1.559339179406420486e-02
1.551504062506105230e-02
1.543737210141558208e-02
1.536037782526068068e-02
1.528404953127016248e-02
1.520837908412220503e-02
1.513335847601952888e-02
1.505897982353081657e-02
1.498523536813176765e-02
1.491211746953263403e-02
1.483961860630201787e-02
1.476773137292753876e-02
1.469644847764853095e-02
1.462576274033156390e-02
1.455566709039805839e-02
1.448615456479205449e-02
1.441721830599263995e-02
1.434885156007382340e-02
1.428104767480224344e-02
1.421380009777552939e-02
1.414710237460061956e-02
1.408094814711813997e-02
1.401533115164972296e-02
1.395024521729629208e-02
1.388568426427105179e-02
1.382164230225658638e-02
1.375811342880903926e-02
1.369509182778659573e-02
1.363257176782020456e-02
1.357054760080669484e-02
1.350901376043884411e-02
1.344796476076704286e-02
1.338739519478205839e-02
1.332729973303871385e-02
1.326767312229988269e-02
1.320851018420934712e-02
1.314980581399642461e-02
1.309155497920064248e-02
1.303375271842477368e-02
1.297639414011741293e-02
1.291947442137035031e-02
1.286298880674869791e-02
1.280693260714334258e-02
1.275130119864420139e-02
1.269609002143219818e-02
1.264129457870263873e-02
1.258691043560349401e-02
1.253293321819135865e-02
1.247935861242322961e-02
1.242618236314465413e-02
1.237340027311707030e-02
1.232100820206144878e-02
1.226900220115295648e-02
1.221737797271981070e-02
1.216613181166979057e-02
1.211525952392849756e-02
1.206475737579042369e-02
1.201462154955605308e-02
1.196484827825890565e-02
1.191543385464838289e-02
1.186637459251760340e-02
1.181766688071346147e-02
1.176930714714555758e-02
1.172129186649880153e-02
1.167361755948874077e-02
1.162628079213220283e-02
1.157927817502431636e-02
1.153260636263362705e-02
1.148626205261061781e-02
1.144024198510806140e-02
1.139454294211232968e-02
1.134916174678909234e-02
1.130409526284070591e-02
1.125934039387756214e-02
1.121489408279494580e-02
1.117075331116592143e-02
1.112691509864728243e-02
1.108337650238854812e-02
1.104013461646005320e-02
1.099718653172187567e-02
1.095452949197954148e-02
1.091216066070046890e-02
1.087007727408347002e-02
1.082827660252330508e-02
1.078675590285510001e-02
1.074551260528248432e-02
1.070454403400206839e-02
1.066384759110865742e-02
1.062342071040184299e-02
1.058326085691024820e-02
1.054336552642499286e-02
1.050373224504882325e-02
1.046435856874717261e-02
1.042524208265424752e-02
1.038638040164527668e-02
1.034777116841188206e-02
1.030941205403888145e-02
1.027130075734853168e-02
1.023343500449466932e-02
1.019581254856689878e-02
1.015843116920239764e-02
1.012128867220185580e-02
1.008438288915097791e-02
1.004771167705187720e-02
1.001127291796055641e-02
9.975064518627195509e-03
9.939084410143760040e-03
9.903330547601282147e-03
9.867800909746267390e-03
9.832493498646115160e-03
9.797406339364697625e-03
9.762537479637817261e-03
9.727884989549448469e-03
9.693446961224289060e-03
9.659221508518705396e-03
9.625206766720541957e-03
9.591400892250218080e-03
9.557802062361670306e-03
9.524408474865346530e-03
9.491218347838462077e-03
9.458229919344753392e-03
9.425441447170234549e-03
9.392851208537715546e-03
9.360457499854948210e-03
9.328258636449189220e-03
9.296252952308396711e-03
9.264438799831232335e-03
9.232814549575203700e-03
9.201378590016250775e-03
9.170129327303795999e-03
9.139065185025557411e-03
9.108184603974372323e-03
9.077486041918172988e-03
9.046967973373346711e-03
9.016628889383853512e-03
8.986467297300956142e-03
8.956481720568544580e-03
8.926670698508052879e-03
8.897032786115297021e-03
8.867566553849549893e-03
8.838270587432958680e-03
8.809143487653811611e-03
8.780183870161372209e-03
8.751390365284612838e-03
8.722761617836305437e-03
8.694296286923277467e-03
8.665993045764232988e-03
8.637850581508975389e-03
8.609867595058247683e-03
8.582042800886398662e-03
8.554374926870852644e-03
8.526862714120233069e-03
8.499504916338124910e-03
8.472300301515240176e-03
8.445247648990105924e-03
8.418345751133942192e-03
8.391593412728810472e-03
8.364989450815877442e-03
8.338532694540306406e-03
8.312221984998669280e-03
8.286056175088034326e-03
8.260034129363973826e-03
8.234154723890888677e-03
8.208416846099259728e-03
8.182819394648965447e-03
8.157361279287317357e-03
8.132041420712700364e-03
8.106858750442768463e-03
8.081812210673208763e-03
8.056900754157311773e-03
8.032123344076590524e-03
8.007478953902885666e-03
7.982966567282250014e-03
7.958585177912085029e-03
7.934333789414323851e-03
7.910211415220413933e-03
7.886217078448654744e-03
7.862349811790349599e-03
7.838608657394229712e-03
7.814992666756323536e-03
7.791500900601589646e-03
7.768132428777511402e-03
7.744886330149616284e-03
7.721761692487407423e-03
7.698757612364762713e-03
7.675873195051299488e-03
7.653107554410462990e-03
7.630459812802867572e-03
7.607929100982674733e-03
7.585514557998049474e-03
7.563215331098415047e-03
7.541030575636204283e-03
7.518959454971702212e-03
7.497001140383883003e-03
7.475154810971395419e-03
7.453419653569784420e-03
7.431794862660046075e-03
7.410279640277000340e-03
7.388873195928333248e-03
7.367574746501438787e-03
7.346383516186086662e-03
7.325298736388706142e-03
7.304319645648748964e-03
7.283445489557472188e-03
7.262675520677819990e-03
7.242008998470843631e-03
7.221445189211578644e-03
7.200983365911345704e-03
7.180622808247308711e-03
7.160362802485054946e-03
7.140202641402278519e-03
7.120141624221872079e-03
7.100179056533861659e-03
7.080314250226690809e-03
7.060546523420035622e-03
7.040875200392669730e-03
7.021299611510043066e-03
7.001819093169154087e-03
6.982432987721921835e-03
6.963140643408636740e-03
6.943941414303269125e-03
6.924834660238302769e-03
6.905819746751549158e-03
6.886896045015356016e-03
6.868062931778056053e-03
6.849319789311006726e-03
6.830666005335441285e-03
6.812100972972190416e-03
6.793624090682006018e-03
6.775234762205309923e-03
6.756932396510982250e-03
6.738716407731012645e-03
6.720586215114867507e-03
6.702541242969987240e-03
6.684580920604305324e-03
6.666704682282081386e-03
