1.875730999424866852e+01
9.617649671330498862e+00
6.002441299853221501e+00
4.170048912892180049e+00
3.105886126516979928e+00
2.430316034152729010e+00
1.972576810082932841e+00
1.646339925744775279e+00
1.404224174489624222e+00
1.218532857644366807e+00
1.072221906712046868e+00
9.543358435378640481e-01
8.575628538486614882e-01
7.768603403205467384e-01
7.086495820895978293e-01
6.503262602409738413e-01
5.999530238300198048e-01
5.560605736586863301e-01
5.175154497737624038e-01
4.834299885615259695e-01
4.530996341218940238e-01
4.259584171148863563e-01
4.015467627390498784e-01
3.794878365166292067e-01
3.594698880017043741e-01
3.412329150746052364e-01
3.245584793622731667e-01
3.092617872484890729e-01
2.951855268499634644e-01
2.822074002902888457e-01
2.701742291562400644e-01
2.590228790957456173e-01
2.486537089692797964e-01
2.389905407576614071e-01
2.299665776304772313e-01
2.215230199724345095e-01
2.136079222843333403e-01
2.061752175212820115e-01
1.991839420969160890e-01
1.925975424032939920e-01
1.863833075426425956e-01
1.805118839690359744e-01
1.749568607016151744e-01
1.696944121372866987e-01
1.647029945964618991e-01
1.599630857408934903e-01
1.554569559233508758e-01
1.511684631031137149e-01
1.470828872484984118e-01
1.431867775852094793e-01
1.394678204461184401e-01
1.359147230904706738e-01
1.325171117793982889e-01
1.292654407125602978e-01
1.261509127787355244e-01
1.231654082275001061e-01
1.203014216309298279e-01
1.175520056375307931e-01
1.149107207410166864e-01
1.123715903303235120e-01
1.099290603893717799e-01
1.075779632975762956e-01
1.053134852411159728e-01
1.031311369232251751e-01
1.010267269055118711e-01
9.899633777620334141e-02
9.703630435414609123e-02
9.514319401155493794e-02
9.331378875323988187e-02
9.154506894009303841e-02
8.983419844537118837e-02
8.817851111432550848e-02
8.657549839466902042e-02
8.502279802173735856e-02
8.351818365576357817e-02
8.205955537692098678e-02
8.064493097557762225e-02
7.927243790735379048e-02
7.794030593731202106e-02
7.664686035566056765e-02
7.539051567856748515e-02
7.416976988883006161e-02
7.298320097782748372e-02
7.182945450361394313e-02
7.070725016874832014e-02
6.961537020970737233e-02
6.855265729237630667e-02
6.751801086245790007e-02
6.651038375438605987e-02
6.552877903965854955e-02
6.457224709190076406e-02
6.363988285192548333e-02
6.273082328433091104e-02
6.187809612733759235e-02
6.097940245870882986e-02
6.013550914979255702e-02
5.931171304024598911e-02
5.850754423783403185e-02
5.772226169025482939e-02
5.695523803627675075e-02
5.620587274174122794e-02
5.547359070114930846e-02
5.475784092510600776e-02
5.405809530772451299e-02
5.337384746772565192e-02
5.270461165821690996e-02
5.204992174228278978e-02
5.140933022693251753e-02
5.078240735374066339e-02
5.016874024155008188e-02
4.956793207805521018e-02
4.897960135674461757e-02
4.840338115671460884e-02
4.783891846227133343e-02
4.728587351991865584e-02
4.674391923033738294e-02
4.621274057328041140e-02
4.569203406313624566e-02
4.518150723329238116e-02
4.468087814802490509e-02
4.418987493946092970e-02
4.370823536713912272e-02
4.323570640787880587e-02
4.277204385134140974e-02
4.231701193097862912e-02
4.187038296611535204e-02
4.143193702335647155e-02
4.100146159456019568e-02
4.057875129069365983e-02
4.016360755057317433e-02
3.975583836357300671e-02
3.935525800566917753e-02
3.896168678797155838e-02
3.857495081715675567e-02
3.819488176708852462e-02
3.782131666103759338e-02
3.745409766398077878e-02
3.709307188436981872e-02
3.673809118492174508e-02
3.638901200198191993e-02
3.604569517292054159e-02
3.570800577124323694e-02
3.537581294599979193e-02
3.504898978301732027e-02
3.472741314299726545e-02
3.441096353539513375e-02
3.409952498354491823e-02
3.379298489832260888e-02
3.349123395717511220e-02
3.319416598828539566e-02
3.290167785947641088e-02
3.261366937187500092e-02
3.233004315785069360e-02
3.205070458319277116e-02
3.177556165329463445e-02
3.150452492309945007e-02
3.123750741068345022e-02
3.097442451430261479e-02
3.071519393273506107e-02
3.045973558875519210e-02
3.020797155563476402e-02
2.995982598649817030e-02
2.971522504641103263e-02
2.947409684709478145e-02
2.923637138413465175e-02
2.900198047662340059e-02
2.877085770897926456e-02
2.854293837507494713e-02
2.831815942439055989e-02
2.809645941017521395e-02
2.787777843953884865e-02
2.766205812536878111e-02
2.744924154000417255e-02
2.723927317058960976e-02
2.703209887604967471e-02
2.682766584560463546e-02
2.662592255876399666e-02
2.642681874674851494e-02
2.623030535526644016e-02
2.603633450859556969e-02
2.584485947493766339e-02
2.565583463295046870e-02
2.546921543944989999e-02
2.528495839822878649e-02
2.510302102992416004e-02
2.492336184291348011e-02
2.474594030520854693e-02
2.457071681727831386e-02
2.439765268578365093e-02
2.422671009819507559e-02
2.405785209823476864e-02
2.389104256214501926e-02
2.372624617572363995e-02
2.356342841210438965e-02
2.340255551026850997e-02
2.324359445423899995e-02
2.308651295295637007e-02
2.293127942077484438e-02
2.277786317448232331e-02
2.262623355431844091e-02
2.247636119311412911e-02
2.232821714405049118e-02
2.218177307712157140e-02
2.203700126304281026e-02
2.189387455764305046e-02
2.175236638674694911e-02
2.161245073151803198e-02
2.147410211423281257e-02
2.133729582993959886e-02
2.120200695448378608e-02
2.106821179477853107e-02
2.093588690382640338e-02
2.080500931082512189e-02
2.067555650933171688e-02
2.054750644576397098e-02
2.042083750823300153e-02
2.029552851571131758e-02
2.017155870750090077e-02
2.004890773301895232e-02
1.992755564187941725e-02
1.980748287423546999e-02
1.968867025142016086e-02
1.957109896684998754e-02
1.945475057717281284e-02
1.933960699367342356e-02
1.922565047392010840e-02
1.911286361363911251e-02
1.900122933881591425e-02
1.889073089802455543e-02
1.878135185494737500e-02
1.867307608111703349e-02
1.856588774885043966e-02
1.845977132397499249e-02
1.835471156073334789e-02
1.825069349289207277e-02
1.814770242898981062e-02
1.804572394578012745e-02
1.794474388222829994e-02
1.784544602329318774e-02
1.774642918296335387e-02
1.764765641074176813e-02
1.755053345843820417e-02
1.745434185461023496e-02
1.735906889403292935e-02
1.726470209587448179e-02
1.717122919883006665e-02
1.707863815639745764e-02
1.698691713225921815e-02
1.689605449579061752e-02
1.680603881767575580e-02
1.671685886563220591e-02
1.662850360025642030e-02
1.654096217095758076e-02
1.645422391199878598e-02
1.636827833863630302e-02
1.628311514335697985e-02
1.619872419220135668e-02
1.611509552118497307e-02
1.603221933280257749e-02
1.595008599261244636e-02
1.586868602591608862e-02
1.578801011450961522e-02
1.570804909351075987e-02
1.562879394826880569e-02
1.555023581134165264e-02
1.547236595955691491e-02
1.539517581112404346e-02
1.531865692282766145e-02
1.524280098728863879e-02
1.516759983027793184e-02
1.509304540810190234e-02
1.501912980429865110e-02
1.494584523012701741e-02
1.487318401766166837e-02
1.480113862037760186e-02
1.472970161007984731e-02
1.465886567463134393e-02
1.458862361572694014e-02
1.451896834672120051e-02
1.444989289050472442e-02
1.438139037742796125e-02
1.431345404327021009e-02
1.424607722725568931e-02
1.417925337011434125e-02
1.411297601218288074e-02
1.404723879155206703e-02
1.398203544224971978e-02
1.391735979246986991e-02
1.385320576283379304e-02
1.378956736469241079e-02
1.372643869846799924e-02
1.366381395202888316e-02
1.360168739909710031e-02
1.354005339769264252e-02
1.347890638861979490e-02
1.341824089396327982e-02
1.335805151564146455e-02
1.329833293397590308e-02
1.323907990629409615e-02
1.318028726556102689e-02
1.312194991904164394e-02
1.306406284699310888e-02
1.300662110137610142e-02
1.294961980460286426e-02
1.289305414830573850e-02
1.283691939212936936e-02
1.278121086255357489e-02
1.272592395173698099e-02
1.267105411638217230e-02
1.261659687663083812e-02
1.256254781497385606e-02
1.250890257518689867e-02
1.245565686129062113e-02
1.240280670234153448e-02
1.235034739062158306e-02
1.229827506819777469e-02
1.224658567004311381e-02
1.219527518645942450e-02
1.214433966215978239e-02
1.209377519536094896e-02
1.204357793688984150e-02
1.199374408932556146e-02
1.194426990613211073e-02
1.189515169082795351e-02
1.184638579616955831e-02
1.179796862333816129e-02
1.174989662115706601e-02
1.170216628531548647e-02
1.165477415760892907e-02
1.160771682519895487e-02
1.156099091987821716e-02
1.151459311735484464e-02
1.146852013655252564e-02
1.142276873892031364e-02
1.137733572775229129e-02
1.133221794753213815e-02
1.128741228327527837e-02
1.124291565989013822e-02
1.119872504155603604e-02
1.115483743110364315e-02
1.111124988284858429e-02
1.106795944967637821e-02
1.102496325883147235e-02
1.098225846182464618e-02
1.093984224590975954e-02
1.089771185429369918e-02
1.085586450407035816e-02
1.081429750571512652e-02
1.077300818404486327e-02
1.073199389696649630e-02
1.069125203497170093e-02
1.065078002064649351e-02
1.061057530818478901e-02
1.057063538291446760e-02
1.053095776082935663e-02
1.049153998812834415e-02
1.045237964076987588e-02
1.041347432402208589e-02
1.037482167203289916e-02
1.033641934740162083e-02
1.029826504075541035e-02
1.026035647034374138e-02
1.022269133381129014e-02
1.018526749748657582e-02
1.014808271383974003e-02
1.011113480760996927e-02
1.007442162919587429e-02
1.003794099870409032e-02
1.000169092640187940e-02
9.965669283410007184e-03
9.929874019118439463e-03
9.894303106782381674e-03
9.858954543179938163e-03
9.823826348280811221e-03
9.788916564914394713e-03
9.754223258443252276e-03
9.719744516449017879e-03
9.685478448416986672e-03
9.651423185428904122e-03
9.617576879858520320e-03
9.583937705077231681e-03
9.550503855156797922e-03
9.517273544584314848e-03
9.484245007978609615e-03
9.451416499812362315e-03
9.418786294134659509e-03
9.386352684303949159e-03
9.354113982722459669e-03
9.322068520577021788e-03
9.290214647582128310e-03
9.258550731720039534e-03
9.227075159004729035e-03
9.195786333228853429e-03
9.164682675723834909e-03
9.133762625131667048e-03
9.103024637156849341e-03
9.072467184350754138e-03
9.042088755881211998e-03
9.011887857309858196e-03
8.981863010375228107e-03
8.952012752775007770e-03
8.922335637959230570e-03
8.892830234918373822e-03
8.863495127978411603e-03
8.834328916601096038e-03
8.805330215183902048e-03
8.776497652864071256e-03
8.747829873328463735e-03
8.719325534620243900e-03
8.690983308956658215e-03
8.662801882539202664e-03
8.634779955381048991e-03
8.606916241121663480e-03
8.579209466854106556e-03
8.551658372954996923e-03
8.524261712904188798e-03
8.497018253132784110e-03
8.469926772374583579e-03
8.442986063393314450e-03
8.416194929995447077e-03
8.389552188757348067e-03
8.363056668396174134e-03
8.336707209618560849e-03
8.310502664970749465e-03
8.284441898690368677e-03
8.258523786559052518e-03
8.232747215754268946e-03
8.207111084717361171e-03
8.181614303006550654e-03
8.156255791157935447e-03
8.131034480554707664e-03
8.105949313291255232e-03
8.080999242040594333e-03
8.056183229924077788e-03
8.031500250385958939e-03
8.006949287065065479e-03
7.982529333669184657e-03
7.958239393856906055e-03
7.934078481113413656e-03
7.910045618632299130e-03
7.886139839199821089e-03
7.862360185073122287e-03
7.838705707873538930e-03
7.815175468476431853e-03
7.791768536887655125e-03
7.768483992145206775e-03
7.745320922210400909e-03
7.722278423857575728e-03
7.699355602573927995e-03
7.676551572452922079e-03
7.653865456093601402e-03
7.631296384500920772e-03
7.608843496988600998e-03
7.586505941076754182e-03
7.564282872397914623e-03
7.542173454606700481e-03
7.520176859278982981e-03
7.498292265826572711e-03
7.476518861399832246e-03
7.454855840800341492e-03
7.433302406395427865e-03
7.411857768029607788e-03
7.390521142934718471e-03
7.369291755648063255e-03
7.348168837930400821e-03
7.327151628680216022e-03
7.306239373854706703e-03
7.285431326384846432e-03
7.264726746102010899e-03
7.244124899658160692e-03
7.223625060444712614e-03
7.203226508523178501e-03
7.182928530541549811e-03
7.162730419667857722e-03
7.142631475514634593e-03
7.122631004065496999e-03
7.102728317603254453e-03
7.082922734640479702e-03
7.063213579855174770e-03
7.043600184015588045e-03
7.024081883912514090e-03
7.004658022298495927e-03
6.985327947818313794e-03
6.966091014942178347e-03
6.946946583908348606e-03
6.927894020652242482e-03
6.908932696748000882e-03
6.890061989348400355e-03
6.871281281121023946e-03
6.852589960185710531e-03
6.833987420065118674e-03
6.815473059618115843e-03
6.797046282979956472e-03
6.778706499515099217e-03
6.760453123751045471e-03
6.742285575331068148e-03
6.724203278951430308e-03
6.706205664310702606e-03
6.688292166063114844e-03
6.670462223753271386e-03
