2.533266573686753431e-04
1.111076924621602624e-02
5.466470879913711001e-02
1.269374615649065952e-01
2.078073821086013351e-01
2.815346994806010028e-01
3.408848059852597756e-01
3.844729392619895547e-01
4.137894365908162397e-01
4.313362726432197758e-01
4.396955271458830028e-01
4.411454609888032508e-01
4.375511928830622121e-01
4.303767422758872363e-01
4.207418854326399060e-01
4.094879769095546296e-01
3.972388903818950823e-01
3.844518945896532869e-01
3.714582905636370502e-01
3.584949554738892097e-01
3.457283879903182422e-01
3.332729475891066384e-01
3.212044751089396799e-01
3.095705496030833892e-01
2.983981099090188271e-01
2.876991501612148339e-01
2.774749487552852223e-01
2.677192200525632115e-01
2.584204483920110595e-01
2.495636141889210347e-01
2.411314682617952676e-01
2.331054634605103648e-01
2.254664375993729042e-01
2.181951000767035631e-01
2.112723844214727253e-01
2.046796903443082738e-01
1.983990417034551257e-01
1.924131973268702334e-01
1.867057171643262126e-01
1.812609729994256458e-01
1.760641852906782989e-01
1.711013960262550149e-01
1.663594534448209483e-01
1.618259843975675683e-01
1.574893616691636078e-01
1.533386682688839819e-01
1.493636602237094768e-01
1.455547289367505326e-01
1.419028637176437402e-01
1.383996154968773762e-01
1.350370615519563278e-01
1.318077718427390077e-01
1.287047769831735355e-01
1.257215379429016955e-01
1.228519175027588950e-01
1.200901534494496492e-01
1.174308334694183498e-01
1.148688716781625374e-01
1.123994867421144461e-01
1.100181814303754640e-01
1.077207236542780111e-01
1.055031287709201626e-01
1.033616431518851186e-01
1.012927289080708670e-01
9.929304969641755685e-02
9.735945753380184642e-02
9.548898054399122814e-02
9.367881158914113937e-02
9.192629767732141133e-02
9.022893014731177275e-02
8.858433552941860634e-02
8.699026706057981506e-02
8.544459676798113468e-02
8.394530813599423991e-02
8.249048925684168698e-02
8.107832646212767558e-02
7.970709838906406275e-02
7.837517044455089010e-02
7.708098967214413455e-02
7.582307990835769618e-02
7.463287869812650077e-02
7.341052619040595861e-02
7.225327503894196646e-02
7.112713717617306919e-02
7.003083512757739271e-02
6.896325660283644798e-02
6.792349161956783010e-02
6.691047228582466810e-02
6.592324330716266279e-02
6.496089242717700829e-02
6.402254811599625284e-02
6.310737740125064998e-02
6.221458383172294437e-02
6.134340556460377014e-02
6.049311356798452166e-02
5.966300993082196413e-02
5.885242627322759268e-02
5.806072225024588862e-02
5.728728414309561950e-02
5.653152353259467688e-02
5.579287604773001258e-02
5.507080018705434732e-02
5.436477620623374196e-02
5.367430506816887187e-02
5.299890745189260455e-02
5.233812281634901697e-02
5.169150851565101901e-02
5.105863896273218211e-02
5.043910483815522428e-02
4.983251234164080834e-02
4.923848248348564050e-02
4.865665041351833336e-02
4.808666478553220991e-02
4.752818715450763537e-02
4.698089140562588389e-02
4.644446321227387736e-02
4.591859952191493233e-02
4.540300806801048084e-02
4.489740690654445143e-02
4.440152397572164067e-02
4.391509667599569067e-02
4.343787147838520935e-02
4.296960353709160241e-02
4.251005633554741370e-02
4.205900134245249555e-02
4.161621768563920909e-02
4.118149184150704523e-02
4.075461733915452384e-02
4.033539447838829783e-02
3.992363006092642524e-02
3.951913713402038786e-02
3.912173474592563205e-02
3.873124771252203780e-02
3.834750639454227727e-02
3.797034648488772229e-02
3.759960880542743272e-02
3.723513911287824191e-02
3.687678791328805744e-02
3.652441028465337747e-02
3.617786570728893925e-02
3.583701790156796491e-02
3.550173466970595743e-02
3.517188775887526708e-02
3.484735270145862540e-02
3.452800869034218512e-02
3.421373844554140287e-02
3.390442808909409356e-02
3.359996702520288980e-02
3.330024782528187566e-02
3.300516611776870002e-02
3.271462048239382608e-02
3.242851234873943972e-02
3.214674589889585099e-02
3.186922797401428586e-02
3.159586798456831547e-02
3.132657782418519360e-02
3.106127178685558210e-02
3.079986648737740446e-02
3.054228078489941781e-02
3.028843570942645405e-02
3.003825439112582305e-02
2.979166199238646867e-02
2.954858564237583529e-02
2.930895437415150656e-02
2.907269906408541105e-02
2.883975237357381399e-02
2.861004869289681535e-02
2.838352408716860592e-02
2.816011624425244358e-02
2.793976442459098278e-02
2.772240941286033267e-02
2.750799347136312703e-02
2.729646029510421346e-02
2.708775496846213202e-02
2.688182392340372068e-02
2.667861489918663814e-02
2.647807690346342530e-02
2.628016017474793520e-02
2.608481614620423994e-02
2.589199741066753463e-02
2.570165768687415753e-02
2.551375178686218076e-02
2.532823558446783280e-02
2.514506598488997630e-02
2.496420089529220732e-02
2.478559919637407516e-02
2.460922071490908442e-02
2.443502619718376789e-02
2.426297728331268388e-02
2.409303648240586349e-02
2.392516714854010101e-02
2.375933365316932819e-02
2.359550058271103409e-02
2.343363388267344707e-02
2.327370006197207117e-02
2.311566636552588386e-02
2.295950075451359818e-02
2.280517188724646982e-02
2.265264910064912485e-02
2.250190239231299530e-02
2.235290240311289811e-02
2.220562062394305924e-02
2.206002848803755023e-02
2.191609868776016323e-02
2.177380427377659244e-02
2.163311886081620977e-02
2.149401661326294510e-02
2.135647223116311430e-02
2.122046093664340868e-02
2.108595846075880104e-02
2.095294103071183509e-02
2.082138535746376473e-02
2.069126862369368922e-02
2.056256847212815930e-02
2.043526299420834330e-02
2.030933071906930107e-02
2.018475060285680744e-02
2.006150201835137786e-02
1.993956474487629249e-02
1.981891895850403790e-02
1.969954522254102960e-02
1.958142447827225519e-02
1.946453803597849447e-02
1.934886756620453341e-02
1.923439509125622615e-02
1.912110297695057692e-02
1.900897392458901838e-02
1.889799096315250906e-02
1.878878967112592585e-02
1.867972720280966156e-02
1.857175367133984470e-02
1.846519165511928059e-02
1.835969553167977192e-02
1.825525014327735590e-02
1.815184061123661236e-02
1.804945232928250459e-02
1.794807095744313519e-02
1.784768241610544537e-02
1.774827288023205635e-02
1.764982877373102305e-02
1.755233676396459122e-02
1.745578375641042984e-02
1.736015688945804700e-02
1.726544352933735010e-02
1.717163126517762956e-02
1.707870790419083531e-02
1.698666146698888865e-02
1.689548018300880000e-02
1.680515248605314593e-02
1.671566700994914223e-02
1.662701258431487084e-02
1.653917823042781732e-02
1.645215315720147467e-02
1.636592675725926857e-02
1.628048860309985052e-02
1.619582844336885444e-02
1.611193619921602593e-02
1.602880196073448033e-02
1.594641598349750070e-02
1.586476868517219807e-02
1.578385064222156964e-02
1.570365258668041109e-02
1.562416540300415671e-02
1.554538012500935110e-02
1.546728793286683210e-02
1.538988015017963597e-02
1.531314824112917257e-02
1.523708380767903499e-02
1.516167858685472242e-02
1.508692444734321784e-02
1.501281338984220698e-02
1.493933754011411014e-02
1.486648914943224445e-02
1.479426059143210473e-02
1.472264435974219438e-02
1.465163306567277696e-02
1.458121943595266402e-02
1.451139631052257573e-02
1.444215664037525743e-02
1.437349348544414776e-02
1.430540001254283419e-02
1.423786949334507855e-02
1.417089530241671426e-02
1.410447091528452962e-02
1.403858990655077257e-02
1.397324594805175735e-02
1.390843280705454654e-02
1.384414434449145019e-02
1.378037451323369661e-02
1.371711735641094679e-02
1.365436700575213547e-02
1.359211767997195452e-02
1.353036368319742930e-02
1.346909940341287776e-02
1.340831931094995169e-02
1.334801795700531896e-02
1.328818997219533699e-02
1.322883006513125154e-02
1.316993302103466532e-02
1.311149370037758416e-02
1.305350703754771906e-02
1.299596803954901000e-02
1.293887178472396399e-02
1.288221342150414755e-02
1.282598816718726574e-02
1.277019130673782629e-02
1.271481819161371374e-02
1.265986423861790826e-02
1.260532492876954153e-02
1.255119580620099942e-02
1.249747247708012793e-02
1.244415060855077852e-02
1.239122592769033825e-02
1.233869422049872072e-02
1.228655160194229434e-02
1.223479343330215532e-02
1.218341594000584352e-02
1.213241513396754075e-02
1.208178708123605269e-02
1.203152790109712766e-02
1.198163376518186427e-02
1.193210089660660944e-02
1.188292556912161346e-02
1.183410410627823602e-02
1.178563288061630458e-02
1.173750831285869795e-02
1.168972687112719913e-02
1.164228507017605642e-02
1.159517947063459092e-02
1.154840667826290135e-02
1.150196335261445026e-02
1.145584617014275622e-02
1.141005187576627639e-02
1.136457724865888065e-02
1.131941910962932368e-02
1.127457432046426698e-02
1.123003980107991837e-02
1.118581245916117246e-02
1.114188929192964396e-02
1.109826731872015984e-02
1.105494359672409485e-02
1.101191522040143034e-02
1.096917932089790972e-02
1.092673306547827655e-02
1.088457365697089244e-02
1.084269833321610879e-02
1.080110436653027202e-02
1.075978906317866593e-02
1.071874976285671840e-02
1.067798383817996147e-02
1.063748869418441184e-02
1.059726176783839721e-02
1.055730052755567833e-02
1.051760247272613691e-02
1.047816508744562301e-02
1.043898602158634809e-02
1.040006282072307789e-02
1.036139310345429720e-02
1.032297446512283820e-02
1.028480468418993543e-02
1.024688141372157718e-02
1.020920238484098255e-02
1.017176535574520688e-02
1.013456811130833760e-02
1.009760846269111903e-02
1.006088424695945199e-02
1.002439332670755287e-02
9.988133589686521568e-03
9.952102948445794989e-03
9.916299339972147603e-03
9.880720725337140131e-03
9.845365089355555960e-03
9.810230440245044925e-03
9.775314809291770976e-03
9.740616250522336067e-03
9.706132840383775717e-03
9.671862677423495591e-03
9.637803881976478304e-03
9.603954595866652511e-03
9.570312982097700996e-03
9.536877224558095237e-03
9.503645527730940346e-03
9.470616116406590373e-03
9.437787235403220787e-03
9.405157149288837296e-03
9.372724142100708616e-03
9.340486517090237223e-03
9.308442596450045708e-03
9.276590721054441338e-03
9.244929250213524199e-03
9.213456561405866316e-03
9.182171050045198277e-03
9.151071129231868467e-03
9.120155229513289899e-03
9.089421798649806317e-03
9.082932414944101807e-03
9.028496219197688216e-03
8.998301050123266864e-03
8.968282308483722237e-03
8.938438524697469439e-03
8.908768245057631374e-03
8.879270031522952522e-03
8.849942461511266234e-03
8.820784127693340193e-03
8.791793637794569766e-03
8.762969614393295581e-03
8.734310694732610320e-03
8.705815530523344434e-03
8.677482787756544275e-03
8.649311146521641847e-03
8.621299300813779071e-03
8.593445958365461546e-03
8.565749840466853338e-03
8.538209681783922450e-03
8.510824230190856127e-03
8.483592246132109355e-03
8.456512504333600286e-03
8.429583790823744205e-03
8.402804904645455597e-03
8.376174657229975423e-03
8.349691872238350354e-03
8.323355385404393458e-03
8.297164044390337861e-03
8.271116708631284092e-03
8.245212249185875086e-03
8.219449548595443578e-03
8.193827500738774111e-03
8.168345010690261643e-03
8.143000994580422425e-03
8.117794379460877008e-03
8.092724103167577704e-03
8.067789114185984142e-03
8.042988371524818769e-03
8.018320844583228663e-03
7.993785513023460298e-03
7.969381366648417564e-03
7.945107405270235637e-03
7.920962638597005279e-03
7.896946086113985908e-03
7.873056776952314789e-03
7.849293749783910548e-03
7.825656052704738422e-03
7.802142743117067639e-03
7.778752887622645412e-03
7.755485561908559075e-03
7.732339850639624243e-03
7.709314847352622194e-03
7.686409654351933698e-03
7.663623382600536806e-03
7.640955151619227212e-03
7.618404089390709739e-03
7.595969332252230227e-03
7.573650024803597891e-03
7.551445319804285863e-03
7.529354378079881026e-03
7.507376368431767366e-03
7.485510467538748075e-03
7.463755859868895573e-03
7.442111737585108827e-03
7.420577300460820536e-03
7.399151755788103621e-03
7.377834318294557159e-03
7.356624210050871637e-03
7.335520660394372755e-03
7.314522905842800460e-03
7.293630190009539951e-03
7.272841763527543649e-03
7.252156883962614098e-03
7.231574815740804060e-03
7.211094830069399858e-03
7.190716204857966302e-03
7.170438224642675454e-03
7.150260180511515753e-03
7.130181370036481683e-03
7.110201097193511073e-03
7.090318672290679691e-03
7.070533411903140442e-03
7.050844638799440983e-03
7.031251681870956047e-03
7.011753876070184188e-03
6.992350562336361978e-03
6.973041087532208179e-03
6.953824804380717359e-03
6.934701071398192626e-03
6.915669252826417077e-03
6.896728718580916531e-03
6.877878844180276494e-03
6.859119010682666884e-03
6.840448604635130866e-03
6.821867018004112646e-03
6.803373648125296200e-03
6.784967897636670110e-03
6.766649174425061648e-03
6.748416891576369293e-03
6.730270467306108742e-03
6.712209324913656974e-03
6.694232892726375943e-03
6.676340604041710106e-03
6.658531897082107034e-03
6.640806214931457147e-03
