2.343358214813262876e-07
9.925025708849838499e-05
1.564221735300758186e-03
7.557234200380782627e-03
2.056333140828382755e-02
4.048010903143744316e-02
6.524197778189355645e-02
9.219060762793304664e-02
1.189946343298421971e-01
1.439964391736399951e-01
1.662114642440787882e-01
1.851884537520253615e-01
2.008459281934430740e-01
2.133327850714596408e-01
2.229250326850991393e-01
2.299557347855592515e-01
2.347706858155122478e-01
2.377023763614135865e-01
2.390561413977880245e-01
2.391040818217054498e-01
2.380836942449489069e-01
2.361991798377628959e-01
2.336241553223887824e-01
2.305049554018106517e-01
2.269640631050520163e-01
2.231034008645035316e-01
2.190073480375545056e-01
2.147454374634369112e-01
2.103746686846873770e-01
2.059415822207635305e-01
2.014839534840923152e-01
1.970322622752714858e-01
1.926109271720395366e-01
1.882393404182060304e-01
1.839327346349042269e-01
1.797029068378920846e-01
1.755588222669625664e-01
1.715071173518911696e-01
1.675525182563671334e-01
1.636981888902572790e-01
1.599460245941645431e-01
1.562968746269231546e-01
1.527507673528791798e-01
1.493070585418168617e-01
1.459645724259855115e-01
1.427217150064513385e-01
1.395765677493986667e-01
1.365269648651912804e-01
1.335705570220074301e-01
1.307048636954444287e-01
1.279273160747371185e-01
1.252352921059350366e-01
1.226261449888527283e-01
1.200972262269221214e-01
1.176459041464023025e-01
1.152695786508375758e-01
1.129656928475429589e-01
1.107317420932978913e-01
1.085652808658794377e-01
1.064639278999305605e-01
1.044253698331328722e-01
1.024473636625523043e-01
1.005277382157193228e-01
9.866439482022684726e-02
9.685530732373609508e-02
9.509852159118298287e-02
9.339215458499591782e-02
9.173439311327125090e-02
9.012349233603059173e-02
8.855777405138362535e-02
8.703562485903959534e-02
8.555549421198013760e-02
8.411589240261113654e-02
8.271538850533809162e-02
8.135260830358466422e-02
8.002625146450145777e-02
7.873503673534343328e-02
7.747772332407992790e-02
7.625310944368429711e-02
7.506017546715015865e-02
7.389779648047187233e-02
7.276493882997374374e-02
7.166060996465645205e-02
7.058385671524067262e-02
6.953376363043306529e-02
6.850945137823305497e-02
6.751007520634247361e-02
6.653482548722865209e-02
6.558291827143084007e-02
6.465360586613125293e-02
6.374616763901568006e-02
6.285991072660668255e-02
6.199416883988399796e-02
6.114830112199987067e-02
6.032169105622925409e-02
5.951374542245457810e-02
5.872389330002229096e-02
5.795158511587054917e-02
5.719629173477423778e-02
5.645750359131894436e-02
5.573472986136062540e-02
5.502749767066976438e-02
5.433535133989840504e-02
5.365785166386961152e-02
5.299457522369595275e-02
5.234511373022787684e-02
5.170907339745883791e-02
5.108607434428655281e-02
5.047575002358566099e-02
4.987774667707310650e-02
4.929172281498482577e-02
4.871734871898119462e-02
4.815430596773263155e-02
4.760228698368351719e-02
4.706099460011855390e-02
4.653014164759153304e-02
4.600945055877107837e-02
4.549865299081493758e-02
4.499748946444159792e-02
4.450570901890871928e-02
4.402306888216321601e-02
4.354933415384838746e-02
4.308427750957563584e-02
4.262767890346574190e-02
4.217932529783495477e-02
4.173901039749549485e-02
4.130653439680270766e-02
4.088170373751214004e-02
4.046433087691135577e-02
4.005423406576034268e-02
3.965123713558464658e-02
3.925516929486567302e-02
3.886586493375934759e-02
3.848316343690517255e-02
3.810690900396460079e-02
3.773695047756468746e-02
3.737314117828065274e-02
3.701533874633092941e-02
3.666340498970154654e-02
3.631720573840693800e-02
3.597661070459137744e-02
3.564149334541490827e-02
3.531173074530545575e-02
3.498720347540958120e-02
3.466779548571571890e-02
3.435339398795342336e-02
3.404388934577369519e-02
3.373917496917851200e-02
3.343914721302844451e-02
3.314370527943660827e-02
3.285275112391804198e-02
3.256618936510800866e-02
3.228392719789163756e-02
3.200587430982716752e-02
3.173194280069800699e-02
3.146204710505914187e-02
3.119610391767473762e-02
3.093403212171465938e-02
3.067575271958674146e-02
3.042118876628931851e-02
3.017026530525315081e-02
2.992290930641140767e-02
2.967904960658818841e-02
2.943861685199896522e-02
2.920154344280227049e-02
2.896776347963544995e-02
2.873721271203265315e-02
2.850982848866349256e-02
2.828554970932738513e-02
2.806431677860680984e-02
2.784607156114410342e-02
2.763075733845773638e-02
2.741831876723842265e-02
2.720870183909423340e-02
2.700185384164370886e-02
2.679772332093786208e-02
2.659626004516378595e-02
2.639741496954717270e-02
2.620114020243464320e-02
2.600738897251995974e-02
2.581611559714076104e-02
2.562727545162017326e-02
2.544082493962938896e-02
2.525672146449978520e-02
2.507492340148597190e-02
2.489539007091856604e-02
2.471808171221784312e-02
2.454295963826763627e-02
2.436998549553679935e-02
2.419912231003857120e-02
2.403033375398165930e-02
2.386358430067640757e-02
2.369883920312982478e-02
2.353606447329487442e-02
2.337522686197858815e-02
2.321629383935980284e-02
2.305923357612099656e-02
2.290401492514561668e-02
2.275060761265736836e-02
2.259898138838545983e-02
2.244910725358850723e-02
2.230095661789261233e-02
2.215450148965105240e-02
2.200971446071542381e-02
2.186656869168187439e-02
2.172503789755025894e-02
2.158509633382597187e-02
2.144671878301104839e-02
2.130988054150470545e-02
2.117455740688468924e-02
2.104072566554452892e-02
2.090836208070327717e-02
2.077744388075932272e-02
2.064794874795751467e-02
2.051985480740152468e-02
2.039314061637545472e-02
2.026778515395557395e-02
2.014376781092270738e-02
2.002106837996047925e-02
1.989966704611572518e-02
1.977954437753657105e-02
1.966098591496921733e-02
1.954367714264430150e-02
1.942665960394678731e-02
1.931146462976873757e-02
1.919745660130449394e-02
1.908461820452636223e-02
1.897293245039020221e-02
1.886238266741305930e-02
1.875295249444694501e-02
1.864462587364092150e-02
1.853738704320354036e-02
1.843122053230944468e-02
1.832611115226166071e-02
1.822204399173709549e-02
1.811900441023761577e-02
1.801697803210488419e-02
1.791595074068282403e-02
1.781590867262736883e-02
1.771683821237414469e-02
1.761872598673867168e-02
1.752155885966213966e-02
1.742532392708145278e-02
1.733000851193611247e-02
1.723560015930415690e-02
1.714208663165805308e-02
1.704945590423295396e-02
1.695769616051967521e-02
1.686679578786910022e-02
1.677674337319983583e-02
1.668752769881863898e-02
1.659913773834191530e-02
1.651156265271039661e-02
1.642479178631395947e-02
1.633881466320408898e-02
1.625362098339459133e-02
1.616920061925809782e-02
1.608554361200528748e-02
1.600264016825553998e-02
1.592048065667954829e-02
1.583905560472809865e-02
1.575835569544124792e-02
1.567837176432423235e-02
1.559909479630420745e-02
1.552051592276015510e-02
1.544262641861273919e-02
1.536541769949316405e-02
1.528888131896976449e-02
1.521300896584465608e-02
1.513779246150803205e-02
1.506322375661454938e-02
1.498929493151272656e-02
1.491599818936933768e-02
1.484332585668852143e-02
1.477127038022544095e-02
1.469982432468719923e-02
1.462898037048125134e-02
1.455873131151701194e-02
1.448907005305705153e-02
1.441998960961218823e-02
1.435148310289016162e-02
1.428354375978346628e-02
1.421616491040251021e-02
1.414933998615732109e-02
1.408306251787695001e-02
1.401732613396827754e-02
1.395212455861740558e-02
1.388745161003668641e-02
1.382330119873209986e-02
1.375966732582806912e-02
1.369654408141664052e-02
1.363392564294472684e-02
1.357180627363354861e-02
1.351018032093519519e-02
1.344904221502473546e-02
1.338838646731368986e-02
1.332820766900609522e-02
1.326850048968042720e-02
1.320925967589620456e-02
1.315048004984001317e-02
1.309215650799205530e-02
1.303428401982087079e-02
1.297685762651093998e-02
1.291987243970908229e-02
1.286332364030021332e-02
1.280720647721118877e-02
1.275151626623119427e-02
1.269624838886194984e-02
1.264139829119295330e-02
1.258696148279627239e-02
1.253293353563862157e-02
1.247931008302738398e-02
1.242608681856870873e-02
1.237325949514465374e-02
1.232082392392569968e-02
1.226877597337920622e-02
1.221711184168565792e-02
1.216582696483845850e-02
1.211491764840629502e-02
1.206437998066709621e-02
1.201421010259064170e-02
1.196440420697017851e-02
1.191495853757119916e-02
1.186586939320593767e-02
1.181713310853008472e-02
1.176874607896375921e-02
1.172070474396985119e-02
1.167300558996119120e-02
1.162564514955322613e-02
1.157862000081041377e-02
1.153192678072157903e-02
1.148556212910221974e-02
1.143952276885557007e-02
1.139380545269916972e-02
1.134840697529283099e-02
1.130332417257494046e-02
1.125855392111056036e-02
1.121409313745238591e-02
1.116993877751527170e-02
1.112608783596182732e-02
1.108253734559608121e-02
1.103928437677121135e-02
1.099632603681038184e-02
1.095365946943118937e-02
1.091128185418801383e-02
1.086919040591991306e-02
1.082738237421219940e-02
1.078585504286211361e-02
1.074460572935972101e-02
1.070363174113901292e-02
1.066293054647045845e-02
1.062249951921237848e-02
1.058233610659967301e-02
1.054243778708831986e-02
1.050280201898018406e-02
1.046342644211410711e-02
1.042430857618922152e-02
1.038544602046441445e-02
1.034683640241193525e-02
1.030847737829040760e-02
1.027036663247518633e-02
1.023250187704594777e-02
1.019488085137881458e-02
1.015750132174834258e-02
1.012036108093629025e-02
1.008345794784259314e-02
1.004678976711274527e-02
1.001035440876166596e-02
9.974149767805855216e-03
9.938173763907261898e-03
9.902424341019407106e-03
9.866899467037979626e-03
9.831597133459686957e-03
9.796515355048844922e-03
9.761652169502820636e-03
9.727005637128288001e-03
9.692573840527230616e-03
9.658354884277825514e-03
9.624346894624661447e-03
9.590548019178017636e-03
9.556956426613716707e-03
9.523570306382789230e-03
9.490387868421252746e-03
9.457407342858076271e-03
9.424626979749359951e-03
9.392045048794789297e-03
9.359659839066655773e-03
9.327469658753646808e-03
9.295472834883328206e-03
9.263667713078306207e-03
9.232052657297998288e-03
9.200626049589346461e-03
9.169386289841867377e-03
9.138331795545412070e-03
9.107461001555954005e-03
9.076772359859087286e-03
9.046264339339631089e-03
9.015935425559184341e-03
8.985784120529281133e-03
8.955808942494893760e-03
8.926008425717939232e-03
8.896381120264517176e-03
8.866925591797684969e-03
8.837640421367230076e-03
8.808524205214753044e-03
8.779575554567618789e-03
8.750793095444832359e-03
8.722175468467013859e-03
8.693721328657342401e-03
8.665429345265235339e-03
8.637298201576996265e-03
8.609326594733903229e-03
8.581513235550432273e-03
8.553856848344306568e-03
8.526356170759936265e-03
8.499009953128383588e-03
8.471816960170446692e-03
8.444775968034475347e-03
8.417885765991117708e-03
8.391145155806516154e-03
8.364552951591800942e-03
8.338107979641858070e-03
8.311809078279681212e-03
8.285655097710339229e-03
8.259644899869422047e-03
8.233777358276548469e-03
8.208051357889011024e-03
8.182465794963265232e-03
8.157019576910520819e-03
8.131711622158928343e-03
8.106540860020907541e-03
8.081506230555417225e-03
8.056606684436246404e-03
8.031841182823743625e-03
8.007208697229130367e-03
7.982708209396888535e-03
7.958338711180085873e-03
7.934099204406127454e-03
7.909988700765334391e-03
7.886006221691103935e-03
7.862150798237873411e-03
7.838421470968458607e-03
7.814817289837214936e-03
7.791337314078015941e-03
7.767980612093446091e-03
7.744746261347221911e-03
7.721633348251132241e-03
7.698640968059950428e-03
7.675768224772115331e-03
7.653014231018518201e-03
7.630378107965814401e-03
7.607858985211445740e-03
7.585456000685534064e-03
7.563168300556429025e-03
7.540995039130340451e-03
7.518935378758185434e-03
7.496988489738421260e-03
7.475153550229689942e-03
7.453429746155475211e-03
7.431816271116279543e-03
7.410312326296989924e-03
7.388917120384192253e-03
7.367629869478804598e-03
7.346449797006750215e-03
7.325376133641679083e-03
7.304408117213442159e-03
7.283544992633925880e-03
7.262786011814058654e-03
7.242130433583180912e-03
7.221577523609434314e-03
7.201126554322492823e-03
7.180776804843948258e-03
7.160527560903545696e-03
7.140378114764436845e-03
7.120327765156869368e-03
7.100375817201044597e-03
7.080521582334010217e-03
7.060764378245515394e-03
7.041103528801122627e-03
7.021538363977074086e-03
7.002068219794531714e-03
6.982692438249536900e-03
6.963410367243145355e-03
6.944221360528339375e-03
6.925124777635761723e-03
6.906119983808834371e-03
6.887206349950774839e-03
6.868383252552906146e-03
6.849650073642334948e-03
6.831006200712495813e-03
6.812451026668464929e-03
6.793983949774746664e-03
6.775604373583911377e-03
6.757311706888310260e-03
6.739105363662738386e-03
6.720984763005451515e-03
6.702949329089359642e-03
6.684998491098071219e-03
6.667131683181412236e-03
6.649348344398787504e-03
