8.569333331907272311e-02
4.604430119722628945e-01
8.062172428568981086e-01
9.991920263373299527e-01
1.071967754871439915e+00
1.072975465446167398e+00
1.036122141696937504e+00
9.815342665115411869e-01
9.204006696409929855e-01
8.586830059653451919e-01
7.994010180386197373e-01
7.439496273603963816e-01
6.928405455676698299e-01
6.461168593267454519e-01
6.035842834530210643e-01
5.649386475875550762e-01
5.298365639059701149e-01
4.979326512277755801e-01
4.688986767561807989e-01
4.424323216864111674e-01
4.182602201053916557e-01
3.961379471122900009e-01
3.758484004055412386e-01
3.571995080643238230e-01
3.400216697673457134e-01
3.241652340741524307e-01
3.094981238878266594e-01
2.959036913236969268e-01
2.832787619628549525e-01
2.715319615804865361e-01
2.605822131721954316e-01
2.503574426826197241e-01
2.407934524257978881e-01
2.318329441884703079e-01
2.234246740295166012e-01
2.155227151778281725e-01
2.080858221392730134e-01
2.010768831919925170e-01
1.944624345265380250e-01
1.882122450592274565e-01
1.822989542203217461e-01
1.766977468460507739e-01
1.713860803149019341e-01
1.663434383748895462e-01
1.615511168727020164e-01
1.569920349935439163e-01
1.526505688933608162e-01
1.485124046419630250e-01
1.445644081263853242e-01
1.407945099702717640e-01
1.371916025628509284e-01
1.337454494306673514e-01
1.304466037180241900e-01
1.272863356837731774e-01
1.242565678036289950e-01
1.213498166262787781e-01
1.185591405949458499e-01
1.158780931488332527e-01
1.133006805038948850e-01
1.108213235772264327e-01
1.084348236743340882e-01
1.061363312979453633e-01
1.039213181193448382e-01
1.017855514035295311e-01
9.972507084989588877e-02
9.773616752238395433e-02
9.581536468302201404e-02
9.395940029220248291e-02
9.216521106601158198e-02
9.042991789480137044e-02
8.875081250682424761e-02
8.712534525381093742e-02
8.555111390947944816e-02
8.402585340089221977e-02
8.254742634035000526e-02
8.111381435908096571e-02
7.972311009555560490e-02
7.837350981772284175e-02
7.706330664399504982e-02
7.579088422458768459e-02
7.455471095769208856e-02
7.335333461058470006e-02
7.218537926819043604e-02
7.104953309134237616e-02
6.994455538563254526e-02
6.886926512998231553e-02
6.782253914473627965e-02
6.680330866225345221e-02
6.581059171308462075e-02
6.484338813265441703e-02
6.390069327607630911e-02
6.298169786308638329e-02
6.208560593875965539e-02
6.121157507794668801e-02
6.035883910632128257e-02
5.952666598232989048e-02
5.871435595125851226e-02
5.792123981630376700e-02
5.714667731788743155e-02
5.639005561385189436e-02
5.565078785296098673e-02
5.492831183611363022e-02
5.422208875663922512e-02
5.353160201835018006e-02
5.285635612191801058e-02
5.219587561739327808e-02
5.154970411763132310e-02
5.091740336863677385e-02
5.029855237319860728e-02
4.969274656404044921e-02
4.909959702364985468e-02
4.851872974750130740e-02
4.794978494802371732e-02
4.739241639666809391e-02
4.684629080193039585e-02
4.631108722040817860e-02
4.578649649996753557e-02
4.527222075194937967e-02
4.476797285131784571e-02
4.427347596283490172e-02
4.378846309019096550e-02
4.331267665598199229e-02
4.284586808788103107e-02
4.238779744071370648e-02
4.193823303000309560e-02
4.149695108528989734e-02
4.106373542056752229e-02
4.063837712079444719e-02
4.022067424369327182e-02
3.981043153591577732e-02
3.940746016280392838e-02
3.901157745101683366e-02
3.862260664325659065e-02
3.824037666453927037e-02
3.786472189929095122e-02
3.749548197874287558e-02
3.713250157810719237e-02
3.677563022292783257e-02
3.642472210421009160e-02
3.607963590186923086e-02
3.574023461308994953e-02
3.540638540268805506e-02
3.507795943168581093e-02
3.475483172132816378e-02
3.443688100920409834e-02
3.412398961429929933e-02
3.381604330780143414e-02
3.351293118943431126e-02
3.321454556896014099e-02
3.292078185268016571e-02
3.263153843465516069e-02
3.234671659245604014e-02
3.206622038717048956e-02
3.178995656750056159e-02
3.151783447776507208e-02
3.124976596961444655e-02
3.098566531726949097e-02
3.072544913615989776e-02
3.046903630477341279e-02
3.021634788957443252e-02
2.996730707286771739e-02
2.972183908347181616e-02
2.947987113005109266e-02
2.924133233705617646e-02
2.900615368302766200e-02
2.877426794132485754e-02
2.854560962304104194e-02
2.832011492208146713e-02
2.809772166228121509e-02
2.787836924648331646e-02
2.766199860749510298e-02
2.744855216083913474e-02
2.723797375923450725e-02
2.703020864871555351e-02
2.682520342634122507e-02
2.662290599941200681e-02
2.642326554613799380e-02
2.622623247771553590e-02
2.603175840172130412e-02
2.583979608679244644e-02
2.565029942855411027e-02
2.546322341670527456e-02
2.527852410324544011e-02
2.509615857180269582e-02
2.491608490799548242e-02
2.473826217079734546e-02
2.456265036488069348e-02
2.438921041387091468e-02
2.421790413451047758e-02
2.404869421167387875e-02
2.388154417419988823e-02
2.371641837153342508e-02
2.355328195111684036e-02
2.339210083653308833e-02
2.323284191296534629e-02
2.307547218295278105e-02
2.291995997811881874e-02
2.276627412167057593e-02
2.261438411371761645e-02
2.246426011327446945e-02
2.231587292083539453e-02
2.216919396148216842e-02
2.202419526852857426e-02
2.188084946766758951e-02
2.173912999703996735e-02
2.159901015362601651e-02
2.146046448234671666e-02
2.132346782935752930e-02
2.118799556092134523e-02
2.105402355021188804e-02
2.092152816454822747e-02
2.079048625299890693e-02
2.066087513434732015e-02
2.053267258542624055e-02
2.040585682977422849e-02
2.028040652664437477e-02
2.015630076032904131e-02
2.003351902977457480e-02
1.991204123851882807e-02
1.979184768491180219e-02
1.967291905260700607e-02
1.955523640133001104e-02
1.943878115791013161e-02
1.932353510755743450e-02
1.920948038539317324e-02
1.909659946821683565e-02
1.898487516649007695e-02
1.887429061655558279e-02
1.876482927306746470e-02
1.865647490163020034e-02
1.854921157162876463e-02
1.844302364886717116e-02
1.833789579039549894e-02
1.823449190479744381e-02
1.813110373739371117e-02
1.802872337420725890e-02
1.792768790751016889e-02
1.782763991185835895e-02
1.772856565128250877e-02
1.763045163722750525e-02
1.753328462309372907e-02
1.743705159891671339e-02
1.734173978618168757e-02
1.724733663277919909e-02
1.715382980808983354e-02
1.706120719819052139e-02
1.696945690118608491e-02
1.687856722265613021e-02
1.678852667123078429e-02
1.669932395426092925e-02
1.661094797360697373e-02
1.652338782153012914e-02
1.643663277669122832e-02
1.635067230024100232e-02
1.626549603201478400e-02
1.618109378681857613e-02
1.609745555079960394e-02
1.601457147791962576e-02
1.593243188650529663e-02
1.585102725587964057e-02
1.577034822308212569e-02
1.569038557966351971e-02
1.561113026856254804e-02
1.553257338105216469e-02
1.545470615375598225e-02
1.537751996574872500e-02
1.530100633570912784e-02
1.522515691915012070e-02
1.514996350571478495e-02
1.507541801578188637e-02
1.500151250085355464e-02
1.492823913660089319e-02
1.485559022334168901e-02
1.478355818290265876e-02
1.471213555626440378e-02
1.464131500126608643e-02
1.457108929035994677e-02
1.450145130841662064e-02
1.443239405057934396e-02
1.436391062016864964e-02
1.429599422663281952e-02
1.422863818354518778e-02
1.416183590664550282e-02
1.409558091192434498e-02
1.402986681375317790e-02
1.396468732305131480e-02
1.390003624549278685e-02
1.383590747976021218e-02
1.377229501582998526e-02
1.370919293329461025e-02
1.364659539972236726e-02
1.358449666906256376e-02
1.352289108006266699e-02
1.346177305474028849e-02
1.340113709688510457e-02
1.334097779058010871e-02
1.328128979876474179e-02
1.322206786182661929e-02
1.316330679622629285e-02
1.310500149314118915e-02
1.304714691714912653e-02
1.298973810493300393e-02
1.293277016401183852e-02
1.287623827150326250e-02
1.282013767290745947e-02
1.276446368091683700e-02
1.270921167425305420e-02
1.265437709652393952e-02
1.259995545510543200e-02
1.254594232004932822e-02
1.249233332300666785e-02
1.243912415617650855e-02
1.238631057128079284e-02
1.233388864764114676e-02
1.228185371731417216e-02
1.223020197122795180e-02
1.217892938929343409e-02
1.212803200608970899e-02
1.207750590996287468e-02
1.202734724211864184e-02
1.197755219575195700e-02
1.192811701519095983e-02
1.187903799504555317e-02
1.183031147938815031e-02
1.178193386094110277e-02
1.173390158027988461e-02
1.168621112506052981e-02
1.163885902924865177e-02
1.159184187237144101e-02
1.154515627878604025e-02
1.149879891695605900e-02
1.145276649874085728e-02
1.140705577871114346e-02
1.136166355345895156e-02
1.131658667145581283e-02
1.127182199167790604e-02
1.122736644201067537e-02
1.118321698058935033e-02
1.113937060435809916e-02
1.109582434846254941e-02
1.105257530473643252e-02
1.100962054627283374e-02
1.096695723688782820e-02
1.092458255867374654e-02
1.088249372904677957e-02
1.084068800020605502e-02
1.079916265860102545e-02
1.075791502440471420e-02
1.071694245100109077e-02
1.067624232447967128e-02
1.063581206314001722e-02
1.059564911700233703e-02
1.055575096733035040e-02
1.051611512616438399e-02
1.047673913585272024e-02
1.043762056860512294e-02
1.039875702604476163e-02
1.036014613876818508e-02
1.032178551844304196e-02
1.028367294572963761e-02
1.024580608970409971e-02
1.020818269264779296e-02
1.017080047006905727e-02
1.013365732349592180e-02
1.009675102259575963e-02
1.006007941492400096e-02
1.002364037340185664e-02
9.987431795952387073e-03
9.951451605138527876e-03
9.915697747806442863e-03
9.880168194742425247e-03
9.844860940325703136e-03
9.809774002191417458e-03
9.774905420902008091e-03
9.740253259620700738e-03
9.705815603791235341e-03
9.671590560822559274e-03
9.637576259782204557e-03
9.603770851087153199e-03
9.570172506208982771e-03
9.536779417378203616e-03
9.503589797296001576e-03
9.470601878846407473e-03
9.437813914818715330e-03
9.405224177631154800e-03
9.372830959064017836e-03
9.340632569990472978e-03
9.308627340107974643e-03
9.276813617693620284e-03
9.245189769340888750e-03
9.213754179711390949e-03
9.182505251297313348e-03
9.151441404165554933e-03
9.120561075732704082e-03
9.089862720526723991e-03
9.059344809955949956e-03
9.029005832084428806e-03
8.998844291406116885e-03
8.968858708630501192e-03
8.939047620462750934e-03
8.932932891242254675e-03
8.879943153482582063e-03
8.850646926170626511e-03
8.821519496056643567e-03
8.792559476710964245e-03
8.763765496473664013e-03
8.735136198264391999e-03
8.706670239387773180e-03
8.678366291352310191e-03
8.650223039681114584e-03
8.622239183730999457e-03
8.594413436517515242e-03
8.566744524528994292e-03
8.539231187566897335e-03
8.511872178566909711e-03
8.484666262959194433e-03
8.457612220384200241e-03
8.430708841717961255e-03
8.403954930780645205e-03
8.377349303711593281e-03
8.350890788815540366e-03
8.324578226407829129e-03
8.298410468663496020e-03
8.272386379463387424e-03
8.246504834257744471e-03
8.220764719914648924e-03
8.195164934576058477e-03
8.169704387522590261e-03
8.144381999032952735e-03
8.119196700248142856e-03
8.094147433034909467e-03
8.069233149858325710e-03
8.044452813646917749e-03
8.019805397665020347e-03
7.995289885389663537e-03
7.970905270382196151e-03
7.946650556167209056e-03
7.922524756111923305e-03
7.898526893301069732e-03
7.874656000427016772e-03
7.850911119675004629e-03
7.827291302597095060e-03
7.803795610009081965e-03
7.780423111879928785e-03
7.757172887216638377e-03
7.734044023961422071e-03
7.711035618881636675e-03
7.688146777465825095e-03
7.665376613821396276e-03
7.642724250573882869e-03
7.620188818761919336e-03
7.597769457739224006e-03
7.575465315083100212e-03
7.553275546489199299e-03
7.531199315683594422e-03
7.509235794323678402e-03
7.487384161906570322e-03
7.465643605682041953e-03
7.444013320560765624e-03
7.422492509021976631e-03
7.401080381028936686e-03
7.379776153944354010e-03
7.358579052442239428e-03
7.337488308427128972e-03
7.316503160945144607e-03
7.295622856109670873e-03
7.274846647018637195e-03
7.254173793671058607e-03
7.233603562895497482e-03
7.213135228264335244e-03
7.192768070024852661e-03
7.172501375021542863e-03
7.152334436621398533e-03
7.132266554638768893e-03
7.112297035264112874e-03
7.092425190998547131e-03
7.072650340575896248e-03
7.052971808892770367e-03
7.033388926946405710e-03
7.013901031763110708e-03
6.994507466329954321e-03
6.975207579534386387e-03
6.956000726093031564e-03
6.936886266490157812e-03
6.917863566916900367e-03
6.898931999205093306e-03
6.880090940762909578e-03
6.861339774524365803e-03
6.842677888880564774e-03
6.824104677618207312e-03
6.805619539871259407e-03
6.787221880052696048e-03
6.768911107806127592e-03
6.750686637941176113e-03
6.732547890381157876e-03
6.714494290116296976e-03
6.696525267134140376e-03
6.678640256377179479e-03
6.660838697687243570e-03
6.643120035751140517e-03
