8.744593278881652521e-06
1.173184270650559548e-03
1.019897505241152899e-02
3.380068436370789464e-02
7.070864711148650006e-02
1.146090971631579247e-01
1.590773433685617189e-01
1.997130696737225430e-01
2.342526802004298858e-01
2.619830305235831824e-01
2.831186066113224320e-01
2.983409181173145575e-01
3.085084469475261604e-01
3.144932518250681541e-01
3.170991831597023136e-01
3.170282031458840910e-01
3.148731102953140626e-01
3.111234979053763006e-01
3.061774637569120161e-01
3.003549982111112238e-01
2.939109882009636743e-01
2.870468885506328727e-01
2.799208203901271119e-01
2.726559961669009491e-01
2.653476810910496142e-01
2.580688564050589440e-01
2.508748145181722289e-01
2.438068290678811478e-01
2.368950757825767361e-01
2.301610434501639157e-01
2.236193714839657676e-01
2.172793553128145871e-01
2.111461351385370278e-01
2.052216371992111599e-01
1.995053261746402296e-01
1.939947988718669358e-01
1.886862549329021421e-01
1.835748692250916414e-01
1.786550849597358381e-01
1.739208497369419959e-01
1.693657779471273439e-01
1.649833189085928575e-01
1.607668486204771874e-01
1.567097581772576298e-01
1.528055177256182895e-01
1.490477244047009320e-01
1.454301376243968269e-01
1.419467041959573128e-01
1.385915756027694401e-01
1.353591189821248542e-01
1.322439232270546383e-01
1.292408012882353407e-01
1.263447895473610305e-01
1.235511449584748844e-01
1.208553405137256787e-01
1.182530594762337128e-01
1.157401887330715418e-01
1.133128115445378031e-01
1.109671999271006626e-01
1.086998067917365751e-01
1.065072580572423433e-01
1.043863447574562286e-01
1.023340152726576746e-01
1.003473677277580967e-01
9.842364260346388172e-02
9.656021559162528134e-02
9.475459071318073634e-02
9.300439372899249602e-02
9.130736580835764615e-02
8.966135751207462978e-02
8.806432305672642902e-02
8.651431484282381956e-02
8.500947828676472251e-02
8.354804689931780159e-02
8.212833763107252327e-02
8.074874646469437645e-02
7.940774424544939925e-02
7.810387273339075564e-02
7.683574089969658072e-02
7.560204631048379753e-02
7.440150198637753010e-02
7.323283821189871534e-02
7.209494960945846131e-02
7.098676664795997016e-02
6.990720422941204548e-02
6.885525534931269398e-02
6.782995110812894968e-02
6.683037013568335349e-02
6.585562879285891680e-02
6.490488109806838435e-02
6.397731685499122301e-02
6.307215988381459360e-02
6.218866634990879994e-02
6.132612318425000042e-02
6.048384659022791598e-02
5.966118063172529823e-02
5.885749589784304570e-02
5.807218823944902686e-02
5.730467757422930131e-02
5.655440675447755139e-02
5.582084049631358402e-02
5.510346436498374245e-02
5.440178381357596571e-02
5.371532327220975706e-02
5.304362528462651383e-02
5.238624968949057159e-02
5.174277284395033261e-02
5.111278688682036053e-02
5.049589903944353558e-02
4.989173094189652824e-02
4.929991802260184214e-02
4.872010889964309421e-02
4.815196481157989206e-02
4.759515907674476132e-02
4.704937657898801417e-02
4.651431327856518638e-02
4.598967574682370774e-02
4.547518072338015832e-02
4.497055469455896182e-02
4.447553349195109557e-02
4.398986191005758994e-02
4.351329334038617908e-02
4.304558943031719376e-02
4.258651974294920539e-02
4.213586144738411254e-02
4.169339901605095128e-02
4.125892393731882268e-02
4.083223444117137224e-02
4.041313523731251967e-02
4.000143726502905506e-02
3.959695745425639846e-02
3.919951849724608028e-02
3.880894863031683628e-02
3.842508142520979081e-02
3.804775558953790715e-02
3.767681477587127986e-02
3.731210739911389185e-02
3.695348646166807249e-02
3.660080938606632972e-02
3.625393785469854802e-02
3.591273765630059733e-02
3.557707853595665909e-02
3.524683406565738697e-02
3.492188149204105557e-02
3.460210161816097696e-02
3.428737867646647342e-02
3.397760020954794513e-02
3.367265695578611218e-02
3.337244273960086882e-02
3.307685436606849771e-02
3.278579151973343153e-02
3.249915666743676684e-02
3.221685496496758810e-02
3.193879416735020960e-02
3.166488454264788921e-02
3.139503878908669193e-02
3.112917195536650181e-02
3.086720136402868603e-02
3.060904653774589729e-02
3.035462912839178781e-02
3.010387284877149086e-02
2.985670340696946340e-02
2.961304844303899036e-02
2.937283746812539148e-02
2.913600180579983823e-02
2.890247453554015827e-02
2.867219043828587652e-02
2.844508594395210588e-02
2.822109908084400459e-02
2.800016942689549648e-02
2.778223806263361434e-02
2.756724752582721122e-02
2.735514176772629175e-02
2.714586611084224277e-02
2.693936720821683839e-02
2.673559300409044520e-02
2.653449269593830678e-02
2.633601669782551988e-02
2.614011660499990231e-02
2.594674515969561113e-02
2.575585621811195963e-02
2.556740471849275331e-02
2.538134665027306017e-02
2.519763902427667179e-02
2.501623984387980199e-02
2.483710807715196894e-02
2.466020362990230946e-02
2.448548731960583508e-02
2.431292085019009716e-02
2.414246697547477519e-02
2.397408872679998582e-02
2.380775050943090276e-02
2.364341733683237440e-02
2.348105499451971778e-02
2.332063001931272694e-02
2.316210967925375758e-02
2.300546195414952116e-02
2.285065551672815429e-02
2.269765971437572374e-02
2.254644455144107218e-02
2.239698089008616486e-02
2.224923956459065599e-02
2.210319266447913905e-02
2.195881265561867510e-02
2.181607258015658829e-02
2.167494604183508103e-02
2.153540719173309415e-02
2.139743071442075373e-02
2.126099181455086418e-02
2.112606620382713463e-02
2.099263008836994848e-02
2.086066015643556898e-02
2.073013356651152994e-02
2.060102793575411054e-02
2.047332132874347260e-02
2.034699224658297750e-02
2.022201961630728378e-02
2.009838278058322450e-02
1.997606148771161397e-02
1.985503588191135302e-02
1.973528649387164269e-02
1.961679423157551214e-02
1.949954037138685453e-02
1.938350654936203329e-02
1.926867475282409425e-02
1.915566222223842596e-02
1.904286849515668054e-02
1.893121648773571711e-02
1.882101940938198797e-02
1.871193928285399058e-02
1.860396003850694341e-02
1.849706590465127753e-02
1.839124140237877875e-02
1.828647133660731700e-02
1.818274079124448939e-02
1.808003512256168080e-02
1.797833995311506894e-02
1.787764116583509186e-02
1.777792489826721112e-02
1.767917753695732314e-02
1.758138571199240746e-02
1.748453629167665002e-02
1.738861637734821775e-02
1.729361329832274780e-02
1.719951460696757944e-02
1.710630807391077396e-02
1.701398168336269723e-02
1.692252362855335701e-02
1.683192230729073369e-02
1.674216631763073004e-02
1.665324445364892159e-02
1.656514570132507774e-02
1.647785923452505658e-02
1.639137441107852214e-02
1.630568076896214691e-02
1.622076802257348474e-02
1.613662605908704889e-02
1.605324493490955032e-02
1.597061487221500958e-02
1.588872625557096602e-02
1.580756962863457543e-02
1.572713569093460786e-02
1.564741529473374221e-02
1.556839944195543939e-02
1.549007928119077761e-02
1.541244610477853980e-02
1.533549134594359986e-02
1.525920657601268979e-02
1.518358350169113358e-02
1.510861396166326281e-02
1.503428992693277982e-02
1.496060349389564254e-02
1.488754688477424322e-02
1.481511244447101736e-02
1.474329263819823370e-02
1.467208004916512043e-02
1.460146737631721862e-02
1.453144743212586229e-02
1.446201314042681353e-02
1.439315753431218842e-02
1.432487375406157198e-02
1.425715504512830439e-02
1.418999475616244260e-02
1.412338633708047630e-02
1.405732333718112334e-02
1.399179940329983371e-02
1.392680827799978524e-02
1.386234379780755185e-02
1.379839989149084928e-02
1.373497057836058598e-02
1.367204996662173613e-02
1.360963225175718452e-02
1.354771171494453808e-02
1.348628272150266885e-02
1.342533971937914100e-02
1.336487723766904834e-02
1.330488988515785877e-02
1.324537234890320672e-02
1.318631939284416882e-02
1.312772585643406584e-02
1.306958665331200628e-02
1.301189676999406006e-02
1.295465126459450361e-02
1.289784526557500796e-02
1.284147397051782491e-02
1.278553264492197049e-02
1.273001662103248610e-02
1.267492129668127548e-02
1.262024213416061171e-02
1.256597465912038906e-02
1.251211445948196416e-02
1.245865718437429159e-02
1.240559854309709192e-02
1.235293430410141190e-02
1.230066056396054118e-02
1.224877266899127362e-02
1.219726682667647902e-02
1.214613903227280099e-02
1.209538533539121843e-02
1.204500183908451157e-02
1.199498469896792194e-02
1.194533012234770541e-02
1.189603436737043246e-02
1.184709374218757827e-02
1.179850460413884444e-02
1.175026335894322968e-02
1.170236645991779359e-02
1.165481041489551534e-02
1.160759175600561272e-02
1.156070708118478625e-02
1.151415302655326225e-02
1.146792627210813618e-02
1.142202354102690547e-02
1.137644161489740485e-02
1.133117727079873197e-02
1.128622737185441816e-02
1.124158880719378084e-02
1.119725850580846095e-02
1.115323343592669603e-02
1.110951060439784380e-02
1.106608705609313931e-02
1.102295987330867595e-02
1.098012617518628019e-02
1.093758311714537745e-02
1.089532789031867274e-02
1.085335772100527556e-02
1.081166987013043243e-02
1.077026163271670167e-02
1.072913033736056648e-02
1.068827334572310973e-02
1.064768805203146311e-02
1.060737183890242061e-02
1.056732225000885962e-02
1.052753673223770330e-02
1.048801280522535136e-02
1.044874801879661259e-02
1.040973990086861527e-02
1.037098616206991522e-02
1.033248438998993213e-02
1.029423225077128259e-02
1.025622743856635655e-02
1.021846767512735871e-02
1.018095070940007972e-02
1.014367431712581875e-02
1.010663630045022764e-02
1.006983448753961605e-02
1.003326673220096554e-02
9.996930913514823908e-03
9.960824935467939290e-03
9.924946726591797608e-03
9.889294239614033338e-03
9.853865451111023382e-03
9.818658361166094500e-03
9.783670993034360858e-03
9.748901392816001002e-03
9.714347629128969319e-03
9.680007792789579665e-03
9.645879996507882720e-03
9.611962374571547327e-03
9.578253082544455760e-03
9.544750296970452852e-03
9.511452215080375486e-03
9.478357054505944651e-03
9.445463052995983766e-03
9.412768468130328081e-03
9.380271577058868493e-03
9.347970676223126690e-03
9.315864081091369819e-03
9.283950125907214357e-03
9.252227163416613595e-03
9.220693564629931643e-03
9.189347718568533288e-03
9.182642643436432148e-03
9.127212929295625693e-03
9.096420851999575952e-03
9.065810258792016130e-03
9.035379625160568778e-03
9.005127443194507059e-03
8.975052221365180383e-03
8.945152484304828497e-03
8.915426772593463764e-03
8.885873642547569701e-03
8.856491666010352093e-03
8.827279430148788492e-03
8.798235537247600310e-03
8.769358604518585898e-03
8.740647263897500033e-03
8.712100161854752223e-03
8.683715959207857077e-03
8.655493330927216400e-03
8.627430965961836729e-03
8.599527567057473065e-03
8.571781850571103673e-03
8.544192546299636537e-03
8.516758397309778100e-03
8.489478159294305132e-03
8.462350602282158601e-03
8.435374507666574401e-03
8.408548669909190684e-03
8.381871895914577708e-03
8.355343004868497417e-03
8.328960828090521337e-03
8.302724208877253209e-03
8.276632002347562161e-03
8.250683075300788150e-03
8.224876306067992887e-03
8.199210584367393195e-03
8.173684811161367747e-03
8.148297898520170252e-03
8.123048769480979703e-03
8.097936357911970917e-03
8.072959608382272723e-03
8.048117476026916267e-03
8.023408926417764653e-03
7.998832935437561603e-03
7.974388489146583270e-03
7.950074583666836767e-03
7.925890225061110045e-03
7.901834429199904725e-03
7.877906221652561380e-03
7.854104637569605391e-03
7.830428721562917443e-03
7.806877527595349614e-03
7.783450118866309941e-03
7.760145567700598747e-03
7.736962955441524514e-03
7.713901372343793389e-03
7.690959917462627388e-03
7.668137698552098327e-03
7.645433831965829652e-03
7.622847442548436568e-03
7.600377663541850112e-03
7.578023636479965658e-03
7.555784511093887983e-03
7.533659445219781023e-03
7.511647604698041408e-03
7.489748163284170972e-03
7.467960302552688681e-03
7.446283211810368445e-03
7.424716088003914527e-03
7.403258135633217565e-03
7.381908566660258172e-03
7.360666600428129175e-03
7.339531463575459103e-03
7.318502389948328135e-03
7.297578620524525737e-03
7.276759403323880201e-03
7.256043993334800046e-03
7.235431652433892136e-03
7.214921649305337803e-03
7.194513259364361188e-03
7.174205764679779905e-03
7.153998453906558128e-03
7.133890622203212066e-03
7.113881571159393069e-03
7.093970608728636731e-03
7.074157049154565155e-03
7.054440212898272292e-03
7.034819426575492259e-03
7.015294022881031315e-03
6.995863340524745289e-03
6.976526724166931537e-03
6.957283524349492515e-03
6.938133097427533896e-03
6.919074805517132915e-03
6.900108016422547633e-03
6.881232103571879519e-03
6.862446445965465422e-03
6.843750428105760050e-03
6.825143439945202326e-03
6.806624876818584587e-03
6.788194139389060189e-03
6.769850633596866812e-03
6.751593770589078836e-03
6.733422966672624084e-03
6.715337643257745723e-03
6.697337226799281867e-03
6.679421148750162851e-03
6.661588845497216048e-03
6.643839758318366776e-03
