6.277476043061141545e-32
8.152855956114605607e-23
4.346582469314791170e-18
4.578435470318975444e-15
6.230700774508616689e-13
2.468642856942704333e-11
4.338955562554594964e-10
4.319458354655845824e-09
2.838702084779157885e-08
1.363375932636093775e-07
5.134969247742096051e-07
1.595400578517622242e-06
4.244681425008891361e-06
9.948008208987384193e-06
2.098966907717471868e-05
4.055781149115686896e-05
7.275263996097192164e-05
1.224867444223102456e-04
1.952886239650395805e-04
2.970358872091220510e-04
4.336521706592865897e-04
6.108020065273046546e-04
8.336126921674829032e-04
1.106444017980115707e-03
1.432717892329811622e-03
1.814811786226751831e-03
2.254013506623226033e-03
2.750530335108718714e-03
3.303542962897734227e-03
3.911293609189177983e-03
4.571197837464303568e-03
5.279970500383187292e-03
6.033757614009894847e-03
6.828267525817595038e-03
7.658896310973429405e-03
8.520843786086793048e-03
9.409217799872091406e-03
1.031912551615288970e-02
1.124575124373274407e-02
1.218442100397401813e-02
1.313065448461888524e-02
1.408020533620153725e-02
1.502909094983455318e-02
1.597361294819384797e-02
1.691036963500880397e-02
1.783626161583470870e-02
1.874849223623483579e-02
1.964456092848689689e-02
2.052225764806334118e-02
2.137964979163682611e-02
2.221506926045420383e-02
2.302709757308493699e-02
2.381454999949960544e-02
2.457645915460391489e-02
2.531205841055884920e-02
2.602076541734069104e-02
2.670216596011355109e-02
2.735599832959225569e-02
2.798213833700244346e-02
2.858058506777130109e-02
2.915144743692008392e-02
2.969493158350532819e-02
3.021132912080855965e-02
3.070100624227774244e-02
3.116439367031532612e-02
3.160197742498471046e-02
3.201429038225505480e-02
3.240190458601781287e-02
3.276542427448064787e-02
3.310547957933140939e-02
3.342272085489333966e-02
3.371781359434025682e-02
3.399143388991154868e-02
3.424426439914485948e-02
3.447699076855367806e-02
3.469029848765878277e-02
3.488487012871255288e-02
3.506138294095133279e-02
3.522050676662006469e-02
3.536290224857625841e-02
3.548921930142732994e-02
3.560009582019335594e-02
3.569615660245108874e-02
3.577801246046997952e-02
3.584625951122842602e-02
3.590147860541334501e-02
3.594423490517564823e-02
3.597507757530430533e-02
3.599453958160699074e-02
3.600313758240190898e-02
3.600137190159726636e-02
3.598972657287919513e-02
3.596866944557963741e-02
3.593865234377109641e-02
3.590011127093772902e-02
3.585346665341416356e-02
3.579912361647630270e-02
3.573747228762119699e-02
3.566888812218688837e-02
3.559373224699613480e-02
3.551235181817705838e-02
3.542508038979988449e-02
3.533223829033281527e-02
3.523413423795729998e-02
3.513106083889827591e-02
3.502330223070076326e-02
3.491112967516130094e-02
3.479480312695998334e-02
3.467457161225062645e-02
3.455067360250174691e-02
3.442333738263883558e-02
3.429278141270143687e-02
3.415921468236880754e-02
3.402283705780076439e-02
3.388383962038697683e-02
3.374240499702955975e-02
3.359870768174444411e-02
3.345291434836226291e-02
3.330518415422097089e-02
3.315566903477377980e-02
3.300451398911530970e-02
3.285185735641699134e-02
3.269783108334427257e-02
3.254256098255083052e-02
3.238616698235615571e-02
3.222876336773457945e-02
3.207045901279247102e-02
3.191135760488780782e-02
3.175155786057178020e-02
3.159115373356522621e-02
3.143023461414697073e-02
3.126888552496755180e-02
3.110718730158217385e-02
3.094521677369655929e-02
3.078304693558694960e-02
3.062074711057927862e-02
3.045838310903739576e-02
3.029601738004650963e-02
3.013370915704143005e-02
2.997151459756322231e-02
2.980948691734516820e-02
2.964767651895694467e-02
2.948613111517175284e-02
2.932489584727080573e-02
2.916401339845522273e-02
2.900352410257744235e-02
2.884346604833912253e-02
2.868387517913779938e-02
2.852478538875283937e-02
2.836622861299851334e-02
2.820823491752100926e-02
2.805083258018266357e-02
2.789404817840627354e-02
2.773790665616619050e-02
2.758243140453362635e-02
2.742764433071502236e-02
2.727356592573264640e-02
2.712021532922681555e-02
2.696761039146030117e-02
2.681576773268345287e-02
2.666470270715953772e-02
2.651442982643735513e-02
2.636496226130691234e-02
2.621642895736836509e-02
2.606873435235291386e-02
2.592176203667851189e-02
2.577537577394171942e-02
2.563009973558227905e-02
2.548568882006112951e-02
2.534215010058881931e-02
2.519948992621705644e-02
2.505771395751785202e-02
2.491682719883471162e-02
2.477683403097902248e-02
2.463773824158046327e-02
2.449954305429605933e-02
2.436225115673697900e-02
2.422586472718091938e-02
2.409038546009244913e-02
2.395581459054375861e-02
2.382215291755562098e-02
2.368940068128000745e-02
2.355755816209790729e-02
2.342662483843892252e-02
2.329659997860777931e-02
2.316748251699487365e-02
2.303927160540330393e-02
2.291196450578018157e-02
2.278555977828549892e-02
2.266005519194865675e-02
2.253544826333247694e-02
2.241173627070141422e-02
2.228891626758223304e-02
2.216698509569151043e-02
2.204593939729755647e-02
2.192577562702381980e-02
2.180649006235136494e-02
2.168807881743362725e-02
2.157053784882100728e-02
2.145386296828848127e-02
2.133804985145492869e-02
2.122309404670996019e-02
2.110899098375012065e-02
2.099573598172231950e-02
2.088332425698296441e-02
2.077175093050590005e-02
2.066101103495232572e-02
2.055109952140282692e-02
2.044201126578526484e-02
2.033374107500390826e-02
2.022628369276872895e-02
2.011963380516135214e-02
2.001378604593875149e-02
1.990873500158195364e-02
1.980447521609903991e-02
1.970100119560742186e-02
1.959830741269370097e-02
1.949638831055978266e-02
1.939523830696704421e-02
1.929485179799182715e-02
1.919522316159234451e-02
1.909634676100158135e-02
1.899821694795190627e-02
1.890082806573398222e-02
1.880417445210563754e-02
1.870825044205551638e-02
1.861305037041184260e-02
1.851856857433380882e-02
1.842479939566242508e-02
1.833173718315189715e-02
1.823937629457963658e-02
1.814771109874251109e-02
1.805673597735459046e-02
1.796644532683042139e-02
1.787683355997287532e-02
1.778789510756649539e-02
1.769962441988597729e-02
1.761201596810715170e-02
1.752506424564701654e-02
1.743876376941933676e-02
1.735310908100944072e-02
1.726809474778960574e-02
1.718371536395924687e-02
1.709996555119080650e-02
1.701683996083132658e-02
1.693433327283099671e-02
1.685244019781635683e-02
1.677115547750900743e-02
1.669047388541196331e-02
1.661039022745383273e-02
1.653089934257272881e-02
1.645199610326152431e-02
1.637367541607590710e-02
1.629593222208679595e-02
1.621876149730613198e-02
1.614215825306988816e-02
1.606611753638476428e-02
1.599063443024187348e-02
1.591570405389939116e-02
1.584132156313050599e-02
1.576748219296383174e-02
1.569418108848383633e-02
1.562141355810512874e-02
1.554917490560387555e-02
1.547746047210879668e-02
1.540626563619497923e-02
1.533558581395807335e-02
1.526541645906114887e-02
1.519575306277016688e-02
1.512659115396359014e-02
1.505792629912621784e-02
1.498975410233049400e-02
1.492207020519774677e-02
1.485487034109292739e-02
1.478815011923645742e-02
1.472190534662914767e-02
1.465613181440768124e-02
1.459082535085632487e-02
1.452598182128933546e-02
1.446159712791906041e-02
1.439766720971811381e-02
1.433418804227085293e-02
1.427115563761932951e-02
1.420856604409177076e-02
1.414641534613357045e-02
1.408469966412476473e-02
1.402341515418741372e-02
1.396255800799615400e-02
1.390212445257335387e-02
1.384211075008241060e-02
1.378251319761674386e-02
1.372332812698186071e-02
1.366455190447097602e-02
1.360618092954427039e-02
1.354821163897195098e-02
1.349064050005870097e-02
1.343346401475440342e-02
1.337667871833016914e-02
1.332028117913088699e-02
1.326426799833439578e-02
1.320863580970252013e-02
1.315338127932456219e-02
1.309850110537714996e-02
1.304399201785696842e-02
1.298985066924825474e-02
1.293607406829517213e-02
1.288265893213980280e-02
1.282960211552210648e-02
1.277690050372032662e-02
1.272455101229231535e-02
1.267255058681367869e-02
1.262089607690718672e-02
1.256958473637934115e-02
1.251861347602115787e-02
1.246797935887969735e-02
1.241767947671356016e-02
1.236771094974341637e-02
1.231807092638228379e-02
1.226875658297951407e-02
1.221976512356686556e-02
1.217109377959500749e-02
1.212273980967846533e-02
1.207470049934062165e-02
1.202697316075959644e-02
1.197955513251120277e-02
1.193244377931759401e-02
1.188563649179564391e-02
1.183913068620903730e-02
1.179292380421377399e-02
1.174701331261356584e-02
1.170139670311476712e-02
1.165607149207649462e-02
1.161103522027201809e-02
1.156628545264294823e-02
1.152181977806211385e-02
1.147763580909101806e-02
1.143373118174513536e-02
1.139010355525796846e-02
1.134675061184411277e-02
1.130367005647051233e-02
1.126085961662371890e-02
1.121831732171351716e-02
1.117604038688040785e-02
1.113402688288962598e-02
1.109227462503452680e-02
1.105078145000367579e-02
1.100954521565926554e-02
1.096856380081769750e-02
1.092783510503436174e-02
1.088735704838893203e-02
1.084712757127108754e-02
1.080714463417211876e-02
1.076740621747480572e-02
1.072791032124462834e-02
1.068865496502920814e-02
1.064963818765154308e-02
1.061085804700663549e-02
1.057231261986546142e-02
1.053400000167680622e-02
1.049591830636940545e-02
1.045806566615847810e-02
1.042044023135540662e-02
1.038304017017461882e-02
1.034586366854469038e-02
1.030890892992674182e-02
1.027217417512508481e-02
1.023565764210414980e-02
1.019935758580800197e-02
1.016327227775016412e-02
1.012740000675908109e-02
1.009173907742395675e-02
1.005628781082839804e-02
1.002104454416476512e-02
9.986007630552042741e-03
9.951175438868592113e-03
9.916546353594811458e-03
9.882118774630644850e-03
9.847891117147587747e-03
9.813861811419962583e-03
9.780029302665683294e-03
9.746392050888081499e-03
9.712948530716594697e-03
9.679697231257120352e-03
9.646636655933998189e-03
9.613765322338275673e-03
9.581081762080353656e-03
9.548584520638780937e-03
9.516272157213592070e-03
9.484143244582922058e-03
9.452196368955780373e-03
9.420430129833481242e-03
9.388843139863375237e-03
9.357434024706939163e-03
9.326201422896361268e-03
9.295143985699787920e-03
9.264260376989585238e-03
9.233549273099888807e-03
9.203009362707200922e-03
9.172639346694025711e-03
9.142437938017892313e-03
9.112403861585315068e-03
9.082535854128066105e-03
9.052832664075326219e-03
9.023293051432661888e-03
8.993915787658440103e-03
8.964699655545742274e-03
8.935643449100152957e-03
8.906745973419501888e-03
8.878006044586134182e-03
8.849422489544053749e-03
8.820994145984627569e-03
8.792719862238106490e-03
8.764598497160226362e-03
8.736628920021386954e-03
8.708810010396507428e-03
8.681140658061142421e-03
8.653619762880527394e-03
8.626246234705252369e-03
8.599018993269679986e-03
8.571936968086262681e-03
8.544999098344104732e-03
8.518204332810126386e-03
8.491551629722260408e-03
8.465039956700025348e-03
8.438668290647502457e-03
8.412435617644993535e-03
8.386340932433219986e-03
8.360383240040058020e-03
8.334561553106344459e-03
8.308874893511064563e-03
8.283322291851266325e-03
8.257902787351209528e-03
8.232615427775631309e-03
8.207459269342649161e-03
8.182433376631499666e-03
8.157536822499599632e-03
8.132768688001178886e-03
8.108128062296986183e-03
8.083614042576056646e-03
8.059225733969194172e-03
8.034962249468821996e-03
8.010822709852288837e-03
7.986806243598458185e-03
7.962911986809999634e-03
7.939139083135232644e-03
7.915486683693795378e-03
7.891953946997501412e-03
7.868540038878438919e-03
7.845244132408899299e-03
7.822065407834855738e-03
7.799003052500339678e-03
7.776056260775078555e-03
7.753224233984857931e-03
7.730506180337937128e-03
7.707901314859879997e-03
7.685408859324310837e-03
7.663028042183215802e-03
7.640758098498884494e-03
7.618598269878418087e-03
7.596547804413922994e-03
7.574605956609558807e-03
7.552771987317906041e-03
7.531045163681748811e-03
7.509424759068779841e-03
7.487910053006406955e-03
7.466500331127213369e-03
7.445194885101302611e-03
7.423993012579541834e-03
7.402894017135711394e-03
7.381897208205591768e-03
7.361001901025000099e-03
7.340207416583867731e-03
7.319513081559550494e-03
7.298918228259924576e-03
7.278422194577115374e-03
7.258024323922612764e-03
7.237723965181814406e-03
7.217520472651175849e-03
7.197413205990099705e-03
7.177401530174232561e-03
7.157484815430761524e-03
7.137662437195594310e-03
7.117933776062089490e-03
7.098298217726870668e-03
7.078755152947204324e-03
7.059303977481573393e-03
7.039944092050730989e-03
7.020674902285329103e-03
7.001495818675512739e-03
6.982406256531603281e-03
6.963405635930633442e-03
6.944493381673287960e-03
6.925668923237491073e-03
6.906931694734216171e-03
6.888281134863146263e-03
6.869716686866065430e-03
6.851237798488058264e-03
6.832843921929820583e-03
6.814534513806346991e-03
6.796309035107360973e-03
