4.579838070276120781e-04
6.228515834069822329e-04
7.702387694506735534e-04
8.428259355423454785e-04
9.388405745036845643e-04
1.022639776217300171e-03
1.085694273087121822e-03
1.127068498851969882e-03
1.173769963382624397e-03
1.257194221606556129e-03
1.298380688985705531e-03
1.300718482573234814e-03
1.383622970068630826e-03
1.381171759593266806e-03
1.440780795170689939e-03
1.445415339447794550e-03
1.486513156881976447e-03
1.479345950583348113e-03
1.539336491264070529e-03
1.512827965071528342e-03
1.567528982240869043e-03
1.573021366153338737e-03
1.579642431316733006e-03
1.603252513979558673e-03
1.607155256458166204e-03
1.613992247214364722e-03
1.637362823894202273e-03
1.625423663463459274e-03
1.593862781744692560e-03
1.654075476576348340e-03
1.662294124588874298e-03
1.660195021534319844e-03
1.672178675396413135e-03
1.689281603312774681e-03
1.753363150829964157e-03
1.695318432951810816e-03
1.691940728312857790e-03
1.676590933683821168e-03
1.708554451171272583e-03
1.680171410488297485e-03
1.682601683793245699e-03
1.650711050705999964e-03
1.696984601542593420e-03
1.693770522000932104e-03
1.667628811159409166e-03
1.638981513223657441e-03
1.648340485214305458e-03
1.670626454133671782e-03
1.668499752587570542e-03
1.672647578340777591e-03
1.632846566883459308e-03
1.613102756486140378e-03
1.592127746306701806e-03
1.626690180719466599e-03
1.647371737995241212e-03
1.645095337554474237e-03
1.602875457700859985e-03
1.573108970527559939e-03
1.598822952209173883e-03
1.572308996208087719e-03
1.606806732220796051e-03
1.571998219025949736e-03
1.581085422995523026e-03
1.591520539860393066e-03
1.552580068212772689e-03
1.564256922621656788e-03
1.541899774640134594e-03
1.557009283787385559e-03
1.597093592460501615e-03
1.554807034990219987e-03
1.546903587796067325e-03
1.508163258351544883e-03
1.518649047507437174e-03
1.447734118869531622e-03
1.518894478784979562e-03
1.419201673177462484e-03
1.568041983640528674e-03
1.453799675943081649e-03
1.481380639410926790e-03
1.443753817720072087e-03
1.437608797810460649e-03
1.398391497540195805e-03
1.414099370801058736e-03
1.417595224316739021e-03
1.377173339400548880e-03
1.393193324673662990e-03
1.412587507545976905e-03
1.358082356312846455e-03
1.410647371581992288e-03
1.369590765498874315e-03
1.404074323236956896e-03
1.359690836079397976e-03
1.372432024727996596e-03
1.320407774077159797e-03
1.340911415463657587e-03
1.353087863590726704e-03
1.318417743932464355e-03
1.323828786603166701e-03
1.307118470824700967e-03
1.323768819415556582e-03
