7.668034961434315733e-01
6.988268111083659750e-01
5.745904249223582339e-01
5.185171784612965240e-01
4.802765761895436136e-01
4.450771650079924924e-01
4.194972992756201835e-01
4.001069709274018837e-01
3.753141465338974414e-01
3.447377136828879141e-01
3.173961488848520696e-01
2.953332644800447659e-01
2.735259281024814415e-01
2.513340849250638720e-01
2.321827747746302850e-01
2.159524213115345537e-01
2.002517755127669330e-01
1.854225643187530359e-01
1.727469137133267330e-01
1.614193565741839087e-01
1.505266668113686424e-01
1.406573460941299425e-01
1.320609290083344378e-01
1.240423245980970812e-01
1.164706538550876330e-01
1.097333180045794027e-01
1.036457850514046486e-01
9.785800393423355059e-02
9.252010652139661118e-02
8.773496863934553136e-02
8.325666491575389738e-02
7.901967338641409377e-02
7.516475182764868757e-02
7.161953942970826492e-02
6.824438786297164217e-02
6.510023384368492094e-02
6.222365591888440184e-02
5.950769252991484903e-02
5.692987718757806792e-02
5.453815093624229254e-02
5.232980190636047496e-02
5.017745434913652158e-02
4.821597083940246803e-02
4.635786896982246885e-02
4.457437918792449966e-02
4.292669150389775978e-02
4.134527159470700874e-02
3.989550690152510876e-02
3.845630345729372790e-02
3.713656346822023779e-02
3.587111092266205559e-02
3.469110701782070205e-02
3.352243164440356360e-02
3.242278782497386852e-02
3.141225275034747327e-02
3.045553277532874262e-02
2.952009213415612843e-02
2.863278003037699609e-02
2.780847627345930939e-02
2.694746955511253053e-02
2.611382666125601840e-02
2.546488658849233727e-02
2.464718830999499538e-02
2.404125520657453274e-02
2.333307579746128624e-02
2.272813003495857340e-02
2.210399587498285828e-02
2.155510105798064818e-02
2.087780824592672460e-02
2.050659928683086497e-02
1.933089128569697585e-02
1.953572453919691365e-02
1.905825821677644555e-02
1.851645152532460994e-02
1.810124246596243880e-02
1.762695897829029759e-02
1.717633649432762435e-02
1.683938441556465798e-02
1.645131699266990516e-02
1.612340905601728977e-02
1.573154161501439871e-02
1.540320326141575782e-02
1.480295610022000496e-02
1.500044086324601490e-02
1.423321572008278205e-02
1.462257128900438380e-02
1.370405112794364708e-02
1.368391799077508728e-02
1.314651070028113183e-02
1.355490860047169240e-02
1.265564705831639415e-02
1.269683096031340268e-02
1.215360569499212076e-02
1.203657823472613179e-02
1.171620296592088689e-02
1.153491704359901546e-02
1.128773713477409200e-02
1.113938071918986993e-02
1.059898048531176216e-02
1.074545005069927998e-02
