1.037556535216149767e+00
8.750319100065564459e-01
8.555397423501005516e-01
8.151483033775642761e-01
7.661203061836727723e-01
7.144588789119938887e-01
6.467722740535712944e-01
5.706783900907622664e-01
5.064112365085210454e-01
4.560279860274179531e-01
4.092730810337153469e-01
3.652600125256435515e-01
3.290367816334134332e-01
2.990977145327304298e-01
2.714160439282246040e-01
2.466029862148538532e-01
2.259504811704909355e-01
2.077887406962906358e-01
1.909585967053852584e-01
1.762224708841020338e-01
1.635204422933265733e-01
1.518537516762048789e-01
1.411829116651197868e-01
1.318523610905193710e-01
1.234499205680444217e-01
1.156172376868039309e-01
1.085595497819160510e-01
1.022580890782278651e-01
9.639674571965109462e-02
9.096878740174704769e-02
8.608391050211691709e-02
8.158738352326752596e-02
7.736155446307692307e-02
7.348832310855701877e-02
6.994613602724804313e-02
6.661242966855401848e-02
6.349795406509051166e-02
6.064112133973195706e-02
5.796845225646848204e-02
5.543992074345504423e-02
5.308717831719449859e-02
5.091299416376272868e-02
4.881058554192539700e-02
4.689355752210689482e-02
4.507230201999052471e-02
4.334290263813545679e-02
4.173651356493488646e-02
4.017606877068568422e-02
3.877287647010583399e-02
3.738268904900299977e-02
3.609664455306960812e-02
3.486443957958686168e-02
3.371924808190147199e-02
3.257450850734418257e-02
3.150981894643958836e-02
3.053508367434070933e-02
2.961119698456758653e-02
2.869809580649273703e-02
2.787751539776940971e-02
2.696482534067674852e-02
2.620708064708221832e-02
2.542451041823864943e-02
2.478246526100487401e-02
2.399387692323133245e-02
2.339395843250841045e-02
2.271745738861047706e-02
2.214144740922036059e-02
2.152315334387608706e-02
2.098983644099988374e-02
2.033079693495224924e-02
2.000689124592452614e-02
1.886120762051478675e-02
1.904389982487314850e-02
1.848539722547747066e-02
1.803793254656064354e-02
1.766791843744999410e-02
1.717531950006708635e-02
1.675520988154537150e-02
1.642035146423743638e-02
1.605411373590953997e-02
1.572186266811987504e-02
1.534576884253530116e-02
1.500782720567495759e-02
1.446648159033640975e-02
1.463365867835399355e-02
1.386837189227724774e-02
1.426664768473827165e-02
1.339332166208423609e-02
1.340585186979014083e-02
1.282519898097846806e-02
1.324033004587825239e-02
1.235557329216552258e-02
1.243036970745931696e-02
1.187250518889713599e-02
1.177955134577389658e-02
1.144962521402242105e-02
1.129144674834712571e-02
1.103617703132271297e-02
1.088688912772906546e-02
1.040469467392344562e-02
