5.203816654145517612e-02
5.953113821401460198e-02
6.923329760762800267e-02
6.943983539303816288e-02
7.792862530911494334e-02
7.831981554203248930e-02
7.303425073792677025e-02
6.950999291420510706e-02
6.922029813517337204e-02
6.997963100722884300e-02
6.973851352772642009e-02
6.795969758021561113e-02
6.520427519816465733e-02
6.214863898016049354e-02
5.898844349118776559e-02
5.565391738453370762e-02
5.238838506250285271e-02
4.978656482354555657e-02
4.813351727142042846e-02
4.699932775513990940e-02
4.579240359048295655e-02
4.450789561812651396e-02
4.353031009707553078e-02
4.285274708984563447e-02
4.203177202121778644e-02
4.090897304273249241e-02
3.980373161620791300e-02
3.890642043412506634e-02
3.787232169178766233e-02
3.663302837714806082e-02
3.539853000031051994e-02
3.428282421380218770e-02
3.322330525972708171e-02
3.199157665766277220e-02
3.076629723860620572e-02
2.977142267274162160e-02
2.869905969596938528e-02
2.764180473649206771e-02
2.661247123124396013e-02
2.575557695339879619e-02
2.484337694059568849e-02
2.394716926271176632e-02
2.311222351940090888e-02
2.241051491500438766e-02
2.162329856724415703e-02
2.091437356045649024e-02
2.031652510716208324e-02
1.973476654543074651e-02
1.897503557402880139e-02
1.856920320166348046e-02
1.798749627807712248e-02
1.764202318252989371e-02
1.705395357119624672e-02
1.670662787134276350e-02
1.625472276990531234e-02
1.591025129995741680e-02
1.546523637405721255e-02
1.516852523126010696e-02
1.451939884111621594e-02
1.453758235804533151e-02
1.418623923928727208e-02
1.400402013482185404e-02
1.368459419893492540e-02
1.343573084372067655e-02
1.306608738989712033e-02
1.285852026327506843e-02
1.258051386575147375e-02
1.243644171994508392e-02
1.233111298799677985e-02
1.206327566941403813e-02
1.182776449017905983e-02
1.161875937584962333e-02
1.147388012557259626e-02
1.123729002298096483e-02
1.120257530490050349e-02
1.112190478099457820e-02
1.075957494738152137e-02
1.090404808469387643e-02
1.040554451504484799e-02
1.070239550049601786e-02
1.007621390110042918e-02
1.027617137197586045e-02
9.784634039021945784e-03
9.785806185280179412e-03
9.573219798795348442e-03
9.487883143915892131e-03
9.331614361691772247e-03
9.241673396519056033e-03
9.109146448537122631e-03
9.033823494590720662e-03
8.825571527818340187e-03
8.805615710243864733e-03
8.631518958091098995e-03
8.512644901087950550e-03
8.481871316662708410e-03
8.313431417882141683e-03
8.226197974006073041e-03
8.046277619537335613e-03
7.948927675825154249e-03
7.934206273539154072e-03
