0.000000000000000000e+00
0.000000000000000000e+00
0.000000000000000000e+00
0.000000000000000000e+00
0.000000000000000000e+00
0.000000000000000000e+00
0.000000000000000000e+00
0.000000000000000000e+00
0.000000000000000000e+00
0.000000000000000000e+00
0.000000000000000000e+00
0.000000000000000000e+00
0.000000000000000000e+00
0.000000000000000000e+00
0.000000000000000000e+00
0.000000000000000000e+00
0.000000000000000000e+00
0.000000000000000000e+00
0.000000000000000000e+00
0.000000000000000000e+00
0.000000000000000000e+00
0.000000000000000000e+00
0.000000000000000000e+00
0.000000000000000000e+00
0.000000000000000000e+00
3.237575257873900100e-03
4.208323540283899142e-03
4.726461399560236837e-03
5.041029400786120260e-03
5.166522164245697553e-03
5.221569788473415588e-03
5.246361935692367071e-03
5.192465117053034207e-03
5.118324289118110146e-03
5.047317349488558702e-03
4.959936240345857658e-03
4.848960380426001714e-03
4.727080595016809085e-03
4.608193295566069027e-03
4.496847587348482347e-03
4.390212923384689998e-03
4.283891879723515997e-03
4.175494994864713261e-03
4.065164242066453271e-03
3.955904348884833888e-03
3.846360492405670115e-03
3.744160724983764277e-03
3.644794440405124940e-03
3.553066099284701677e-03
3.465987657866128127e-03
3.383985037828169361e-03
3.299399083061425961e-03
3.218746553021487738e-03
3.137779329653075065e-03
3.066330325317965198e-03
2.989683437415444501e-03
2.920447811424912131e-03
2.845676257464002483e-03
2.780008443768389702e-03
2.713113250166659593e-03
2.654210476070076753e-03
2.593091717415590535e-03
2.538177898004645439e-03
2.481215585011929681e-03
2.429210204611031466e-03
2.375561894856350904e-03
2.326393564266049201e-03
2.270730419025185094e-03
2.238587819666177595e-03
2.180898057227741334e-03
2.150153501285544892e-03
2.101445148086322247e-03
2.069462284456422170e-03
2.020757532542178086e-03
1.988859641825047476e-03
1.945929533618333436e-03
1.926964497515127163e-03
1.868373754941381757e-03
1.851520590121421292e-03
1.805544300144413085e-03
1.789436811251714395e-03
1.746382022871174455e-03
1.718024670807399498e-03
1.672967920209658503e-03
1.661606616689983301e-03
1.623116976660591128e-03
1.603111824766130988e-03
1.580150492921333092e-03
1.547090940251173025e-03
1.525174767596243746e-03
1.498839405250008104e-03
1.464084637300840618e-03
1.456566358060677096e-03
1.418294034579396920e-03
1.413778440175302974e-03
1.370801448550630066e-03
1.366947715004308232e-03
1.336653019701481045e-03
1.318901567564497715e-03
1.279469115704034120e-03
