0.000000000000000000e+00
0.000000000000000000e+00
0.000000000000000000e+00
0.000000000000000000e+00
0.000000000000000000e+00
0.000000000000000000e+00
8.583333208822724325e-02
8.864054298655871245e-02
8.549651865821766838e-02
7.714917186572294028e-02
6.811585570563177816e-02
5.996914563736994996e-02
5.311297565182945130e-02
4.763162126229027876e-02
4.327572114335442865e-02
3.958787011193851124e-02
3.631956034159359442e-02
3.351560905158111614e-02
3.117048287598238321e-02
2.909906575642740023e-02
2.718834426244060715e-02
2.548868605854796854e-02
2.400726382992331501e-02
2.264942655408689470e-02
2.137938494304958414e-02
2.023728547606144096e-02
1.921064423865684670e-02
1.824603409037577062e-02
1.734457269427138945e-02
1.652834143960345628e-02
1.577404802002770057e-02
1.505743855640864597e-02
1.439214027030618313e-02
1.378217892997893324e-02
1.320590285844736207e-02
1.265912352140141986e-02
1.215324015867570891e-02
1.168084055623324312e-02
1.122939072954786538e-02
1.080424457630200716e-02
1.040876963717020723e-02
1.003284364191112978e-02
9.673663481828445945e-03
9.337125026133917885e-03
9.018204682899559968e-03
8.715340382025106233e-03
8.421450799549871219e-03
8.154566224416960954e-03
7.894998420142657070e-03
7.645347466678401906e-03
7.411638538703304961e-03
7.177254297634957578e-03
6.970622688621760411e-03
6.759706566247379589e-03
6.572771686051617247e-03
6.379651105332542239e-03
6.202294393212714682e-03
6.020693640597754234e-03
5.857976874884711534e-03
5.700844367064242767e-03
5.559862245280517735e-03
5.427732650078093135e-03
5.275815249145692463e-03
5.129599164373514243e-03
5.012122928097995957e-03
4.872083257625698695e-03
4.775170356062943475e-03
4.639022257537536026e-03
4.545803797536032177e-03
4.428799323075206101e-03
4.334055305036745714e-03
4.224445157692882473e-03
4.134553988197590610e-03
4.025880802558780627e-03
3.967168564186057331e-03
3.735569943131341903e-03
3.798981088598821741e-03
3.699886153610003510e-03
3.631127407320507237e-03
3.555503522092438081e-03
3.464517158670218314e-03
3.387582518989194595e-03
3.326115728450392602e-03
3.271513755162345615e-03
3.210388851033960100e-03
3.147446068263315064e-03
3.078294916347027420e-03
3.005255538406431930e-03
2.977709554988664225e-03
2.883520434775051558e-03
2.946671478521940054e-03
2.783596458273000004e-03
2.777475014096959880e-03
2.667467658168833425e-03
2.728316765584416770e-03
2.592954126431485252e-03
2.609103076283557799e-03
2.488702261745436278e-03
2.482532586756625893e-03
2.411825733235376749e-03
