0.000000000000000000e+00
0.000000000000000000e+00
0.000000000000000000e+00
0.000000000000000000e+00
0.000000000000000000e+00
0.000000000000000000e+00
0.000000000000000000e+00
0.000000000000000000e+00
0.000000000000000000e+00
0.000000000000000000e+00
0.000000000000000000e+00
0.000000000000000000e+00
0.000000000000000000e+00
0.000000000000000000e+00
0.000000000000000000e+00
0.000000000000000000e+00
0.000000000000000000e+00
0.000000000000000000e+00
0.000000000000000000e+00
0.000000000000000000e+00
0.000000000000000000e+00
0.000000000000000000e+00
0.000000000000000000e+00
0.000000000000000000e+00
0.000000000000000000e+00
0.000000000000000000e+00
0.000000000000000000e+00
0.000000000000000000e+00
0.000000000000000000e+00
0.000000000000000000e+00
0.000000000000000000e+00
0.000000000000000000e+00
0.000000000000000000e+00
0.000000000000000000e+00
0.000000000000000000e+00
1.454954260455916873e-03
1.917041461029922325e-03
2.202156343885565675e-03
2.394603694021806960e-03
2.510275683483842619e-03
2.591689752237914639e-03
2.636242972580545192e-03
2.669083049484508117e-03
2.670119010250843455e-03
2.665618196204712440e-03
2.657288712337855640e-03
2.633910689458129201e-03
2.602691090717908304e-03
2.572404472593333748e-03
2.541150630982514334e-03
2.504427792364042043e-03
2.462695119869524885e-03
2.419831797846976745e-03
2.378625161446161224e-03
2.339056901590337925e-03
2.299561155666826097e-03
2.259608437200584952e-03
2.216135486695346071e-03
2.174042635188441069e-03
2.130530712633891405e-03
2.093164243579428551e-03
2.050974444496170019e-03
2.017561832403593717e-03
1.977445732263788652e-03
1.945688097252325872e-03
1.908515827032612267e-03
1.875212496811386317e-03
1.839369152811223948e-03
1.806575395216708253e-03
1.769470962994535226e-03
1.737699914664874107e-03
1.702995402452513705e-03
1.677281231437616985e-03
1.643743956202445592e-03
1.622306454931823124e-03
1.586949644710827301e-03
1.568041295066398668e-03
1.526280035368578160e-03
1.514904029182886653e-03
1.477670762351395058e-03
1.468531141732483522e-03
1.430068925291196145e-03
1.435988812924955237e-03
1.388780869904175002e-03
1.378817419449402575e-03
1.337133857616293201e-03
1.324239421413415723e-03
1.288365240380937244e-03
1.285683894139571333e-03
1.264649385726996419e-03
1.246217787588267158e-03
1.228349959355812997e-03
1.204107747150696397e-03
1.191319051975204884e-03
1.175455330671512470e-03
1.152744290022436006e-03
1.141479753294083726e-03
1.121470290141962601e-03
1.109831640513048775e-03
1.085937619557935697e-03
