1.485657089738886272e-01
1.329938677845626249e-01
1.741521092376095425e-01
1.728440960148697469e-01
1.545679296891878385e-01
1.445634473229341077e-01
1.434365004291897616e-01
1.455200805150005383e-01
1.461371021541874038e-01
1.426358044107395584e-01
1.350371787543050706e-01
1.258178697095591880e-01
1.174447055300938958e-01
1.100111761596583304e-01
1.022228205876460766e-01
9.413987777023888337e-02
8.723911312476070878e-02
8.195954807443625589e-02
7.717935135493379784e-02
7.234296183529129176e-02
6.819874785826396391e-02
6.507620652972874453e-02
6.223376897479208913e-02
5.930635856609563217e-02
5.679430479463336290e-02
5.483810785919443487e-02
5.293037644259931951e-02
5.095467600926502361e-02
4.927556366098459484e-02
4.786938749950086364e-02
4.640276342170500390e-02
4.493039841976309567e-02
4.368250652483714191e-02
4.253569128214869377e-02
4.129807470093355137e-02
4.014787249400600389e-02
3.911049731622720516e-02
3.812868645529220862e-02
3.708260998780019829e-02
3.609506082998962390e-02
3.525142490163370862e-02
3.430398368301371820e-02
3.344800262909521787e-02
3.261708120948502571e-02
3.185638417364418384e-02
3.102950337429018907e-02
3.028154454190459463e-02
2.956149301875517915e-02
2.886327329346726270e-02
2.812688784237998493e-02
2.750580731022622683e-02
2.686470409295516060e-02
2.623899075298009517e-02
2.555457355759955043e-02
2.503933056824501555e-02
2.438997391902377604e-02
2.392683293850495635e-02
2.328586538622252899e-02
2.286656140641175200e-02
2.231670564032014331e-02
2.183483433858173645e-02
2.132240720897046402e-02
2.090791345727546421e-02
2.027836719192897472e-02
2.002277482321284871e-02
1.919598743438874489e-02
1.930485903651625243e-02
1.874054011860973312e-02
1.837890581108330215e-02
1.802555902224565326e-02
1.757175974519159176e-02
1.716803895612393702e-02
1.693285933491586043e-02
1.656380934129842927e-02
1.623580628900966882e-02
1.593764198330873544e-02
1.559045133093981197e-02
1.530327172743863734e-02
1.503949982642565665e-02
1.414281801564364234e-02
1.519082142424211732e-02
1.402471840880599452e-02
1.408822293541636683e-02
1.343958226761313331e-02
1.412404746320348840e-02
1.308130115818070469e-02
1.317998356758330603e-02
1.259137839263520763e-02
1.249639707628513209e-02
1.219596254953758674e-02
1.204742196258955234e-02
1.179012786161617345e-02
1.162590493609314511e-02
1.135788736479715309e-02
1.119534651401617523e-02
1.096775860838419131e-02
1.086832086880697504e-02
1.059088239285258665e-02
1.052991253988731779e-02
1.030443430238892066e-02
