0.000000000000000000e+00
0.000000000000000000e+00
0.000000000000000000e+00
0.000000000000000000e+00
0.000000000000000000e+00
0.000000000000000000e+00
0.000000000000000000e+00
0.000000000000000000e+00
4.444585419027909101e-02
5.256539868811977573e-02
4.948353671165071910e-02
4.593581453806504927e-02
4.296366214733537969e-02
4.007779937569749817e-02
3.720352696887978261e-02
3.443924304853451801e-02
3.182249110730121788e-02
2.934379867565546987e-02
2.704931506092101909e-02
2.502305113566117081e-02
2.326916489540251098e-02
2.170128764956637951e-02
2.026555229419289145e-02
1.898690983498593082e-02
1.787376255241698506e-02
1.687177930761358385e-02
1.594290924978073246e-02
1.510377287170524239e-02
1.435871008542246967e-02
1.367288738605291695e-02
1.302942751390253999e-02
1.244322433030403685e-02
1.191158584859450253e-02
1.141147829073460400e-02
1.094020086088953736e-02
1.050842609022077483e-02
1.010811363680641506e-02
9.726130947415853600e-03
9.367032325612813584e-03
9.035269150181619163e-03
8.721271604618319878e-03
8.420405264924862160e-03
8.143423467157450205e-03
7.874767035577238602e-03
7.616071606634718452e-03
7.379547935239224796e-03
7.145394435563823948e-03
6.937187691984380428e-03
6.728288433304303699e-03
6.524632964614525237e-03
6.343245934525188097e-03
6.157042194875143523e-03
5.992672220966568063e-03
5.823582167677609535e-03
5.672060712227163133e-03
5.516595567711091684e-03
5.377226292330638570e-03
5.235037094366694690e-03
5.099017548341701865e-03
4.969401703467169092e-03
4.856951335293434487e-03
4.739432983590337670e-03
4.625281605848383798e-03
4.504413630161805196e-03
4.408185592583039290e-03
4.289318633248160803e-03
4.216448415178021547e-03
4.100472942584202501e-03
4.023480902854374881e-03
3.923433338193896107e-03
3.850376333606105820e-03
3.758398443802853008e-03
3.678976220377893052e-03
3.578593638007025821e-03
3.540347954098480021e-03
3.406230283651652188e-03
3.416523315738387995e-03
3.316473054648072429e-03
3.252451208947839019e-03
3.197116563609987087e-03
3.119968825245821205e-03
3.054120792199944111e-03
3.006842932283890300e-03
2.948298687318206060e-03
2.905216671625306113e-03
2.842214952529259053e-03
2.786380134645978154e-03
2.743121823144917086e-03
2.696660923718824984e-03
2.616370414089680754e-03
2.695351516202731511e-03
2.513097634607508197e-03
2.531379580484711348e-03
2.426962761948728460e-03
2.492794280045832010e-03
2.359341512360734177e-03
2.393439922502179490e-03
2.284197978160581576e-03
2.266610064707333307e-03
2.214490690960679246e-03
