1.667779680087260985e+01
7.167651254162075602e+00
4.184291667910776447e+00
2.842245538032675878e+00
1.995428759340349689e+00
1.478233000954625620e+00
1.163824741900004733e+00
9.372415209152189508e-01
7.659529054297379291e-01
6.431299806291986831e-01
5.496447659090074600e-01
4.729486326334073620e-01
4.120382210345602259e-01
3.637770469546941499e-01
3.229505563084694719e-01
2.883490468116062244e-01
2.598303377156625515e-01
2.354375046936421079e-01
2.139783765313097996e-01
1.955927079141741021e-01
1.797396614986933872e-01
1.655585222942478618e-01
1.529934647253637647e-01
1.420202619220228279e-01
1.321610177540912812e-01
1.232128552688824125e-01
1.152546832810982386e-01
1.080994342201111458e-01
1.015214382437543417e-01
9.555181367054718655e-02
9.016622234096603739e-02
8.519706514557469357e-02
8.060823828445742856e-02
7.643245187970063026e-02
7.258309504705276471e-02
6.898854208590957104e-02
6.567603843015311360e-02
6.262365211501647044e-02
5.976146936542714450e-02
5.708915677823529072e-02
5.461822091117614353e-02
5.230281869043092169e-02
5.011944901484084031e-02
4.807237215166089428e-02
4.618222154091000675e-02
4.434943367779979606e-02
4.268281409178879826e-02
4.108702288314833306e-02
3.956485510328380112e-02
3.816966569951592281e-02
3.678947493562767512e-02
3.555040081677394992e-02
3.431583587419208964e-02
3.319568306768348742e-02
3.209683185789437981e-02
3.107744496927506567e-02
3.007724449981487996e-02
2.913534593765324671e-02
2.824588114719265089e-02
2.742564739952689859e-02
2.661653253589079532e-02
2.585524932726492378e-02
2.505793708910571474e-02
2.440335720729987570e-02
2.364427289009679925e-02
2.306577880367161743e-02
2.237942291739280012e-02
2.186152702729244127e-02
2.123851607840515285e-02
2.071209759567921305e-02
2.015704957798420890e-02
1.966136080067822089e-02
1.909430470880195407e-02
1.876170188095504718e-02
1.773582615654434660e-02
1.784668416807999938e-02
1.737631029935756549e-02
1.698718427825157348e-02
1.663366687184962556e-02
1.617439087206534731e-02
1.580953908683380496e-02
1.551290867160188928e-02
1.516681999715423744e-02
1.484107592469468932e-02
1.452270330893165769e-02
1.420344778414258692e-02
1.374973630377009960e-02
1.382295564065873228e-02
1.314866100421020582e-02
1.358632319035838788e-02
1.269384192453577517e-02
1.270369375218995296e-02
1.219838611306534905e-02
1.253780908021501911e-02
1.178061774286227881e-02
1.172259410204502285e-02
1.131891344674697437e-02
1.122328074583232860e-02
1.092745338142563083e-02
1.077016432458247942e-02
