0.000000000000000000e+00
0.000000000000000000e+00
7.722484310186201739e-01
6.229089869986783601e-01
4.564798493809566482e-01
3.452231165868112073e-01
2.754019051564999265e-01
2.247244113571593982e-01
1.847256797622958413e-01
1.551696682394805293e-01
1.333287503172406185e-01
1.154322816570455129e-01
1.006065144964943675e-01
8.890281940393265914e-02
7.927732083674746133e-02
7.091699398697601242e-02
6.387373152280444166e-02
5.800282581374450325e-02
5.284897375828959132e-02
4.830111101700552273e-02
4.440740699358309423e-02
4.099194863688168655e-02
3.790492642023662179e-02
3.517680991217493613e-02
3.277654294759608372e-02
3.059293130260482343e-02
2.861002804025974608e-02
2.684476655201200462e-02
2.524162588541047428e-02
2.376114666945717754e-02
2.241924683680799821e-02
2.120185742705073956e-02
2.007100735598662741e-02
1.902701528122301144e-02
1.807544414569246458e-02
1.719258439079424799e-02
1.636654781851534443e-02
1.560565607539238231e-02
1.490144723755005597e-02
1.423859310829686531e-02
1.362000843873942095e-02
1.304697391788787672e-02
1.251256671180658343e-02
1.199877015878651580e-02
1.152181256773737381e-02
1.107942956419874156e-02
1.065244772725919969e-02
1.025925506074618423e-02
9.884405580071474115e-03
9.524621979193277285e-03
9.198332033295378643e-03
8.870475072586521056e-03
8.579202104485681574e-03
8.289751820594153109e-03
8.021985596246746994e-03
7.767243196946365530e-03
7.520496626466717689e-03
7.284965822787947166e-03
7.055824067920861246e-03
6.847520252512193616e-03
6.652536726154806117e-03
6.458965325775284892e-03
6.277882455071946526e-03
6.085869638297182298e-03
5.929413218006835372e-03
5.750543898617735232e-03
5.634895314873152733e-03
5.447615501143994628e-03
5.320780698820206343e-03
5.172778616586915477e-03
5.051194206286193158e-03
4.912134807308963028e-03
4.797683396617024448e-03
4.657964430994900040e-03
4.575706958284559041e-03
4.333999553055950700e-03
4.371174751044916602e-03
4.253960125670971232e-03
4.156991594732747930e-03
4.066775270648945000e-03
3.961297191752175678e-03
3.866365832515265572e-03
3.793191550892915497e-03
3.709672394762525416e-03
3.637930035235400691e-03
3.557387639382344341e-03
3.480581515137076611e-03
3.369701692430590850e-03
3.378198723649204153e-03
3.230569328497175183e-03
3.321839201138633135e-03
3.116568673267770210e-03
3.115908864816535357e-03
2.992167920748560733e-03
3.074009203896305598e-03
2.886529202903322707e-03
2.908571091966460475e-03
2.782184032636145568e-03
2.758460890395047094e-03
2.689652247056439384e-03
