1.408894169947463582e-01
2.148628235266177300e-01
2.037505737436617892e-01
1.831904460054767092e-01
1.855867073426535618e-01
1.942021859547126417e-01
1.965475495618609902e-01
1.895301228386173098e-01
1.757250471528918889e-01
1.602748498954988388e-01
1.469938145397927109e-01
1.357915434749537298e-01
1.247187133674843018e-01
1.138501383287450208e-01
1.051198857551118304e-01
9.887460924609729751e-02
9.335815129176569527e-02
8.774537133063223249e-02
8.303418777223869895e-02
7.961145457601018216e-02
7.644489191878188483e-02
7.307148428936477425e-02
7.016633434756165688e-02
6.789090605945870271e-02
6.559272443420711973e-02
6.316354290270302652e-02
6.107425993926584445e-02
5.927306364153737267e-02
5.736066167831979645e-02
5.543940990400680197e-02
5.378178098500907556e-02
5.221983780622498073e-02
5.056530278186191496e-02
4.899490004147370042e-02
4.760149398538209009e-02
4.617409119239319903e-02
4.478240446658921653e-02
4.345942508045348707e-02
4.226510563755263988e-02
4.101838033702292358e-02
3.978297930473471966e-02
3.871605291505045288e-02
3.760521019535545406e-02
3.654551318421254275e-02
3.551277670892912658e-02
3.458365010889777325e-02
3.360955186128089522e-02
3.269622412177596721e-02
3.180826737090720890e-02
3.095086288055279300e-02
3.013936973577095377e-02
2.923844587083007998e-02
2.862609153951921337e-02
2.789534482269791227e-02
2.711002714863323254e-02
2.648573599227159112e-02
2.577249622625176970e-02
2.517689679305355754e-02
2.449952569761972357e-02
2.399719722133254393e-02
2.335599272271686802e-02
2.282857149771146468e-02
2.224695443991017707e-02
2.178969274140807322e-02
2.111817380332855695e-02
2.077011530529641534e-02
1.931596256799767916e-02
2.002987678226078941e-02
1.939753990211930124e-02
1.897996426648868723e-02
1.855145125518882152e-02
1.812137676978775591e-02
1.768545687938312405e-02
1.735039902667617762e-02
1.697215194554033482e-02
1.663704898088256764e-02
1.626995779126729977e-02
1.596180390295369109e-02
1.563109133760549538e-02
1.535751877474544717e-02
1.461491905314148479e-02
1.535075976455497343e-02
1.425390209648386836e-02
1.428317592093815598e-02
1.363518489029069344e-02
1.414701343365359736e-02
1.327500698700598974e-02
1.332038332097609801e-02
1.278162483637780913e-02
1.262396796878042377e-02
1.231454265255793948e-02
1.212757745626062179e-02
1.187050312653026470e-02
1.172579274823970508e-02
1.148972406838420258e-02
1.129456478399993268e-02
1.106060113058010379e-02
1.095041344870038499e-02
1.071107545713859827e-02
1.058501538585117016e-02
