8.313450113730672456e-03
1.194000899349655434e-02
1.310229674733360758e-02
1.544704217670057542e-02
1.612602991442967093e-02
1.732474905296019912e-02
1.725280118141986341e-02
1.852298596329644137e-02
1.828533717793943969e-02
1.771468997761767653e-02
1.828086702698036164e-02
1.890180971554654421e-02
1.864774849120467981e-02
1.797913954141985154e-02
1.766210509181210045e-02
1.784483483474669924e-02
1.815769135233085904e-02
1.821630396435459237e-02
1.793673571941696576e-02
1.737002363964134863e-02
1.680687404607840441e-02
1.637752930932147646e-02
1.612690094184726641e-02
1.608298419218716704e-02
1.611569234503527556e-02
1.605419615742186348e-02
1.593793046843967193e-02
1.556990577454879857e-02
1.515061187553959354e-02
1.465208009635790738e-02
1.423686635311921175e-02
1.381617720466859350e-02
1.370115030868614657e-02
1.335903899991590545e-02
1.310292482452126220e-02
1.299679941112529859e-02
1.290777123652920785e-02
1.275741874128515606e-02
1.266195111877862697e-02
1.241384457812034006e-02
1.242137675723688738e-02
1.213595698095331840e-02
1.194036229368248929e-02
1.164396664613868634e-02
1.143071751759847793e-02
1.115356978202665904e-02
1.102041879409844730e-02
1.049967257140893562e-02
1.056658455204117879e-02
1.001696955980286956e-02
1.002769188047492564e-02
9.759343281663413264e-03
9.303901817470462687e-03
8.932572941419346726e-03
9.181911886244771212e-03
8.918473519601261001e-03
9.050848719366599501e-03
8.968337908764599867e-03
8.709047671791373540e-03
8.676816146226609336e-03
8.480484623624384710e-03
8.451748302816326081e-03
8.414239246456997612e-03
8.184051434000741074e-03
8.150780778387380424e-03
7.773753545298453527e-03
7.875123268535835427e-03
7.749002234554052890e-03
7.688569343040755656e-03
7.517733059532377693e-03
7.572792747710751886e-03
7.286823585625938800e-03
7.357015296869734260e-03
7.178584238913755106e-03
7.044215795180433157e-03
6.970793065884703377e-03
7.049212626812368515e-03
6.712823744462634475e-03
6.673606899639391091e-03
6.485186013208215326e-03
6.407219942622860431e-03
6.312347017827484551e-03
6.191013904989753694e-03
5.977386042009570633e-03
5.951610323592581957e-03
5.861303672806086884e-03
5.715683621910010517e-03
5.720374728841876033e-03
5.505559098432080342e-03
5.389255495565510416e-03
5.403746082561184522e-03
5.225768750007323167e-03
5.204609304408583208e-03
5.248661927001312469e-03
5.034265883374255263e-03
4.981396675886100474e-03
4.947144492989892506e-03
4.956105363119754463e-03
4.891515564913725099e-03
4.727866801065918299e-03
