0.000000000000000000e+00
0.000000000000000000e+00
0.000000000000000000e+00
0.000000000000000000e+00
0.000000000000000000e+00
0.000000000000000000e+00
0.000000000000000000e+00
0.000000000000000000e+00
0.000000000000000000e+00
0.000000000000000000e+00
0.000000000000000000e+00
0.000000000000000000e+00
0.000000000000000000e+00
0.000000000000000000e+00
0.000000000000000000e+00
0.000000000000000000e+00
0.000000000000000000e+00
0.000000000000000000e+00
0.000000000000000000e+00
0.000000000000000000e+00
0.000000000000000000e+00
0.000000000000000000e+00
0.000000000000000000e+00
0.000000000000000000e+00
0.000000000000000000e+00
0.000000000000000000e+00
0.000000000000000000e+00
0.000000000000000000e+00
0.000000000000000000e+00
0.000000000000000000e+00
0.000000000000000000e+00
0.000000000000000000e+00
0.000000000000000000e+00
0.000000000000000000e+00
0.000000000000000000e+00
0.000000000000000000e+00
0.000000000000000000e+00
0.000000000000000000e+00
0.000000000000000000e+00
0.000000000000000000e+00
0.000000000000000000e+00
0.000000000000000000e+00
0.000000000000000000e+00
0.000000000000000000e+00
0.000000000000000000e+00
0.000000000000000000e+00
0.000000000000000000e+00
0.000000000000000000e+00
0.000000000000000000e+00
0.000000000000000000e+00
0.000000000000000000e+00
0.000000000000000000e+00
0.000000000000000000e+00
0.000000000000000000e+00
0.000000000000000000e+00
0.000000000000000000e+00
0.000000000000000000e+00
0.000000000000000000e+00
0.000000000000000000e+00
0.000000000000000000e+00
3.913516343763233504e-04
5.292115155246154270e-04
6.238898156301277576e-04
6.923158103478990136e-04
7.453244307580381882e-04
7.855538363519224288e-04
8.167725581802500736e-04
8.436346451356187617e-04
8.618731788455202955e-04
8.786146246622908614e-04
8.890868716382093959e-04
8.982746558230774976e-04
9.037234452932081706e-04
9.072582433749760760e-04
9.100472579591943525e-04
9.090963932593900841e-04
9.082514835769746895e-04
9.058515852484971776e-04
9.030791172880576210e-04
8.979396790397449479e-04
8.938334597787864601e-04
8.889181298277603477e-04
8.833121375058972146e-04
8.767971398004072679e-04
8.700445962450303926e-04
8.620361818410244951e-04
8.560513057036292202e-04
8.488221488592914829e-04
8.412631786591214314e-04
8.305453027663274417e-04
8.255451104700826373e-04
8.129865659833991707e-04
8.095742161954178756e-04
7.964994978877101102e-04
7.954304495910332045e-04
7.807826138955313534e-04
7.783684735275057118e-04
7.647600465088091361e-04
7.617340468967326132e-04
7.505374648644055555e-04
