0.000000000000000000e+00
0.000000000000000000e+00
0.000000000000000000e+00
3.057291406176458337e-01
2.738634935830843720e-01
2.398938958747832695e-01
2.047368012752007194e-01
1.724471071985664294e-01
1.467500316743289845e-01
1.274768633702119403e-01
1.116151971876812032e-01
9.781230932422621538e-02
8.654407739748237738e-02
7.750613845038026306e-02
6.967747574621846463e-02
6.280680079877343225e-02
5.706502699059167599e-02
5.216487009384577350e-02
4.776299324818023689e-02
4.389545725334216553e-02
4.057161233009632523e-02
3.759608666203524685e-02
3.489305704322348545e-02
3.251229266053796974e-02
3.039420556040784913e-02
2.844646977554379091e-02
2.668156996425011945e-02
2.510592154587925132e-02
2.365950369026180097e-02
2.232090597477596333e-02
2.110917251514922086e-02
2.000212182358693247e-02
1.896798217421727384e-02
1.801461065762515606e-02
1.714335981250524055e-02
1.632975614500012385e-02
1.556797009654229888e-02
1.486644832491238258e-02
1.421394441065337334e-02
1.359789060924602132e-02
1.302352179035022074e-02
1.249014795704268647e-02
1.198609492875529758e-02
1.151040960076970231e-02
1.106413358844596240e-02
1.064927432469226290e-02
1.024766427122894043e-02
9.878534474014419309e-03
9.526567184857269791e-03
9.186231179333061853e-03
8.877304178397315074e-03
8.569026707043615049e-03
8.294105811630241715e-03
8.018301403692126850e-03
7.764516167806813536e-03
7.518520416343921903e-03
7.287478576972691857e-03
7.061166098813992376e-03
6.846373961713278673e-03
6.648308795584069453e-03
6.463448540572448893e-03
6.277082960262428402e-03
6.096063367413291287e-03
5.918099199836984216e-03
5.771154166221548372e-03
5.593284084364548783e-03
5.474803071791007475e-03
5.308623463452556007e-03
5.186142208599800983e-03
5.043681331620553446e-03
4.927573204285721348e-03
4.794394422850003709e-03
4.691627168185406871e-03
4.545287431538261140e-03
4.480241078535110964e-03
4.240792495467446757e-03
4.267482802780701683e-03
4.139156327135739243e-03
4.063357949857549466e-03
3.971327596661374144e-03
3.879134971788792460e-03
3.782091386081105899e-03
3.717422081323772977e-03
3.630617163081694462e-03
3.562515880186845323e-03
3.484015529944524923e-03
3.417739571948652869e-03
3.308256229379657066e-03
3.318158008384876866e-03
3.162956114985430219e-03
3.264142346332924403e-03
3.052765330765944401e-03
3.051542878970848333e-03
2.933671713225559016e-03
3.025092422828404726e-03
2.837608810150448174e-03
2.856436894198620055e-03
2.744080059019654485e-03
2.708070119489734869e-03
2.638197714718922178e-03
