0.000000000000000000e+00
0.000000000000000000e+00
0.000000000000000000e+00
0.000000000000000000e+00
0.000000000000000000e+00
0.000000000000000000e+00
0.000000000000000000e+00
0.000000000000000000e+00
0.000000000000000000e+00
0.000000000000000000e+00
0.000000000000000000e+00
0.000000000000000000e+00
0.000000000000000000e+00
0.000000000000000000e+00
0.000000000000000000e+00
0.000000000000000000e+00
0.000000000000000000e+00
0.000000000000000000e+00
0.000000000000000000e+00
0.000000000000000000e+00
5.606716280571523783e-03
7.030986679252233806e-03
7.769604185956921136e-03
8.062994121123679206e-03
8.227787095636020231e-03
8.138913081151154597e-03
8.014272267269278993e-03
7.891228866445807594e-03
7.714443132869454670e-03
7.486235408290230556e-03
7.245126872323789761e-03
7.017461513978659124e-03
6.806398260081608989e-03
6.603282692418051963e-03
6.399948468751059591e-03
6.194163743406332079e-03
5.988888373047309560e-03
5.788543874314835101e-03
5.595780204718448642e-03
5.411101606298688096e-03
5.234905618703902114e-03
5.068879327832542456e-03
4.917649270012842445e-03
4.770754222261769199e-03
4.638469865668691343e-03
4.502016610596687105e-03
4.375098674501580465e-03
4.254397038755884826e-03
4.139714957990362453e-03
4.025825862086211682e-03
3.915982398831380391e-03
3.802434784970718136e-03
3.708942221456511344e-03
3.604014866215787035e-03
3.514194934188528616e-03
3.416792660774063163e-03
3.333709743003782436e-03
3.244836218411868960e-03
3.170258457697783770e-03
3.082921045596715825e-03
3.017216681862408198e-03
2.942048570412993374e-03
2.877081109720008769e-03
2.809652959594318225e-03
2.746928925549443987e-03
2.678313529488963399e-03
2.630087088528106857e-03
2.560050207970762052e-03
2.522893072188771030e-03
2.458279100475314546e-03
2.421485999365418241e-03
2.358946970138683583e-03
2.324275557021273936e-03
2.269655144658827214e-03
2.236703130086430819e-03
2.181516806872944858e-03
2.170477489934151492e-03
2.104841688568896436e-03
2.083011358373330207e-03
2.034681017716309312e-03
1.998248300048933394e-03
1.953615565528304433e-03
1.926800972142651966e-03
1.886702449503371891e-03
1.869514699073571455e-03
1.825865065944213932e-03
1.800713388335000451e-03
1.771769181844809905e-03
1.730484811191070277e-03
1.710688152302606863e-03
1.695028010516409040e-03
1.662403956566917487e-03
1.639628039260379632e-03
1.597109760165295496e-03
1.596326860587355409e-03
1.540542292745429240e-03
1.541309368161052464e-03
1.487023665415368717e-03
1.482364630609324862e-03
1.444346743867536576e-03
