4.398965331283180916e-03
5.758226668265916531e-03
6.869964188536680297e-03
7.500889771741919669e-03
8.615650408786985903e-03
8.710029882863679074e-03
9.535271549912327158e-03
9.237743224160753844e-03
1.005286859542691043e-02
1.010164534660068676e-02
1.000241253886620385e-02
1.044325844978359619e-02
1.047249711144822640e-02
1.016257480906720446e-02
1.023031074181800226e-02
1.049715065835955113e-02
1.057202496530171634e-02
1.032339895435463797e-02
1.008793604854373374e-02
1.008661858301952534e-02
1.023591160917743104e-02
1.031776169963243353e-02
1.026101192915619860e-02
1.002679871986883291e-02
9.816241990009235904e-03
9.616940694665851788e-03
9.555057079228941597e-03
9.601323106850436634e-03
9.598020782030890208e-03
9.564199115622246811e-03
9.442592938112509202e-03
9.076395096318827169e-03
9.037469257558036762e-03
8.785630582130998789e-03
8.661519665685908642e-03
8.520681091060040152e-03
8.481992395992140818e-03
8.468958775885845544e-03
8.478687406987107586e-03
8.297117953607366370e-03
8.307049546383884694e-03
8.134263039346166166e-03
8.353827693165213897e-03
7.840475971521376763e-03
7.844186553483026292e-03
7.505788757932979616e-03
7.426500296084081673e-03
7.291405574361331868e-03
7.196612969828232280e-03
7.025904184328261338e-03
7.054867221083215359e-03
7.043401246174313055e-03
6.950705271017316826e-03
7.001485576046424103e-03
6.773017581345680896e-03
6.563227557556360059e-03
6.728051549011565026e-03
6.610966341782039540e-03
6.735816082386558885e-03
6.384272002063208842e-03
6.303794800699360698e-03
6.157812388376547423e-03
6.113568700332978889e-03
5.895917369475523612e-03
5.871001093300605780e-03
5.768500733173849079e-03
5.708141682774780200e-03
5.539872806873945635e-03
5.540734093217129612e-03
5.465745982259805763e-03
5.470971299505492276e-03
5.267913188085763913e-03
5.240365671988362825e-03
5.178962548403185338e-03
5.182023229305122644e-03
5.088704088883676778e-03
4.942369120376798215e-03
4.970287401601722679e-03
4.938405516174157114e-03
4.774620777518309538e-03
4.839885020073364345e-03
4.807157648498192916e-03
4.791253111807767563e-03
4.732294950948264314e-03
4.656048359149860330e-03
4.599055061166344022e-03
4.595062715590684382e-03
4.531423643177029566e-03
4.424862591454852001e-03
4.331416435519984919e-03
4.408192824163630584e-03
4.259391095255948487e-03
4.207565399189166881e-03
4.127261668588420862e-03
4.091790649393215948e-03
4.058987037874050262e-03
3.933956025451844363e-03
3.969418491892641801e-03
3.770019321611557152e-03
3.946322508924460237e-03
