2.866547860715118468e-01
2.949683351983032886e-01
3.638706655883124919e-01
3.654979563592046787e-01
3.270402534564491592e-01
2.847722062206469174e-01
2.530087214351789959e-01
2.298365722725420890e-01
2.092561106457838660e-01
1.908095380641534333e-01
1.778452965111010642e-01
1.697727009519790220e-01
1.620623600941424602e-01
1.531381592862099406e-01
1.453886316447945415e-01
1.395771131055331959e-01
1.336630299305919811e-01
1.270203126957556439e-01
1.210933785444079647e-01
1.161142276986869282e-01
1.109584308524996371e-01
1.056311895618951557e-01
1.009514699247396480e-01
9.672527529935778801e-02
9.237019609620347738e-02
8.816435325992369454e-02
8.445944913564704115e-02
8.092661006984222527e-02
7.737330636236255943e-02
7.409294976406544109e-02
7.112273216242184781e-02
6.820144146922996198e-02
6.536767938325545313e-02
6.279510512949501577e-02
6.037333238034117699e-02
5.798543044400333857e-02
5.574517728821105217e-02
5.365951659816792924e-02
5.169224418296671647e-02
4.972823250847560606e-02
4.797785465806826688e-02
4.629534724535268320e-02
4.461664519612287827e-02
4.308792245759918843e-02
4.160826824553628261e-02
4.026022389775166244e-02
3.892009554005682048e-02
3.763095392045663623e-02
3.642467170160593182e-02
3.527440975684821567e-02
3.414874078344370956e-02
3.308118283907822421e-02
3.208063050494416174e-02
3.107532399963919278e-02
3.023027785038576165e-02
2.936478869023094115e-02
2.844678577805320047e-02
2.768847435216071490e-02
2.683733386931682480e-02
2.621541832254046731e-02
2.539466294129805179e-02
2.477928320585624788e-02
2.408415628608872802e-02
2.346253993504581956e-02
2.282916287848820239e-02
2.229274084124234154e-02
2.155457812791691449e-02
2.122003176919775441e-02
1.976508198665026528e-02
2.020666470099558368e-02
1.964082893048129178e-02
1.914603254709002292e-02
1.879549146524541262e-02
1.820678324283581812e-02
1.782753278905795449e-02
1.746378105348522433e-02
1.705425064312902916e-02
1.670419861307798071e-02
1.630871072906176639e-02
1.595168530069076065e-02
1.540067154754407551e-02
1.548913891247956018e-02
1.473177157097839592e-02
1.523835192499078256e-02
1.422342532675269222e-02
1.420314825724266691e-02
1.370378570732469145e-02
1.400395317871945718e-02
1.310847491650548972e-02
1.315477553531776457e-02
1.263681878554985365e-02
1.246962827240525110e-02
1.218244226150242207e-02
1.197455140931933532e-02
1.173834229874758800e-02
1.158600589363064856e-02
1.117479442216252374e-02
1.116078395704937602e-02
1.088881947302242949e-02
1.079233215379051675e-02
