8.584981603774318945e-04
1.233742937211180536e-03
1.579120873699935580e-03
1.743106539495779990e-03
1.898658231850739895e-03
2.064842192507130355e-03
2.182146166527353798e-03
2.231637486391038414e-03
2.363646190109073078e-03
2.455689648024829592e-03
2.486097910376728042e-03
2.599330028097506917e-03
2.614274661387479704e-03
2.660654751375232576e-03
2.764613868859595348e-03
2.736094859624701829e-03
2.818497956938232317e-03
2.831700149589612761e-03
2.846168309750319626e-03
2.945407470144030624e-03
2.875927931340158984e-03
2.893504171495021610e-03
2.922329706810938756e-03
2.982560552181608149e-03
2.915451368897479731e-03
2.916616777318245275e-03
2.965734109574214971e-03
3.029205417930010569e-03
2.914211392087550246e-03
2.972334882979684248e-03
2.982670039030518600e-03
2.999669707363397404e-03
3.011600831046593648e-03
2.945019301831514318e-03
2.882572125572337163e-03
2.917144621250755687e-03
2.967832598889641547e-03
2.954139135813201554e-03
2.984311632594618957e-03
2.973125818897278620e-03
2.881311392685776806e-03
2.860185543681896276e-03
2.866211805819726503e-03
2.870075013061653465e-03
2.870434727147959299e-03
2.842177257198180273e-03
2.769035884536794490e-03
2.795874301078452376e-03
2.766316230913115886e-03
2.801168070407384497e-03
2.799649705663515009e-03
2.867394030502377206e-03
2.772147003951443752e-03
2.709307393587142686e-03
2.644122342575776826e-03
2.622696012849740684e-03
2.612117562086522030e-03
2.555088184893501181e-03
2.600419925185402763e-03
2.609912761545121057e-03
2.628032190535724982e-03
2.574563906467967726e-03
2.537189402194089255e-03
2.531150771349073830e-03
2.484540328620474074e-03
2.469007101736148211e-03
2.496187388942746905e-03
2.435368408789835570e-03
2.436641714858694616e-03
2.391798284148041569e-03
2.431975760826169709e-03
2.412836178443042694e-03
2.366317525918202810e-03
2.370316255555855907e-03
2.362680729978043105e-03
2.305747348715800945e-03
2.319749755296101994e-03
2.261848718771139292e-03
2.290189320557692136e-03
2.229202289140076905e-03
2.258474734164135200e-03
2.234384682769283668e-03
2.247620899945910848e-03
2.219761948403161777e-03
2.184396654524102359e-03
2.219700705368212422e-03
2.083439545939762879e-03
2.262443807992642678e-03
2.050627112269404022e-03
2.196590861365563078e-03
2.059884475429388673e-03
2.043317473392434851e-03
2.053360879792301245e-03
2.013343891309232487e-03
1.971942368057788639e-03
2.000038417497187852e-03
1.990929433984676110e-03
1.922231586112104320e-03
1.937981086369972017e-03
1.992557561328105794e-03
