2.548786609322506880e-03
3.332297085815081727e-03
3.948952528346014006e-03
4.457497865717736582e-03
5.064429391068320588e-03
5.351506659262681570e-03
5.479593284381293304e-03
5.881977275840944742e-03
5.901480465985361155e-03
6.218684419801927959e-03
6.245944376167672334e-03
6.236487614255280948e-03
6.604016675636299391e-03
6.583636522040622885e-03
6.482299645236273659e-03
6.659446854003596428e-03
6.754974118590913526e-03
6.586212023175021940e-03
6.534712807647031531e-03
6.634573397524375776e-03
6.768964913864843752e-03
6.688728064800686206e-03
6.548721416350432832e-03
6.473672713959838926e-03
6.575876931665716393e-03
6.653589899610663425e-03
6.664010810226099479e-03
6.436830674426719488e-03
6.439369848560002121e-03
6.287887600920747007e-03
6.318946808442589547e-03
6.275013411045187763e-03
6.318287393851843188e-03
6.259621440926491434e-03
6.218285586962518999e-03
6.046800378653505864e-03
6.042217425766487071e-03
5.816625715862997099e-03
5.966316236584522960e-03
5.853293074982145357e-03
5.853448371832587101e-03
5.823940747350905660e-03
5.800699127409867685e-03
5.749018489822644955e-03
5.719769625282256076e-03
5.616594000368612186e-03
5.477544185728373642e-03
5.331148250005811155e-03
5.254461983289047608e-03
5.250777257143035039e-03
5.236792680423918260e-03
5.193561170529566347e-03
5.182935590465539803e-03
5.044841654407656098e-03
5.044128135756119173e-03
4.993692822150520502e-03
5.013888781604838342e-03
4.842756760730132677e-03
4.907645888168556472e-03
4.772509198270974591e-03
4.770073934456483221e-03
4.547973652834838565e-03
4.562168679694498727e-03
4.526318832614126611e-03
4.505021447465096772e-03
4.386172719504337000e-03
4.302757955855251656e-03
4.301723189822087220e-03
4.319754485477343524e-03
4.282331183963756886e-03
4.203488694718676699e-03
4.184721374461875323e-03
4.175251856021102576e-03
4.119367928688963051e-03
4.100769462467076555e-03
4.006847853195515986e-03
4.006466905771072055e-03
3.946273445328732365e-03
3.861807915215266073e-03
3.878813589945140968e-03
3.741729061953309732e-03
3.687503149233438068e-03
3.710755031680933094e-03
3.704098482309847295e-03
3.596063030375389741e-03
3.533802418498611583e-03
3.502272852353114155e-03
3.428781161290309337e-03
3.424371461236164552e-03
3.434604732085965589e-03
3.403294422114556701e-03
3.365096140499393516e-03
3.343686388324628757e-03
3.362628073362326948e-03
3.249739395893348239e-03
3.313906448156474314e-03
3.241512437133838888e-03
3.287815571846871426e-03
3.218151005834435190e-03
3.172385884601877648e-03
