8.892847821354152416e+00
3.178184374534023693e+00
1.455845181471520089e+00
8.912660767095643699e-01
6.222057535629583747e-01
4.470558466000234543e-01
3.380902655470889862e-01
2.696530919335672349e-01
2.190297763053296598e-01
1.805258827205113992e-01
1.526541996650129795e-01
1.310823284169418124e-01
1.132635863741766474e-01
9.908243945932354579e-02
8.775058476764029114e-02
7.809429699875861108e-02
6.990121732866218240e-02
6.312645147151496605e-02
5.729679248731447266e-02
5.215788159573876009e-02
4.775141738080095760e-02
4.393719640142661198e-02
4.051551806536870387e-02
3.748294216560040665e-02
3.482963069347425750e-02
3.243877789410629098e-02
3.026736066029134600e-02
2.833508092151770449e-02
2.659387585463577827e-02
2.499108767067430986e-02
2.353638694482815263e-02
2.222230895291107261e-02
2.100793098531389749e-02
1.988623979905063122e-02
1.886500086263398143e-02
1.792225184585476486e-02
1.704137376417244609e-02
1.622954185565340587e-02
1.548073353655510416e-02
1.477794794215937443e-02
1.412174163872781212e-02
1.351470244676513006e-02
1.294533048012128790e-02
1.240827645036837734e-02
1.190497562096009057e-02
1.143938092719785742e-02
1.099121084620301517e-02
1.057737282098580520e-02
1.018409461444205570e-02
9.804987596090122826e-03
9.464276144719955403e-03
9.124117630336063892e-03
8.817692031371981640e-03
8.515303334736032403e-03
8.237416188584508261e-03
7.968523870291637293e-03
7.714148322362376041e-03
7.466468836999906426e-03
7.231607913062096556e-03
7.014241623842663344e-03
6.812345036940652826e-03
6.609559855694679270e-03
6.417368724637752264e-03
6.224458729313361860e-03
6.061505641809059909e-03
5.879870342048800456e-03
5.732653078998008536e-03
5.560735957500301078e-03
5.434595915523885400e-03
5.284539964359023616e-03
5.148687327397346095e-03
5.013236458904092585e-03
4.888978601630321504e-03
4.733941475110001011e-03
4.659381698684380083e-03
4.413636373126490937e-03
4.440046360588032100e-03
4.322051560491390644e-03
4.219322899785023576e-03
4.141331877476045649e-03
4.031672447644006965e-03
3.932748107732289035e-03
3.858365679059744518e-03
3.777204316157330502e-03
3.698957409891398280e-03
3.610698637357739361e-03
3.537815592394177693e-03
3.424291742814309508e-03
3.429417514952008261e-03
3.274421883452715513e-03
3.376540195794345070e-03
3.161847746106177023e-03
3.141436431879631071e-03
3.032062164821452792e-03
3.116086670926076531e-03
2.933620724915158347e-03
2.954192784127967868e-03
2.816146127728845136e-03
2.795669547023786269e-03
2.718914428878792516e-03
