0.000000000000000000e+00
0.000000000000000000e+00
0.000000000000000000e+00
0.000000000000000000e+00
0.000000000000000000e+00
0.000000000000000000e+00
0.000000000000000000e+00
0.000000000000000000e+00
0.000000000000000000e+00
0.000000000000000000e+00
0.000000000000000000e+00
0.000000000000000000e+00
0.000000000000000000e+00
0.000000000000000000e+00
0.000000000000000000e+00
0.000000000000000000e+00
0.000000000000000000e+00
0.000000000000000000e+00
0.000000000000000000e+00
0.000000000000000000e+00
0.000000000000000000e+00
0.000000000000000000e+00
0.000000000000000000e+00
0.000000000000000000e+00
0.000000000000000000e+00
0.000000000000000000e+00
0.000000000000000000e+00
0.000000000000000000e+00
0.000000000000000000e+00
0.000000000000000000e+00
0.000000000000000000e+00
0.000000000000000000e+00
0.000000000000000000e+00
0.000000000000000000e+00
0.000000000000000000e+00
0.000000000000000000e+00
0.000000000000000000e+00
0.000000000000000000e+00
0.000000000000000000e+00
0.000000000000000000e+00
0.000000000000000000e+00
0.000000000000000000e+00
0.000000000000000000e+00
0.000000000000000000e+00
0.000000000000000000e+00
7.895950197581544545e-04
1.057438884265295490e-03
1.227399404085374648e-03
1.350561346918576237e-03
1.438298073174768292e-03
1.495729584297339574e-03
1.545744666133168528e-03
1.573079142307209867e-03
1.597520770421238800e-03
1.608856718710858277e-03
1.615309953783508005e-03
1.618298706964006435e-03
1.613010127319038350e-03
1.605644137444965170e-03
1.598112190789726522e-03
1.586670318551820216e-03
1.571546268308784315e-03
1.555868820480207828e-03
1.540861110091909687e-03
1.525166501028524333e-03
1.504896117740795987e-03
1.487090232625108135e-03
1.465674380899347363e-03
1.449418498080989057e-03
1.428345069625282021e-03
1.411087108027688896e-03
1.392031341861887060e-03
1.372549851488050459e-03
1.352449972307378416e-03
1.332961588373906582e-03
1.312071589126718703e-03
1.296669918769448619e-03
1.276484796744403348e-03
1.264843068790119521e-03
1.237551556068177544e-03
1.225396883555283749e-03
1.199760047724291769e-03
1.186973177093551433e-03
1.163306258492397861e-03
1.159690558277293214e-03
1.128707439023833624e-03
1.130225674751025346e-03
1.097864129381275920e-03
1.095135505457048514e-03
1.074614344001336525e-03
1.067397926709459264e-03
1.041037206912151774e-03
1.019155491960039000e-03
1.014531023157654770e-03
1.003139948870826427e-03
9.868910260772364475e-04
9.731504680563399885e-04
9.594016600048727202e-04
9.521046738940968333e-04
9.370211934615184108e-04
