6.300395996675681833e-86
2.355831444729577155e-65
3.765666840941567133e-54
1.105589263892034818e-46
3.274846929459540405e-41
5.686560625609485736e-37
1.461020222536864421e-33
9.579786687106411821e-31
2.267666189544430391e-28
2.447810109169151044e-26
1.420131832510981769e-24
4.991333283121856498e-23
1.162468642964684482e-21
1.921668886888042400e-20
2.379323567159752910e-19
2.302868020350735223e-18
1.803439045962406137e-17
1.175405043398599601e-16
6.525864402175870365e-16
3.146953822936456712e-15
1.339825686322280434e-14
5.106704269090586902e-14
1.763280099248471620e-13
5.572174357622087018e-13
1.625884418580755394e-12
4.414256456121633108e-12
1.122668354334585826e-11
2.690547319029866895e-11
6.107914784419170079e-11
1.319527884313040439e-10
2.723991062115350000e-10
5.393252304914325382e-10
1.027504342158726039e-09
1.889248830910288095e-09
3.361435660078743073e-09
5.801448861986908457e-09
9.733556516317373971e-09
1.590707541161224498e-08
2.536739059493954745e-08
3.954049451934737320e-08
6.033120791702257413e-08
9.023466138784902942e-08
1.324600048304674421e-07
1.910646627127675201e-07
2.710968662618194713e-07
3.787436439520639162e-07
5.214810071401494710e-07
7.082227365738955766e-07
9.494639774778091220e-07
1.257415793532018884e-06
1.646126913202446707e-06
2.131589118211055803e-06
2.731823059958943515e-06
3.466941727167851925e-06
4.359189305355599863e-06
5.432953742683631427e-06
6.714751943487511843e-06
8.233187127494788157e-06
1.001887849820899738e-05
1.210436393954563940e-05
1.452397698995673604e-05
1.731369981558947204e-05
2.051099430955690913e-05
2.415461377735956744e-05
2.828439792620512520e-05
3.294105405840714630e-05
3.816592747849020665e-05
4.400076416429368390e-05
5.048746872999141841e-05
5.766786063018651694e-05
6.558343142672320254e-05
7.427510577123861302e-05
8.378300855477613049e-05
9.414624044871610297e-05
1.054026638160565578e-04
1.175887007157521319e-04
1.307391444612862998e-04
1.448869859337452849e-04
1.600632555932959334e-04
1.762968818898033379e-04
1.936145665291689750e-04
2.120406768492753401e-04
2.315971553413689985e-04
2.523034461784387050e-04
2.741764384444607492e-04
2.972304256138091688e-04
3.214770807044857633e-04
3.469254464223801718e-04
3.735819395252706248e-04
4.014503685650129550e-04
4.305319641115014102e-04
4.608254205234550271e-04
4.923269483054370675e-04
5.250303360744348891e-04
5.589270211852868930e-04
5.940061679922593223e-04
6.302547528742904852e-04
6.676576550458091473e-04
7.061977522834085152e-04
7.458560207097937253e-04
7.866116378210093272e-04
8.284420879864666173e-04
8.713232696973800080e-04
9.152296038880101698e-04
9.601341427023248574e-04
1.006008678127224588e-03
1.052823849964016744e-03
1.100549252656729884e-03
1.149153540543025901e-03
1.198604531140981706e-03
1.248869306126638469e-03
1.299914309701664591e-03
1.351705444090018152e-03
1.404208161940030068e-03
1.457387555445299439e-03
1.511208442030975620e-03
1.565635446483428471e-03
1.620633079429363056e-03
1.676165812099612677e-03
1.732198147335064402e-03
1.788694686814995462e-03
1.845620231693320852e-03
1.902939695912061894e-03
1.960618378337720003e-03
2.018621873164753999e-03
2.076916153554954174e-03
2.135467616802646552e-03
2.194243126051894852e-03
2.253210048658128156e-03
2.312336291293157903e-03
2.371590331898695402e-03
2.430941248600133366e-03
2.490358745691734297e-03
2.549813176811448028e-03
2.609275565422861619e-03
2.668717622723004376e-03
2.728111763097007536e-03
2.787431117237536456e-03
2.846649543049175647e-03
2.905741634453000433e-03
2.964682728209468154e-03
3.023448908871862947e-03
3.082017011980835858e-03
3.140364625609858712e-03
3.198470090367497472e-03
3.256312497956930820e-03
3.313871688393298879e-03
3.371128245976448556e-03
3.428063494108221643e-03
3.484659489045264114e-03
3.540899012672647349e-03
3.596765564378748628e-03
3.652243352112538241e-03
3.707317282693588061e-03
3.761972951449540827e-03
3.816196631247534277e-03
3.869975260943159766e-03
3.923296433544388485e-03
3.976148383564581668e-03
4.028519974389204242e-03
4.080400685135499202e-03
4.131780597278673396e-03
4.182650381054645733e-03
4.233001281679690982e-03
4.282825105429086988e-03
4.332114205609223848e-03
4.380861468459631980e-03
4.429060299018017233e-03
4.476704606974024614e-03
4.523788792545228171e-03
4.570307732396552275e-03
4.616256765627603856e-03
4.661631679853052608e-03
4.706428697389151115e-03
4.750644461571784313e-03
4.794276023217934612e-03
4.837320827246644438e-03
4.879776699475128592e-03
4.921641833597669227e-03
4.962914778363551258e-03
5.003594424960705611e-03
5.043679994611209930e-03
5.083171026266697194e-03
5.122067365155583835e-03
5.160369150323059276e-03
5.198076803642199054e-03
5.235191018455274785e-03
5.271712748582875821e-03
5.307643197580026034e-03
5.342983808243388817e-03
5.377736252365521857e-03
5.411902420743878658e-03
5.445484413438561599e-03
5.478484530281874446e-03
5.510905261634856112e-03
5.542749279395292952e-03
5.574019428250132774e-03
5.604718717172463630e-03
5.634850311160845629e-03
5.664417523217194980e-03
5.693423806562543724e-03
5.721872747084301783e-03
5.749768056015477566e-03
5.777113562838633726e-03
5.803913208413765366e-03
5.830171038325480254e-03
5.855891196443428585e-03
5.881077918697125498e-03
5.905735527054712872e-03
5.929868423707551281e-03
5.953481085449993486e-03
5.976578058256997068e-03
5.999163952050381304e-03
6.021243435651600640e-03
6.042821231914475774e-03
6.063902113037238778e-03
6.084490896046535272e-03
6.104592438449509169e-03
6.124211634051424276e-03
6.143353408933448570e-03
6.162022717583612828e-03
6.180224539183584720e-03
6.197963874040609764e-03
6.215245740162826313e-03
6.232075169974853751e-03
6.248457207168375133e-03
6.264396885715178484e-03
6.279899298429348319e-03
6.294969487649418327e-03
6.309612513220324778e-03
6.323833432405141265e-03
6.337637297471059201e-03
6.351029153383183981e-03
6.364014035601449175e-03
6.376596967985835585e-03
6.388782960796056398e-03
6.400577008789785916e-03
6.411984089413054130e-03
6.423009161080941477e-03
6.433657136611807548e-03
6.443932980733250125e-03
6.453841561028196214e-03
6.463387744163297949e-03
6.472576370793473033e-03
6.481412253583668584e-03
6.489900176527493847e-03
6.498044893723424822e-03
6.505851128336737066e-03
6.513323571627966865e-03
6.520467015501081598e-03
6.527285820246917988e-03
6.533784707199615654e-03
6.539968231436839481e-03
6.545840912126669152e-03
6.551407231886689081e-03
6.556671636191052990e-03
6.561638532820577435e-03
6.566312291362019077e-03
6.570697242747385036e-03
6.574797678835194933e-03
6.578617852029173055e-03
6.582161974937637133e-03
6.585434220067848746e-03
6.588438719554532558e-03
6.591179564921717873e-03
6.593660806878186981e-03
6.595886455140120494e-03
6.597860478286094420e-03
6.599586803639135441e-03
6.601069317173437895e-03
6.602311863449521548e-03
6.603318245572220926e-03
6.604092225171413408e-03
6.604637522406153934e-03
6.604957815988759043e-03
6.605056743229538452e-03
6.604937900101212275e-03
6.604604841321477793e-03
6.604061080450229423e-03
6.603310090008401162e-03
6.602355301607482768e-03
6.601200106095719659e-03
6.599847853721763254e-03
6.598301854303370226e-03
6.596565377417682591e-03
6.594641652598769339e-03
6.592533869545088958e-03
6.590245178342205370e-03
6.587778689691205919e-03
6.585137475148842602e-03
6.582324567375614881e-03
6.579342960392650999e-03
6.576195609845095387e-03
6.572885433275254749e-03
6.569415310399112987e-03
6.565788083391566575e-03
6.562006557178621385e-03
6.558073499730763048e-03
6.553991642364164795e-03
6.549763680048028419e-03
6.545392271712486415e-03
6.540880040562388302e-03
6.536229574395202579e-03
6.531443425921089688e-03
6.526524113085073117e-03
6.521474119393440641e-03
6.516295894152074504e-03
6.510991853153640443e-03
6.505564378475348422e-03
6.500015819166382776e-03
6.494348491494525248e-03
6.488564679280190740e-03
6.482666634233621127e-03
6.476656576291409464e-03
6.470536693953426663e-03
6.464309144619276304e-03
6.457976054925890046e-03
6.451539521085303437e-03
6.445001609218715954e-03
6.438364355695545306e-03
6.431629767466261888e-03
6.424799822397611951e-03
6.417876469607453060e-03
6.410861629795566730e-03
6.403757195574377378e-03
6.396565031800938508e-03
6.389286975904232523e-03
6.381924838211892881e-03
6.374480402275836850e-03
6.366955425196335269e-03
6.359351637942305818e-03
6.351670745672504878e-03
6.343914428053355758e-03
6.336084339573432381e-03
6.328182109859805185e-03
6.320209343987640699e-03
6.312167622789129767e-03
6.304058503161943938e-03
6.295883518374140869e-03
6.287644178365194361e-03
6.279341970046597651e-03
6.270978357599831660e-03
6.262554782770731951e-03
6.254072665161284836e-03
6.245533402521565719e-03
6.236938371035650151e-03
6.228288925605733779e-03
6.219586400135064877e-03
6.210832107807262581e-03
6.202027341363286310e-03
6.193173373375519472e-03
6.184271456516413079e-03
6.175322823831834798e-03
6.166328689003202149e-03
6.157290246611577672e-03
6.148208672400293923e-03
6.139085123318739623e-03
6.129920738614839937e-03
6.120716638840752004e-03
6.111473926929066568e-03
6.102193688233309432e-03
6.092876990772209608e-03
6.083524885471308999e-03
6.074138406400633391e-03
6.064718571011316547e-03
6.055266380368131210e-03
6.045782819380080692e-03
6.036268857027965104e-03
6.026725446589924901e-03
6.017153525862747356e-03
6.007554017383100187e-03
5.997927828642389200e-03
5.988275852303977763e-03
5.978598966412860226e-03
5.968898034605389126e-03
5.959173906317168784e-03
5.949427416984063785e-03
5.939659388247845243e-03
5.929870628153515594e-03
5.920061931344254222e-03
5.910234079257047426e-03
5.900387840314567922e-03
5.890523970113495551e-03
5.880643211611386034e-03
5.870746295311700912e-03
5.860833939444958646e-03
5.850906850148652333e-03
5.840965721643047448e-03
5.831011236409274628e-03
5.821044065359289206e-03
5.811064868006327738e-03
5.801074292633812829e-03
5.791072976461711375e-03
5.781061545808787588e-03
5.771040616254281830e-03
5.761010792798013438e-03
5.750972670016996774e-03
5.740926832219417006e-03
5.730873853599893070e-03
5.720814298388252755e-03
5.710748720998750153e-03
5.700677666177975111e-03
5.690601669146012898e-03
5.680521255743895687e-03
5.670436942572848818e-03
5.660349237129989539e-03
5.650258637948150919e-03
5.640165634731622232e-03
5.630070708486908937e-03
5.619974331655400862e-03
5.609876968242119913e-03
5.599779073943243063e-03
5.589681096272591451e-03
5.579583474685947606e-03
5.569486640701780920e-03
5.559391018022089362e-03
5.549297022653876948e-03
5.539205063022707015e-03
5.529115540091108366e-03
5.519028847469943655e-03
5.508945371532063262e-03
5.498865491523234790e-03
5.488789579671036860e-03
5.478718001291052811e-03
5.468651114894244880e-03
5.458589272291142561e-03
5.448532818694685684e-03
5.438482092821702273e-03
5.428437426991226597e-03
5.418399147226393361e-03
5.408367573349139729e-03
5.398343019076182366e-03
5.388325792114493154e-03
5.378316194251943697e-03
5.368314521451613558e-03
5.358321063940802396e-03
5.348336106300029952e-03
5.338359927549319456e-03
5.328392801236827257e-03
5.318434995524132236e-03
5.308486773267878829e-03
5.298548392103089727e-03
5.288620104526044891e-03
5.278702157973139478e-03
5.268794794899751312e-03
5.258898252860069386e-03
5.249012764581277579e-03
5.239138558040378618e-03
5.229275856539638938e-03
5.219424878778439192e-03
5.209585838924793433e-03
5.199758946690639580e-03
5.189944407397973150e-03
5.180142422048485996e-03
5.170353187394369915e-03
5.160576896001963648e-03
5.150813736321584180e-03
5.141063892748517009e-03
5.131327545689415293e-03
5.121604871628440518e-03
5.111896043182706864e-03
5.102201229169378571e-03
5.092520594663786648e-03
5.082854301059003613e-03
5.073202506126367126e-03
5.063565364069096825e-03
5.053943025583963744e-03
5.044335637914549794e-03
5.034743344905962675e-03
5.025166287062581352e-03
5.015604601597448836e-03
5.006058422488214414e-03
4.996527880527195167e-03
4.987013103373792375e-03
4.977514215604226036e-03
4.968031338645874720e-03
4.958564727619477197e-03
4.949114226382998402e-03
4.939680082992271154e-03
4.930262407339493225e-03
4.920861306520399672e-03
4.911476884879788056e-03
4.902109244058039383e-03
4.892758483032508612e-03
4.883424698162580624e-03
4.874107983231333943e-03
4.864808429488965205e-03
4.855526125692267991e-03
4.846261158147272333e-03
4.837013610747963738e-03
4.827783565017193176e-03
4.818571100143893837e-03
4.809376293024197543e-03
4.800199218295976566e-03
4.791039948378164604e-03
4.781898553506703717e-03
4.772775101770920618e-03
4.763669659149004365e-03
4.754582289543011347e-03
4.745513054813508581e-03
