2.651102572233447131e-217
3.071838846249578491e-173
1.566836856581150438e-148
1.208206471869938098e-131
5.473446049359677805e-119
5.641796211941701581e-109
9.184808342341721103e-101
7.450186883036910521e-94
6.286548247293148574e-88
9.091873520879591040e-83
3.210227731054526407e-78
3.587185240864020778e-74
1.542838327696496896e-70
2.970833965673933533e-67
2.884817423744703264e-64
1.553934825748408937e-61
5.017090997634538680e-59
1.034778910115341320e-56
1.437619222433667559e-54
1.406659298291363387e-52
1.006667348178299148e-50
5.441928384760946743e-49
2.284836376693614438e-47
7.632139849636170850e-46
2.071273087538711612e-44
4.651708251294987797e-43
8.786254556141592371e-42
1.415903538370818783e-40
1.971658261881491400e-39
2.399557403294132118e-38
2.578399066338614321e-37
2.468645283424786342e-36
2.123420330971547819e-35
1.653173831770448279e-34
1.172847191091817567e-33
7.629104481740932230e-33
4.575597847619007299e-32
2.543240635853138338e-31
1.316219965153131955e-30
6.370003364129564963e-30
2.894274242668614594e-29
1.239116703019378447e-28
5.015557875923626295e-28
1.925363783280453829e-27
7.029837209057621990e-27
2.447815239321367461e-26
8.148780635683843502e-26
2.599513121439466923e-25
7.963667401098125461e-25
2.347629869287051464e-24
6.672028182793396991e-24
1.831308452133618960e-23
4.862456569942586792e-23
1.250867233930695109e-22
3.122176597793996417e-22
7.571571530190047136e-22
1.786295694291672029e-21
4.104718300698634813e-21
9.197500746071620071e-21
2.011771155593927201e-20
4.299811227163638182e-20
8.988720366170577010e-20
1.839573228459722904e-19
3.688748666912152463e-19
7.253310186953323522e-19
1.399660572199590106e-18
2.652500342785991288e-18
4.940095053176252866e-18
9.047907509546621744e-18
1.630668702773594099e-17
2.893653720611756987e-17
5.058673863157808812e-17
8.717068634178656134e-17
1.481396332331241049e-16
2.484002712403133342e-16
4.111649466278086665e-16
6.721362434766259705e-16
1.085578076379633249e-15
1.733023366759923724e-15
2.735625864867493256e-15
4.271494913174748840e-15
6.599773448809050898e-15
1.009375029228644030e-14
1.528595927770134031e-14
2.292903409507388572e-14
3.407708535543604776e-14
5.019357417507461331e-14
7.329310537073252711e-14
1.061262856958426725e-13
1.524188221481883347e-13
2.171784065477761130e-13
3.070856795037496698e-13
4.309887228089692899e-13
6.005241256278229239e-13
8.308917351617740697e-13
1.141814761510993578e-12
1.558721978991880917e-12
2.114194365993575098e-12
2.849724659273041974e-12
3.817844965022752087e-12
5.084684757722041226e-12
6.733029288502430650e-12
8.865956586826825198e-12
1.161113983097589246e-11
1.512591083115701972e-11
1.960318964941521562e-11
2.527839489719853282e-11
3.243745891744247643e-11
4.142608177609806624e-11
5.266036765115886667e-11
6.663899669978901200e-11
8.395709468302037950e-11
1.053219714036624571e-10
1.315709072330141721e-10
1.636911745295298520e-10
2.028424874507242682e-10
2.503820793923504637e-10
3.078926119232174166e-10
3.772131244138069783e-10
4.604732226471423477e-10
5.601307428773344188e-10
6.790130662805269977e-10
8.203623147699133246e-10
9.878846207052455142e-10
1.185803667937481175e-09
1.418918692141192226e-09
1.692667118582004704e-09
2.013192003781394101e-09
2.387414434009734667e-09
2.823111018170797380e-09
3.328996595487272466e-09
3.914812259527658555e-09
4.591418795108256394e-09
5.370895497095869315e-09
6.266644624394291629e-09
7.293501218301498916e-09
8.467848475009321709e-09
9.807738550476657285e-09
1.133301874070879451e-08
1.306546293917540303e-08
1.502890824419165667e-08
1.724939655992041115e-08
1.975532100539350575e-08
2.257757691674751016e-08
2.574971719900783802e-08
2.930811175531485895e-08
3.329211069379170359e-08
3.774421098528332014e-08
4.271022621941165846e-08
4.823945908169724438e-08
5.438487615102850943e-08
6.120328459521720555e-08
6.875551032194288294e-08
7.710657712404099142e-08
8.632588634155628016e-08
9.648739654838518681e-08
1.076698027588041893e-07
1.199567146385982178e-07
1.334368331978923955e-07
1.482041254353750920e-07
1.643579964018435546e-07
1.820034581475662013e-07
2.012512950198147390e-07
2.222182247794047022e-07
2.450270550104348391e-07
2.698068343046010502e-07
2.966929977108198958e-07
3.258275059525440849e-07
3.573589779284490791e-07
3.914428160272408055e-07
4.282413238048372698e-07
4.679238155904619483e-07
5.106667176090816014e-07
5.566536602285298468e-07
6.060755609637381780e-07
6.591306978937992647e-07
7.160247731754434774e-07
7.769709663569606070e-07
8.421899772330507612e-07
9.119100580002674140e-07
9.863670345057642711e-07
1.065804316410898450e-06
1.150472896118480402e-06
1.240631336343954657e-06
1.336545746238717774e-06
1.438489746005408455e-06
1.546744419969991460e-06
1.661598258117415002e-06
1.783347086093523299e-06
1.912293983757679205e-06
2.048749192344085224e-06
2.193030010349914208e-06
2.345460678284382958e-06
2.506372252436511633e-06
2.676102467849199066e-06
2.854995590706696183e-06
3.043402260365842100e-06
3.241679321285658976e-06
3.450189645126714477e-06
3.669301943313997782e-06
3.899390570372851815e-06
4.140835318367836574e-06
4.394021202784189271e-06
4.659338240212763055e-06
4.937181218211735559e-06
5.227949457721556558e-06
5.532046568434501730e-06
5.849880197518942090e-06
6.181861772110941706e-06
6.528406235991390124e-06
6.889931780875111633e-06
7.266859572742982711e-06
7.659613473646847260e-06
8.068619759424984722e-06
8.494306833764969688e-06
8.937104939053355213e-06
9.397445864438428009e-06
9.875762651576805402e-06
1.037248929841976257e-05
1.088806046156297497e-05
1.142291113750425946e-05
1.197747644203545254e-05
1.255219119435267561e-05
1.314748969397704710e-05
1.376380540311823866e-05
1.440157064879434807e-05
1.506121632629973874e-05
1.574317160439461593e-05
1.644786363257335395e-05
1.717571725076015219e-05
1.792715470177995722e-05
1.870259534693051836e-05
1.950245538496833822e-05
2.032714757482379094e-05
2.117708096233021436e-05
2.205266061125149102e-05
2.295428733888243151e-05
2.388235745646905982e-05
2.483726251468888042e-05
2.581938905444333278e-05
2.682911836314788616e-05
2.786682623674895462e-05
2.893288274765744219e-05
3.002765201874908703e-05
3.115149200363907675e-05
3.230475427335848795e-05
3.348778380956003514e-05
3.470091880443085697e-05
3.594449046735350556e-05
3.721882283850265157e-05
3.852423260938878092e-05
3.986102895048770824e-05
4.122951334588546808e-05
4.262997943563232381e-05
4.406271286431322605e-05
4.552799113787918005e-05
4.702608348730802286e-05
4.855725073962231873e-05
5.012174579291309303e-05
5.171981114379198361e-05
5.335168227619045786e-05
5.501758525796938526e-05
5.671773721772959071e-05
5.845234625948250089e-05
6.022161138446153572e-05
6.202572242004953892e-05
6.386485995573060528e-05
6.573919528602109358e-05
6.764889036025884157e-05
6.959409773923383230e-05
7.157496055852996335e-05
7.359161249849222660e-05
7.564417776070957698e-05
7.773277105095082362e-05
7.985749756840363866e-05
8.201845300110610876e-05
8.421572352748348325e-05
8.644938582386813269e-05
8.871950707779456438e-05
9.102614500712922108e-05
9.336934788467728954e-05
9.574915456831082218e-05
9.816559453640341854e-05
1.006186879284613387e-04
1.031084455907556075e-04
1.056348691269516404e-04
1.081979509534301311e-04
1.107976743592659281e-04
1.134340135706964992e-04
1.161069338199074709e-04
1.188163914180452964e-04
1.215623338322553633e-04
1.243446997666452104e-04
1.271634192469932572e-04
1.300184137091385896e-04
1.329095960907735407e-04
1.358368709265653413e-04
1.388001344465728925e-04
1.417992746776356870e-04
1.448341715476508839e-04
1.479046969927257137e-04
1.510107150668707119e-04
1.541520820542397158e-04
1.573286465837220381e-04
1.605402497458407931e-04
1.637867252115991811e-04
1.670678993534711627e-04
1.703835913681097801e-04
1.737336134008615426e-04
1.771177706718949447e-04
1.805358616037282021e-04
1.839876779500744823e-04
1.874730049261824399e-04
1.909916213400165757e-04
1.945432997246001575e-04
1.981278064713099083e-04
2.017449019637498485e-04
2.053943407126373761e-04
2.090758714910688444e-04
2.127892374702909748e-04
2.165341763559699452e-04
2.203104205246434919e-04
2.241176971598803037e-04
2.279557283915957999e-04
2.318242314291873323e-04
2.357229187008357874e-04
2.396514979896156763e-04
2.436096725699041124e-04
2.475971413436616093e-04
2.516135989761361918e-04
2.556587360313791529e-04
2.597322391069602915e-04
2.638337909684322375e-04
2.679630706829040513e-04
2.721197537519715656e-04
2.763035122440126562e-04
2.805140149253916430e-04
2.847509273911427849e-04
2.890139121944908067e-04
2.933026289753314043e-04
2.976167345878406477e-04
3.019558832270432787e-04
3.063197265540470613e-04
3.107079138203309478e-04
3.151200919906789683e-04
3.195559058649983684e-04
3.240149981987046476e-04
3.284970098218623134e-04
3.330015797572007216e-04
3.375283453363362666e-04
3.420769423148809331e-04
3.466470049860406635e-04
3.512381662928347817e-04
3.558500579386730681e-04
3.604823104965180049e-04
3.651345535166009666e-04
3.698064156325234914e-04
3.744975246656428568e-04
3.792075077283463486e-04
3.839359913251569074e-04
3.886826014526887632e-04
3.934469636978133768e-04
3.982287033339975248e-04
4.030274454165919855e-04
4.078428148760171977e-04
4.126744366091770078e-04
4.175219355696939980e-04
4.223849368562709872e-04
4.272630657993147733e-04
4.321559480460573878e-04
4.370632096438921031e-04
4.419844771220961472e-04
4.469193775689234952e-04
4.518675387223480377e-04
4.568285890284080235e-04
4.618021577285340447e-04
4.667878749302737133e-04
4.717853716788916133e-04
4.767942800278320882e-04
4.818142331072349633e-04
4.868448651909941007e-04
4.918858117623660505e-04
4.969367095777208138e-04
5.019971967287276127e-04
5.070669127031888785e-04
5.121454984441641814e-04
5.172325964076245237e-04
5.223278506184772952e-04
5.274309067249553827e-04
5.325414120520300656e-04
5.376590156527830079e-04
5.427833683583672703e-04
5.479141228268693750e-04
5.530509335902217575e-04
5.581934571001568928e-04
5.633413517724218189e-04
5.684942780297842085e-04
5.736518983433451339e-04
5.788138772728113231e-04
5.839798815055927909e-04
5.891495798938356076e-04
5.943226434907175181e-04
5.994987455853685761e-04
6.046775617365370307e-04
6.098587698045376208e-04
6.150420499827305171e-04
6.202270848270003464e-04
6.254135592845612738e-04
6.306011607213333255e-04
6.357895789481320505e-04
6.409785062455573574e-04
6.461676373885356234e-04
6.513566696684955316e-04
6.565453029151650886e-04
6.617332395176944845e-04
6.669201844435202354e-04
6.721058452574586338e-04
6.772899321387074482e-04
6.824721578975140139e-04
6.876522379910049096e-04
6.928298905367767570e-04
6.980048363272693809e-04
7.031767988420016807e-04
7.083455042590550664e-04
7.135106814663810370e-04
7.186720620709651820e-04
7.238293804083220824e-04
7.289823735505893132e-04
7.341307813134217769e-04
7.392743462630631951e-04
7.444128137216931770e-04
7.495459317723184890e-04
7.546734512629975399e-04
7.597951258101684480e-04
7.649107118013953252e-04
7.700199683970769798e-04
7.751226575319826884e-04
7.802185439154869263e-04
7.853073950316497064e-04
7.903889811383158241e-04
7.954630752658042739e-04
8.005294532145289677e-04
8.055878935529514357e-04
8.106381776138242828e-04
8.156800894904383311e-04
8.207134160324073505e-04
8.257379468405605990e-04
8.307534742616297981e-04
8.357597933821105975e-04
8.407567020217491215e-04
8.457440007266993527e-04
8.507214927619252600e-04
8.556889841033548608e-04
8.606462834293815943e-04
8.655932021120770793e-04
8.705295542078743485e-04
8.754551564481309524e-04
8.803698282286870087e-04
8.852733915998126958e-04
8.901656712551287917e-04
8.950464945201464396e-04
8.999156913412832042e-04
9.047730942736927941e-04
9.096185384688295879e-04
9.144518616622713094e-04
9.192729041605926998e-04
9.240815088281640558e-04
9.288775210740634995e-04
9.336607888380461014e-04
9.384311625767336384e-04
9.431884952490152694e-04
9.479326423021448107e-04
9.526634616565329578e-04
9.573808136909462991e-04
9.620845612274520845e-04
9.667745695158175322e-04
9.714507062181434310e-04
9.761128413929369939e-04
9.807608474791712667e-04
9.853945992804732327e-04
9.900139739481613604e-04
9.946188509654691617e-04
9.992091121307860278e-04
1.003784641540369626e-03
1.008345325572200610e-03
1.012891052868725812e-03
1.017421714319472186e-03
1.021937203044277027e-03
1.026437414375458261e-03
1.030922245840694028e-03
1.035391597145655929e-03
1.039845370155658040e-03
1.044283468878936996e-03
1.048705799448143355e-03
1.053112270102834341e-03
1.057502791171484107e-03
1.061877275053532167e-03
1.066235636194117365e-03
1.070577791095601861e-03
1.074903658254812086e-03
