3.969339197721763988e-03
5.787667033965779306e-02
1.638878998148970978e-01
2.709698245852433796e-01
3.524128718780855651e-01
4.046910104849521517e-01
4.330346495302166976e-01
4.440896802903843144e-01
4.434844167672805648e-01
4.353959563314908632e-01
4.227439340698210257e-01
4.075038290334135338e-01
3.909841031880036955e-01
3.740356928323996799e-01
3.572005957307686774e-01
3.408141139054601254e-01
3.250742129244693635e-01
3.100882058072111924e-01
2.959041486780472074e-01
2.825318661529684361e-01
2.699570509781167305e-01
2.581506709569708624e-01
2.470752602951556687e-01
2.366890639119472173e-01
2.269487621444898906e-01
2.178112009670756799e-01
2.092345130155354727e-01
2.011787529021130949e-01
1.936062598286458769e-01
1.864818176081143863e-01
1.797726896059722579e-01
1.734485694987763504e-01
1.674814825346723213e-01
1.618456575936368380e-01
1.565173848196139694e-01
1.514748672715032218e-01
1.466980753649795577e-01
1.421686047069498637e-01
1.378695294589609710e-01
1.337853073226615841e-01
1.299016271655577537e-01
1.262053194804290401e-01
1.226842532117273094e-01
1.193272449650396028e-01
1.161239762135715947e-01
1.130649179428126760e-01
1.101412621578488210e-01
1.073448596835910873e-01
1.046681637097592876e-01
1.021041785625522447e-01
9.964641592418235772e-02
9.728884198937588768e-02
9.502585489802620189e-02
9.285223963258476543e-02
9.076313892648860127e-02
8.875402452377884055e-02
8.682067101932552933e-02
8.495913203668498115e-02
8.316571850969514679e-02
8.143697891254941812e-02
7.976968113634472224e-02
7.816079600473971323e-02
7.660748216252778742e-02
7.510707226126150937e-02
7.365706028183327536e-02
7.225508994072987745e-02
7.089894402862179090e-02
6.958653462659153410e-02
6.831589411039373783e-02
6.708516687338525464e-02
6.589260170398239524e-02
6.473654475994730650e-02
6.361543308715897349e-02
6.252778863565237877e-02
6.147221273013805942e-02
6.044738095591870031e-02
5.945203842770134528e-02
5.848499540156129606e-02
5.754512321428516264e-02
5.663135051071979675e-02
5.574265974297486215e-02
5.487808391728192514e-02
5.403670356893086613e-02
5.321764394726395675e-02
5.242007239430147847e-02
5.164319590179396180e-02
5.088625883047318693e-02
5.014854079467935544e-02
4.942935466148220408e-02
4.872804470586813985e-02
4.804398487347472796e-02
4.737657715793049118e-02
4.672525008045801120e-02
4.608945726702719931e-02
4.546867611339523718e-02
4.486275406667764032e-02
4.427016978397463332e-02
4.369150736201206364e-02
4.312597996740617778e-02
4.257316652843568666e-02
4.203266328481347625e-02
4.150408291937794647e-02
4.098705376627109070e-02
4.048121901410581258e-02
3.998623600451450821e-02
3.950177554620277337e-02
3.902752127236386315e-02
3.856316903388839340e-02
3.810842632642287564e-02
3.766301174866414081e-02
3.722665558145862863e-02
3.679909496694762361e-02
3.638007991258842416e-02
3.596936857651199249e-02
3.556672791954666735e-02
3.517193302820309508e-02
3.478476788735794523e-02
3.440502332727389534e-02
3.403249781902369792e-02
3.366699687861836321e-02
3.330833307071927318e-02
3.295632451688921410e-02
3.261079642462892669e-02
3.227157963725313383e-02
3.193851068551423200e-02
3.161143153215426049e-02
3.129018943983161855e-02
3.097463662596614334e-02
3.066463015058307207e-02
3.036003170249185895e-02
3.006070741654560258e-02
2.976652769942002980e-02
2.947736706338971099e-02
2.919310396771632871e-02
2.891362066554413815e-02
2.863880306607020573e-02
2.836854058640132445e-02
2.810272602623854754e-02
2.784125544010532943e-02
2.758402801676398605e-02
2.733094596386942757e-02
2.708191439763730363e-02
2.683684123725212090e-02
2.659563710378298057e-02
2.635821522339209383e-02
2.612449133463008721e-02
2.589438359960412675e-02
2.566781251885952991e-02
2.544470084976769783e-02
2.522497352827789141e-02
2.500855759385493121e-02
2.479538211747537094e-02
2.458537813177713235e-02
2.437847856765174709e-02
2.417461818619244529e-02
2.397373352039834302e-02
2.377576281569687006e-02
2.358064597347130087e-02
2.338832449678763387e-02
2.319874143821064674e-02
2.301184134963528763e-02
2.282757023402373284e-02
2.264587549897647406e-02
2.246670591205775572e-02
2.229001155779295612e-02
2.211574379627058440e-02
2.194385522327714499e-02
2.177429963190457077e-02
2.160703197556205352e-02
2.144200833233566098e-02
2.127918590159492626e-02
2.111852284789800943e-02
2.095997845236765786e-02
2.080351296043780190e-02
2.064908758235014033e-02
2.049666446450176815e-02
2.034620669895740794e-02
2.019767814947426993e-02
2.005104364477268419e-02
1.990626880886166988e-02
1.976332007292917053e-02
1.962216465214432215e-02
1.948277052324627265e-02
1.934510640289936051e-02
1.920914172674386550e-02
1.907484662918351725e-02
1.894219192101167723e-02
1.881114908167217867e-02
1.868169022430966886e-02
1.855378808912212796e-02
1.842741602349962787e-02
1.830254789979173305e-02
1.817915835936343566e-02
1.805722241078165646e-02
1.793671559613917166e-02
1.781761420531150983e-02
1.769989482810585893e-02
1.758353462707407111e-02
1.746851125335263655e-02
1.735480283385908151e-02
1.724238795888439341e-02
1.713124567006671026e-02
1.702135544873797923e-02
1.691269720461628656e-02
1.680525126485567233e-02
1.669899836341736526e-02
1.659391963075668858e-02
1.648999658383389771e-02
1.638721111640808678e-02
1.628554548962645593e-02
1.618498232288882038e-02
1.608550458441521808e-02
1.598709590986007595e-02
1.588973929511043950e-02
1.579341902707576822e-02
1.569811938848398453e-02
1.560382497083340030e-02
1.551052066696245041e-02
1.541819166382890800e-02
1.532682343548573758e-02
1.523640173626283553e-02
1.514691259413903854e-02
1.505834230429542106e-02
1.497067742285344664e-02
1.488390476078538249e-02
1.479801137798787171e-02
1.471298457752433231e-02
1.462881190002275969e-02
1.454548111822619692e-02
1.446298023168919589e-02
1.438129746162059713e-02
1.430042124586392710e-02
1.422034023401176801e-02
1.414104328264890499e-02
1.406251945072720805e-02
1.398475799505471441e-02
1.390774836591034819e-02
1.383148020277148380e-02
1.375594333015200607e-02
1.368112775354948275e-02
1.360702365549867551e-02
1.353362139172266387e-02
1.346091148738962767e-02
1.338888463345795990e-02
1.331753168312161187e-02
1.324684364833917521e-02
1.317681169537852741e-02
1.310742714580814816e-02
1.303868146688450663e-02
1.297056627266753547e-02
1.290307331990863358e-02
1.283619450507427796e-02
1.276992186143911800e-02
1.270424755625359364e-02
1.263916388798093718e-02
1.257466328359729477e-02
1.251073829596462128e-02
1.244738160126224354e-02
1.238458599648068273e-02
1.232234439697717579e-02
1.226064983408955977e-02
1.220168009478821494e-02
1.213887450949535131e-02
1.207878036967551319e-02
1.201920650585950115e-02
1.196014649542845656e-02
1.190159401856847807e-02
1.184354285625162720e-02
1.178598688826173330e-02
1.172892009126928411e-02
1.167233653694931331e-02
1.161623039014164117e-02
1.156059590705554516e-02
1.150542743351235832e-02
1.145071940323114622e-02
1.139646633615200300e-02
1.134266283679618431e-02
1.128930359266400174e-02
1.123638337266898678e-02
1.118389702560681695e-02
1.113183947865777068e-02
1.108020573592359038e-02
1.102899087699422791e-02
1.097819005555125335e-02
1.092779849799474165e-02
1.087781150210553015e-02
1.082822443573626739e-02
1.077903273552839429e-02
1.073023190565864857e-02
1.068181751661163859e-02
1.063378520398178262e-02
1.058613066729469435e-02
1.053884966886075268e-02
1.049193803264942410e-02
1.044539164318731075e-02
1.039920644448018121e-02
1.035337843895704595e-02
1.030790368643982186e-02
1.026277830312882951e-02
1.021799846061379434e-02
1.017356038490508686e-02
1.012946035548148091e-02
1.008569470436244259e-02
1.004225981519590860e-02
9.999152122366981865e-03
9.956368110124262302e-03
9.913904311722482321e-03
9.871757308189423735e-03
9.829923729080234512e-03
9.788400249315954219e-03
9.747183589959851346e-03
9.706270517055443081e-03
9.665657840868445427e-03
9.625342415142908170e-03
9.585321136375788212e-03
9.545590943102283399e-03
9.506148815195868129e-03
9.466991773186737846e-03
9.428116877584538300e-03
9.389521228222732011e-03
9.351201963613565635e-03
9.313156260311396956e-03
9.275381332294448111e-03
9.237874430354574978e-03
9.200632841500057391e-03
9.163653888369635570e-03
9.126934928659161464e-03
9.090473354555143881e-03
9.054266592184948698e-03
9.018312101072744474e-03
8.982607373606062845e-03
8.947149934517846515e-03
8.911937340369661259e-03
8.876967179051408613e-03
8.842237069287862961e-03
8.807744660154420008e-03
8.773487630601015802e-03
8.739463688987800238e-03
8.705670572626417192e-03
8.672106047330957468e-03
8.638767906975985955e-03
8.605653973064987527e-03
8.572762094306903696e-03
8.540090146195286960e-03
8.507636030600614768e-03
8.475397675368827669e-03
8.443373033924774992e-03
8.411560084885470398e-03
8.379956831679059859e-03
8.348561302170535992e-03
8.317371548294504036e-03
8.286385645694081814e-03
8.255601693368086469e-03
8.225017813319855306e-03
8.194632150217946026e-03
8.164442871059364448e-03
8.134448164838457840e-03
8.104646242224868707e-03
8.075035335243518214e-03
8.045613696201056944e-03
8.016379600408733708e-03
7.987331341350486363e-03
7.958467233394935642e-03
7.929785610755246683e-03
7.901284827200413807e-03
7.872963255773642033e-03
7.844819288516140937e-03
7.816851336192909977e-03
7.789057828025918936e-03
7.761437636069579322e-03
7.733988391174218685e-03
7.706709440405532310e-03
7.679598390597355828e-03
7.652654198783517478e-03
7.625875398214299050e-03
7.599260542766370086e-03
7.572808198878152111e-03
7.546516409280126791e-03
7.520384286493822339e-03
7.494411016478321613e-03
7.468594689367551165e-03
7.442933951899142510e-03
7.417427465956102570e-03
7.392073908359128240e-03
7.366871970662649746e-03
7.341820358952296476e-03
7.316917793643892831e-03
7.292163009294539040e-03
7.267554754405563047e-03
7.243091791234975221e-03
7.218772895614787230e-03
7.194596856761889016e-03
7.170562477104126288e-03
7.146668572100443526e-03
7.122913970067356118e-03
7.099297512007003708e-03
7.075818051438181183e-03
7.052474454232168788e-03
7.029265598446989699e-03
7.006190374166791114e-03
6.983247683345300202e-03
6.960436439647587833e-03
6.937755568297769397e-03
6.915204005928366621e-03
6.892780700430249652e-03
6.870484610807490143e-03
6.848314707030677372e-03
6.826269969899312166e-03
6.804349390897683481e-03
6.782551972059408171e-03
6.760876725831950831e-03
6.739322674940297075e-03
6.717889007294301773e-03
6.696574456802446840e-03
6.675378230205587272e-03
6.654299390053597732e-03
6.633337008539574864e-03
6.612490167375635434e-03
6.591757957674602986e-03
6.571139479830859220e-03
6.550633843404943257e-03
6.530240167006953929e-03
6.509957578184280211e-03
6.489785213311672664e-03
6.469722217480260162e-03
6.449767744388273591e-03
6.429920956237148918e-03
6.410181023624936247e-03
6.390547125443319688e-03
6.371018448774563511e-03
6.351594188793566187e-03
6.332273548666712132e-03
6.313055739454280502e-03
6.293939980016703337e-03
6.274925496917514722e-03
6.256011524330757322e-03
6.237197303949586734e-03
6.218482084892847095e-03
6.199865123619200530e-03
6.181345683839334533e-03
6.162923036423894989e-03
6.144596459322641986e-03
6.126365237479198568e-03
6.108228662746500309e-03
6.090186033806114195e-03
6.072236656085940737e-03
6.054379841681339566e-03
6.036614909276259364e-03
6.018941184066909159e-03
6.001357997682343556e-03
5.983864688111212304e-03
5.966460599628312100e-03
5.949145082718621316e-03
5.931917494007787894e-03
5.914777196187596085e-03
5.897723557948162179e-03
5.880755953908154386e-03
5.863873764546122073e-03
5.847076376132354092e-03
5.830363180662800557e-03
5.813733575794491695e-03
5.797186964779176867e-03
5.780722756400537114e-03
5.764340364909358548e-03
5.748039209964035667e-03
5.731818716567997282e-03
5.715678315008524552e-03
5.699617440798608256e-03
5.683635534615249021e-03
5.667732042245098023e-03
5.651906414524707906e-03
5.636158107284981733e-03
5.620486581293718947e-03
5.604891302201627304e-03
5.589371740490405201e-03
5.573927371156522405e-03
5.558557674691247744e-03
5.543262135486070469e-03
5.528040242806704987e-03
5.512891490485465409e-03
5.497815376873625703e-03
5.482811404788854974e-03
5.467879081467728539e-03
5.453017918518170484e-03
5.438227431870769520e-03
5.423507141730057532e-03
5.408856572533567511e-03
5.394275252900413743e-03
5.379762715587126619e-03
5.365318497446311570e-03
5.350942139378232071e-03
5.336633186291115695e-03
5.322391187054626230e-03
5.308215694459076858e-03
5.294106265176463932e-03
5.280062459712894785e-03
5.266083842372799514e-03
5.252169981216940273e-03
5.238320448022052919e-03
5.224534818243395211e-03
