8.217045975093691723e+00
4.978030443540696126e+00
3.353988902497765157e+00
2.441510219938995974e+00
1.880333258969351551e+00
1.510126005637536295e+00
1.251799520282114830e+00
1.063148948223399337e+00
9.201819562837734168e-01
8.085103057018949713e-01
7.190946525342631901e-01
6.460190629404820584e-01
5.852698380603787998e-01
5.340364302852217415e-01
4.902955479169859299e-01
4.525551075573945314e-01
4.196912917775566521e-01
3.908419070406246032e-01
3.653346600245613862e-01
3.426378499987233206e-01
3.223254862681199095e-01
3.040524481540570756e-01
2.875362623512998650e-01
2.725435710959807634e-01
2.588799947909511401e-01
2.463823672798121367e-01
2.349127349094648487e-01
2.243537530901032750e-01
2.146049807534504694e-01
2.055799752604534625e-01
1.972039579904371065e-01
1.894119295395256808e-01
1.821471366543775117e-01
1.753598191710803444e-01
1.690061727010384041e-01
1.630474954530968523e-01
1.574494724994167927e-01
1.521815781080242125e-01
1.472165721900115520e-01
1.425300750385010140e-01
1.381002045972190562e-01
1.339072690395623488e-01
1.299335019457507068e-01
1.261628353418289272e-01
1.225807037421566825e-01
1.191738745288985768e-01
1.159303207639207356e-01
1.128389922203653084e-01
1.098899044971602401e-01
1.070738394914493713e-01
1.043823622286763064e-01
1.018077146107533026e-01
9.934276308834161240e-02
9.698092940438081400e-02
9.471614023150431994e-02
9.254278018092804148e-02
9.045565003658520564e-02
8.844992924746974960e-02
8.652114260317353422e-02
8.466513017592278145e-02
8.287802038697558715e-02
8.115620575549228888e-02
7.949632102513540244e-02
7.789522345836644157e-02
7.634997491969652827e-02
7.485782573268183471e-02
7.341619998933145153e-02
7.202268220767996110e-02
7.067500519696562344e-02
6.937103898244886824e-02
6.810878072115558735e-02
6.688634547136060315e-02
6.570195775408810279e-02
6.455394382215651206e-02
6.344072456987898123e-02
6.236080902257688796e-02
6.131278835180918596e-02
6.029533036762124709e-02
5.930717444434742414e-02
5.834712684088252943e-02
5.741405637980600413e-02
5.650689045740950323e-02
5.562461134517301953e-02
5.476625277531332880e-02
5.393089676880788441e-02
5.311767069601262131e-02
5.232574454707356743e-02
5.155432839545431856e-02
5.080267003890194533e-02
5.007005280370657729e-02
4.935579349612782135e-02
4.865924050719268312e-02
4.797977201594212648e-02
4.731679433955594816e-02
4.666974037804786507e-02
4.603806816285457848e-02
4.542125949832678811e-02
4.481881868936746227e-02
4.423027135025035805e-02
4.365516328657333134e-02
4.309305944675433098e-02
4.254354293755191474e-02
4.200621409912953796e-02
4.148111998608711853e-02
4.096660179743920327e-02
4.046359760557945162e-02
3.997133815001215063e-02
3.948949787254227989e-02
3.901776394549268112e-02
3.855583565878453745e-02
3.810342488817965168e-02
3.766025141610926386e-02
3.722604858636500980e-02
3.680055873698875879e-02
3.638353375743050983e-02
3.597473465605038889e-02
3.557393115069202444e-02
3.518090128090808899e-02
3.479543104057096492e-02
3.441731402953870922e-02
3.404635110327785402e-02
3.368235013925518356e-02
3.332512562050669175e-02
3.297449843191091468e-02
3.263029557223197374e-02
3.229234989900674896e-02
3.196049988607613940e-02
3.163458939284260335e-02
3.131446742095383290e-02
3.099998800020776699e-02
3.069100984785590527e-02
3.038739627307848745e-02
3.008901497291327498e-02
2.979573786001641841e-02
2.950744089841353043e-02
2.922400394676427648e-02
2.894531060882628987e-02
2.867124809066080859e-02
2.840170706246061133e-02
2.813658153547765606e-02
2.787576872681759091e-02
2.761916894752006538e-02
2.736668548699263195e-02
2.711822450414828889e-02
2.687369492325289433e-02
2.663300833420295319e-02
2.639607889707876187e-02
2.616282325071847895e-02
2.593316042513098274e-02
2.570701175756381560e-02
2.548430081204928685e-02
2.526495330225877675e-02
2.504889701752174153e-02
2.483606175183889278e-02
2.462637923577414359e-02
2.441978307106327725e-02
2.421620866707240374e-02
2.401559318358072181e-02
2.381787546828340388e-02
2.362299600418009057e-02
2.343089685532843275e-02
2.324152161543107178e-02
2.305481535839206883e-02
2.287072459075968969e-02
2.268919720597118925e-02
2.251018244033288832e-02
2.233363083064248897e-02
2.215949417339175415e-02
2.198772548548547437e-02
2.181827896640860937e-02
2.165110996176505820e-02
2.148617492816289748e-02
2.132343139936001067e-02
2.116283795363048392e-02
2.100435418229976148e-02
2.084794065939947830e-02
2.069355891239559736e-02
2.054117139394990438e-02
2.039074145466484786e-02
2.024223335198694490e-02
2.009561208511692273e-02
1.995084357770257263e-02
1.980789451943977889e-02
1.966673237304233934e-02
1.952732539757977975e-02
1.938964245775432263e-02
1.925365325391066237e-02
1.911932813648964391e-02
1.898663812776348395e-02
1.885555490319633029e-02
1.872605077340343260e-02
1.859809866370676357e-02
1.847167210914380658e-02
1.834674522039094618e-02
1.822329267970823966e-02
1.810128972270927741e-02
1.798071212353866133e-02
1.786153611128842369e-02
1.774373863026991460e-02
1.762729691936222240e-02
1.751218876776849606e-02
1.739839235507978366e-02
1.728588655896739351e-02
1.717465046791332578e-02
1.706466368367073189e-02
1.695590623233990402e-02
1.684835855355059503e-02
1.674200148996834309e-02
1.663681627711013217e-02
1.653278453347614349e-02
1.642988825096678221e-02
1.632810978557756171e-02
1.622743216311121200e-02
1.612783781580028053e-02
1.602931044931562438e-02
1.593183378783170207e-02
1.583539187879993287e-02
1.573996908169243009e-02
1.564555006273571011e-02
1.555211978699248994e-02
1.545966351122266685e-02
1.536816677693866352e-02
1.527761540366636729e-02
1.518799548239308829e-02
1.509929336919053205e-02
1.501149567902292092e-02
1.492458927972407923e-02
1.483856128613678799e-02
1.475339905441828969e-02
1.466909017649966306e-02
1.458562247469128749e-02
1.450298399643812006e-02
1.442116300921752678e-02
1.434014799557193492e-02
1.425992764827144384e-02
1.418049086561044315e-02
1.410182674682627577e-02
1.402392458763849527e-02
1.394677387590376877e-02
1.387036428738981989e-02
1.379468568165212114e-02
1.371972809802220541e-02
1.364548175170026377e-02
1.357193702994482012e-02
1.349908448836260877e-02
1.342691484729311921e-02
1.335541898828149221e-02
1.328458795064752299e-02
1.321441292813399504e-02
1.314488526564473389e-02
1.307599645495429938e-02
1.300773813600795970e-02
1.294010208732014611e-02
1.287308022738830292e-02
1.280666461072624968e-02
1.274084742505620857e-02
1.267562098857025199e-02
1.261097774725560006e-02
1.254691027228817084e-02
1.248341125748717202e-02
1.242047351682860901e-02
1.235808998202447828e-02
1.229625370015556725e-02
1.223495783135889609e-02
1.217419564657495554e-02
1.211396052534353257e-02
1.205424595365554678e-02
1.199504552185107556e-02
1.193635292256863684e-02
1.188040049603820286e-02
1.182046649165134633e-02
1.176326053899062404e-02
1.170653817302404198e-02
1.165029356874698260e-02
1.159452099210766217e-02
1.153921479826324793e-02
1.148436942987737970e-02
1.142997941545555174e-02
1.137603936771750153e-02
1.132254398200761500e-02
1.126948803473967406e-02
1.121686638187635587e-02
1.116467395744236493e-02
1.111290577207176000e-02
1.106155691158492924e-02
1.101062253559896217e-02
1.096009787616804114e-02
1.090997823645191087e-02
1.086025898941683776e-02
1.081093557655977977e-02
1.076200350666359391e-02
1.071345835457892387e-02
1.066529576003149953e-02
1.061751142645350407e-02
1.057010111984184667e-02
1.052306066764200840e-02
1.047638595764973160e-02
1.043007293694237989e-02
1.038411761083057362e-02
1.033851604182940698e-02
1.029326434865346016e-02
1.024835870523249301e-02
1.020379533974862321e-02
1.015957053368978305e-02
1.011568062092679798e-02
1.007212198680792689e-02
1.002889106726946242e-02
9.985984347968861891e-03
9.943398363432325027e-03
9.901129696220794391e-03
9.859174976113875555e-03
9.817530878904768069e-03
9.776194127219983016e-03
9.735161487354660956e-03
9.694429770108989666e-03
9.653995829653616925e-03
9.613856562806971651e-03
9.574008908325220765e-03
9.534449846203961465e-03
9.495176396999640764e-03
9.456185621159239260e-03
9.417474618363348704e-03
9.379040526887639367e-03
9.340880522966738680e-03
9.302991820179552784e-03
9.265371668843972938e-03
9.228017355418224182e-03
9.190926201921530148e-03
9.154095565359936931e-03
9.117522837165669553e-03
9.081205442647117057e-03
9.045140840448048086e-03
9.009326522017861022e-03
8.973760011092126246e-03
8.938438863182032734e-03
8.903360665072621027e-03
8.868523034335204502e-03
8.833923618840906072e-03
8.799560096289682498e-03
8.765430173746239020e-03
8.731531587183035542e-03
8.697862101033033283e-03
8.664419507751180971e-03
8.631201627382664721e-03
8.598206307139533155e-03
8.565431420984146935e-03
8.532874869222878758e-03
8.500534578104639374e-03
8.468408499426115232e-03
8.436494610146217515e-03
8.404790912007598438e-03
8.373295431161536378e-03
8.342006217803756701e-03
8.310921345813709893e-03
8.280038912402535450e-03
8.249357037764363382e-03
8.218873864736447182e-03
8.188587558465052624e-03
8.158496306074142917e-03
8.128598316344283134e-03
8.098891819393869151e-03
8.069375066366655386e-03
8.040046329126710606e-03
8.010903899184749002e-03
7.981946090476560451e-03
7.953171234472901363e-03
7.924577682951759738e-03
7.896163806953569383e-03
7.867927996505715005e-03
7.839868660350433893e-03
7.811984225676723952e-03
7.784273137859915731e-03
7.756733860201224517e-03
7.729364873674333253e-03
7.702164676677719993e-03
7.675131784787247308e-03
7.648265188812027222e-03
7.621562536603088481e-03
7.595023325611828524e-03
7.568645174083602281e-03
7.542427156127301177e-03
7.516367884098650552e-03
7.490465987254999944e-03
7.464720110208785883e-03
7.439128334737940204e-03
7.413689884217795553e-03
7.388404055613928718e-03
7.363268974928401968e-03
7.338283360476600958e-03
7.313445944713187034e-03
7.288755474039817009e-03
7.264210708613753724e-03
7.239810422168140892e-03
7.215553401825230626e-03
7.191438447917362572e-03
7.167464373813650300e-03
7.143630005739570049e-03
7.119934182611993741e-03
7.096375755867678596e-03
7.072953589298156159e-03
7.049666558886306597e-03
7.026513552644842939e-03
7.003493470461016890e-03
6.980605223937424997e-03
6.957847736240386008e-03
6.935219941949379886e-03
6.912720786907789600e-03
6.890349228076900721e-03
6.868104233391915912e-03
6.845984781619910559e-03
6.823989862220623814e-03
6.802118475207529803e-03
6.780369631015478217e-03
6.758742350363847184e-03
6.737235818227398434e-03
6.715848768384477530e-03
6.694580404658484127e-03
6.673429787620848569e-03
6.652395987492077875e-03
6.631478084018597313e-03
6.610675166353923576e-03
6.589986332941906617e-03
6.569410691398292271e-03
6.548947358397349400e-03
6.528595459558571637e-03
6.508354129335864983e-03
6.488222510907134394e-03
6.468199756065219110e-03
6.448285025114741664e-03
6.428477486764866411e-03
6.408776318025059121e-03
6.389180704106144429e-03
6.369689838317781072e-03
6.350302921970338993e-03
6.331019164276282044e-03
6.311837782256420060e-03
6.292758000643140781e-03
6.273779051786981982e-03
6.254900175566989635e-03
6.236120619297790511e-03
6.217439637641136892e-03
6.198856492518237116e-03
6.180370453019788483e-03
6.161980795325166030e-03
6.143686802616920607e-03
6.125487764993022693e-03
6.107382979389760005e-03
6.089371749499891510e-03
6.071453385691370427e-03
6.053627204930297351e-03
6.035892530702104825e-03
6.018248692935551300e-03
6.000695027927688274e-03
5.983230878270213472e-03
5.965855592773558480e-03
5.948568526396306316e-03
5.931369040175489375e-03
5.914256501153012865e-03
5.897230282309181074e-03
5.880289762491438393e-03
5.863434326348648459e-03
5.846663364265007254e-03
5.829976272293612739e-03
5.813372452091009404e-03
5.796851310854229077e-03
5.780412261258007812e-03
5.764054721391796351e-03
5.747778114699436842e-03
5.731581869916145544e-03
5.715465421012240130e-03
5.699428207132702789e-03
5.683469672537951566e-03
5.667589266549064725e-03
5.651786443487467892e-03
5.636060662622917501e-03
5.620411388116709414e-03
5.604838088967236363e-03
5.589340238955771770e-03
5.573917316593977878e-03
5.558568804812763151e-03
5.543294191949827386e-03
5.528092970138861681e-03
5.512964636299496138e-03
5.497908691827153860e-03
5.482924642543436991e-03
5.468011998651036050e-03
5.453170274681809655e-03
5.438398989452078100e-03
5.423697666016944613e-03
5.409065831622708424e-03
5.394503017660385452e-03
5.380008759626426357e-03
5.365582597073018448e-03
5.351224073565613581e-03
5.336932736643032124e-03
5.322708137770897768e-03
5.308549832303763316e-03
5.294457379439327857e-03
5.280430342180259841e-03
5.266468287296094744e-03
