1.097650514227939844e+01
5.227950642204706178e+00
3.234391906112009885e+00
2.284482578879176717e+00
1.743812465491092256e+00
1.399567960331038918e+00
1.162926139334642839e+00
9.909797383598077936e-01
8.607196128547812686e-01
7.587976408102308223e-01
6.769776826934188474e-01
6.099180737747909031e-01
5.540088846078072837e-01
5.067249044664722257e-01
4.662474609082875587e-01
4.312336541540248702e-01
4.006704007283182767e-01
3.737790642355411919e-01
3.499514582946619545e-01
3.287055777921686350e-01
3.096546365539339374e-01
2.924846688395360550e-01
2.769382433226099671e-01
2.628023268689934078e-01
2.498991619798170971e-01
2.380792504456832881e-01
2.272160349711158656e-01
2.172016589255849339e-01
2.079436630055615520e-01
1.993623508315560400e-01
1.913886757461700505e-01
1.839625322357928972e-01
1.770313667500230115e-01
1.705490341572762358e-01
1.644748607128140583e-01
1.587728619544380160e-01
1.534110919781712656e-01
1.483610972572150799e-01
1.435974568984552668e-01
1.390973919113793755e-01
1.348404348438088651e-01
1.308081461449101257e-01
1.269838716514013477e-01
1.233525337309376163e-01
1.199004584275568663e-01
1.166151915625972119e-01
1.134853880736012149e-01
1.105007181737761163e-01
1.076517014381657839e-01
1.049296607942136889e-01
1.023266226029491688e-01
9.983526084821481295e-02
9.744882511409563852e-02
9.516108770908665582e-02
9.296629459708340149e-02
9.085912174097107719e-02
8.883463602509383827e-02
8.688826053476608746e-02
8.501574328863556462e-02
8.321312924649926224e-02
8.147673513103187437e-02
7.980312674045789145e-02
7.818909852618741163e-02
7.663165504511199044e-02
7.512799425822672128e-02
7.367549234617994103e-02
7.227168992876414899e-02
7.091427954072598849e-02
6.960109421025170717e-02
6.833009706555309704e-02
6.709937182845795989e-02
6.590711412900003563e-02
6.475162355322246210e-02
6.363129635433323328e-02
6.254461876376912755e-02
6.149016084579936314e-02
6.046657084499554302e-02
5.947256998134990702e-02
5.850694765243850959e-02
5.756855700565000761e-02
5.665631085132234734e-02
5.576917787639536217e-02
5.490617915006268390e-02
5.406638487921433534e-02
5.324891140294855940e-02
5.245291840271324585e-02
5.167760631084197115e-02
5.092221390128373604e-02
5.018601604792011228e-02
4.946832163395549486e-02
4.876847161810152903e-02
4.808583720258653715e-02
4.741981815075284323e-02
4.676984120194555700e-02
4.613535859266733319e-02
4.551584667281275559e-02
4.491080461003765095e-02
4.431975317710906692e-02
4.374223361404992738e-02
4.317780656133376332e-02
4.262605105848472908e-02
4.208656360348751735e-02
4.155938535544721757e-02
4.104286087050289245e-02
4.053791817962838773e-02
4.004378720941435821e-02
3.956013948733669988e-02
3.908665942374670021e-02
3.862304368970065349e-02
3.816900167301279234e-02
3.772425080519892920e-02
3.728852218750892955e-02
3.686155603088616534e-02
3.644310220310291448e-02
3.603291979017242408e-02
3.563077668123549452e-02
3.523644917546867039e-02
3.484972160972216182e-02
3.447038600553219145e-02
3.409824171445665492e-02
3.373309518010635111e-02
3.337475951829940030e-02
3.302305430947348464e-02
3.267780530742737943e-02
3.233884418104499697e-02
3.200600826885768857e-02
3.167914034550803337e-02
3.135808837589335041e-02
3.104270539826591360e-02
3.073284918171072938e-02
3.042838212810078727e-02
3.012917106604469375e-02
2.983508707670532931e-02
2.954600532771725629e-02
2.926180491472117617e-02
2.898236871019738842e-02
2.870758321912918881e-02
2.843733843938275885e-02
2.817152773723148249e-02
2.791004771089147449e-02
2.765279807734390485e-02
2.739968155561297095e-02
2.715060375680097490e-02
2.690547307889371714e-02
2.666420060605012923e-02
2.642670001221825507e-02
2.619288746882290561e-02
2.596268155633624578e-02
2.573600317954775896e-02
2.551277548635233136e-02
2.529292378988504467e-02
2.507637549385745637e-02
2.486306002092109058e-02
2.465290874394384171e-02
2.444585492003160943e-02
2.424183362643069287e-02
2.404078170277234444e-02
2.384263768808422487e-02
2.364734176768951840e-02
2.345483571850426330e-02
2.326506285719027317e-02
2.307796799029524643e-02
2.289349736630091545e-02
2.271159862948929353e-02
2.253222077556473607e-02
2.235531410893162180e-02
2.218083020157096338e-02
2.200872185344618370e-02
2.183894305437183991e-02
2.167144894726827711e-02
2.150619579277452537e-02
2.134314093513285659e-02
2.118224276930846459e-02
2.102346070928623467e-02
2.086675515749742901e-02
2.071208747533218042e-02
2.055941995469248718e-02
2.040871579053767787e-02
2.025993908958008752e-02
2.011305470508448212e-02
1.996802841927953348e-02
1.982482678485648214e-02
1.968341713177344451e-02
1.954376759041301717e-02
1.940584690078284158e-02
1.926962464228195934e-02
1.913507104808800929e-02
1.900215702674378643e-02
1.887085414339506606e-02
1.874113460162877415e-02
1.861297122292176337e-02
1.848633744151013947e-02
1.836120727025016691e-02
1.823755529643316525e-02
1.811535666346348467e-02
1.799458705594375596e-02
1.787522261603658597e-02
1.775724020350737120e-02
1.764061697519798619e-02
1.752533064056797929e-02
1.741135930176576294e-02
1.729868176104083777e-02
1.718727703370630938e-02
1.707712465033268956e-02
1.696820456780597300e-02
1.686049715844626512e-02
1.675398319945305137e-02
1.664864386266090568e-02
1.654446070461616791e-02
1.644141565693684956e-02
1.633949101695640616e-02
1.623866975292976786e-02
1.613893424242156954e-02
1.604026813654971587e-02
1.594265510681533091e-02
1.584607914937561507e-02
1.575052457375188814e-02
1.565597599751836211e-02
1.556241833834421176e-02
1.546983680681839057e-02
1.537821689946659506e-02
1.528754439197629184e-02
1.519780533261212534e-02
1.510898603580440591e-02
1.502107307592474676e-02
1.493405328123336914e-02
1.484791372798837002e-02
1.476264173472166194e-02
1.467822485667020366e-02
1.459465088035554262e-02
1.451190781831288718e-02
1.442998390396201328e-02
1.434886758661764981e-02
1.426854752662698109e-02
1.418901259064412473e-02
1.411025184702668217e-02
1.403225456135282628e-02
1.395501019205682390e-02
1.387850838618168506e-02
1.380273897523710130e-02
1.372769197116876366e-02
1.365335756243310841e-02
1.357972611016904953e-02
1.350678814447044476e-02
1.343453436075504881e-02
1.336295561622068487e-02
1.329204292639899962e-02
1.322178746178835629e-02
1.315218054457793079e-02
1.308321364434509963e-02
1.301487837933356165e-02
1.294716650685019677e-02
1.288006992465876369e-02
1.281358066700241834e-02
1.274769090178355310e-02
1.268239292781354194e-02
1.261767917212666505e-02
1.255354218736253261e-02
1.248997464921037387e-02
1.242696935391135807e-02
1.236451921582844629e-02
1.230261726506850367e-02
1.224125664516152907e-02
1.218043061079703698e-02
1.212013252561230763e-02
1.206035586003474311e-02
1.200109418917105764e-02
1.194234119074994230e-02
1.188632430045586698e-02
1.182633642323807632e-02
1.176907250484249094e-02
1.171229295648715599e-02
1.165599193975403944e-02
1.160016370745481709e-02
1.154480260188236670e-02
1.148990305309944768e-02
1.143545957726882847e-02
1.138146677502012948e-02
1.132791932985267001e-02
1.127481200657546798e-02
1.122213964978098499e-02
1.116989718235224943e-02
1.111807960400437029e-02
1.106668198985828223e-02
1.101569948904377108e-02
1.096512732333573131e-02
1.091496078581812197e-02
1.086519523957983277e-02
1.081582611643389091e-02
1.076684891566963634e-02
1.071825920282847358e-02
1.067005260850827086e-02
1.062222482718963752e-02
1.057477161609111926e-02
1.052768879404845925e-02
1.048097224041290472e-02
1.043461789397842274e-02
1.038862175192988707e-02
1.034297986881124037e-02
1.029768835551614532e-02
1.025274337830127391e-02
1.020814115781987219e-02
1.016387796817136424e-02
1.011995013597708978e-02
1.007635403946942690e-02
1.003308610760176613e-02
9.990142819177073863e-03
9.947520701993811665e-03
9.905216332008297264e-03
9.863226332516690509e-03
9.821547372947367349e-03
9.780176169676668349e-03
9.739109482863805498e-03
9.698344117283654378e-03
9.657876921190362840e-03
9.617704785591707495e-03
9.577824643537477187e-03
9.538233469418578789e-03
9.498928278286473958e-03
9.459906125181062261e-03
9.421164104470865219e-03
9.382699349213749485e-03
9.344509030517665626e-03
9.306590356925180385e-03
9.268940573805024147e-03
9.231556962753312973e-03
9.194436841010910494e-03
9.157577560888200546e-03
9.120976509203296972e-03
9.084631106728947858e-03
9.048538807651954063e-03
9.012697099040236151e-03
8.977103500322904800e-03
8.941755562777761041e-03
8.906650869028238590e-03
8.871787032554076524e-03
8.837161697204234945e-03
8.802772536723662417e-03
8.768617254288122928e-03
8.734693582046428387e-03
8.700999280671225036e-03
8.667532138920078927e-03
8.634289973201193097e-03
8.601270627150135045e-03
8.568471971211449184e-03
8.535891902231508566e-03
8.503528343055750255e-03
8.471379242132627552e-03
8.439442573128036473e-03
8.407716334544085984e-03
8.376198549344522626e-03
8.344887264588627535e-03
8.313780551070173649e-03
8.282876502963295792e-03
8.252173237474834736e-03
8.221668894501533292e-03
8.191361636296176640e-03
8.161249647135156854e-03
8.131331132996116179e-03
8.101604321239175982e-03
8.072067460293021190e-03
8.042718819349477938e-03
8.013556687288946045e-03
7.984579375456034647e-03
7.955785212772976261e-03
7.927172548507558508e-03
7.898739751229597733e-03
7.870485208533090082e-03
7.842407326764770648e-03
7.814504530755116835e-03
7.786775263556434609e-03
7.759217986182681201e-03
7.731831177355366277e-03
7.704613333254264375e-03
7.677562967270887273e-03
7.650679067902929446e-03
7.623959281181281848e-03
7.597403102130978123e-03
7.571008147320189632e-03
7.544773488650410344e-03
7.518697736483313104e-03
7.492779518111006981e-03
7.467017476209147041e-03
7.441409690968988147e-03
7.415955383606822639e-03
7.390653848872703532e-03
7.365503211265103309e-03
7.340502187301226229e-03
7.315649507663356255e-03
7.290943917006940250e-03
7.266384173768259194e-03
7.241969049984668325e-03
7.217697331106361427e-03
7.193567815818676173e-03
7.169579315866795102e-03
7.145730655875584189e-03
7.122020673184326599e-03
7.098448217674713581e-03
7.075012151605195726e-03
7.051711349447447978e-03
7.028544697724286618e-03
7.005511094853915377e-03
6.982609450991135794e-03
6.959838687874241384e-03
6.937197738675023040e-03
6.914685547848742342e-03
6.892301070987722628e-03
6.870043274677951547e-03
6.847911136354972381e-03
6.825903644166469650e-03
6.804019796831007119e-03
6.782258603507212297e-03
6.760619083655332491e-03
6.739100420916307489e-03
6.717701348027388560e-03
6.696421067512080272e-03
6.675258638750396212e-03
6.654213130787092062e-03
6.633283622209570560e-03
6.612469201026873258e-03
6.591768964554814078e-03
6.571182019295815011e-03
6.550707480825691126e-03
6.530344473680277720e-03
6.510092131244499952e-03
6.489949595641489322e-03
6.469916017622587452e-03
6.449990556466105029e-03
6.430172379867307372e-03
6.410460663835600842e-03
6.390854592594866039e-03
6.371353358481032791e-03
6.351956161842838358e-03
6.332662210944547607e-03
6.313470721870403576e-03
6.294380918428713750e-03
6.275392032058258254e-03
6.256503301737713005e-03
6.237713973893083998e-03
6.219023302309030846e-03
6.200430548040780990e-03
6.181934979324554651e-03
6.163535871495616492e-03
6.145232506903807596e-03
6.127024174824570631e-03
6.108910171382582119e-03
6.090889799468791888e-03
6.072962368659650875e-03
6.055127195139944560e-03
6.037383601623596760e-03
6.019730917277484050e-03
6.002168477646481828e-03
5.984695624579166109e-03
5.967311706152507444e-03
5.950016076600799300e-03
5.932808096245607322e-03
5.915687131422153744e-03
5.898652554413231358e-03
5.881703743377085861e-03
5.864840082281793862e-03
5.848060960839522072e-03
5.831365774439370084e-03
5.814753924081893233e-03
5.798224816316338570e-03
5.781777863177699553e-03
5.765412482123179194e-03
5.749128095972161692e-03
5.732924132842972219e-03
5.716800026096716981e-03
5.700755214276213151e-03
5.684789141047091529e-03
5.668901255142862194e-03
5.653091010304338825e-03
5.637357865227764393e-03
5.621701283507505448e-03
5.606120733582182006e-03
5.590615688679351561e-03
5.575185626764308719e-03
5.559830030227658031e-03
5.544548386872865178e-03
5.529340188306018991e-03
5.514204930925686345e-03
5.499142115611996805e-03
5.484151247677024332e-03
5.469231836820562243e-03
5.454383397076911430e-03
5.439605446770932884e-03
5.424897508471806899e-03
5.410259108945443540e-03
5.395689779108507264e-03
5.381189053988034293e-03
5.366756472672562853e-03
5.352391578269176213e-03
5.338093917863382873e-03
5.323863042473045773e-03
5.309698507009819393e-03
5.295599870233630609e-03
5.281566694714434108e-03
5.267598546793620870e-03
5.253694996539163414e-03
