8.728366383719068963e-21
1.898720157990453075e-14
2.947061174334911444e-11
2.876811831015623729e-09
6.790307235538372986e-08
6.897663221515271672e-07
4.053132013845847287e-06
1.632713651230433070e-05
5.009984158826576742e-05
1.255025593326933807e-04
2.691630647410384828e-04
5.112252921642021454e-04
8.814280292160338532e-04
1.405353621129658802e-03
2.101631620501628016e-03
2.980424720266304246e-03
4.043148304123780727e-03
5.283156262067793471e-03
6.687051191936410621e-03
8.236298047055504862e-03
9.908888172533538916e-03
1.168088278807534811e-02
1.352773566616844586e-02
1.542535396001960130e-02
1.735089435213762674e-02
1.928331638821393149e-02
2.120372739296971093e-02
2.309555777987613162e-02
2.494460481170988897e-02
2.673897917126560192e-02
2.846898365523671190e-02
3.012694791832933733e-02
3.170703806123119362e-02
3.320505531888615774e-02
3.461823425159445133e-02
3.594504770699644136e-02
3.718502335014366167e-02
3.833857465569166789e-02
3.940684783901617777e-02
4.039158517592679465e-02
4.129500444287146493e-02
4.211969373078841561e-02
4.286852058831221168e-02
4.354455428296268721e-02
4.415099990522285134e-02
4.469114303238916341e-02
4.516830372184569425e-02
4.558579866141927728e-02
4.594691041418628302e-02
4.625486277266975532e-02
4.651280236420354125e-02
4.672377833144270021e-02
4.689074192106838790e-02
4.701652973015472969e-02
4.710385841660005152e-02
4.715532504768836508e-02
4.717340251543485768e-02
4.716044289691358193e-02
4.711868092584833856e-02
4.705022700166998362e-02
4.695707717925702573e-02
4.684111480613777773e-02
4.670411435619112317e-02
4.654774555547615267e-02
4.637357770164440840e-02
4.618308409600417608e-02
4.597764652228550353e-02
4.575855971900641417e-02
4.552703580250241910e-02
4.528420860782851609e-02
4.503113792086942818e-02
4.476881358242686820e-02
4.449815944974427201e-02
4.422003720536234889e-02
4.393525000681501591e-02
4.364454597349588794e-02
4.334862150942873915e-02
4.304812446256778280e-02
4.274365712269208306e-02
4.243577906122822374e-02
4.212500981715149029e-02
4.181183143383288697e-02
4.149669085119245260e-02
4.118000216486851495e-02
4.086214874329115870e-02
4.054348522854725467e-02
4.022433941229880405e-02
3.990501399857231818e-02
3.958578825840301796e-02
3.926691958206889044e-02
3.894864493453084608e-02
3.863118221951495485e-02
3.831473155743247982e-02
3.799947648215766527e-02
3.768558506144128323e-02
3.737321094553227446e-02
3.706249434609834581e-02
3.675356296292998926e-02
3.644653282915968906e-02
3.614150912259459641e-02
3.583858691395715168e-02
3.553785186830964171e-02
3.523938090060985129e-02
3.494324278831284492e-02
3.464949874376808264e-02
3.435820294897733163e-02
3.406940305514468553e-02
3.378314064929317795e-02
3.349945169005062034e-02
3.321836691464440106e-02
3.293991221893964594e-02
3.266410901228012503e-02
3.239097454879472093e-02
3.212052223666887751e-02
3.185276192685504437e-02
3.158770018252383960e-02
3.132534053056106049e-02
3.106568369624208847e-02
3.080872782221364542e-02
3.055446966518658020e-02
3.030290084399511058e-02
3.005401389100887874e-02
2.980779852862239926e-02
2.956424278962025906e-02
2.932333316130358164e-02
2.908505471983877100e-02
2.884939125546436695e-02
2.861632538915899471e-02
2.838583868132630444e-02
2.815791173302623074e-02
2.793252428022292844e-02
2.770965528152614585e-02
2.748928299984348955e-02
2.727138507833295339e-02
2.705593861104666278e-02
2.684292020859533820e-02
2.663230605917083979e-02
2.642407198523038028e-02
2.621819349611372030e-02
2.601464583687464194e-02
2.581340403356942315e-02
2.561444293523480742e-02
2.541773725276186974e-02
2.522326159489637204e-02
2.503099050152042884e-02
2.484089847441886545e-02
2.465296000569200396e-02
2.446714960396019489e-02
2.428344181850983913e-02
2.410181126152448339e-02
2.392223262852205198e-02
2.374468071711282463e-02
2.356913044419587516e-02
2.339555686169935561e-02
2.322393517095761722e-02
2.305424073581228278e-02
2.288644909356160259e-02
2.272053596965236885e-02
2.255647728168879221e-02
2.239424915207992306e-02
2.223382791502023781e-02
2.207519012358521646e-02
2.191831255604731118e-02
2.176317222147496760e-02
2.160974636465832349e-02
2.145801247039493681e-02
2.130794826721873689e-02
2.115953173056683845e-02
2.101274108545256314e-02
2.086755480867776708e-02
2.072395159267069811e-02
2.058191049715464224e-02
2.044141072680395743e-02
2.030243177896570023e-02
2.016495340933028430e-02
2.002895562917665975e-02
1.989441865923973624e-02
1.976132311808491068e-02
1.962964974000513951e-02
1.949937956002959633e-02
1.937049386674557019e-02
1.924297420100658587e-02
1.911680235448710505e-02
1.899196036807617935e-02
1.886843053014451710e-02
1.874619537468813490e-02
1.862523767935229252e-02
1.850554046336130506e-02
1.838708698535292119e-02
1.826986074113405578e-02
1.815384546135922345e-02
1.803902510914854804e-02
1.792538387764470997e-02
1.781290618751541974e-02
1.770157668442525617e-02
1.759138023645367283e-02
1.748230193148764267e-02
1.737432707459288239e-02
1.726744118535319950e-02
1.716162999519688787e-02
1.705687944470936010e-02
1.695317568093612087e-02
1.685050505468210086e-02
1.674885411780067598e-02
1.664820962049457995e-02
1.654855850861391628e-02
1.644988792095602309e-02
1.635218518615920436e-02
1.625543782170955562e-02
1.615963352876606529e-02
1.606476019117533682e-02
1.597080587242702410e-02
1.587775881303746250e-02
1.578560742795453997e-02
1.569434030398634064e-02
1.560394619724328469e-02
1.551441403061003255e-02
1.542573289124140115e-02
1.533789202807936750e-02
1.525088084939576691e-02
1.516468892036423530e-02
1.507930596065712794e-02
1.499472184206971856e-02
1.491092658617169595e-02
1.482791069695723295e-02
1.474566382319635396e-02
1.466417675245984716e-02
1.458422879513521057e-02
1.450502590510546926e-02
1.442418102608215152e-02
1.434564051876534296e-02
1.426781416625937798e-02
1.419069323716921904e-02
1.411426912797818234e-02
1.403853336102004606e-02
1.396347758247975732e-02
1.388909356042110702e-02
1.381537318284888245e-02
1.374230845579546209e-02
1.366989150143622066e-02
1.359811455623447657e-02
1.352696996911600252e-02
1.345645019883019190e-02
1.338654781551977535e-02
1.331725549399098013e-02
1.324856601530377889e-02
1.318047226426353850e-02
1.311296722775807944e-02
1.304604399311933699e-02
1.297969574651646960e-02
1.291391577137002838e-02
1.284869744679703780e-02
1.278403424607651821e-02
1.271991973513963634e-02
1.265634757109167230e-02
1.259331150074790781e-02
1.253080535920157550e-02
1.246882306841391556e-02
1.240735863582301951e-02
1.234640615298222138e-02
1.228595979421630638e-02
1.222601381530238202e-02
1.216656255217257732e-02
1.210760041963737134e-02
1.204912191013105330e-02
1.199112159247998043e-02
1.193359411068852481e-02
1.187653418274592712e-02
1.181993659945582836e-02
1.176379622328319573e-02
1.170810798722072762e-02
1.165286689367751871e-02
1.159806801338040053e-02
1.154370648430214953e-02
1.148977751059962471e-02
1.143627636157464739e-02
1.138319837065315809e-02
1.133053893437938053e-02
1.127829351142643766e-02
1.122645762162615898e-02
1.117502684501639129e-02
1.112399682089807752e-02
1.107336324691596957e-02
1.102312187815251282e-02
1.097326852623417212e-02
1.092379905845563409e-02
1.087470939691872682e-02
1.082599551768728338e-02
1.077765344995176150e-02
1.072967927521338571e-02
1.068206912648013776e-02
1.063481918747276669e-02
1.058792569185158100e-02
1.054138492244986042e-02
1.049519321052309190e-02
1.044934693501153866e-02
1.040384252181373800e-02
1.035867644307126613e-02
1.031384521647137585e-02
1.026934540455165523e-02
1.022517361402527220e-02
1.018132649511389529e-02
1.013780074089305760e-02
1.009459308664418034e-02
1.005170030888837343e-02
1.000911922610380790e-02
9.966846696105098602e-03
9.924879616778773186e-03
9.883214925153356242e-03
9.841849596819824200e-03
9.800780645361023558e-03
9.760005121783630472e-03
9.719520113969010167e-03
9.679322746126293314e-03
9.639410178258239065e-03
9.599779605634416874e-03
9.560428258272780921e-03
9.521353400430775105e-03
9.482552330105363178e-03
9.444022378539466966e-03
9.405760909737412995e-03
9.367765319990796133e-03
9.330033037406613994e-03
9.292561521448262571e-03
9.255348262482632898e-03
9.218390781332908013e-03
9.181686628840401293e-03
9.145233385433821152e-03
9.109028660704281133e-03
9.073070092987575025e-03
9.037355348953916498e-03
9.001882123203328728e-03
8.966648137869783972e-03
8.931651142228061446e-03
8.896888912309518227e-03
8.862359250525829457e-03
8.828059985292454476e-03
8.793988970665970323e-03
8.760144085981542289e-03
8.726523235498818282e-03
8.693124348052704703e-03
8.659945376709589360e-03
8.626984298430537962e-03
8.594239324097106836e-03
8.561708067515208173e-03
8.529389007045086804e-03
8.497279758894344878e-03
8.465378635724099196e-03
8.433683751037849077e-03
8.402193240010284725e-03
8.370905259193053838e-03
8.339817986220660062e-03
8.308929619521641941e-03
8.278238056462839875e-03
8.247742167647833730e-03
8.217439557959827640e-03
8.187329183877187916e-03
8.157409010366906132e-03
8.127677354838509088e-03
8.098132553603261397e-03
8.068772961616692621e-03
8.039596952228880364e-03
8.010602916938839441e-03
7.981789265152167134e-03
7.953154423941543802e-03
7.924696837811082833e-03
7.896414968466162337e-03
7.868307294583865713e-03
7.840372311588511903e-03
7.812608531432171238e-03
7.785014482375802319e-03
7.757588708773651906e-03
7.730329770863525116e-03
7.703236244557830174e-03
7.676306721240033770e-03
7.649539807562352398e-03
7.622934125243577275e-03
7.596488310880278316e-03
7.570201015747249351e-03
7.544070905610273346e-03
7.518096660542133297e-03
7.492276974730569666e-03
7.466610556304022206e-03
7.441096127149554249e-03
7.415732422736852868e-03
7.390518191945052301e-03
7.365452196890241721e-03
7.340533212759738427e-03
7.315760027643307059e-03
7.291131442370622079e-03
7.266646270350883043e-03
7.242303337412067318e-03
7.218101481645924737e-03
7.194039553253433680e-03
7.170116414392415163e-03
7.146330939028144522e-03
7.122682012784533820e-03
7.099168532801178495e-03
7.075789407587756812e-03
7.052543556882952605e-03
7.029429911517273352e-03
7.006447413271053512e-03
6.983595014745325180e-03
6.960871679224748046e-03
6.938276380546551034e-03
6.915808102970019515e-03
6.893465841051512819e-03
6.871248599516440771e-03
6.849155393135471226e-03
6.827185246602893859e-03
6.805337194415614528e-03
6.783610280753995386e-03
6.762003559363221478e-03
6.740516093441126580e-03
6.719146955522170561e-03
6.697895227363557386e-03
6.676759999837057757e-03
6.655740372818453460e-03
6.634835455081098191e-03
6.614044364186512023e-03
6.593366226383435245e-03
6.572800176502309466e-03
6.552345357852750254e-03
6.532000922125582101e-03
6.511766029292146395e-03
6.491639847506284339e-03
6.471621716233818232e-03
6.451710494380800444e-03
6.431905536181984143e-03
6.412206041574356960e-03
6.392611218205430587e-03
6.373120281348195956e-03
6.353732453811791053e-03
6.334446965852209496e-03
6.315263055087451741e-03
6.296179966410913806e-03
6.277196951908070241e-03
6.258313270774255171e-03
6.239528189232053899e-03
6.220840980450370247e-03
6.202250924464450602e-03
6.183757308099360923e-03
6.165359424890332583e-03
6.147056575007984504e-03
6.128848065180535556e-03
6.110733208620682498e-03
6.092711324953451954e-03
6.074781740141523174e-03
6.056943786414833823e-03
6.039196802198901204e-03
6.021540132047044011e-03
6.003973126569717503e-03
5.986495142368402321e-03
5.969105541965351661e-03
5.951803693741786541e-03
5.934588971870505270e-03
5.917460756250434925e-03
5.900418432445882211e-03
5.883461391619998135e-03
5.866589030476543343e-03
5.849800751197325316e-03
5.833095961381490856e-03
5.816474073985394497e-03
5.799934507264559863e-03
5.783476684717835450e-03
5.767100035026778183e-03
5.750803991998882855e-03
5.734587994515028680e-03
5.718451486471953261e-03
5.702393916727194201e-03
5.686414738815136552e-03
5.670513411821978718e-03
5.654689398940575089e-03
5.638942168347273708e-03
5.623271192917700043e-03
5.607675950175085647e-03
5.592155922246012760e-03
5.576710595805581434e-03
5.511926789990480476e-03
5.546042016550361067e-03
5.530817759404901314e-03
5.515666194992116002e-03
5.500586832022057171e-03
5.485579183473411786e-03
5.470642766550780703e-03
5.455777102633622283e-03
5.440981717237295713e-03
5.426256139968740552e-03
5.411599904482454655e-03
5.397012548440280680e-03
5.382493613465572091e-03
5.368042645107212393e-03
5.353659192794874011e-03
5.339342809798767499e-03
5.325093053193235768e-03
5.310909483813555133e-03
5.296791666219374285e-03
5.282739168654841666e-03
5.268751563012190157e-03
5.254828424793334639e-03
