3.836453770054800483e+00
3.327811582596236661e+00
2.548853544070627475e+00
1.983431781403405925e+00
1.591488255495784543e+00
1.313431261208540368e+00
1.109496035259845304e+00
9.551144625476893912e-01
8.349720635809672054e-01
7.392486454304718624e-01
6.614433920278719459e-01
5.971189045735700862e-01
5.431601637326064491e-01
4.973247889991951887e-01
4.579621528804171948e-01
4.238328837276758021e-01
3.939898330744931454e-01
3.676978132235551033e-01
3.443779500199326549e-01
3.235687713216973682e-01
3.048981221599824654e-01
2.880628050373234550e-01
2.728134535290172025e-01
2.589432179129884659e-01
2.462791443901692912e-01
2.346755803799207285e-01
2.240090535100934255e-01
2.141742332924888026e-01
2.050807520658520511e-01
1.966506644862468789e-01
1.888164039858006293e-01
1.815191289335289504e-01
1.747073691366982096e-01
1.683359202772721774e-01
1.623649265600737024e-01
1.567591203345994333e-01
1.514871866870191874e-01
1.465212306362697336e-01
1.418363264340385954e-01
1.374101375003063952e-01
1.332225916484255368e-01
1.292556042304867092e-01
1.254928405461112617e-01
1.219195261525234664e-01
1.185221960523280965e-01
1.152886898225033568e-01
1.122078701789591682e-01
1.092695809596885836e-01
1.064645306883536674e-01
1.037842060380131382e-01
1.012207831687580162e-01
9.876707373922043176e-02
9.641645380522462228e-02
9.416281210581894934e-02
9.200050196926590207e-02
8.992429837541687787e-02
8.792935984991051557e-02
8.601119424102288136e-02
8.416562812945477257e-02
8.238877936527991275e-02
8.067703236686446511e-02
7.902701591839725315e-02
7.743558304956561777e-02
7.589979293708924712e-02
7.441689448053132039e-02
7.298431141837630198e-02
7.159962881992117112e-02
7.026058078596308931e-02
6.896503926931266126e-02
6.771100386496342605e-02
6.649659249330494570e-02
6.532003288067665669e-02
6.417965476009276915e-02
6.307388272236538751e-02
6.200122965568301975e-02
6.096029071807604338e-02
5.994973779325697694e-02
5.896831438543513604e-02
5.801483091279261567e-02
5.708816036735275823e-02
5.618723429867339414e-02
5.531103910972469395e-02
5.445861262161268146e-02
5.362904089377371064e-02
5.282145527510941074e-02
5.203502966706855665e-02
5.126897798129378264e-02
5.052255177601076841e-02
4.979503805367382907e-02
4.908575722431161165e-02
4.839406117958393316e-02
4.771933152347126311e-02
4.706097790742060777e-02
4.641843647798708783e-02
4.579116842530162046e-02
4.517865862491046713e-02
4.458041436734396651e-02
4.399596416689258160e-02
4.342485664541419210e-02
4.286665948521815872e-02
4.232095844612357438e-02
4.178756709835707017e-02
4.126547267450608736e-02
4.075494180863629967e-02
4.025541323022687606e-02
3.976655028828451899e-02
3.928802963627767153e-02
3.881954058474133828e-02
3.836078449601161566e-02
3.791147526710897386e-02
3.747133460072708810e-02
3.704009773941116523e-02
3.661750884864199695e-02
3.620332158868561079e-02
3.579729868385171654e-02
3.539921151478536698e-02
3.500883973241516317e-02
3.462597089214779211e-02
3.425040008739635433e-02
3.388192969951716454e-02
3.352036896862831128e-02
3.316553377528000390e-02
3.281724634008423985e-02
3.247533495668043779e-02
3.213963373806445062e-02
3.180998237531166423e-02
3.148622588468153599e-02
3.116821448286604193e-02
3.085580323948786466e-02
3.054885197198400210e-02
3.024722503405515017e-02
2.995079113607243201e-02
2.965942317388225308e-02
2.937299806552056206e-02
2.909139659548902121e-02
2.881450326611481247e-02
2.854220615388216448e-02
2.827439678103044890e-02
2.801096997556872317e-02
2.775182375457686812e-02
2.749685920424038005e-02
2.724598036679970817e-02
2.699909413242826753e-02
2.675611013574921357e-02
2.651694065682309864e-02
2.628150052634097358e-02
2.604970703482948485e-02
2.582147984567137108e-02
2.559674091176614499e-02
2.537541439563518325e-02
2.515742659283510402e-02
2.494270585849032995e-02
2.473118253683093820e-02
2.452278889355985134e-02
2.431745905018817266e-02
2.411512892475312780e-02
2.391573616744496755e-02
2.371922010612097578e-02
2.352552169031549636e-02
2.333458343815903932e-02
2.314634938534497824e-02
2.296076503605387620e-02
2.277777731575554576e-02
2.259733452580669003e-02
2.241938629975964714e-02
2.224388356130748909e-02
2.207077848380516183e-02
2.190002445128484340e-02
2.173157602091443236e-02
2.156538888682286992e-02
2.140141984525418400e-02
2.123962676097681038e-02
2.107996853490558958e-02
2.092240507288250367e-02
2.076689725556908270e-02
2.061340690940828904e-02
2.046189677860183256e-02
2.031233053321145066e-02
2.016467260365336148e-02
2.001888836300901031e-02
1.987494396464162261e-02
1.973280635573208472e-02
1.959244329271239010e-02
1.945382315385996153e-02
1.931691516763562461e-02
1.918168922688579317e-02
1.904811591000820509e-02
1.891616646183187297e-02
1.878581277511455483e-02
1.865702736968435915e-02
1.852978338690369764e-02
1.840405455536261309e-02
1.827981518631089514e-02
1.815704015508107227e-02
1.803570488590263560e-02
1.791578526811725414e-02
1.779725791553893668e-02
1.768009974632348338e-02
1.756428816029811935e-02
1.744980126691030031e-02
1.733661741612607665e-02
1.722471548778133077e-02
1.711407480514039875e-02
1.700467512347911617e-02
1.689649661901990868e-02
1.678951987820068853e-02
1.668372588726172584e-02
1.657909602215602504e-02
1.647561203875519756e-02
1.637325606333740399e-02
1.627201058337762740e-02
1.617185875578324231e-02
1.607278313375028189e-02
1.597476754799780074e-02
1.587779584498756266e-02
1.578185218844441531e-02
1.568692105391109731e-02
1.559298722068205162e-02
1.550003576451531445e-02
1.540805205054596866e-02
1.531702172640677512e-02
1.522693071554458502e-02
1.513776521071354478e-02
1.504951166765823405e-02
1.496215679897111919e-02
1.487568756811563815e-02
1.479009118361832020e-02
1.470535509341991745e-02
1.462146697937639905e-02
1.453841475191209459e-02
1.445618654481921339e-02
1.437477071019468110e-02
1.429415581351287101e-02
1.421433062883113024e-02
1.413528413412388877e-02
1.405700550673669690e-02
1.397948411896321116e-02
1.390270953373870175e-02
1.382667150044204936e-02
1.375135995081090169e-02
1.367676499496353615e-02
1.360287691751931385e-02
1.352968617382275737e-02
1.345718338626264443e-02
1.338535934068376537e-02
1.331420498289462989e-02
1.324371141525736498e-02
1.317386989336823480e-02
1.310467182172111826e-02
1.303610875492288226e-02
1.296817238808528096e-02
1.290085455815928595e-02
1.283414723992563726e-02
1.276804254314177142e-02
1.270253270975505583e-02
1.263761011118579372e-02
1.257326724567539751e-02
1.250949673570113559e-02
1.244629132544761152e-02
1.238364387834687240e-02
1.232154737467290595e-02
1.225999490919169391e-02
1.219897968887281164e-02
1.213849503064912648e-02
1.207853435923568822e-02
1.201909120499381964e-02
1.196015920184886200e-02
1.190284159589284803e-02
1.184380369021640830e-02
1.178636794932550261e-02
1.172941889088986028e-02
1.167295063706572274e-02
1.161695740205303737e-02
1.156143349032400652e-02
1.150637329489618763e-02
1.145177129564235036e-02
1.139762205763859317e-02
1.134392022955114931e-02
1.129066054205879466e-02
1.123783780630913456e-02
1.118544691241097483e-02
1.113348282795946498e-02
1.108194059659379713e-02
1.103081533658637446e-02
1.098010223946431496e-02
1.092979656865942367e-02
1.087989365818963980e-02
1.083038891136596862e-02
1.078127779953035742e-02
1.073255586082004845e-02
1.068421869895837956e-02
1.063626198207064111e-02
1.058868144152547500e-02
1.054147287080492608e-02
1.049463212438929600e-02
1.044815511667615202e-02
1.040203782091597695e-02
1.035627626817017810e-02
1.031086654629343943e-02
1.026580479893515058e-02
1.022108722456426672e-02
1.017671007551054774e-02
1.013266965702903748e-02
1.008896232638341155e-02
1.004558449194409807e-02
1.000253261231118240e-02
9.959803195450304958e-03
9.917392797848100655e-03
9.875298023686217286e-03
9.833515524027149068e-03
9.792041995616104777e-03
9.750874181720242673e-03
9.710008868945126798e-03
9.669442888095378802e-03
9.629173113040878293e-03
9.589196459999334982e-03
9.549509886828878857e-03
9.510110392341153060e-03
9.470995015622561686e-03
9.432160835370718976e-03
9.393604969245848355e-03
9.355324573229035351e-03
9.317316840999267588e-03
9.279579003320983718e-03
9.242108327438477988e-03
9.204902116489664318e-03
9.167957708924791282e-03
9.131272477939669785e-03
9.094843830919123462e-03
9.058669208889865571e-03
9.022746085984299433e-03
8.987071968915315290e-03
8.951644396460560482e-03
8.916460938953416071e-03
8.881519197790992831e-03
8.846816804942351023e-03
8.812351422470790507e-03
8.778120742066054805e-03
8.744122484581617893e-03
8.710354399582072304e-03
8.676814264900604631e-03
8.643499886201548577e-03
8.610409096552508468e-03
8.577539756004413929e-03
8.544889751178889881e-03
8.512456994863630555e-03
8.480239425613426973e-03
8.448235007359776103e-03
8.416441729028440247e-03
8.384857604161060490e-03
8.353480670545939887e-03
8.322308989854722977e-03
8.291340647285516327e-03
8.260573751210946100e-03
8.230006432835369756e-03
8.199636845855926698e-03
8.169463166128852066e-03
8.139483591344743446e-03
8.109696340706200671e-03
8.080099654612780957e-03
8.050691794352141800e-03
8.021471041026996540e-03
7.992435698316643217e-03
7.963584087605099504e-03
7.934914550735829714e-03
7.906425448968152497e-03
7.878115162699064061e-03
7.849982091187744995e-03
7.822024652285645974e-03
7.794241282173024893e-03
7.766630435095727737e-03
7.739190583109964786e-03
7.711920215831380258e-03
7.684817840185928679e-03
7.657882437822916347e-03
7.631111649402573700e-03
7.604504962750323685e-03
7.578059989489944678e-03
7.551775794979747117e-03
7.525650983679221459e-03
7.499684177060777883e-03
7.473873450058063535e-03
7.448218564208203968e-03
7.422717048293606644e-03
7.397368752497931674e-03
7.372171796882121333e-03
7.347124892638329588e-03
7.322226765201328771e-03
7.297476154055247514e-03
7.272871812539770039e-03
7.248412507668987662e-03
7.224097019943113637e-03
7.199924143167316451e-03
7.175892684277629906e-03
7.152001463157732497e-03
7.128249312474032456e-03
7.104635077501040077e-03
7.081157615955695553e-03
7.057815797832937138e-03
7.034608505241131404e-03
7.011534632246942990e-03
6.988593084714169248e-03
6.965782780150810496e-03
6.943102647556846294e-03
6.920551627274250384e-03
6.898128670839652823e-03
6.875832740838598925e-03
6.853662810762561203e-03
6.831617864868794535e-03
6.809696898040009175e-03
6.787898915650555053e-03
6.766222933429088052e-03
6.744668131059635037e-03
6.723233238199602738e-03
6.701917453516463910e-03
6.680719832857518956e-03
6.659639441782886499e-03
6.638675355442187967e-03
6.617826658453211490e-03
6.597092444785800786e-03
6.576471817641657905e-03
6.555963889339834136e-03
6.535567781203279955e-03
6.515282623446043767e-03
6.495107555063195023e-03
6.475041723719627586e-03
6.455084285647066586e-03
6.435234405535512035e-03
6.415491256427884731e-03
6.395854019621012576e-03
6.376321884561803044e-03
6.356894048748336183e-03
6.337569717630360880e-03
6.318348104515518308e-03
6.299228430470609277e-03
6.280209924228747492e-03
6.261291822097701104e-03
6.242473367867471847e-03
6.223753812720458044e-03
6.205132415142755598e-03
6.186608440834861361e-03
6.168181162628282380e-03
6.149849860400987203e-03
6.131613820988738098e-03
6.113472338106509807e-03
6.095424712266546419e-03
6.077470250697044468e-03
6.059608267263576903e-03
6.041838082389968875e-03
6.024159022982420938e-03
6.006570422352556712e-03
5.989071620144541946e-03
5.971661962258022031e-03
5.954340800776695627e-03
5.937107493898781743e-03
5.919961405862350298e-03
5.902901906878595117e-03
5.885928373060216739e-03
5.869040186354760463e-03
5.852236734478602313e-03
5.835517410849609676e-03
5.818881614521143747e-03
5.802328750119069983e-03
5.785858227778307994e-03
5.769469463079328515e-03
5.753161876987246404e-03
5.736934895788891806e-03
5.720787951035622397e-03
5.704720479482498774e-03
5.688731923029105228e-03
5.672821728663691651e-03
5.656989348402852863e-03
5.641234239239375885e-03
5.625555863084370431e-03
5.609953686713018035e-03
5.594427181709934332e-03
5.578975824415747381e-03
5.563599095617273449e-03
5.548296481530637717e-03
5.533067472195918671e-03
5.517911562462092002e-03
5.502828251678996627e-03
5.487817043646260086e-03
5.472877446568439469e-03
5.458008973002052497e-03
5.443211139811740193e-03
5.428483468123019087e-03
5.413825483275470571e-03
5.399236714774876406e-03
5.384716696254776384e-03
5.370264965425782314e-03
5.355881064032289723e-03
5.341564537813967006e-03
5.327314936457246478e-03
5.313131813557868226e-03
5.299014726574939431e-03
5.284963236792304675e-03
5.270976909280111408e-03
5.257055312848916973e-03
5.243198020014491062e-03
