1.058188211732774138e-148
1.966030671329639905e-116
1.589225730875679341e-98
2.146788991846779243e-86
2.238767972007749969e-77
2.703515686314884079e-70
1.582275828662147217e-64
1.046834341473011208e-59
1.345387046162276944e-55
4.845128755053595848e-52
6.334761533462218677e-49
3.634375493734727392e-46
1.055236947618568456e-43
1.730656983263480122e-41
1.747844141317194784e-39
1.164597967733589303e-37
5.413878033412867007e-36
1.838355683136309063e-34
4.736777932713997610e-33
9.561781474664190340e-32
1.553561616100054675e-30
2.078998831650324527e-29
2.337251688906566384e-28
2.245467114212766191e-27
1.871172915055931700e-26
1.370161697651118653e-25
8.917447730706937408e-25
5.210736816806222020e-24
2.758227234413930955e-23
1.333181922584976645e-22
5.926049564059585680e-22
2.437958743573783582e-21
9.336049265658915603e-21
3.345204726502186942e-20
1.126777852895470335e-19
3.583064872396256376e-19
1.079816019846578957e-18
3.094949121714046978e-18
8.463773709584419909e-18
2.214939123617916794e-17
5.561882687149828958e-17
1.343459501362612688e-16
3.128710286290841951e-16
7.039836985183620170e-16
1.533434867948635513e-15
3.239362787154097643e-15
6.647743360388836255e-15
1.327352178662220967e-14
2.582407674119400600e-14
4.902033792153169463e-14
9.090487812771424718e-14
1.648798928200498598e-13
2.928159515805052580e-13
5.096999301870178817e-13
8.704529550134296904e-13
1.459751752313840577e-12
2.405934286408553841e-12
3.900366954076321144e-12
6.223998596514228723e-12
9.783224957402891282e-12
1.515765432635150792e-11
2.316282503133201157e-11
3.493153183422321624e-11
5.201792207609524059e-11
7.652924513769854970e-11
1.112904830110764253e-10
1.600480846537912113e-10
2.277192272262056857e-10
3.206937633778654490e-10
4.471964047689867337e-10
6.177170701910619604e-10
8.455175868110247742e-10
1.147223065170779916e-09
1.543506255568092490e-09
2.059873020960023805e-09
2.727556718486191141e-09
3.584528760786527669e-09
4.676633859098244134e-09
6.058844685932496650e-09
7.796666536183419275e-09
9.967666998361386687e-09
1.266313056776418513e-08
1.598989074777446758e-08
2.007226235384715359e-08
2.505412694817607054e-08
3.110114548963498365e-08
3.840309527408753047e-08
4.717632301725578707e-08
5.766630415513447403e-08
7.015029671374568684e-08
8.494007645608296079e-08
1.023847384810741780e-07
1.228735490434706019e-07
1.468388301137125330e-07
1.747588581172956910e-07
2.071607574008921739e-07
2.446233682797392129e-07
2.877800690362374845e-07
3.373215309686486643e-07
3.939983855332950396e-07
4.586237827821272687e-07
5.320758206664017037e-07
6.152998253475744223e-07
7.093104634201263057e-07
8.151936678948533009e-07
9.341083609009045848e-07
1.067287957324221948e-06
1.216041634992964575e-06
1.381755358528871175e-06
1.565892645584304093e-06
1.769995065866773036e-06
1.995682465087922479e-06
2.244652907749754002e-06
2.518682334474704152e-06
2.819623931382906919e-06
3.149407210800033603e-06
3.510036804329248433e-06
3.903590971023752238e-06
4.332219825039593732e-06
4.798143288720809969e-06
5.303648854607734182e-06
5.851088719083789376e-06
6.442877388845804220e-06
7.081488347706145173e-06
7.769450841832368880e-06
8.509346387016167976e-06
9.303805079144979084e-06
1.015550172284012678e-05
1.106715179383613633e-05
1.204150725117700275e-05
1.308135221569467523e-05
1.418949853149747189e-05
1.536878122736789088e-05
1.662205389503080384e-05
1.795218400120738133e-05
1.936204815025053947e-05
2.085452731393575229e-05
2.243250204467724535e-05
2.409884768806485876e-05
2.585642961020158447e-05
2.770809845476913767e-05
2.965668544423915074e-05
3.170499773900141714e-05
3.385581386756983456e-05
3.611187924029506634e-05
3.847590175834656964e-05
4.095054752894862520e-05
4.353843669712766670e-05
4.624213940341464265e-05
4.906417187625364349e-05
5.200699266697803903e-05
5.507299903451024663e-05
5.826452348617434051e-05
6.158383048017719108e-05
6.503311329462937356e-05
6.861449106723349818e-05
7.233000600899753304e-05
7.618162079449481111e-05
8.017121613197912360e-05
8.430058851149725501e-05
8.857144813608533148e-05
9.298541703293421883e-05
9.754402734552215456e-05
1.022487197352021969e-04
1.071008423074181647e-04
1.121016490317972356e-04
1.172522990092030395e-04
1.225538555783895118e-04
1.280072856563754487e-04
1.336134592435345408e-04
1.393731490896115148e-04
1.452870305166850380e-04
1.513556813946338763e-04
1.575795822646050787e-04
1.639591166056803592e-04
1.704945712395204054e-04
1.771861368695478345e-04
1.840339087454350266e-04
1.910378874527843219e-04
1.981979798187508471e-04
2.055139999296971170e-04
2.129856702550315787e-04
2.206126228718404444e-04
2.283944007846419469e-04
2.363304593348597080e-04
2.444201676935632127e-04
2.526628104374270350e-04
2.610575891892412100e-04
2.696036243351988154e-04
2.782999568006724097e-04
2.871455498845217492e-04
2.961392911460323098e-04
3.052799943396030486e-04
3.145664013922728369e-04
3.239971844194259329e-04
3.335709477741173189e-04
3.432862301256649359e-04
3.531415060167044078e-04
3.631351901443198842e-04
3.732656363068931468e-04
3.835311416603285391e-04
3.939299483619910450e-04
4.044602457391469541e-04
4.151201724596048073e-04
4.259078187012621118e-04
4.368212283174685530e-04
4.478584009952450186e-04
4.590172944033633277e-04
4.702958263277356435e-04
4.816918767918359329e-04
4.932032901591377116e-04
5.048278772159942984e-04
5.165634172324834201e-04
5.284076599975640314e-04
5.403583278363887927e-04
5.524131175847201434e-04
5.645697025493448800e-04
5.768257344304444055e-04
5.891788452134663710e-04
6.016266490279514618e-04
6.141667439718856989e-04
6.267967139008135671e-04
6.395141301807057230e-04
6.523165534036991751e-04
6.652015350661773761e-04
6.781666192082002427e-04
6.912093440142353133e-04
7.043272433742539442e-04
7.175178484052144442e-04
7.307786889321743994e-04
7.441072949293738199e-04
7.575011979205805834e-04
7.709579323391667653e-04
7.844750368472061400e-04
7.980500556141213991e-04
8.116805395553534745e-04
8.253640475296393844e-04
8.390981474972423202e-04
8.528804176377183330e-04
8.667084474280556481e-04
8.805798386816627871e-04
8.944922065483463386e-04
9.084431804760353642e-04
9.224304051339757542e-04
9.364515412986344246e-04
9.505042667024268723e-04
9.645862768456016974e-04
9.786952857655227024e-04
9.928290268044028585e-04
1.006985253274302310e-03
1.021161739155373657e-03
1.035356279726670726e-03
1.049566692170696234e-03
1.063790816145723924e-03
1.078026514325911879e-03
1.092271690043430292e-03
1.106524219740868953e-03
1.120782054714768595e-03
1.135043154495883177e-03
1.149305503880145279e-03
1.163567113292905773e-03
1.177826019125810184e-03
1.192080284047964496e-03
1.206327997290664641e-03
1.220567274908088140e-03
1.234796260013455022e-03
1.249013122991136579e-03
1.263216061686947816e-03
1.277403301575202616e-03
1.291573095904963945e-03
1.305723725825256622e-03
1.319853500489976674e-03
1.333960757143228242e-03
1.348043861186072698e-03
1.362101206224586997e-03
1.376131214100509946e-03
1.390132334905149706e-03
1.404103046976005629e-03
1.418041856878468881e-03
1.431947299371745530e-03
1.445817937360515445e-03
1.459652361831685792e-03
1.473449191778829735e-03
1.487207074112498629e-03
1.500924683558610591e-03
1.514600722544695577e-03
1.528233921075052753e-03
1.541823036594433538e-03
1.555366853841630512e-03
1.568864184693018367e-03
1.582313867996603318e-03
1.595714769396880004e-03
1.609065781151293190e-03
1.622365821938450640e-03
1.635613836658578960e-03
1.648808796226532928e-03
1.661949697357890856e-03
1.675035562349082730e-03
1.688065438849944543e-03
1.701038399632232023e-03
1.713953542351339884e-03
1.726809989303405629e-03
1.739606887178047918e-03
1.752343406806007673e-03
1.765018742902567730e-03
1.777632113808147278e-03
1.790182761224750089e-03
1.802669949948780027e-03
1.815092967601684678e-03
1.827451124357648646e-03
1.839743752668400933e-03
1.851970206986810596e-03
1.864129863487712499e-03
1.876222119787271988e-03
1.888246394649653343e-03
1.900202127750617084e-03
1.912088779322739743e-03
1.923905829917021667e-03
1.935652780105963063e-03
1.947329150197009591e-03
1.958934479946159053e-03
1.970468328271756091e-03
1.981930272967603185e-03
1.993319910416753611e-03
2.004636855306472960e-03
2.015880740341985909e-03
2.027051215962221396e-03
2.038147950055912982e-03
2.049170627678857139e-03
2.060118950772202827e-03
2.070992637881708190e-03
2.081791423877180254e-03
2.092515059676806986e-03
2.103163311968707719e-03
2.113735962936473881e-03
2.124232809987039450e-03
2.134653665476998839e-03
2.144998356444906534e-03
2.155266724342617003e-03
2.165458624769828200e-03
2.175573927210027597e-03
2.185612514769212471e-03
2.195574283916608589e-03
2.205459144227098905e-03
2.215267018126496328e-03
2.224997840639120206e-03
2.234651559137670884e-03
2.244228133095238411e-03
2.253727533840471902e-03
2.263149744314196105e-03
2.272494758829820931e-03
2.281762582835028617e-03
2.290953232677553526e-03
2.300066735372062205e-03
2.309103128370439562e-03
2.318062459335072656e-03
2.326944785913235159e-03
2.335750175516765337e-03
2.344478705102839497e-03
2.353130460956272870e-03
2.361705538476931848e-03
2.370204041968857096e-03
2.378626084431964029e-03
2.386971787319527166e-03
2.395241280482539748e-03
2.403434701751002225e-03
2.411552196881333685e-03
2.419593919326005777e-03
2.427560030042446009e-03
2.435450697303670128e-03
2.443266096511502276e-03
2.451006410013637990e-03
2.458671826923224720e-03
2.466262542939468005e-03
2.473778760173262706e-03
2.481220686973932728e-03
2.488588537759375136e-03
2.495882532847760321e-03
2.503102898293939338e-03
2.510249865726278413e-03
2.517323672187302477e-03
2.524324559976671902e-03
2.531252776495775993e-03
2.538108574096921335e-03
2.544892209934358947e-03
2.551603945814621445e-03
2.558402469342757352e-03
2.564973584380027781e-03
2.571636808201637099e-03
2.578068449405937143e-03
2.584429587417680970e-03
2.590720508435952543e-03
2.596941502346023466e-03
2.602917568744686928e-03
2.608997138421583276e-03
2.614827450179194827e-03
2.620766757048012020e-03
2.626637618468903937e-03
2.632440344471808497e-03
2.638175247931837802e-03
2.643842644458029890e-03
2.649442852283132206e-03
2.654976192155532669e-03
2.660442987232675659e-03
2.665843562977700254e-03
2.671178247057752909e-03
2.676447369243675767e-03
2.681651261312268872e-03
2.686790256949628773e-03
2.691864691658091453e-03
2.696874902663817103e-03
2.701821228825891479e-03
2.706704010548663386e-03
2.711523589693894815e-03
2.716280309497213184e-03
2.720974514484520660e-03
2.725606550390567533e-03
2.730176764078737738e-03
2.734685503463868406e-03
2.739133117436724774e-03
2.743519955787484567e-03
2.747846369133540544e-03
2.752112708848644413e-03
2.756319326992582447e-03
2.760466576242312162e-03
2.764554809826617887e-03
2.768584381459239779e-03
2.772555645275883839e-03
2.776468955772174764e-03
2.780324667742016878e-03
2.784123136217390125e-03
2.787864716413155069e-03
2.791549763667108656e-03
2.795178633385146574e-03
2.798751680989141743e-03
2.802269261861363350e-03
2.805731731295766675e-03
2.809139444444640372e-03
2.812492756271689140e-03
2.815792021504608111e-03
2.819037594585999291e-03
2.822229829629814384e-03
2.825369080376883418e-03
2.828455700150781654e-03
2.831490041817171129e-03
2.834472457740611247e-03
2.837403299747158145e-03
2.840282919083726189e-03
2.843111666380344731e-03
2.845889891614875565e-03
2.848617944075290502e-03
2.851296172325815635e-03
2.853924924172911680e-03
2.856504546632074835e-03
2.859035385896257879e-03
2.861517787304309907e-03
2.863952095311232768e-03
2.866338653458345986e-03
2.868677804345100973e-03
2.870969889601584363e-03
2.873215249861244686e-03
2.875414224735043690e-03
2.877567152787164143e-03
2.879674371509029739e-03
2.881736217296965337e-03
2.883753025428426910e-03
2.885725130040407271e-03
2.887652864107720374e-03
2.889536559422112641e-03
2.891376546573097735e-03
2.893173154926922605e-03
2.894926712609853427e-03
2.896637546488882442e-03
2.898305982154444904e-03
2.899932343904084928e-03
2.901516954725419633e-03
2.903060136282055795e-03
2.904562208897019764e-03
2.906023491539708875e-03
2.907444301811354034e-03
2.908824955931367875e-03
2.910165768725160064e-03
2.911467022441736451e-03
2.912729094677948393e-03
2.913952261661324154e-03
2.915136832562873707e-03
2.916283115047015734e-03
2.917391415337706583e-03
2.918462038189617840e-03
2.919495286879908967e-03
2.920491463198750942e-03
2.921450867443501492e-03
2.922373804355797057e-03
2.923260563612367288e-03
2.924111442755387980e-03
2.924926736035087481e-03
2.925706736174806585e-03
2.926451734364088255e-03
2.927162020255161777e-03
2.927837881957176102e-03
