6.477130531011339483e-11
2.904319466854841292e-07
1.583644798940408641e-05
1.699189381344532541e-04
8.126338258190525694e-04
2.439437609050472845e-03
5.458369095981890212e-03
1.002716643359154343e-02
1.603799629505110735e-02
2.319593406563021792e-02
3.111917219935703832e-02
3.941994974444500144e-02
4.775470643357011824e-02
5.584730350505814900e-02
6.349378449472053987e-02
7.055659578269130039e-02
7.695400644100111598e-02
8.264829788926422727e-02
8.763465940716530511e-02
9.193165944532541434e-02
9.557353649019728614e-02
9.860422783965339111e-02
1.010729059706974020e-01
1.030307520799939175e-01
1.045287015439698292e-01
1.056159362555412762e-01
1.063389331504529245e-01
1.067409136665075503e-01
1.068615835267731212e-01
1.067370715785600221e-01
1.064000024146191659e-01
1.058796550877003084e-01
1.052021730220402407e-01
1.043908009108311108e-01
1.034661316540342324e-01
1.024463519050861637e-01
1.013474789052525027e-01
1.001835840296502883e-01
9.896700050042082919e-02
9.770851420425792633e-02
9.641753735933175640e-02
9.510226550774342202e-02
9.376981864158195901e-02
9.242636751146104945e-02
9.107724627545482621e-02
8.972705268003355883e-02
8.837973695430126342e-02
8.703868052393384791e-02
8.570676564396598196e-02
8.438643686921593057e-02
8.307975531487325760e-02
8.178844860921548332e-02
8.051394467054640014e-02
7.925742116264733461e-02
7.801983005161627904e-02
7.680192833253479678e-02
7.560430332154152722e-02
7.442739485443350400e-02
7.327151484161897876e-02
7.213686442842712210e-02
7.102354908407168543e-02
6.993159184842856479e-02
6.886094496585393188e-02
6.781150009619593688e-02
6.678309727370076998e-02
6.577553276353724498e-02
6.478856594787320289e-02
6.382192535744579676e-02
6.287531395073556184e-02
6.194841373061517331e-02
6.104088977748195477e-02
6.015239376896486245e-02
5.928256704643783404e-02
5.843104328362225264e-02
5.759745080438216647e-02
5.678141459118017653e-02
5.598255802177927454e-02
5.520050436652616105e-02
5.443487807496531078e-02
5.368543406753514824e-02
5.295148785275353986e-02
5.223284757280548252e-02
5.152923407586301047e-02
5.084022112033424745e-02
5.016545829806316747e-02
4.950460128866637083e-02
4.885731215150820178e-02
4.822325957105527694e-02
4.760211903700818648e-02
4.699357297640294195e-02
4.639731084302775588e-02
4.581302916960135196e-02
4.524043158771914874e-02
4.467922882006687690e-02
4.412913864874405678e-02
4.358988586316964176e-02
4.306120219060616261e-02
4.254282621196318198e-02
4.203450326138781501e-02
4.153598533462821152e-02
4.104703095111975064e-02
4.056740504671214886e-02
4.009687884217741360e-02
3.963522971135688411e-02
3.918224104596110258e-02
3.873770211816308234e-02
3.830140794173940433e-02
3.787315913246121213e-02
3.745276176834583248e-02
3.704002725032121135e-02
3.663477216368270922e-02
3.623681814082151120e-02
3.584599172548329216e-02
3.546212423885697351e-02
3.508505194098733571e-02
3.471461529644163935e-02
3.435065835599159650e-02
3.399303080171263425e-02
3.364158591163752404e-02
3.329618098670870940e-02
3.295667723425620144e-02
3.262293965429533676e-02
3.229483692864456440e-02
3.197224131288962934e-02
3.165502883623352165e-02
3.134307798624861446e-02
3.103627141773437556e-02
3.073449465747607467e-02
3.043763630801033307e-02
3.014558795625917054e-02
2.985824408481828340e-02
2.957550198516202891e-02
2.929726167678770726e-02
2.902342580187265708e-02
2.875389963023621681e-02
2.848859086123725973e-02
2.822740963054932301e-02
2.797026841837718658e-02
2.771708198002900345e-02
2.746776727863187509e-02
2.722224341994242125e-02
2.698043158918446080e-02
2.674225498986831928e-02
2.650763878452063599e-02
2.627651003727366277e-02
2.604879765827080446e-02
2.582443237130093230e-02
2.560334657580736958e-02
2.538547442494959797e-02
2.517075169077714544e-02
2.495911573944888107e-02
2.475050548353662644e-02
2.454486133879480933e-02
2.434212518082997864e-02
2.414224030342010038e-02
2.394515137815663233e-02
2.375080441534379097e-02
2.355914672549984379e-02
2.337012688518491643e-02
2.318369469773775074e-02
2.299980116132320854e-02
2.281839846124684296e-02
2.263943983324154946e-02
2.246287968782699485e-02
2.228867347680411198e-02
2.211677768951865811e-02
2.194714982437960538e-02
2.177974836126409658e-02
2.161453273475577586e-02
2.145146330821967595e-02
2.129050134866219621e-02
2.113160900236867729e-02
2.097474927127363289e-02
2.081988599005105828e-02
2.066698380390806847e-02
2.051600814703900127e-02
2.036692522173213019e-02
2.021970197811171627e-02
2.007430609447570513e-02
1.993070595823730889e-02
1.978887064741190194e-02
1.964876985977407481e-02
1.951037410498615565e-02
1.937365437638541993e-02
1.923858233890991115e-02
1.910513026721066820e-02
1.897327096029877147e-02
1.884297797913595668e-02
1.871422526274586079e-02
1.858698735720341541e-02
1.846123934166843741e-02
1.833695681504113328e-02
1.821411588300201126e-02
1.809269314542092527e-02
1.797266568413073001e-02
1.785401105104124711e-02
1.773670725659523550e-02
1.762073275855175619e-02
1.750606645107488299e-02
1.739268765414581780e-02
1.728057610325567373e-02
1.716971193939135013e-02
1.706007569930419188e-02
1.695164830603864553e-02
1.684441105973071701e-02
1.673834562865456066e-02
1.663343404051619012e-02
1.652965867398596689e-02
1.642700224995299885e-02
1.632544782551995782e-02
1.622497878321383508e-02
1.612557882537526271e-02
1.602723196628799696e-02
1.592992252499135508e-02
1.583363511828281278e-02
1.573835465391222252e-02
1.564406632395248103e-02
1.555075593375807030e-02
1.545840855852837793e-02
1.536701053620797425e-02
1.527654813329903244e-02
1.518700787000674783e-02
1.509837651458941811e-02
1.501064107784973525e-02
1.492378880776804896e-02
1.483780718427787568e-02
1.475268391417194902e-02
1.466840692613909786e-02
1.458496436592639743e-02
1.450234459162384401e-02
1.442053616907326002e-02
1.433952786738177526e-02
1.425930865456016827e-02
1.417986769326231092e-02
1.410119433663285966e-02
1.402327812425960968e-02
1.394610877822306458e-02
1.386967619924539367e-02
1.379397046293630649e-02
1.371898181612573805e-02
1.364470067328859594e-02
1.357111761305655404e-02
1.349822337481681317e-02
1.342600885441505923e-02
1.335446510479470876e-02
1.328358332703654353e-02
1.321335487112038944e-02
1.314377123195236211e-02
1.307581253990833595e-02
1.300650509053375044e-02
1.293880627659205716e-02
1.287171965047449740e-02
1.280523738895072289e-02
1.273935179707184027e-02
1.267405530561855481e-02
1.260934046860924182e-02
1.254519996086993910e-02
1.248162657565045353e-02
1.241861322230419958e-02
1.235615292401949332e-02
1.229423881559859287e-02
1.223286414129136357e-02
1.217202225267895871e-02
1.211170660660013630e-02
1.205191076313028367e-02
1.199262838360232002e-02
1.193385322867269310e-02
1.187557915643152120e-02
1.181780012055383758e-02
1.176051016849149686e-02
1.170370343970793606e-02
1.164737416394784515e-02
1.159151665954791244e-02
1.153612533178248988e-02
1.148119467124743449e-02
1.142671925227805793e-02
1.137269373140171666e-02
1.131911284582272879e-02
1.126597141194263241e-02
1.121326432390977283e-02
1.116098655220071345e-02
1.110913314223290968e-02
1.105769921300608742e-02
1.100667995577249425e-02
1.095607063273439444e-02
1.090586657577373095e-02
1.085606318519993091e-02
1.080665592853249229e-02
1.075764033930572822e-02
1.070901201589712776e-02
1.066076662038041578e-02
1.061289987740494586e-02
1.056540757309634704e-02
1.051828555397960746e-02
1.047152972592438683e-02
1.042513605311452471e-02
1.037910055703268435e-02
1.033341931547231834e-02
1.028808846156568924e-02
1.024310418283195384e-02
1.019846272024741395e-02
1.015416036733029354e-02
1.011019346924532311e-02
1.006655842192934365e-02
1.002325167122807004e-02
9.980269711682462908e-03
9.937609087192593449e-03
9.895266387981318731e-03
9.853238251278085419e-03
9.811521360175788631e-03
9.770112442865849095e-03
9.729008271890497023e-03
9.688205663412909757e-03
9.647701476492603900e-03
9.607492612384586211e-03
9.567576013848754987e-03
9.527948664467570869e-03
9.488607587985274650e-03
9.449549847653166204e-03
9.410772545590716243e-03
9.372272822157974581e-03
9.334047855339887290e-03
9.296094860140709931e-03
9.258411087994876387e-03
9.220993826181906119e-03
9.183840397256415669e-03
9.146948158491529160e-03
9.110314501325135483e-03
9.073936850823183936e-03
9.037812665150033245e-03
9.001939435048721475e-03
8.966314683331713664e-03
8.930935964379630929e-03
8.895800863651780882e-03
8.860906997201763863e-03
8.826252011205243039e-03
8.791833581495019437e-03
8.757649413105101505e-03
8.723697239822497673e-03
8.689974823745939131e-03
8.656479954856029224e-03
8.623210450588933429e-03
8.590164155420756953e-03
8.557338940458401530e-03
8.524732703037404477e-03
8.492343366326772156e-03
8.460168878941652648e-03
8.428207214562763450e-03
8.396456371560941795e-03
8.364914372630528200e-03
8.333579264428042643e-03
8.302449117216269617e-03
8.271522024518241506e-03
8.240796102772032089e-03
8.210269490993984259e-03
8.179940350449610431e-03
8.149806863611872010e-03
8.119867236697143886e-03
8.090120028218407769e-03
8.060562832283717921e-03
8.031194596315387874e-03
8.002012902170740211e-03
7.973016404494963003e-03
7.944203431270814575e-03
7.915572329996484191e-03
7.887121467405904321e-03
7.858849229195202096e-03
7.830753566134780741e-03
7.802833328056875406e-03
7.775087436286914552e-03
7.747513896126830002e-03
7.720111184158871299e-03
7.692877794377226200e-03
7.665812237945343263e-03
7.638913042958312902e-03
7.612178754205303072e-03
7.585607932937827105e-03
7.559199156642529630e-03
7.532951018817291011e-03
7.506862128751251410e-03
7.480931111307296405e-03
7.455156606706211421e-03
7.429537270321960943e-03
7.404071772470620372e-03
7.378758798208788147e-03
7.353597047136003345e-03
7.328585233191812522e-03
7.303722084468466415e-03
7.279006343017755884e-03
7.254436764662983497e-03
7.230012118815428053e-03
7.205731188291792690e-03
7.181592769136844155e-03
7.157595670446502238e-03
7.133738714194121956e-03
7.110020735061369293e-03
7.086440580269574852e-03
7.062997109414432054e-03
7.039689194304058970e-03
7.016515718798615325e-03
6.993475578652500781e-03
6.970567681358307011e-03
6.947790945996524734e-03
6.925144303082424874e-03
6.902626694419562031e-03
6.880237072953781022e-03
6.857974402626868665e-03
6.835837658239887066e-03
6.813825825311258487e-03
6.791937899938765497e-03
6.770172888664457642e-03
6.748529808344155140e-03
6.727007686013547309e-03
6.705605558760124874e-03
6.684322473596206876e-03
6.663157487334531517e-03
6.642109666462477427e-03
6.621178246079772144e-03
6.600361994649110373e-03
6.579660164924215973e-03
6.559071860897975823e-03
6.538596195649132997e-03
6.518232291230729308e-03
6.497979278556366423e-03
6.477836297290959049e-03
6.457802495745043440e-03
6.437877030766188044e-03
6.418059067634148546e-03
6.398347779959335374e-03
6.378742349579360864e-03
6.359241966459296125e-03
6.339845828593254976e-03
6.320553141903519773e-03
6.301363120149646238e-03
6.282274984832378860e-03
6.263287965096044074e-03
6.244401297640778462e-03
6.225614226631591072e-03
6.206926003606977327e-03
6.188335887392690249e-03
6.169843144012671088e-03
6.151447046605152888e-03
6.133146875337067497e-03
6.114941917322853568e-03
6.096831466538527033e-03
6.078814823743089457e-03
6.060891296400109859e-03
6.043060198595404282e-03
6.025320850962961362e-03
6.007672580605074794e-03
5.990114721018180433e-03
5.972646612019997039e-03
5.955267599674074486e-03
5.937977036217104501e-03
5.920774279988921113e-03
5.903658695361671885e-03
5.886629652669038600e-03
5.869686528140285672e-03
5.852828703828141625e-03
5.836055567547224210e-03
5.819366512805446839e-03
5.802760938738807731e-03
5.786238250049376142e-03
5.769797856938712818e-03
5.753439175049320474e-03
5.737161625401165921e-03
5.720964634331091384e-03
5.704847633432690718e-03
5.688810059497201310e-03
5.672851354457534093e-03
5.656970965327846185e-03
5.641168344146879621e-03
5.625442947674756840e-03
5.609794238331309961e-03
5.594221682651859436e-03
5.578724752225844297e-03
5.563302923395022775e-03
5.547955677200691604e-03
5.532682499333956699e-03
5.517482880083376603e-03
5.502356314282042145e-03
5.487302301264361873e-03
5.472320344810953363e-03
5.457409953101150825e-03
5.442570638668520720e-03
5.427801918349304047e-03
5.413103313239676223e-03
5.398474348646214657e-03
5.383914554041828102e-03
5.369423463023828384e-03
5.355000613264056242e-03
5.340645546469279317e-03
5.326357808336915078e-03
5.312136948511670537e-03
5.297982520545602841e-03
5.283894081852387632e-03
5.269871193671529092e-03
5.255913421024216436e-03
5.242020332673283031e-03
5.228191501086801481e-03
