2.984790595539922286e-290
2.445905559472480428e-234
8.905574978606522872e-203
4.424296106809029365e-181
9.804499144852394320e-165
9.692053363376176682e-152
4.920676693090096966e-141
5.474740428691075489e-132
3.386343251956967400e-124
2.191442262262016968e-117
2.323777765460412568e-111
5.613400784128414336e-106
3.962093441006743973e-101
9.905474959947540288e-97
1.020911568881795265e-92
4.899092352689175105e-89
1.208532889726858349e-85
1.662829780540683755e-82
1.365856717502262095e-79
7.092068712858572849e-77
2.443666227951967623e-74
5.824526529423843030e-72
9.953732587618527734e-70
1.258099022651984689e-67
1.208445267044073095e-65
9.033579718265075995e-64
5.366991087546599960e-62
2.581776262152447600e-60
1.022379425603349929e-58
3.382472534041329105e-57
9.474250872952039717e-56
2.273666960100525149e-54
4.725624502235334222e-53
8.589717395306534518e-52
1.377632508169121836e-50
1.965287274390312416e-49
2.512203482798222699e-48
2.896982637475586932e-47
3.032374659658101729e-46
2.897557491262295852e-45
2.540766815623571672e-44
2.054361303462450255e-43
1.538527922362024111e-42
1.071628860275370148e-41
6.968797343340716035e-41
4.246112936150301532e-40
2.432113537887482195e-39
1.313635784008608476e-38
6.709891018428029961e-38
3.249928234226662736e-37
1.496383797933261043e-36
6.565186226595048143e-36
2.750718439706057885e-35
1.102914299375104978e-34
4.240150254078477407e-34
1.565891952728726080e-33
5.564603820634126568e-33
1.905927967671051520e-32
6.301536664831038522e-32
2.014118937674678394e-31
6.231876616703207375e-31
1.869011518856616130e-30
5.439999656721508637e-30
1.538459050609205982e-29
4.232076188994505095e-29
1.133593496548188939e-28
2.959583088861931973e-28
7.538494275274332493e-28
1.875042064258352381e-27
4.558084072946297385e-27
1.083810614002742896e-26
2.522681268246574284e-26
5.752170396406727165e-26
1.285787374239965799e-25
2.819475740357071666e-25
6.068899493693039402e-25
1.283104649125661021e-24
2.666129289258095478e-24
5.447693725365830627e-24
1.095194808242066020e-23
2.167415734439476901e-23
4.224552867790122198e-23
8.113599628587141142e-23
1.536168486950939074e-22
2.868446262143139521e-22
5.284692065413284359e-22
9.610213383616862864e-22
1.725659647422339951e-21
3.060891054982051086e-21
5.364964272728190911e-21
9.295263744345256544e-21
1.592489429592804032e-20
2.698671430663694349e-20
4.524968865096473772e-20
7.509342809926201737e-20
1.233766472104333187e-19
2.007373456311229069e-19
3.235212323012538369e-19
5.166161037421197527e-19
8.175811650675336838e-19
1.282611477394408820e-18
1.995081420920276923e-18
3.077683270568090842e-18
4.709537827832667624e-18
7.150128687974456647e-18
1.077253130423245624e-17
1.610921083952134175e-17
2.391469558579888732e-17
3.525075203098907175e-17
5.160136140964437404e-17
7.502690683313507599e-17
1.083696208388178819e-16
1.555256282896023933e-16
2.218029807915074161e-16
3.143900701281865977e-16
4.429648954987747704e-16
6.204830865125557993e-16
8.641914748398872465e-16
1.196924791196892560e-15
1.648755840769468883e-15
2.259084749448727780e-15
3.079270854782580749e-15
4.175931959800499087e-15
5.635060398746094182e-15
7.567134147938317942e-15
1.011343455484874530e-14
1.345382069183366028e-14
1.781625443942774051e-14
2.348842077091810297e-14
3.083184512315207553e-14
4.029897358768955213e-14
5.245375750653033124e-14
6.799636158393034728e-14
8.779271051040371079e-14
1.129096885660067667e-13
1.446569204228094631e-13
1.846361859234555277e-13
2.347996586417094099e-13
2.975183080461087611e-13
3.756619686698931438e-13
4.726927573647878926e-13
5.927737119431582382e-13
7.408947316776513582e-13
9.230181225252583372e-13
1.146246287772830021e-12
1.419014358156258643e-12
1.751310824347485973e-12
2.154929518892189755e-12
2.643756593898339463e-12
3.234096454605228796e-12
3.945040936793620529e-12
4.798886357096331458e-12
5.821603418709630423e-12
7.043365319721817697e-12
8.499139786022328624e-12
1.022935113412076412e-11
1.228061885962144053e-11
1.470657964281785078e-11
1.756880006202751716e-11
2.093778770580467540e-11
2.489410877489589978e-11
2.952962066143640479e-11
3.494882838390959398e-11
4.127037413941617998e-11
4.862866960706081250e-11
5.717568099510664300e-11
6.708287716723109404e-11
7.854335150690622808e-11
9.177412848073386371e-11
1.070186661389371861e-10
1.245495660406976938e-10
1.446715023118567885e-10
1.677243817288191499e-10
1.940867468734567352e-10
2.241794345167112858e-10
2.584695014610637815e-10
2.974744301002330351e-10
3.417666259407769219e-10
3.919782192657357648e-10
4.488061830102858351e-10
5.130177787570412797e-10
5.854563425459076504e-10
6.670474219265565570e-10
7.588052753625588791e-10
8.618397447212047665e-10
9.773635111554736526e-10
1.106699744199822818e-09
1.251290153364228104e-09
1.412703450918189873e-09
1.592644233910384074e-09
1.792962292772665207e-09
2.015662353104935309e-09
2.262914256441486323e-09
2.537063584948573840e-09
2.840642734113128492e-09
3.176382436543023476e-09
3.547223739020981072e-09
3.956330433940971105e-09
4.407101945198894432e-09
4.903186667525374793e-09
5.448495757138396884e-09
6.047217370445896464e-09
6.703831346377180544e-09
7.423124326721559763e-09
8.210205307683725041e-09
9.070521614631448934e-09
1.000987529081648525e-08
1.103443988962082323e-08
1.215077765867296904e-08
1.336585710295686081e-08
1.468707091285394553e-08
1.612225424183605775e-08
1.767970331739356006e-08
1.936819436760718788e-08
2.119700284464196031e-08
2.317592292536612755e-08
2.531528726821852903e-08
2.762598700439784586e-08
3.011949194047397670e-08
3.280787094865120203e-08
3.570381251973701389e-08
3.882064545342769185e-08
4.217235965935394535e-08
4.577362704172237502e-08
4.963982243972724426e-08
5.378704459519330124e-08
5.823213711833239093e-08
6.299270942203399744e-08
6.808715759459794490e-08
7.353468518044243469e-08
7.935532383795756355e-08
8.556995384352327237e-08
9.220032441029738873e-08
9.926907379051415817e-08
1.067997491297539261e-07
1.148168260417054861e-07
1.233457278721517760e-07
1.324128446207129691e-07
1.420455514895185905e-07
1.522722270278476952e-07
1.631222708423032971e-07
1.746261208424917158e-07
1.868152699925353590e-07
1.997222825392657598e-07
2.133808096885586865e-07
2.278256047019570459e-07
2.430925373861717767e-07
2.592186079490552505e-07
2.762419601962075656e-07
2.942018940433731846e-07
3.131388773205051569e-07
3.330945568442930438e-07
3.541117687372508535e-07
3.762345479716829030e-07
3.995081371188499725e-07
4.239789942839415564e-07
4.496948002083739632e-07
4.767044645251968702e-07
5.050581311455004550e-07
5.348071827696879908e-07
5.660042445032737334e-07
5.987031865686667898e-07
6.329591261003413003e-07
6.688284280143832045e-07
7.063687117188931951e-07
7.456388234824536784e-07
7.866988737290802857e-07
8.296102084040616509e-07
8.744354114357414520e-07
9.212382999126939682e-07
9.700839183005987979e-07
1.021038531699789988e-06
1.074169618143516955e-06
1.129545859940037125e-06
1.187237134062696176e-06
1.247314501591220830e-06
1.309850196211431404e-06
1.374917611780485587e-06
1.442591288964444965e-06
1.512946900959198992e-06
1.586061238302915651e-06
1.662012192793607299e-06
1.740878740521841425e-06
1.822740924033187749e-06
1.907679833634577996e-06
1.995777587858819970e-06
2.087117313102411694e-06
2.181783122457376181e-06
2.279860093748644090e-06
2.381434246800992585e-06
2.486592519950436730e-06
2.595422745821044694e-06
2.708013626389861563e-06
2.824454707357690941e-06
2.944836351847069789e-06
3.069249713454943939e-06
3.197786708673094486e-06
3.330539988711242898e-06
3.467602910735333253e-06
3.609069508552128076e-06
3.755034462760980661e-06
3.905593070398471391e-06
4.060841214102423166e-06
4.220875330815022495e-06
4.385792380057350375e-06
4.555689811796824065e-06
4.730665533932154349e-06
4.910817879426030268e-06
5.096245573106658017e-06
5.287047698166662592e-06
5.483323662385477227e-06
5.685173164099239083e-06
5.892696157946817519e-06
6.105992820413156695e-06
6.325163515201939345e-06
6.550308758457906431e-06
6.781529183863545727e-06
7.018925507645193605e-06
7.262598493498273136e-06
7.512648917467131224e-06
7.769177532800268580e-06
8.032285034810282597e-06
8.302072025750982111e-06
8.578638979747284186e-06
8.862086207795977056e-06
9.152513822857003787e-06
9.450021705063037472e-06
9.754709467067188878e-06
1.006667641955566697e-05
1.038602153691865334e-05
1.071284342319480892e-05
1.104724027810984204e-05
1.138930986348431337e-05
1.173914946983697333e-05
1.209685588328177601e-05
1.246252535273139025e-05
1.283625355740524959e-05
1.321813557468089950e-05
1.360826584829702608e-05
1.400673815691667176e-05
1.441364558307927320e-05
1.482908048255253077e-05
1.525313445408873301e-05
1.568589830962058434e-05
1.612746204489914339e-05
1.657791481056140355e-05
1.703734488369533251e-05
1.750583963987480173e-05
1.798348552567023998e-05
1.847036803167953809e-05
1.896657166605725280e-05
1.947217992857318945e-05
1.998727528519736129e-05
2.051193914322957417e-05
2.104625182696702272e-05
2.159029255393177200e-05
2.214413941167367941e-05
2.270786933511660693e-05
2.328155808450483417e-05
2.386528022391027492e-05
2.445910910033509018e-05
2.506311682341803908e-05
2.567737424570729502e-05
2.630195094355206002e-05
2.693691519858871822e-05
2.758233397984145765e-05
2.823827292640498652e-05
2.890479633077309865e-05
2.958196712273081729e-05
3.026984685390088548e-05
3.096849568288578835e-05
3.167797236100082818e-05
3.239833421865643669e-05
3.312963715230965965e-05
3.387193561206780252e-05
3.462528258987316112e-05
3.538972960829087365e-05
3.616532670991392758e-05
3.695212244737223670e-05
3.775016387393780563e-05
3.855949653471711864e-05
3.938016445830712646e-05
4.021221014967543976e-05
4.105567458240979466e-05
4.191059719271458817e-05
4.277701587344072566e-05
4.365496696875507997e-05
4.454448526940171468e-05
4.544560400853727387e-05
4.635835485807879969e-05
4.728276792562188086e-05
4.821887175194940005e-05
4.916669330898933068e-05
5.012625799834575136e-05
5.109758965038998634e-05
5.208071052379522530e-05
5.307564130565982417e-05
5.408240111204283334e-05
5.510100748908569959e-05
5.613147641458978029e-05
5.717382230002249687e-05
5.822805799307540826e-05
5.929419478065665623e-05
6.037224239232115750e-05
6.146220900418780588e-05
6.256410124325025328e-05
6.367792419218745378e-05
6.480368139453587047e-05
6.594137486029110753e-05
6.709100507197923919e-05
6.825257099104459007e-05
6.942607006467263302e-05
7.061149823298070252e-05
7.180884993661853653e-05
7.301811812469253399e-05
7.423929426304004694e-05
7.547236834294227318e-05
7.671732889003569336e-05
7.797416297368505301e-05
7.924285621660812334e-05
8.052339280483514173e-05
8.181575549796562185e-05
8.311992563975404281e-05
8.443588316894490493e-05
8.576360663039718610e-05
8.710307318650551724e-05
8.845425862886252490e-05
8.981713739018051508e-05
9.119168255646293013e-05
9.257786587942148579e-05
9.397565778910125828e-05
9.538502740675235960e-05
9.680594255792788583e-05
9.823836978571770235e-05
9.968227436427603443e-05
1.011376203124624788e-04
1.026043704077223798e-04
1.040824862000883793e-04
1.055719280263994568e-04
1.070726550246513210e-04
1.085846251484749812e-04
1.101077951818225096e-04
1.116421207537568331e-04
1.131875563533383438e-04
1.147440553446744927e-04
1.163115699821164282e-04
1.178900514254418920e-04
1.194794497553096948e-04
1.210797139886604689e-04
1.226907920942856760e-04
1.243126310084452686e-04
1.259451766506074731e-04
1.275883739391586757e-04
1.292421668073076655e-04
1.309064982189342310e-04
1.325813101845296966e-04
1.342665437772148440e-04
1.359621391487046812e-04
1.376680355454496917e-04
1.393841713246318553e-04
1.411104839703120235e-04
1.428469101095289665e-04
1.445933855284919597e-04
1.463498451886007109e-04
1.481162232426417149e-04
1.498924530509537344e-04
1.516784671974697645e-04
1.534741975058962556e-04
1.552795750557143931e-04
1.570945301983037558e-04
1.589189925729617007e-04
1.607528911228547149e-04
1.625961541110483447e-04
1.644487091363739523e-04
1.663104831493378917e-04
1.681814024678820411e-04
1.700613927932175451e-04
1.719503792255735021e-04
1.738482862796863647e-04
1.757550379005430423e-04
1.776705574788701937e-04
1.795947678665084845e-04
1.815275913918600287e-04
1.834689498751250611e-04
1.854187646436119565e-04
1.873769565467443225e-04
1.893434459711828004e-04
1.913181528557288613e-04
1.933009967062467613e-04
1.952918966103919947e-04
1.972907712522577813e-04
1.992975389269960470e-04
2.013121175552464749e-04
2.033344246974528528e-04
2.053643775682877049e-04
2.074018930506032641e-04
2.094468877095056894e-04
2.114992778064244327e-04
2.135589793127147203e-04
2.156259079235331726e-04
