4.690420966284726245e-32
6.071785400341245079e-23
3.227855354054699500e-18
3.391520569630709984e-15
4.605264911713264921e-13
1.821071815128263110e-11
3.195219198172759276e-10
3.175955310911431703e-09
2.084332700555801689e-08
9.998357493339775702e-08
3.761602642277553072e-07
1.167553317531923361e-06
3.103619198078178808e-06
7.268011250564309084e-06
1.532416826692537464e-05
2.959170076286558716e-05
5.305147147045643667e-05
8.927246099090250988e-05
1.422686526161175602e-04
2.163052591423551406e-04
3.156790284810950028e-04
4.444974029285233066e-04
6.064774989735259234e-04
8.047799150603426443e-04
1.041885973985253767e-03
1.319521148167025456e-03
1.638622793709822428e-03
1.999347108289956272e-03
2.401108366728592694e-03
2.842642752676640024e-03
3.322089212040524320e-03
3.837080426374276688e-03
4.384837999927565164e-03
4.962267086639774588e-03
5.566046817448055267e-03
6.192713937338324010e-03
6.838737976337569066e-03
7.500587038195649300e-03
8.174783893273966651e-03
8.857952518826255062e-03
9.546855557863987568e-03
1.023842338743949018e-02
1.092977561900895268e-02
1.161823591669348954e-02
1.230134103149091267e-02
1.297684492225386829e-02
1.364271878622205607e-02
1.429714799374406931e-02
1.493852518796792705e-02
1.556544362587778535e-02
1.617668673968231108e-02
1.677121770784452404e-02
1.734816810277360621e-02
1.790682614652046659e-02
1.844662482785296848e-02
1.896713009496223123e-02
1.946802928355674533e-02
1.994911990887319672e-02
2.041029891606910979e-02
2.085155245687357606e-02
2.127294623799827478e-02
2.167461646846864307e-02
2.205676141812719371e-02
2.241963358769077583e-02
2.276353248135221802e-02
2.308879796582409202e-02
2.339580419426098498e-02
2.368495406968842282e-02
2.395667421991559687e-02
2.421141045430106470e-02
2.444962367190113561e-02
2.467178619037926901e-02
2.487837846538671488e-02
2.506988617082094375e-02
2.524679761139768039e-02
2.540960144016671945e-02
2.555878465496016355e-02
2.569483084921220239e-02
2.581821869407568276e-02
2.592942063025428789e-02
2.602890174949708604e-02
2.611711884668756548e-02
2.619451962789555791e-02
2.626154205222533747e-02
2.631861380123657126e-02
2.636615185642540021e-02
2.640456217504637965e-02
2.643423945274100961e-02
2.645556696288895587e-02
2.646891646350674893e-02
2.647464816338945467e-02
2.647311073998567799e-02
2.646464140222928862e-02
2.644956599222173313e-02
2.642819912029481869e-02
2.640084432745135740e-02
2.636779427711851559e-02
2.632933095661193351e-02
2.628572590548285820e-02
2.623724045227128140e-02
2.618412596297204492e-02
2.612662409776977598e-02
2.606496707387355449e-02
2.599937793254345625e-02
2.593007080865213088e-02
2.585725120130227123e-02
2.578111624424734433e-02
2.570185497500275529e-02
2.561964860170409461e-02
2.553467076689782192e-02
2.544708780757204414e-02
2.535705901084615854e-02
2.526473686482786501e-02
2.517026730424011191e-02
2.507378995049670128e-02
2.497543834595139858e-02
2.487534018214723058e-02
2.477361752189512559e-02
2.467038701509483706e-02
2.456576010822889011e-02
2.445984324751770272e-02
2.435273881461355247e-02
2.424454238388819294e-02
2.413534727332761545e-02
2.402524183328961366e-02
2.391431033537613424e-02
2.380263313838633377e-02
2.369028684838154347e-02
2.357734447298974467e-02
2.346387557008915159e-02
2.334994639099864655e-02
2.323562001831779716e-02
2.312095649857337509e-02
2.300601296979981614e-02
2.289084378422157756e-02
2.277550062617642729e-02
2.266003262543756641e-02
2.254448646606642404e-02
2.242890649096549588e-02
2.231333480226371097e-02
2.219781135767217445e-02
2.208237406297238609e-02
2.196705886075208530e-02
2.185189981553382205e-02
2.173692919543288721e-02
2.162217755046758755e-02
2.150767378764697341e-02
2.139344524295578101e-02
2.127951775037026719e-02
2.116591570799648478e-02
2.105266214145876114e-02
2.093977876464435048e-02
2.082728603790270916e-02
2.071520322380506623e-02
2.060354844056070528e-02
2.049233871252541944e-02
2.038159002181643212e-02
2.027131732771584455e-02
2.016153470792508492e-02
2.005225526163966973e-02
1.994349124282061153e-02
1.983525407685022071e-02
1.972755439830781166e-02
1.962040208714523754e-02
1.951380630331663035e-02
1.940777551992402608e-02
1.930231752227206526e-02
1.919743956778244623e-02
1.909314822246440183e-02
1.898944951601516662e-02
1.888634893690511324e-02
1.878385145785717303e-02
1.868196155957737442e-02
1.858068325671246787e-02
1.848002011627369184e-02
1.837997528159094132e-02
1.828055149211537528e-02
1.818175110298365232e-02
1.808357610372601440e-02
1.798602813617756341e-02
1.788910851160535609e-02
1.779281822709381788e-02
1.769715798122029754e-02
1.760212818904711984e-02
1.750772899646376585e-02
1.741396029390255770e-02
1.732082172945789006e-02
1.722831272143359599e-02
1.713643247033574263e-02
1.704517997035139010e-02
1.695455402031642578e-02
1.686455323420077423e-02
1.677517605114450111e-02
1.668642074503817047e-02
1.659828543369113243e-02
1.651076808759166514e-02
1.642386653827831305e-02
1.633757848634577459e-02
1.625190150908784048e-02
1.616683306780938856e-02
1.608332786123355812e-02
1.599899676924945724e-02
1.591525197751739173e-02
1.583259021134007447e-02
1.575052278157076935e-02
1.566904658975255479e-02
1.558815846421946795e-02
1.550785516482641388e-02
1.542813338908867113e-02
1.534898977484728394e-02
1.527042090595645031e-02
1.519242331616429964e-02
1.511499349311950374e-02
1.503812788219306001e-02
1.496182289011902498e-02
1.488607488847210752e-02
1.481088021698013721e-02
1.473623518668160798e-02
1.466213608293220720e-02
1.458857916827299706e-02
1.451556068515848924e-02
1.444307685855794610e-02
1.437112389842878576e-02
1.429969800207117961e-02
1.422879535636956128e-02
1.415841213992384898e-02
1.408854452507266389e-02
1.401918867982244327e-02
1.395034076967552675e-02
1.388199695936857131e-02
1.381415341452074327e-02
1.374680662052045997e-02
1.367995211911510710e-02
1.361358640061673467e-02
1.354770564904270690e-02
1.348230605634776619e-02
1.341738382362242347e-02
1.335293516222006011e-02
1.328895629482940155e-02
1.322544345648334063e-02
1.316239289551028938e-02
1.309980087377311635e-02
1.303766367015729219e-02
1.297597757742441002e-02
1.291473890557911716e-02
1.285394398192474079e-02
1.279358915172598525e-02
1.273367077882760733e-02
1.267418524623652870e-02
1.261512895666723130e-02
1.255649833304618539e-02
1.249828981898529028e-02
1.244049987922448905e-02
1.238312500003684383e-02
1.232616168960866052e-02
1.226960647838927498e-02
1.221345591941259967e-02
1.215770658859371273e-02
1.210235508499975417e-02
1.204739803109700774e-02
1.199283207297700132e-02
1.193865388055803320e-02
1.188486014776724345e-02
1.183144759270446031e-02
1.177841295778448046e-02
1.172575300986366392e-02
1.167346454034991904e-02
1.162154436529296009e-02
1.156998932546376632e-02
1.151879628641542565e-02
1.146796213853148831e-02
1.141748379706193639e-02
1.136735820214679685e-02
1.131758231882310818e-02
1.126815313702620933e-02
1.121906767158013102e-02
1.117032296216910817e-02
1.112191607331172380e-02
1.107384409431757047e-02
1.102610413923667612e-02
1.097869334680148107e-02
1.093160888036067736e-02
1.088484792780713972e-02
1.083840770149413664e-02
1.079228543815144784e-02
1.074647839879024243e-02
1.070098386860210936e-02
1.065579915685663064e-02
1.061092159678945351e-02
1.056634854548761659e-02
1.052207738376923982e-02
1.047810551606035909e-02
1.043443037026479253e-02
1.039104939763453930e-02
1.034796007263137294e-02
1.030515989278857174e-02
1.026264637857047385e-02
1.022041707322724619e-02
1.017846954264359574e-02
1.013680137519358537e-02
1.009541018158592249e-02
1.005429359470765178e-02
1.001344926947349279e-02
9.972874882374579281e-03
9.932568132462059676e-03
9.892526739484982373e-03
9.852748444854200066e-03
9.813231011200363937e-03
9.773972222207553268e-03
9.734969882449644174e-03
9.696221817221292033e-03
9.657725872374076440e-03
9.619479914145169508e-03
9.581481828993121744e-03
9.543729523427560771e-03
9.506220923838751280e-03
9.468953976333953360e-03
9.431926646563268402e-03
9.395136919553010238e-03
9.358582799537381453e-03
9.322262309788872936e-03
9.286173492449392025e-03
9.250314488416065337e-03
9.214683224015831481e-03
9.179277870136559603e-03
9.144096644364932067e-03
9.109137484855391736e-03
9.074398637750467900e-03
9.039878272585340907e-03
9.005574576432157780e-03
8.971485753736196250e-03
8.937610026150503983e-03
8.903945632376335240e-03
8.870490827998109284e-03
8.837243885325977294e-03
8.804202911486962851e-03
8.771366566689539970e-03
8.738732999197668105e-03
8.706300338977608286e-03
8.674067346118903218e-03
8.642032191013886144e-03
8.610193258624124213e-03
8.578548949382404365e-03
8.547097679039467044e-03
8.515837878511924725e-03
8.484767993734022851e-03
8.453886485507921059e-03
8.423191829356109842e-03
8.392682515373782112e-03
8.362357048084394923e-03
8.332213946293402784e-03
8.302251742946797908e-03
8.272468984987822044e-03
8.242864233215598663e-03
8.213436061577754355e-03
8.184183059300102411e-03
8.155103827354247964e-03
8.126196980578186818e-03
8.097461146979498259e-03
8.068894967599609877e-03
8.040497096381713990e-03
8.012266200040165515e-03
7.984200957928015013e-03
7.956300061908404969e-03
7.928562216228712128e-03
7.900986137390486608e-03
7.873570554025249163e-03
7.846314206768990884e-03
7.819215848139396408e-03
7.792274242415313593e-03
7.765488165513438970e-03
7.738856404866300762e-03
7.712377759309909514e-03
7.686051038960547629e-03
7.659875065099568982e-03
7.633848670062259520e-03
7.607970697115084766e-03
7.582240000351292419e-03
7.556655444574661602e-03
7.531215905189600317e-03
7.505920268091116274e-03
7.480767429555855441e-03
7.455756296136810402e-03
7.430885784554826408e-03
7.406154821592970602e-03
7.381562343994844261e-03
7.357107298358410777e-03
7.332788641036388708e-03
7.308605338034110388e-03
7.284556364909043277e-03
7.260640706673502330e-03
7.236857357693946696e-03
7.213205321597840683e-03
7.189683611174713801e-03
7.166291248282751977e-03
7.143027263755297694e-03
7.119890697304449671e-03
7.096880597435196655e-03
7.073996021350900144e-03
7.051236034862854579e-03
7.028599712302086196e-03
7.006086136432446848e-03
6.983694398361498662e-03
6.961423597456426783e-03
6.939272841256919830e-03
6.917241245393288343e-03
6.895327933500246427e-03
6.873532037134893156e-03
6.851852695697721943e-03
6.830289056349501259e-03
6.808840273930896227e-03
6.787505510885319393e-03
6.766283937180419747e-03
6.745174730229939498e-03
6.724177074816807716e-03
6.703290163020326174e-03
6.682513194137701742e-03
6.661845374612011123e-03
6.641285917959583590e-03
6.620834044696498159e-03
6.600488982267355836e-03
6.580249964975325161e-03
6.560116233908187475e-03
6.540087036874926707e-03
6.520161628335586698e-03
6.500339269328541184e-03
6.480619227409559896e-03
6.461000776583434441e-03
6.441483197237486344e-03
6.422065776078013724e-03
6.402747806065397021e-03
6.383528586350731282e-03
6.364407422213316269e-03
6.345383624999981903e-03
6.326456512060242565e-03
6.307625406688187331e-03
6.288889802528436698e-03
6.270248706788210391e-03
6.251701623573538424e-03
6.233247899361409050e-03
6.214886886279610660e-03
6.196617942050669861e-03
6.178440429934334982e-03
6.160353718672349418e-03
6.142357182433350743e-03
6.124450200759746533e-03
6.106632158512145109e-03
6.088902445818365067e-03
6.071260458017329123e-03
6.053705595611417328e-03
6.036237264212760897e-03
6.018854874492186695e-03
6.001557842129955425e-03
5.984345587764431165e-03
5.967217536944689586e-03
5.950173120081585741e-03
5.933211772398862618e-03
5.916332933885026443e-03
5.899536049246765015e-03
5.882820567865446049e-03
5.866185943746530032e-03
5.849631635474901101e-03
5.833157106172066203e-03
5.816761823450576109e-03
5.800445259368207027e-03
5.784206890387864203e-03
5.768046197330968169e-03
5.751962665336627159e-03
5.735955783819810319e-03
5.720025046428576371e-03
5.704169950786206963e-03
5.688389999314912363e-03
5.672684697903782394e-03
5.657053556725519412e-03
5.641496089986397858e-03
5.626011815883696747e-03
5.610600256570631370e-03
5.595260938113374646e-03
5.579993390456997569e-03
5.564797147389189194e-03
5.549671746498214750e-03
5.534616729140124161e-03
5.519631640402250863e-03
5.504716029065733103e-03
5.489869447573201243e-03
5.475091451988811468e-03
5.460381601968747681e-03
5.445739460723813923e-03
5.431164594985332314e-03
5.416656574974507837e-03
5.402214974366081543e-03
5.387839370257123742e-03
5.373529343133624098e-03
5.359284476839362016e-03
5.345104358543668541e-03
5.330988578709090243e-03
5.316936731062369900e-03
5.302948412561315009e-03
5.289023223365467083e-03
5.275160766806596610e-03
